[2025-09-18 10:10:15] START suite=qualcomm_srv trace=srv167_ap
CMD: ./bin/champsim -w 20000000 -i 100000000 /home/ho/itp_asplos25_AE/traces/qualcomm_srv/srv167_ap.champsimtrace.xz
[VMEM] WARNING: physical memory size is smaller than virtual memory size.

*** ChampSim Multicore Out-of-Order Simulator ***
Warmup Instructions: 20000000
Simulation Instructions: 100000000
Number of CPUs: 1
Page size: 4096

Off-chip DRAM Size: 16 GiB Channels: 1 Width: 64-bit Data Rate: 3205 MT/s
Heartbeat CPU 0 instructions: 10000000 cycles: 2626009 heartbeat IPC: 3.808 cumulative IPC: 3.808 (Simulation time: 00 hr 00 min 39 sec)
[BTB] WARNING: target of return is a lower address than the corresponding call. This is usually a problem with your trace.
[BTB] WARNING: target of return is a lower address than the corresponding call. This is usually a problem with your trace.
[BTB] WARNING: target of return is a lower address than the corresponding call. This is usually a problem with your trace.
[BTB] WARNING: target of return is a lower address than the corresponding call. This is usually a problem with your trace.
[BTB] WARNING: target of return is a lower address than the corresponding call. This is usually a problem with your trace.
Heartbeat CPU 0 instructions: 20000001 cycles: 5126391 heartbeat IPC: 3.999 cumulative IPC: 3.901 (Simulation time: 00 hr 01 min 17 sec)
Warmup finished CPU 0 instructions: 20000001 cycles: 5126391 cumulative IPC: 3.901 (Simulation time: 00 hr 01 min 17 sec)
Warmup complete CPU 0 instructions: 20000001 cycles: 5126391 cumulative IPC: 3.901 (Simulation time: 00 hr 01 min 17 sec)
Heartbeat CPU 0 instructions: 30000003 cycles: 12088663 heartbeat IPC: 1.436 cumulative IPC: 1.436 (Simulation time: 00 hr 02 min 20 sec)
Heartbeat CPU 0 instructions: 40000003 cycles: 19001926 heartbeat IPC: 1.446 cumulative IPC: 1.441 (Simulation time: 00 hr 03 min 22 sec)
[BTB] WARNING: target of return is a lower address than the corresponding call. This is usually a problem with your trace.
Heartbeat CPU 0 instructions: 50000004 cycles: 26269824 heartbeat IPC: 1.376 cumulative IPC: 1.419 (Simulation time: 00 hr 04 min 23 sec)
Heartbeat CPU 0 instructions: 60000006 cycles: 33166419 heartbeat IPC: 1.45 cumulative IPC: 1.427 (Simulation time: 00 hr 05 min 23 sec)
[BTB] WARNING: target of return is a lower address than the corresponding call. This is usually a problem with your trace.
Heartbeat CPU 0 instructions: 70000006 cycles: 40081512 heartbeat IPC: 1.446 cumulative IPC: 1.43 (Simulation time: 00 hr 06 min 27 sec)
Heartbeat CPU 0 instructions: 80000010 cycles: 47248197 heartbeat IPC: 1.395 cumulative IPC: 1.424 (Simulation time: 00 hr 07 min 25 sec)
Heartbeat CPU 0 instructions: 90000013 cycles: 54130383 heartbeat IPC: 1.453 cumulative IPC: 1.428 (Simulation time: 00 hr 08 min 26 sec)
[BTB] WARNING: target of return is a lower address than the corresponding call. This is usually a problem with your trace.
[BTB] WARNING: target of return is a lower address than the corresponding call. This is usually a problem with your trace.
[BTB] WARNING: target of return is a lower address than the corresponding call. This is usually a problem with your trace.
Heartbeat CPU 0 instructions: 100000016 cycles: 61209782 heartbeat IPC: 1.413 cumulative IPC: 1.426 (Simulation time: 00 hr 09 min 28 sec)
*** Reached end of trace: (0, "/home/ho/itp_asplos25_AE/traces/qualcomm_srv/srv167_ap.champsimtrace.xz")
Heartbeat CPU 0 instructions: 110000019 cycles: 68328591 heartbeat IPC: 1.405 cumulative IPC: 1.424 (Simulation time: 00 hr 10 min 25 sec)
Simulation finished CPU 0 instructions: 100000002 cycles: 70131341 cumulative IPC: 1.426 (Simulation time: 00 hr 11 min 28 sec)
Simulation complete CPU 0 instructions: 100000002 cycles: 70131341 cumulative IPC: 1.426 (Simulation time: 00 hr 11 min 28 sec)

ChampSim completed all CPUs

=== Simulation ===
CPU 0 runs /home/ho/itp_asplos25_AE/traces/qualcomm_srv/srv167_ap.champsimtrace.xz

Region of Interest Statistics

CPU 0 cumulative IPC: 1.426 instructions: 100000002 cycles: 70131341
CPU 0 Branch Prediction Accuracy: 93.8% MPKI: 11.55 Average ROB Occupancy at Mispredict: 33.98
Branch type MPKI
BRANCH_DIRECT_JUMP: 0.00238
BRANCH_INDIRECT: 0.4258
BRANCH_CONDITIONAL: 10.9
BRANCH_DIRECT_CALL: 0.0023
BRANCH_INDIRECT_CALL: 0.2098
BRANCH_RETURN: 0.00302


====Backend Stall Breakdown====
ROB_STALL: 633685
LQ_STALL: 0
SQ_STALL: 1924


====ROB Stall Breakdown====

== Average ==
ADDR_TRANS: 146.08333
REPLAY_LOAD: 76.75588
NON_REPLAY_LOAD: 29.062874

== Total ==
ADDR_TRANS: 38566
REPLAY_LOAD: 26097
NON_REPLAY_LOAD: 569022

== Counts ==
ADDR_TRANS: 264
REPLAY_LOAD: 340
NON_REPLAY_LOAD: 19579

cpu0->cpu0_STLB TOTAL        ACCESS:    1800393 HIT:    1796131 MISS:       4262 MSHR_MERGE:          0
cpu0->cpu0_STLB LOAD         ACCESS:    1800393 HIT:    1796131 MISS:       4262 MSHR_MERGE:          0
cpu0->cpu0_STLB RFO          ACCESS:          0 HIT:          0 MISS:          0 MSHR_MERGE:          0
cpu0->cpu0_STLB PREFETCH     ACCESS:          0 HIT:          0 MISS:          0 MSHR_MERGE:          0
cpu0->cpu0_STLB WRITE        ACCESS:          0 HIT:          0 MISS:          0 MSHR_MERGE:          0
cpu0->cpu0_STLB TRANSLATION  ACCESS:          0 HIT:          0 MISS:          0 MSHR_MERGE:          0
cpu0->cpu0_STLB PREFETCH REQUESTED:          0 ISSUED:          0 USEFUL:          0 USELESS:          0
cpu0->cpu0_STLB AVERAGE MISS LATENCY: 178.6 cycles
cpu0->cpu0_L2C TOTAL        ACCESS:    8030647 HIT:    7633256 MISS:     397391 MSHR_MERGE:       2314
cpu0->cpu0_L2C LOAD         ACCESS:    7334248 HIT:    7008528 MISS:     325720 MSHR_MERGE:         28
cpu0->cpu0_L2C RFO          ACCESS:     186747 HIT:     141495 MISS:      45252 MSHR_MERGE:          0
cpu0->cpu0_L2C PREFETCH     ACCESS:      33205 HIT:      18008 MISS:      15197 MSHR_MERGE:       2286
cpu0->cpu0_L2C WRITE        ACCESS:     468232 HIT:     464512 MISS:       3720 MSHR_MERGE:          0
cpu0->cpu0_L2C TRANSLATION  ACCESS:       8215 HIT:        713 MISS:       7502 MSHR_MERGE:          0
cpu0->cpu0_L2C PREFETCH REQUESTED:      21507 ISSUED:      21507 USEFUL:       7644 USELESS:       2124
cpu0->cpu0_L2C AVERAGE MISS LATENCY: 38.8 cycles
cpu0->cpu0_L1I TOTAL        ACCESS:   15640983 HIT:    7085228 MISS:    8555755 MSHR_MERGE:    2227785
cpu0->cpu0_L1I LOAD         ACCESS:   15640983 HIT:    7085228 MISS:    8555755 MSHR_MERGE:    2227785
cpu0->cpu0_L1I RFO          ACCESS:          0 HIT:          0 MISS:          0 MSHR_MERGE:          0
cpu0->cpu0_L1I PREFETCH     ACCESS:          0 HIT:          0 MISS:          0 MSHR_MERGE:          0
cpu0->cpu0_L1I WRITE        ACCESS:          0 HIT:          0 MISS:          0 MSHR_MERGE:          0
cpu0->cpu0_L1I TRANSLATION  ACCESS:          0 HIT:          0 MISS:          0 MSHR_MERGE:          0
cpu0->cpu0_L1I PREFETCH REQUESTED:          0 ISSUED:          0 USEFUL:          0 USELESS:          0
cpu0->cpu0_L1I AVERAGE MISS LATENCY: 11.48 cycles
cpu0->cpu0_L1D TOTAL        ACCESS:   27433825 HIT:   25557819 MISS:    1876006 MSHR_MERGE:     663058
cpu0->cpu0_L1D LOAD         ACCESS:   15019931 HIT:   13639127 MISS:    1380804 MSHR_MERGE:     374524
cpu0->cpu0_L1D RFO          ACCESS:          0 HIT:          0 MISS:          0 MSHR_MERGE:          0
cpu0->cpu0_L1D PREFETCH     ACCESS:      38078 HIT:      24203 MISS:      13875 MSHR_MERGE:       2177
cpu0->cpu0_L1D WRITE        ACCESS:   12367139 HIT:   11894049 MISS:     473090 MSHR_MERGE:     286335
cpu0->cpu0_L1D TRANSLATION  ACCESS:       8677 HIT:        440 MISS:       8237 MSHR_MERGE:         22
cpu0->cpu0_L1D PREFETCH REQUESTED:      41255 ISSUED:      38078 USEFUL:       4906 USELESS:       6568
cpu0->cpu0_L1D AVERAGE MISS LATENCY: 23.12 cycles
cpu0->cpu0_ITLB TOTAL        ACCESS:   13019314 HIT:   11033459 MISS:    1985855 MSHR_MERGE:    1026749
cpu0->cpu0_ITLB LOAD         ACCESS:   13019314 HIT:   11033459 MISS:    1985855 MSHR_MERGE:    1026749
cpu0->cpu0_ITLB RFO          ACCESS:          0 HIT:          0 MISS:          0 MSHR_MERGE:          0
cpu0->cpu0_ITLB PREFETCH     ACCESS:          0 HIT:          0 MISS:          0 MSHR_MERGE:          0
cpu0->cpu0_ITLB WRITE        ACCESS:          0 HIT:          0 MISS:          0 MSHR_MERGE:          0
cpu0->cpu0_ITLB TRANSLATION  ACCESS:          0 HIT:          0 MISS:          0 MSHR_MERGE:          0
cpu0->cpu0_ITLB PREFETCH REQUESTED:          0 ISSUED:          0 USEFUL:          0 USELESS:          0
cpu0->cpu0_ITLB AVERAGE MISS LATENCY: 5.053 cycles
cpu0->cpu0_DTLB TOTAL        ACCESS:   25836051 HIT:   24652565 MISS:    1183486 MSHR_MERGE:     342200
cpu0->cpu0_DTLB LOAD         ACCESS:   25836051 HIT:   24652565 MISS:    1183486 MSHR_MERGE:     342200
cpu0->cpu0_DTLB RFO          ACCESS:          0 HIT:          0 MISS:          0 MSHR_MERGE:          0
cpu0->cpu0_DTLB PREFETCH     ACCESS:          0 HIT:          0 MISS:          0 MSHR_MERGE:          0
cpu0->cpu0_DTLB WRITE        ACCESS:          0 HIT:          0 MISS:          0 MSHR_MERGE:          0
cpu0->cpu0_DTLB TRANSLATION  ACCESS:          0 HIT:          0 MISS:          0 MSHR_MERGE:          0
cpu0->cpu0_DTLB PREFETCH REQUESTED:          0 ISSUED:          0 USEFUL:          0 USELESS:          0
cpu0->cpu0_DTLB AVERAGE MISS LATENCY: 5.85 cycles
cpu0->LLC TOTAL        ACCESS:     581103 HIT:     535295 MISS:      45808 MSHR_MERGE:          0
cpu0->LLC LOAD         ACCESS:     325692 HIT:     297154 MISS:      28538 MSHR_MERGE:          0
cpu0->LLC RFO          ACCESS:      45252 HIT:      36378 MISS:       8874 MSHR_MERGE:          0
cpu0->LLC PREFETCH     ACCESS:      12911 HIT:       8008 MISS:       4903 MSHR_MERGE:          0
cpu0->LLC WRITE        ACCESS:     189746 HIT:     189556 MISS:        190 MSHR_MERGE:          0
cpu0->LLC TRANSLATION  ACCESS:       7502 HIT:       4199 MISS:       3303 MSHR_MERGE:          0
cpu0->LLC PREFETCH REQUESTED:          0 ISSUED:          0 USEFUL:          0 USELESS:          0
cpu0->LLC AVERAGE MISS LATENCY: 87.58 cycles

DRAM Statistics

Channel 0 RQ ROW_BUFFER_HIT:       1728
  ROW_BUFFER_MISS:      43882
  AVG DBUS CONGESTED CYCLE: 6.27
Channel 0 WQ ROW_BUFFER_HIT:       2797
  ROW_BUFFER_MISS:      19769
  FULL:          0
Channel 0 REFRESHES ISSUED:       5844

==== TLB→Cache/MEM Breakdown (ROI totals across all caches) ====

DTLB
  (case)                                L1I          L1D          L2C          LLC          MEM
  STLB hit → final level                  0       662809       285114        75446         6542
---------------------------------------------------------------
  STLB miss resolved @ L1D                0            2           45          347          243
  STLB miss resolved @ L2C                0           24           66          784          354
  STLB miss resolved @ LLC                0           73          175         3178          728
  STLB miss resolved @ MEM                0            2          117         2433         1687

ITLB
  (case)                                L1I          L1D          L2C          LLC          MEM
  STLB hit → final level             144085        49984      1475897        19833         1807
---------------------------------------------------------------
  STLB miss resolved @ L1D                0            1            4          179           84
  STLB miss resolved @ L2C                0            2            5          254          171
  STLB miss resolved @ LLC                0           62           18          603          279
  STLB miss resolved @ MEM                0            1           15          539          435
[2025-09-18 10:21:43] END   suite=qualcomm_srv trace=srv167_ap (rc=0)
