[2025-09-18 09:05:02] START suite=qualcomm_srv trace=srv152_ap
CMD: ./bin/champsim -w 20000000 -i 100000000 /home/ho/itp_asplos25_AE/traces/qualcomm_srv/srv152_ap.champsimtrace.xz
[VMEM] WARNING: physical memory size is smaller than virtual memory size.

*** ChampSim Multicore Out-of-Order Simulator ***
Warmup Instructions: 20000000
Simulation Instructions: 100000000
Number of CPUs: 1
Page size: 4096

Off-chip DRAM Size: 16 GiB Channels: 1 Width: 64-bit Data Rate: 3205 MT/s
[BTB] WARNING: target of return is a lower address than the corresponding call. This is usually a problem with your trace.
[BTB] WARNING: target of return is a lower address than the corresponding call. This is usually a problem with your trace.
[BTB] WARNING: target of return is a lower address than the corresponding call. This is usually a problem with your trace.
[BTB] WARNING: target of return is a lower address than the corresponding call. This is usually a problem with your trace.
[BTB] WARNING: target of return is a lower address than the corresponding call. This is usually a problem with your trace.
[BTB] WARNING: target of return is a lower address than the corresponding call. This is usually a problem with your trace.
[BTB] WARNING: target of return is a lower address than the corresponding call. This is usually a problem with your trace.
[BTB] WARNING: target of return is a lower address than the corresponding call. This is usually a problem with your trace.
[BTB] WARNING: target of return is a lower address than the corresponding call. This is usually a problem with your trace.
[BTB] WARNING: target of return is a lower address than the corresponding call. This is usually a problem with your trace.
Heartbeat CPU 0 instructions: 10000000 cycles: 2637409 heartbeat IPC: 3.792 cumulative IPC: 3.792 (Simulation time: 00 hr 00 min 40 sec)
Heartbeat CPU 0 instructions: 20000004 cycles: 5058635 heartbeat IPC: 4.13 cumulative IPC: 3.954 (Simulation time: 00 hr 01 min 17 sec)
Warmup finished CPU 0 instructions: 20000004 cycles: 5058635 cumulative IPC: 3.954 (Simulation time: 00 hr 01 min 17 sec)
Warmup complete CPU 0 instructions: 20000004 cycles: 5058635 cumulative IPC: 3.954 (Simulation time: 00 hr 01 min 17 sec)
Heartbeat CPU 0 instructions: 30000006 cycles: 13631742 heartbeat IPC: 1.166 cumulative IPC: 1.166 (Simulation time: 00 hr 02 min 19 sec)
Heartbeat CPU 0 instructions: 40000010 cycles: 22216347 heartbeat IPC: 1.165 cumulative IPC: 1.166 (Simulation time: 00 hr 03 min 20 sec)
Heartbeat CPU 0 instructions: 50000013 cycles: 30771488 heartbeat IPC: 1.169 cumulative IPC: 1.167 (Simulation time: 00 hr 04 min 22 sec)
Heartbeat CPU 0 instructions: 60000017 cycles: 39434645 heartbeat IPC: 1.154 cumulative IPC: 1.164 (Simulation time: 00 hr 05 min 24 sec)
Heartbeat CPU 0 instructions: 70000019 cycles: 48240167 heartbeat IPC: 1.136 cumulative IPC: 1.158 (Simulation time: 00 hr 06 min 33 sec)
Heartbeat CPU 0 instructions: 80000020 cycles: 56862198 heartbeat IPC: 1.16 cumulative IPC: 1.158 (Simulation time: 00 hr 07 min 42 sec)
Heartbeat CPU 0 instructions: 90000023 cycles: 64088666 heartbeat IPC: 1.384 cumulative IPC: 1.186 (Simulation time: 00 hr 08 min 45 sec)
Heartbeat CPU 0 instructions: 100000025 cycles: 72560465 heartbeat IPC: 1.18 cumulative IPC: 1.185 (Simulation time: 00 hr 09 min 52 sec)
*** Reached end of trace: (0, "/home/ho/itp_asplos25_AE/traces/qualcomm_srv/srv152_ap.champsimtrace.xz")
Heartbeat CPU 0 instructions: 110000026 cycles: 81431357 heartbeat IPC: 1.127 cumulative IPC: 1.178 (Simulation time: 00 hr 11 min 03 sec)
Simulation finished CPU 0 instructions: 100000001 cycles: 84736044 cumulative IPC: 1.18 (Simulation time: 00 hr 12 min 10 sec)
Simulation complete CPU 0 instructions: 100000001 cycles: 84736044 cumulative IPC: 1.18 (Simulation time: 00 hr 12 min 10 sec)

ChampSim completed all CPUs

=== Simulation ===
CPU 0 runs /home/ho/itp_asplos25_AE/traces/qualcomm_srv/srv152_ap.champsimtrace.xz

Region of Interest Statistics

CPU 0 cumulative IPC: 1.18 instructions: 100000001 cycles: 84736044
CPU 0 Branch Prediction Accuracy: 91.51% MPKI: 14.98 Average ROB Occupancy at Mispredict: 27.57
Branch type MPKI
BRANCH_DIRECT_JUMP: 0.2846
BRANCH_INDIRECT: 0.4115
BRANCH_CONDITIONAL: 12.58
BRANCH_DIRECT_CALL: 0.7176
BRANCH_INDIRECT_CALL: 0.5069
BRANCH_RETURN: 0.4759


====Backend Stall Breakdown====
ROB_STALL: 202410
LQ_STALL: 0
SQ_STALL: 572449


====ROB Stall Breakdown====

== Average ==
ADDR_TRANS: 158.31213
REPLAY_LOAD: 84.05173
NON_REPLAY_LOAD: 18.663387

== Total ==
ADDR_TRANS: 27388
REPLAY_LOAD: 19500
NON_REPLAY_LOAD: 155522

== Counts ==
ADDR_TRANS: 173
REPLAY_LOAD: 232
NON_REPLAY_LOAD: 8333

cpu0->cpu0_STLB TOTAL        ACCESS:    1728969 HIT:    1723602 MISS:       5367 MSHR_MERGE:          0
cpu0->cpu0_STLB LOAD         ACCESS:    1728969 HIT:    1723602 MISS:       5367 MSHR_MERGE:          0
cpu0->cpu0_STLB RFO          ACCESS:          0 HIT:          0 MISS:          0 MSHR_MERGE:          0
cpu0->cpu0_STLB PREFETCH     ACCESS:          0 HIT:          0 MISS:          0 MSHR_MERGE:          0
cpu0->cpu0_STLB WRITE        ACCESS:          0 HIT:          0 MISS:          0 MSHR_MERGE:          0
cpu0->cpu0_STLB TRANSLATION  ACCESS:          0 HIT:          0 MISS:          0 MSHR_MERGE:          0
cpu0->cpu0_STLB PREFETCH REQUESTED:          0 ISSUED:          0 USEFUL:          0 USELESS:          0
cpu0->cpu0_STLB AVERAGE MISS LATENCY: 258.3 cycles
cpu0->cpu0_L2C TOTAL        ACCESS:    7848160 HIT:    6798427 MISS:    1049733 MSHR_MERGE:      71743
cpu0->cpu0_L2C LOAD         ACCESS:    6081296 HIT:    5329791 MISS:     751505 MSHR_MERGE:       9556
cpu0->cpu0_L2C RFO          ACCESS:     530592 HIT:     362778 MISS:     167814 MSHR_MERGE:          0
cpu0->cpu0_L2C PREFETCH     ACCESS:     318813 HIT:     209137 MISS:     109676 MSHR_MERGE:      62187
cpu0->cpu0_L2C WRITE        ACCESS:     907557 HIT:     895797 MISS:      11760 MSHR_MERGE:          0
cpu0->cpu0_L2C TRANSLATION  ACCESS:       9902 HIT:        924 MISS:       8978 MSHR_MERGE:          0
cpu0->cpu0_L2C PREFETCH REQUESTED:     342632 ISSUED:     195490 USEFUL:      11186 USELESS:       8815
cpu0->cpu0_L2C AVERAGE MISS LATENCY: 38.53 cycles
cpu0->cpu0_L1I TOTAL        ACCESS:   14462830 HIT:    8241054 MISS:    6221776 MSHR_MERGE:    1487744
cpu0->cpu0_L1I LOAD         ACCESS:   14462830 HIT:    8241054 MISS:    6221776 MSHR_MERGE:    1487744
cpu0->cpu0_L1I RFO          ACCESS:          0 HIT:          0 MISS:          0 MSHR_MERGE:          0
cpu0->cpu0_L1I PREFETCH     ACCESS:          0 HIT:          0 MISS:          0 MSHR_MERGE:          0
cpu0->cpu0_L1I WRITE        ACCESS:          0 HIT:          0 MISS:          0 MSHR_MERGE:          0
cpu0->cpu0_L1I TRANSLATION  ACCESS:          0 HIT:          0 MISS:          0 MSHR_MERGE:          0
cpu0->cpu0_L1I PREFETCH REQUESTED:          0 ISSUED:          0 USEFUL:          0 USELESS:          0
cpu0->cpu0_L1I AVERAGE MISS LATENCY: 14.6 cycles
cpu0->cpu0_L1D TOTAL        ACCESS:   30417353 HIT:   26900827 MISS:    3516526 MSHR_MERGE:    1481874
cpu0->cpu0_L1D LOAD         ACCESS:   16793774 HIT:   15085320 MISS:    1708454 MSHR_MERGE:     361188
cpu0->cpu0_L1D RFO          ACCESS:          0 HIT:          0 MISS:          0 MSHR_MERGE:          0
cpu0->cpu0_L1D PREFETCH     ACCESS:     779294 HIT:     538614 MISS:     240680 MSHR_MERGE:      93801
cpu0->cpu0_L1D WRITE        ACCESS:   12833156 HIT:   11275692 MISS:    1557464 MSHR_MERGE:    1026859
cpu0->cpu0_L1D TRANSLATION  ACCESS:      11129 HIT:       1201 MISS:       9928 MSHR_MERGE:         26
cpu0->cpu0_L1D PREFETCH REQUESTED:    1027906 ISSUED:     779286 USEFUL:      42966 USELESS:      44455
cpu0->cpu0_L1D AVERAGE MISS LATENCY: 22.86 cycles
cpu0->cpu0_ITLB TOTAL        ACCESS:   12016322 HIT:   10322899 MISS:    1693423 MSHR_MERGE:     852269
cpu0->cpu0_ITLB LOAD         ACCESS:   12016322 HIT:   10322899 MISS:    1693423 MSHR_MERGE:     852269
cpu0->cpu0_ITLB RFO          ACCESS:          0 HIT:          0 MISS:          0 MSHR_MERGE:          0
cpu0->cpu0_ITLB PREFETCH     ACCESS:          0 HIT:          0 MISS:          0 MSHR_MERGE:          0
cpu0->cpu0_ITLB WRITE        ACCESS:          0 HIT:          0 MISS:          0 MSHR_MERGE:          0
cpu0->cpu0_ITLB TRANSLATION  ACCESS:          0 HIT:          0 MISS:          0 MSHR_MERGE:          0
cpu0->cpu0_ITLB PREFETCH REQUESTED:          0 ISSUED:          0 USEFUL:          0 USELESS:          0
cpu0->cpu0_ITLB AVERAGE MISS LATENCY: 5.228 cycles
cpu0->cpu0_DTLB TOTAL        ACCESS:   28044345 HIT:   26859166 MISS:    1185179 MSHR_MERGE:     297364
cpu0->cpu0_DTLB LOAD         ACCESS:   28044345 HIT:   26859166 MISS:    1185179 MSHR_MERGE:     297364
cpu0->cpu0_DTLB RFO          ACCESS:          0 HIT:          0 MISS:          0 MSHR_MERGE:          0
cpu0->cpu0_DTLB PREFETCH     ACCESS:          0 HIT:          0 MISS:          0 MSHR_MERGE:          0
cpu0->cpu0_DTLB WRITE        ACCESS:          0 HIT:          0 MISS:          0 MSHR_MERGE:          0
cpu0->cpu0_DTLB TRANSLATION  ACCESS:          0 HIT:          0 MISS:          0 MSHR_MERGE:          0
cpu0->cpu0_DTLB PREFETCH REQUESTED:          0 ISSUED:          0 USEFUL:          0 USELESS:          0
cpu0->cpu0_DTLB AVERAGE MISS LATENCY: 6.353 cycles
cpu0->LLC TOTAL        ACCESS:    1203786 HIT:    1118446 MISS:      85340 MSHR_MERGE:       3119
cpu0->LLC LOAD         ACCESS:     741949 HIT:     714046 MISS:      27903 MSHR_MERGE:        421
cpu0->LLC RFO          ACCESS:     167813 HIT:     131674 MISS:      36139 MSHR_MERGE:          0
cpu0->LLC PREFETCH     ACCESS:      47488 HIT:      31766 MISS:      15722 MSHR_MERGE:       2698
cpu0->LLC WRITE        ACCESS:     237558 HIT:     237246 MISS:        312 MSHR_MERGE:          0
cpu0->LLC TRANSLATION  ACCESS:       8978 HIT:       3714 MISS:       5264 MSHR_MERGE:          0
cpu0->LLC PREFETCH REQUESTED:          0 ISSUED:          0 USEFUL:          0 USELESS:          0
cpu0->LLC AVERAGE MISS LATENCY: 117.3 cycles

DRAM Statistics

Channel 0 RQ ROW_BUFFER_HIT:       4135
  ROW_BUFFER_MISS:      77771
  AVG DBUS CONGESTED CYCLE: 3.792
Channel 0 WQ ROW_BUFFER_HIT:       1999
  ROW_BUFFER_MISS:      36021
  FULL:          0
Channel 0 REFRESHES ISSUED:       7061

==== TLB→Cache/MEM Breakdown (ROI totals across all caches) ====

DTLB
  (case)                                L1I          L1D          L2C          LLC          MEM
  STLB hit → final level                  0       519435       402781        75858         5404
---------------------------------------------------------------
  STLB miss resolved @ L1D                0            9           79          477          376
  STLB miss resolved @ L2C                0          212          120          544          155
  STLB miss resolved @ LLC                0          193          281         1951          860
  STLB miss resolved @ MEM                0            6          241         2052         2981

ITLB
  (case)                                L1I          L1D          L2C          LLC          MEM
  STLB hit → final level             152893        49421      1133642       106461          784
---------------------------------------------------------------
  STLB miss resolved @ L1D                0            1          182          116          107
  STLB miss resolved @ L2C                1          126          155           60           18
  STLB miss resolved @ LLC                0           94          185          448           93
  STLB miss resolved @ MEM                1            1           97          347          401
[2025-09-18 09:17:13] END   suite=qualcomm_srv trace=srv152_ap (rc=0)
