[2025-09-18 01:30:30] START suite=qualcomm_srv trace=srv199_ap
CMD: ./bin/champsim -w 20000000 -i 100000000 /home/ho/itp_asplos25_AE/traces/qualcomm_srv/srv199_ap.champsimtrace.xz
[VMEM] WARNING: physical memory size is smaller than virtual memory size.

*** ChampSim Multicore Out-of-Order Simulator ***
Warmup Instructions: 20000000
Simulation Instructions: 100000000
Number of CPUs: 1
Page size: 4096

Off-chip DRAM Size: 16 GiB Channels: 1 Width: 64-bit Data Rate: 3205 MT/s
[BTB] WARNING: target of return is a lower address than the corresponding call. This is usually a problem with your trace.
[BTB] WARNING: target of return is a lower address than the corresponding call. This is usually a problem with your trace.
[BTB] WARNING: target of return is a lower address than the corresponding call. This is usually a problem with your trace.
[BTB] WARNING: target of return is a lower address than the corresponding call. This is usually a problem with your trace.
[BTB] WARNING: target of return is a lower address than the corresponding call. This is usually a problem with your trace.
[BTB] WARNING: target of return is a lower address than the corresponding call. This is usually a problem with your trace.
[BTB] WARNING: target of return is a lower address than the corresponding call. This is usually a problem with your trace.
[BTB] WARNING: target of return is a lower address than the corresponding call. This is usually a problem with your trace.
[BTB] WARNING: target of return is a lower address than the corresponding call. This is usually a problem with your trace.
[BTB] WARNING: target of return is a lower address than the corresponding call. This is usually a problem with your trace.
Heartbeat CPU 0 instructions: 10000002 cycles: 2652045 heartbeat IPC: 3.771 cumulative IPC: 3.771 (Simulation time: 00 hr 00 min 40 sec)
Heartbeat CPU 0 instructions: 20000003 cycles: 5074024 heartbeat IPC: 4.129 cumulative IPC: 3.942 (Simulation time: 00 hr 01 min 16 sec)
Warmup finished CPU 0 instructions: 20000003 cycles: 5074024 cumulative IPC: 3.942 (Simulation time: 00 hr 01 min 16 sec)
Warmup complete CPU 0 instructions: 20000003 cycles: 5074024 cumulative IPC: 3.942 (Simulation time: 00 hr 01 min 16 sec)
Heartbeat CPU 0 instructions: 30000004 cycles: 13564344 heartbeat IPC: 1.178 cumulative IPC: 1.178 (Simulation time: 00 hr 02 min 19 sec)
Heartbeat CPU 0 instructions: 40000006 cycles: 22136821 heartbeat IPC: 1.167 cumulative IPC: 1.172 (Simulation time: 00 hr 03 min 22 sec)
Heartbeat CPU 0 instructions: 50000008 cycles: 30571128 heartbeat IPC: 1.186 cumulative IPC: 1.177 (Simulation time: 00 hr 04 min 32 sec)
Heartbeat CPU 0 instructions: 60000008 cycles: 39218377 heartbeat IPC: 1.156 cumulative IPC: 1.171 (Simulation time: 00 hr 05 min 42 sec)
Heartbeat CPU 0 instructions: 70000010 cycles: 47932535 heartbeat IPC: 1.148 cumulative IPC: 1.167 (Simulation time: 00 hr 06 min 53 sec)
Heartbeat CPU 0 instructions: 80000014 cycles: 56424574 heartbeat IPC: 1.178 cumulative IPC: 1.168 (Simulation time: 00 hr 07 min 58 sec)
Heartbeat CPU 0 instructions: 90000015 cycles: 64883444 heartbeat IPC: 1.182 cumulative IPC: 1.17 (Simulation time: 00 hr 09 min 07 sec)
Heartbeat CPU 0 instructions: 100000017 cycles: 73434666 heartbeat IPC: 1.169 cumulative IPC: 1.17 (Simulation time: 00 hr 10 min 12 sec)
*** Reached end of trace: (0, "/home/ho/itp_asplos25_AE/traces/qualcomm_srv/srv199_ap.champsimtrace.xz")
Heartbeat CPU 0 instructions: 110000019 cycles: 82091562 heartbeat IPC: 1.155 cumulative IPC: 1.169 (Simulation time: 00 hr 11 min 15 sec)
Simulation finished CPU 0 instructions: 100000002 cycles: 85719848 cumulative IPC: 1.167 (Simulation time: 00 hr 12 min 23 sec)
Simulation complete CPU 0 instructions: 100000002 cycles: 85719848 cumulative IPC: 1.167 (Simulation time: 00 hr 12 min 23 sec)

ChampSim completed all CPUs

=== Simulation ===
CPU 0 runs /home/ho/itp_asplos25_AE/traces/qualcomm_srv/srv199_ap.champsimtrace.xz

Region of Interest Statistics

CPU 0 cumulative IPC: 1.167 instructions: 100000002 cycles: 85719848
CPU 0 Branch Prediction Accuracy: 91.66% MPKI: 14.72 Average ROB Occupancy at Mispredict: 28.27
Branch type MPKI
BRANCH_DIRECT_JUMP: 0.2761
BRANCH_INDIRECT: 0.4156
BRANCH_CONDITIONAL: 12.4
BRANCH_DIRECT_CALL: 0.6867
BRANCH_INDIRECT_CALL: 0.5049
BRANCH_RETURN: 0.4379


====Backend Stall Breakdown====
ROB_STALL: 193553
LQ_STALL: 0
SQ_STALL: 556144


====ROB Stall Breakdown====

== Average ==
ADDR_TRANS: 116.26724
REPLAY_LOAD: 76.052635
NON_REPLAY_LOAD: 19.868647

== Total ==
ADDR_TRANS: 13487
REPLAY_LOAD: 11560
NON_REPLAY_LOAD: 168506

== Counts ==
ADDR_TRANS: 116
REPLAY_LOAD: 152
NON_REPLAY_LOAD: 8481

cpu0->cpu0_STLB TOTAL        ACCESS:    1736075 HIT:    1730907 MISS:       5168 MSHR_MERGE:          0
cpu0->cpu0_STLB LOAD         ACCESS:    1736075 HIT:    1730907 MISS:       5168 MSHR_MERGE:          0
cpu0->cpu0_STLB RFO          ACCESS:          0 HIT:          0 MISS:          0 MSHR_MERGE:          0
cpu0->cpu0_STLB PREFETCH     ACCESS:          0 HIT:          0 MISS:          0 MSHR_MERGE:          0
cpu0->cpu0_STLB WRITE        ACCESS:          0 HIT:          0 MISS:          0 MSHR_MERGE:          0
cpu0->cpu0_STLB TRANSLATION  ACCESS:          0 HIT:          0 MISS:          0 MSHR_MERGE:          0
cpu0->cpu0_STLB PREFETCH REQUESTED:          0 ISSUED:          0 USEFUL:          0 USELESS:          0
cpu0->cpu0_STLB AVERAGE MISS LATENCY: 214.8 cycles
cpu0->cpu0_L2C TOTAL        ACCESS:    7887819 HIT:    6726203 MISS:    1161616 MSHR_MERGE:      72931
cpu0->cpu0_L2C LOAD         ACCESS:    6120961 HIT:    5236994 MISS:     883967 MSHR_MERGE:       9519
cpu0->cpu0_L2C RFO          ACCESS:     533979 HIT:     394399 MISS:     139580 MSHR_MERGE:          0
cpu0->cpu0_L2C PREFETCH     ACCESS:     316768 HIT:     202086 MISS:     114682 MSHR_MERGE:      63412
cpu0->cpu0_L2C WRITE        ACCESS:     906913 HIT:     891359 MISS:      15554 MSHR_MERGE:          0
cpu0->cpu0_L2C TRANSLATION  ACCESS:       9198 HIT:       1365 MISS:       7833 MSHR_MERGE:          0
cpu0->cpu0_L2C PREFETCH REQUESTED:     353074 ISSUED:     194047 USEFUL:      12155 USELESS:       9771
cpu0->cpu0_L2C AVERAGE MISS LATENCY: 37.35 cycles
cpu0->cpu0_L1I TOTAL        ACCESS:   14307691 HIT:    8007271 MISS:    6300420 MSHR_MERGE:    1526743
cpu0->cpu0_L1I LOAD         ACCESS:   14307691 HIT:    8007271 MISS:    6300420 MSHR_MERGE:    1526743
cpu0->cpu0_L1I RFO          ACCESS:          0 HIT:          0 MISS:          0 MSHR_MERGE:          0
cpu0->cpu0_L1I PREFETCH     ACCESS:          0 HIT:          0 MISS:          0 MSHR_MERGE:          0
cpu0->cpu0_L1I WRITE        ACCESS:          0 HIT:          0 MISS:          0 MSHR_MERGE:          0
cpu0->cpu0_L1I TRANSLATION  ACCESS:          0 HIT:          0 MISS:          0 MSHR_MERGE:          0
cpu0->cpu0_L1I PREFETCH REQUESTED:          0 ISSUED:          0 USEFUL:          0 USELESS:          0
cpu0->cpu0_L1I AVERAGE MISS LATENCY: 15.15 cycles
cpu0->cpu0_L1D TOTAL        ACCESS:   30491576 HIT:   26977760 MISS:    3513816 MSHR_MERGE:    1473951
cpu0->cpu0_L1D LOAD         ACCESS:   16876653 HIT:   15176491 MISS:    1700162 MSHR_MERGE:     352821
cpu0->cpu0_L1D RFO          ACCESS:          0 HIT:          0 MISS:          0 MSHR_MERGE:          0
cpu0->cpu0_L1D PREFETCH     ACCESS:     580613 HIT:     339230 MISS:     241383 MSHR_MERGE:      92064
cpu0->cpu0_L1D WRITE        ACCESS:   13023690 HIT:   11460633 MISS:    1563057 MSHR_MERGE:    1029050
cpu0->cpu0_L1D TRANSLATION  ACCESS:      10620 HIT:       1406 MISS:       9214 MSHR_MERGE:         16
cpu0->cpu0_L1D PREFETCH REQUESTED:     818803 ISSUED:     580613 USEFUL:      39093 USELESS:      45821
cpu0->cpu0_L1D AVERAGE MISS LATENCY: 22.91 cycles
cpu0->cpu0_ITLB TOTAL        ACCESS:   11974751 HIT:   10272027 MISS:    1702724 MSHR_MERGE:     856450
cpu0->cpu0_ITLB LOAD         ACCESS:   11974751 HIT:   10272027 MISS:    1702724 MSHR_MERGE:     856450
cpu0->cpu0_ITLB RFO          ACCESS:          0 HIT:          0 MISS:          0 MSHR_MERGE:          0
cpu0->cpu0_ITLB PREFETCH     ACCESS:          0 HIT:          0 MISS:          0 MSHR_MERGE:          0
cpu0->cpu0_ITLB WRITE        ACCESS:          0 HIT:          0 MISS:          0 MSHR_MERGE:          0
cpu0->cpu0_ITLB TRANSLATION  ACCESS:          0 HIT:          0 MISS:          0 MSHR_MERGE:          0
cpu0->cpu0_ITLB PREFETCH REQUESTED:          0 ISSUED:          0 USEFUL:          0 USELESS:          0
cpu0->cpu0_ITLB AVERAGE MISS LATENCY: 5.128 cycles
cpu0->cpu0_DTLB TOTAL        ACCESS:   28300188 HIT:   27121547 MISS:    1178641 MSHR_MERGE:     288840
cpu0->cpu0_DTLB LOAD         ACCESS:   28300188 HIT:   27121547 MISS:    1178641 MSHR_MERGE:     288840
cpu0->cpu0_DTLB RFO          ACCESS:          0 HIT:          0 MISS:          0 MSHR_MERGE:          0
cpu0->cpu0_DTLB PREFETCH     ACCESS:          0 HIT:          0 MISS:          0 MSHR_MERGE:          0
cpu0->cpu0_DTLB WRITE        ACCESS:          0 HIT:          0 MISS:          0 MSHR_MERGE:          0
cpu0->cpu0_DTLB TRANSLATION  ACCESS:          0 HIT:          0 MISS:          0 MSHR_MERGE:          0
cpu0->cpu0_DTLB PREFETCH REQUESTED:          0 ISSUED:          0 USEFUL:          0 USELESS:          0
cpu0->cpu0_DTLB AVERAGE MISS LATENCY: 6.135 cycles
cpu0->LLC TOTAL        ACCESS:    1291466 HIT:    1209818 MISS:      81648 MSHR_MERGE:       2624
cpu0->LLC LOAD         ACCESS:     874445 HIT:     849038 MISS:      25407 MSHR_MERGE:        326
cpu0->LLC RFO          ACCESS:     139580 HIT:     102821 MISS:      36759 MSHR_MERGE:          0
cpu0->LLC PREFETCH     ACCESS:      51270 HIT:      36305 MISS:      14965 MSHR_MERGE:       2298
cpu0->LLC WRITE        ACCESS:     218338 HIT:     218031 MISS:        307 MSHR_MERGE:          0
cpu0->LLC TRANSLATION  ACCESS:       7833 HIT:       3623 MISS:       4210 MSHR_MERGE:          0
cpu0->LLC PREFETCH REQUESTED:          0 ISSUED:          0 USEFUL:          0 USELESS:          0
cpu0->LLC AVERAGE MISS LATENCY: 119.5 cycles

DRAM Statistics

Channel 0 RQ ROW_BUFFER_HIT:       3970
  ROW_BUFFER_MISS:      74742
  AVG DBUS CONGESTED CYCLE: 3.642
Channel 0 WQ ROW_BUFFER_HIT:       1970
  ROW_BUFFER_MISS:      36537
  FULL:          0
Channel 0 REFRESHES ISSUED:       7144

==== TLB→Cache/MEM Breakdown (ROI totals across all caches) ====

DTLB
  (case)                                L1I          L1D          L2C          LLC          MEM
  STLB hit → final level                  0       520864       390480        85224         5048
---------------------------------------------------------------
  STLB miss resolved @ L1D                0            4          300          416          245
  STLB miss resolved @ L2C                0          411          285          707          192
  STLB miss resolved @ LLC                0          195          360         1819          842
  STLB miss resolved @ MEM                0            6          263         1807         2349

ITLB
  (case)                                L1I          L1D          L2C          LLC          MEM
  STLB hit → final level             155958        53074      1099205       144898          711
---------------------------------------------------------------
  STLB miss resolved @ L1D                0            0          298          101           39
  STLB miss resolved @ L2C                0          185          250           26            3
  STLB miss resolved @ LLC                0          133          297          410           86
  STLB miss resolved @ MEM                0            2           68          271          154
[2025-09-18 01:42:54] END   suite=qualcomm_srv trace=srv199_ap (rc=0)
