[2025-09-18 02:59:49] START suite=qualcomm_srv trace=srv359_ap
CMD: ./bin/champsim -w 20000000 -i 100000000 /home/ho/itp_asplos25_AE/traces/qualcomm_srv/srv359_ap.champsimtrace.xz
[VMEM] WARNING: physical memory size is smaller than virtual memory size.

*** ChampSim Multicore Out-of-Order Simulator ***
Warmup Instructions: 20000000
Simulation Instructions: 100000000
Number of CPUs: 1
Page size: 4096

Off-chip DRAM Size: 16 GiB Channels: 1 Width: 64-bit Data Rate: 3205 MT/s
[BTB] WARNING: target of return is a lower address than the corresponding call. This is usually a problem with your trace.
[BTB] WARNING: target of return is a lower address than the corresponding call. This is usually a problem with your trace.
[BTB] WARNING: target of return is a lower address than the corresponding call. This is usually a problem with your trace.
[BTB] WARNING: target of return is a lower address than the corresponding call. This is usually a problem with your trace.
[BTB] WARNING: target of return is a lower address than the corresponding call. This is usually a problem with your trace.
[BTB] WARNING: target of return is a lower address than the corresponding call. This is usually a problem with your trace.
[BTB] WARNING: target of return is a lower address than the corresponding call. This is usually a problem with your trace.
[BTB] WARNING: target of return is a lower address than the corresponding call. This is usually a problem with your trace.
[BTB] WARNING: target of return is a lower address than the corresponding call. This is usually a problem with your trace.
[BTB] WARNING: target of return is a lower address than the corresponding call. This is usually a problem with your trace.
Heartbeat CPU 0 instructions: 10000001 cycles: 2746858 heartbeat IPC: 3.641 cumulative IPC: 3.641 (Simulation time: 00 hr 00 min 36 sec)
Heartbeat CPU 0 instructions: 20000003 cycles: 5291922 heartbeat IPC: 3.929 cumulative IPC: 3.779 (Simulation time: 00 hr 01 min 10 sec)
Warmup finished CPU 0 instructions: 20000003 cycles: 5291922 cumulative IPC: 3.779 (Simulation time: 00 hr 01 min 10 sec)
Warmup complete CPU 0 instructions: 20000003 cycles: 5291922 cumulative IPC: 3.779 (Simulation time: 00 hr 01 min 10 sec)
Heartbeat CPU 0 instructions: 30000004 cycles: 15227656 heartbeat IPC: 1.006 cumulative IPC: 1.006 (Simulation time: 00 hr 02 min 30 sec)
Heartbeat CPU 0 instructions: 40000006 cycles: 25454874 heartbeat IPC: 0.9778 cumulative IPC: 0.9919 (Simulation time: 00 hr 03 min 50 sec)
Heartbeat CPU 0 instructions: 50000007 cycles: 43876404 heartbeat IPC: 0.5428 cumulative IPC: 0.7775 (Simulation time: 00 hr 06 min 07 sec)
Heartbeat CPU 0 instructions: 60000011 cycles: 59471646 heartbeat IPC: 0.6412 cumulative IPC: 0.7383 (Simulation time: 00 hr 08 min 07 sec)
Heartbeat CPU 0 instructions: 70000015 cycles: 69613217 heartbeat IPC: 0.986 cumulative IPC: 0.7773 (Simulation time: 00 hr 09 min 24 sec)
Heartbeat CPU 0 instructions: 80000016 cycles: 79219542 heartbeat IPC: 1.041 cumulative IPC: 0.8116 (Simulation time: 00 hr 10 min 36 sec)
Heartbeat CPU 0 instructions: 90000016 cycles: 89599039 heartbeat IPC: 0.9634 cumulative IPC: 0.8303 (Simulation time: 00 hr 11 min 55 sec)
Heartbeat CPU 0 instructions: 100000019 cycles: 99769644 heartbeat IPC: 0.9832 cumulative IPC: 0.8468 (Simulation time: 00 hr 13 min 16 sec)
*** Reached end of trace: (0, "/home/ho/itp_asplos25_AE/traces/qualcomm_srv/srv359_ap.champsimtrace.xz")
Heartbeat CPU 0 instructions: 110000022 cycles: 108998561 heartbeat IPC: 1.084 cumulative IPC: 0.8678 (Simulation time: 00 hr 14 min 29 sec)
Simulation finished CPU 0 instructions: 100000001 cycles: 113553453 cumulative IPC: 0.8806 (Simulation time: 00 hr 15 min 42 sec)
Simulation complete CPU 0 instructions: 100000001 cycles: 113553453 cumulative IPC: 0.8806 (Simulation time: 00 hr 15 min 42 sec)

ChampSim completed all CPUs

=== Simulation ===
CPU 0 runs /home/ho/itp_asplos25_AE/traces/qualcomm_srv/srv359_ap.champsimtrace.xz

Region of Interest Statistics

CPU 0 cumulative IPC: 0.8806 instructions: 100000001 cycles: 113553453
CPU 0 Branch Prediction Accuracy: 94.7% MPKI: 10.16 Average ROB Occupancy at Mispredict: 42.51
Branch type MPKI
BRANCH_DIRECT_JUMP: 0.1542
BRANCH_INDIRECT: 0.1781
BRANCH_CONDITIONAL: 9.201
BRANCH_DIRECT_CALL: 0.2806
BRANCH_INDIRECT_CALL: 0.08729
BRANCH_RETURN: 0.2588


====Backend Stall Breakdown====
ROB_STALL: 1719152
LQ_STALL: 5212756
SQ_STALL: 453764


====ROB Stall Breakdown====

== Average ==
ADDR_TRANS: 246.11171
REPLAY_LOAD: 84.95624
NON_REPLAY_LOAD: 11.78158

== Total ==
ADDR_TRANS: 500099
REPLAY_LOAD: 236858
NON_REPLAY_LOAD: 982195

== Counts ==
ADDR_TRANS: 2032
REPLAY_LOAD: 2788
NON_REPLAY_LOAD: 83367

cpu0->cpu0_STLB TOTAL        ACCESS:    2598747 HIT:    2446389 MISS:     152358 MSHR_MERGE:          0
cpu0->cpu0_STLB LOAD         ACCESS:    2598747 HIT:    2446389 MISS:     152358 MSHR_MERGE:          0
cpu0->cpu0_STLB RFO          ACCESS:          0 HIT:          0 MISS:          0 MSHR_MERGE:          0
cpu0->cpu0_STLB PREFETCH     ACCESS:          0 HIT:          0 MISS:          0 MSHR_MERGE:          0
cpu0->cpu0_STLB WRITE        ACCESS:          0 HIT:          0 MISS:          0 MSHR_MERGE:          0
cpu0->cpu0_STLB TRANSLATION  ACCESS:          0 HIT:          0 MISS:          0 MSHR_MERGE:          0
cpu0->cpu0_STLB PREFETCH REQUESTED:          0 ISSUED:          0 USEFUL:          0 USELESS:          0
cpu0->cpu0_STLB AVERAGE MISS LATENCY: 137.7 cycles
cpu0->cpu0_L2C TOTAL        ACCESS:    6029715 HIT:    4281303 MISS:    1748412 MSHR_MERGE:      10253
cpu0->cpu0_L2C LOAD         ACCESS:    4829743 HIT:    3494098 MISS:    1335645 MSHR_MERGE:        723
cpu0->cpu0_L2C RFO          ACCESS:     174632 HIT:      91536 MISS:      83096 MSHR_MERGE:          0
cpu0->cpu0_L2C PREFETCH     ACCESS:     218667 HIT:     164204 MISS:      54463 MSHR_MERGE:       9530
cpu0->cpu0_L2C WRITE        ACCESS:     489624 HIT:     485945 MISS:       3679 MSHR_MERGE:          0
cpu0->cpu0_L2C TRANSLATION  ACCESS:     317049 HIT:      45520 MISS:     271529 MSHR_MERGE:          0
cpu0->cpu0_L2C PREFETCH REQUESTED:      93743 ISSUED:      93743 USEFUL:      13201 USELESS:       8102
cpu0->cpu0_L2C AVERAGE MISS LATENCY: 40.02 cycles
cpu0->cpu0_L1I TOTAL        ACCESS:   13624284 HIT:   10539104 MISS:    3085180 MSHR_MERGE:     865067
cpu0->cpu0_L1I LOAD         ACCESS:   13624284 HIT:   10539104 MISS:    3085180 MSHR_MERGE:     865067
cpu0->cpu0_L1I RFO          ACCESS:          0 HIT:          0 MISS:          0 MSHR_MERGE:          0
cpu0->cpu0_L1I PREFETCH     ACCESS:          0 HIT:          0 MISS:          0 MSHR_MERGE:          0
cpu0->cpu0_L1I WRITE        ACCESS:          0 HIT:          0 MISS:          0 MSHR_MERGE:          0
cpu0->cpu0_L1I TRANSLATION  ACCESS:          0 HIT:          0 MISS:          0 MSHR_MERGE:          0
cpu0->cpu0_L1I PREFETCH REQUESTED:          0 ISSUED:          0 USEFUL:          0 USELESS:          0
cpu0->cpu0_L1I AVERAGE MISS LATENCY: 23.91 cycles
cpu0->cpu0_L1D TOTAL        ACCESS:   27255801 HIT:   23440782 MISS:    3815019 MSHR_MERGE:     588774
cpu0->cpu0_L1D LOAD         ACCESS:   16572225 HIT:   13641960 MISS:    2930265 MSHR_MERGE:     320633
cpu0->cpu0_L1D RFO          ACCESS:          0 HIT:          0 MISS:          0 MSHR_MERGE:          0
cpu0->cpu0_L1D PREFETCH     ACCESS:     662103 HIT:     528611 MISS:     133492 MSHR_MERGE:       8562
cpu0->cpu0_L1D WRITE        ACCESS:    9671349 HIT:    9240234 MISS:     431115 MSHR_MERGE:     256481
cpu0->cpu0_L1D TRANSLATION  ACCESS:     350124 HIT:      29977 MISS:     320147 MSHR_MERGE:       3098
cpu0->cpu0_L1D PREFETCH REQUESTED:     697756 ISSUED:     662103 USEFUL:      68538 USELESS:      55937
cpu0->cpu0_L1D AVERAGE MISS LATENCY: 24.67 cycles
cpu0->cpu0_ITLB TOTAL        ACCESS:   11226316 HIT:   10527931 MISS:     698385 MSHR_MERGE:     362931
cpu0->cpu0_ITLB LOAD         ACCESS:   11226316 HIT:   10527931 MISS:     698385 MSHR_MERGE:     362931
cpu0->cpu0_ITLB RFO          ACCESS:          0 HIT:          0 MISS:          0 MSHR_MERGE:          0
cpu0->cpu0_ITLB PREFETCH     ACCESS:          0 HIT:          0 MISS:          0 MSHR_MERGE:          0
cpu0->cpu0_ITLB WRITE        ACCESS:          0 HIT:          0 MISS:          0 MSHR_MERGE:          0
cpu0->cpu0_ITLB TRANSLATION  ACCESS:          0 HIT:          0 MISS:          0 MSHR_MERGE:          0
cpu0->cpu0_ITLB PREFETCH REQUESTED:          0 ISSUED:          0 USEFUL:          0 USELESS:          0
cpu0->cpu0_ITLB AVERAGE MISS LATENCY: 21.99 cycles
cpu0->cpu0_DTLB TOTAL        ACCESS:   25172777 HIT:   21960474 MISS:    3212303 MSHR_MERGE:     949010
cpu0->cpu0_DTLB LOAD         ACCESS:   25172777 HIT:   21960474 MISS:    3212303 MSHR_MERGE:     949010
cpu0->cpu0_DTLB RFO          ACCESS:          0 HIT:          0 MISS:          0 MSHR_MERGE:          0
cpu0->cpu0_DTLB PREFETCH     ACCESS:          0 HIT:          0 MISS:          0 MSHR_MERGE:          0
cpu0->cpu0_DTLB WRITE        ACCESS:          0 HIT:          0 MISS:          0 MSHR_MERGE:          0
cpu0->cpu0_DTLB TRANSLATION  ACCESS:          0 HIT:          0 MISS:          0 MSHR_MERGE:          0
cpu0->cpu0_DTLB PREFETCH REQUESTED:          0 ISSUED:          0 USEFUL:          0 USELESS:          0
cpu0->cpu0_DTLB AVERAGE MISS LATENCY: 11.57 cycles
cpu0->LLC TOTAL        ACCESS:    1994239 HIT:    1781366 MISS:     212873 MSHR_MERGE:        782
cpu0->LLC LOAD         ACCESS:    1334922 HIT:    1210986 MISS:     123936 MSHR_MERGE:        360
cpu0->LLC RFO          ACCESS:      83096 HIT:      62255 MISS:      20841 MSHR_MERGE:          0
cpu0->LLC PREFETCH     ACCESS:      44933 HIT:      19685 MISS:      25248 MSHR_MERGE:        422
cpu0->LLC WRITE        ACCESS:     259759 HIT:     259471 MISS:        288 MSHR_MERGE:          0
cpu0->LLC TRANSLATION  ACCESS:     271529 HIT:     228969 MISS:      42560 MSHR_MERGE:          0
cpu0->LLC PREFETCH REQUESTED:          0 ISSUED:          0 USEFUL:          0 USELESS:          0
cpu0->LLC AVERAGE MISS LATENCY: 93.13 cycles

DRAM Statistics

Channel 0 RQ ROW_BUFFER_HIT:       5390
  ROW_BUFFER_MISS:     206410
  AVG DBUS CONGESTED CYCLE: 7.073
Channel 0 WQ ROW_BUFFER_HIT:      15746
  ROW_BUFFER_MISS:      84929
  FULL:          0
Channel 0 REFRESHES ISSUED:       9463

==== TLB→Cache/MEM Breakdown (ROI totals across all caches) ====

DTLB
  (case)                                L1I          L1D          L2C          LLC          MEM
  STLB hit → final level                  0      1523435      1259927       124445         7594
---------------------------------------------------------------
  STLB miss resolved @ L1D                0          546         7566        34611         7637
  STLB miss resolved @ L2C                0         1014        12324        32844         3245
  STLB miss resolved @ LLC                0         1001        26205       116645        14300
  STLB miss resolved @ MEM                0          187         3878        19946        23325

ITLB
  (case)                                L1I          L1D          L2C          LLC          MEM
  STLB hit → final level              94189        13827       297227       108503         2632
---------------------------------------------------------------
  STLB miss resolved @ L1D                0          179         2768        12322         1055
  STLB miss resolved @ L2C                0          103         5081        13425          268
  STLB miss resolved @ LLC                0          262        15317        78541         1712
  STLB miss resolved @ MEM                0           28         1937         9057         3758
[2025-09-18 03:15:32] END   suite=qualcomm_srv trace=srv359_ap (rc=0)
