[2025-09-18 05:49:35] START suite=qualcomm_srv trace=srv302_ap
CMD: ./bin/champsim -w 20000000 -i 100000000 /home/ho/itp_asplos25_AE/traces/qualcomm_srv/srv302_ap.champsimtrace.xz
[VMEM] WARNING: physical memory size is smaller than virtual memory size.

*** ChampSim Multicore Out-of-Order Simulator ***
Warmup Instructions: 20000000
Simulation Instructions: 100000000
Number of CPUs: 1
Page size: 4096

Off-chip DRAM Size: 16 GiB Channels: 1 Width: 64-bit Data Rate: 3205 MT/s
Heartbeat CPU 0 instructions: 10000000 cycles: 2669942 heartbeat IPC: 3.745 cumulative IPC: 3.745 (Simulation time: 00 hr 00 min 38 sec)
[BTB] WARNING: target of return is a lower address than the corresponding call. This is usually a problem with your trace.
[BTB] WARNING: target of return is a lower address than the corresponding call. This is usually a problem with your trace.
[BTB] WARNING: target of return is a lower address than the corresponding call. This is usually a problem with your trace.
[BTB] WARNING: target of return is a lower address than the corresponding call. This is usually a problem with your trace.
[BTB] WARNING: target of return is a lower address than the corresponding call. This is usually a problem with your trace.
[BTB] WARNING: target of return is a lower address than the corresponding call. This is usually a problem with your trace.
[BTB] WARNING: target of return is a lower address than the corresponding call. This is usually a problem with your trace.
[BTB] WARNING: target of return is a lower address than the corresponding call. This is usually a problem with your trace.
[BTB] WARNING: target of return is a lower address than the corresponding call. This is usually a problem with your trace.
[BTB] WARNING: target of return is a lower address than the corresponding call. This is usually a problem with your trace.
Heartbeat CPU 0 instructions: 20000001 cycles: 5147609 heartbeat IPC: 4.036 cumulative IPC: 3.885 (Simulation time: 00 hr 01 min 13 sec)
Warmup finished CPU 0 instructions: 20000001 cycles: 5147609 cumulative IPC: 3.885 (Simulation time: 00 hr 01 min 13 sec)
Warmup complete CPU 0 instructions: 20000001 cycles: 5147609 cumulative IPC: 3.885 (Simulation time: 00 hr 01 min 13 sec)
Heartbeat CPU 0 instructions: 30000005 cycles: 12109585 heartbeat IPC: 1.436 cumulative IPC: 1.436 (Simulation time: 00 hr 02 min 15 sec)
Heartbeat CPU 0 instructions: 40000006 cycles: 19342047 heartbeat IPC: 1.383 cumulative IPC: 1.409 (Simulation time: 00 hr 03 min 19 sec)
Heartbeat CPU 0 instructions: 50000007 cycles: 26464744 heartbeat IPC: 1.404 cumulative IPC: 1.407 (Simulation time: 00 hr 04 min 22 sec)
Heartbeat CPU 0 instructions: 60000011 cycles: 33486125 heartbeat IPC: 1.424 cumulative IPC: 1.412 (Simulation time: 00 hr 05 min 24 sec)
Heartbeat CPU 0 instructions: 70000012 cycles: 40875696 heartbeat IPC: 1.353 cumulative IPC: 1.399 (Simulation time: 00 hr 06 min 28 sec)
Heartbeat CPU 0 instructions: 80000016 cycles: 47898795 heartbeat IPC: 1.424 cumulative IPC: 1.403 (Simulation time: 00 hr 07 min 24 sec)
Heartbeat CPU 0 instructions: 90000017 cycles: 54822433 heartbeat IPC: 1.444 cumulative IPC: 1.409 (Simulation time: 00 hr 08 min 25 sec)
Heartbeat CPU 0 instructions: 100000017 cycles: 62135998 heartbeat IPC: 1.367 cumulative IPC: 1.404 (Simulation time: 00 hr 09 min 32 sec)
*** Reached end of trace: (0, "/home/ho/itp_asplos25_AE/traces/qualcomm_srv/srv302_ap.champsimtrace.xz")
Heartbeat CPU 0 instructions: 110000019 cycles: 69217743 heartbeat IPC: 1.412 cumulative IPC: 1.405 (Simulation time: 00 hr 10 min 36 sec)
Simulation finished CPU 0 instructions: 100000002 cycles: 71471239 cumulative IPC: 1.399 (Simulation time: 00 hr 11 min 40 sec)
Simulation complete CPU 0 instructions: 100000002 cycles: 71471239 cumulative IPC: 1.399 (Simulation time: 00 hr 11 min 40 sec)

ChampSim completed all CPUs

=== Simulation ===
CPU 0 runs /home/ho/itp_asplos25_AE/traces/qualcomm_srv/srv302_ap.champsimtrace.xz

Region of Interest Statistics

CPU 0 cumulative IPC: 1.399 instructions: 100000002 cycles: 71471239
CPU 0 Branch Prediction Accuracy: 93.79% MPKI: 11.58 Average ROB Occupancy at Mispredict: 33.58
Branch type MPKI
BRANCH_DIRECT_JUMP: 0.00237
BRANCH_INDIRECT: 0.4241
BRANCH_CONDITIONAL: 10.94
BRANCH_DIRECT_CALL: 0.00223
BRANCH_INDIRECT_CALL: 0.2081
BRANCH_RETURN: 0.00382


====Backend Stall Breakdown====
ROB_STALL: 816191
LQ_STALL: 0
SQ_STALL: 4034


====ROB Stall Breakdown====

== Average ==
ADDR_TRANS: 132.58453
REPLAY_LOAD: 82.093605
NON_REPLAY_LOAD: 33.448215

== Total ==
ADDR_TRANS: 46272
REPLAY_LOAD: 52622
NON_REPLAY_LOAD: 717297

== Counts ==
ADDR_TRANS: 349
REPLAY_LOAD: 641
NON_REPLAY_LOAD: 21445

cpu0->cpu0_STLB TOTAL        ACCESS:    1796976 HIT:    1790106 MISS:       6870 MSHR_MERGE:          0
cpu0->cpu0_STLB LOAD         ACCESS:    1796976 HIT:    1790106 MISS:       6870 MSHR_MERGE:          0
cpu0->cpu0_STLB RFO          ACCESS:          0 HIT:          0 MISS:          0 MSHR_MERGE:          0
cpu0->cpu0_STLB PREFETCH     ACCESS:          0 HIT:          0 MISS:          0 MSHR_MERGE:          0
cpu0->cpu0_STLB WRITE        ACCESS:          0 HIT:          0 MISS:          0 MSHR_MERGE:          0
cpu0->cpu0_STLB TRANSLATION  ACCESS:          0 HIT:          0 MISS:          0 MSHR_MERGE:          0
cpu0->cpu0_STLB PREFETCH REQUESTED:          0 ISSUED:          0 USEFUL:          0 USELESS:          0
cpu0->cpu0_STLB AVERAGE MISS LATENCY: 158.3 cycles
cpu0->cpu0_L2C TOTAL        ACCESS:    8026072 HIT:    7594317 MISS:     431755 MSHR_MERGE:       1408
cpu0->cpu0_L2C LOAD         ACCESS:    7339183 HIT:    6979454 MISS:     359729 MSHR_MERGE:         11
cpu0->cpu0_L2C RFO          ACCESS:     180553 HIT:     134998 MISS:      45555 MSHR_MERGE:          0
cpu0->cpu0_L2C PREFETCH     ACCESS:      25870 HIT:      16521 MISS:       9349 MSHR_MERGE:       1397
cpu0->cpu0_L2C WRITE        ACCESS:     467253 HIT:     462207 MISS:       5046 MSHR_MERGE:          0
cpu0->cpu0_L2C TRANSLATION  ACCESS:      13213 HIT:       1137 MISS:      12076 MSHR_MERGE:          0
cpu0->cpu0_L2C PREFETCH REQUESTED:      16680 ISSUED:      16680 USEFUL:       4114 USELESS:       1992
cpu0->cpu0_L2C AVERAGE MISS LATENCY: 39.9 cycles
cpu0->cpu0_L1I TOTAL        ACCESS:   15679339 HIT:    7153603 MISS:    8525736 MSHR_MERGE:    2219309
cpu0->cpu0_L1I LOAD         ACCESS:   15679339 HIT:    7153603 MISS:    8525736 MSHR_MERGE:    2219309
cpu0->cpu0_L1I RFO          ACCESS:          0 HIT:          0 MISS:          0 MSHR_MERGE:          0
cpu0->cpu0_L1I PREFETCH     ACCESS:          0 HIT:          0 MISS:          0 MSHR_MERGE:          0
cpu0->cpu0_L1I WRITE        ACCESS:          0 HIT:          0 MISS:          0 MSHR_MERGE:          0
cpu0->cpu0_L1I TRANSLATION  ACCESS:          0 HIT:          0 MISS:          0 MSHR_MERGE:          0
cpu0->cpu0_L1I PREFETCH REQUESTED:          0 ISSUED:          0 USEFUL:          0 USELESS:          0
cpu0->cpu0_L1I AVERAGE MISS LATENCY: 11.57 cycles
cpu0->cpu0_L1D TOTAL        ACCESS:   27398873 HIT:   25503022 MISS:    1895851 MSHR_MERGE:     660134
cpu0->cpu0_L1D LOAD         ACCESS:   15005954 HIT:   13586012 MISS:    1419942 MSHR_MERGE:     387186
cpu0->cpu0_L1D RFO          ACCESS:          0 HIT:          0 MISS:          0 MSHR_MERGE:          0
cpu0->cpu0_L1D PREFETCH     ACCESS:      31519 HIT:      21514 MISS:      10005 MSHR_MERGE:        815
cpu0->cpu0_L1D WRITE        ACCESS:   12347451 HIT:   11894826 MISS:     452625 MSHR_MERGE:     272067
cpu0->cpu0_L1D TRANSLATION  ACCESS:      13949 HIT:        670 MISS:      13279 MSHR_MERGE:         66
cpu0->cpu0_L1D PREFETCH REQUESTED:      32793 ISSUED:      31519 USEFUL:       2957 USELESS:       6179
cpu0->cpu0_L1D AVERAGE MISS LATENCY: 24.05 cycles
cpu0->cpu0_ITLB TOTAL        ACCESS:   13048546 HIT:   11067791 MISS:    1980755 MSHR_MERGE:    1024482
cpu0->cpu0_ITLB LOAD         ACCESS:   13048546 HIT:   11067791 MISS:    1980755 MSHR_MERGE:    1024482
cpu0->cpu0_ITLB RFO          ACCESS:          0 HIT:          0 MISS:          0 MSHR_MERGE:          0
cpu0->cpu0_ITLB PREFETCH     ACCESS:          0 HIT:          0 MISS:          0 MSHR_MERGE:          0
cpu0->cpu0_ITLB WRITE        ACCESS:          0 HIT:          0 MISS:          0 MSHR_MERGE:          0
cpu0->cpu0_ITLB TRANSLATION  ACCESS:          0 HIT:          0 MISS:          0 MSHR_MERGE:          0
cpu0->cpu0_ITLB PREFETCH REQUESTED:          0 ISSUED:          0 USEFUL:          0 USELESS:          0
cpu0->cpu0_ITLB AVERAGE MISS LATENCY: 5.073 cycles
cpu0->cpu0_DTLB TOTAL        ACCESS:   25801045 HIT:   24604936 MISS:    1196109 MSHR_MERGE:     355406
cpu0->cpu0_DTLB LOAD         ACCESS:   25801045 HIT:   24604936 MISS:    1196109 MSHR_MERGE:     355406
cpu0->cpu0_DTLB RFO          ACCESS:          0 HIT:          0 MISS:          0 MSHR_MERGE:          0
cpu0->cpu0_DTLB PREFETCH     ACCESS:          0 HIT:          0 MISS:          0 MSHR_MERGE:          0
cpu0->cpu0_DTLB WRITE        ACCESS:          0 HIT:          0 MISS:          0 MSHR_MERGE:          0
cpu0->cpu0_DTLB TRANSLATION  ACCESS:          0 HIT:          0 MISS:          0 MSHR_MERGE:          0
cpu0->cpu0_DTLB PREFETCH REQUESTED:          0 ISSUED:          0 USEFUL:          0 USELESS:          0
cpu0->cpu0_DTLB AVERAGE MISS LATENCY: 6.209 cycles
cpu0->LLC TOTAL        ACCESS:     620118 HIT:     567136 MISS:      52982 MSHR_MERGE:          0
cpu0->LLC LOAD         ACCESS:     359718 HIT:     323471 MISS:      36247 MSHR_MERGE:          0
cpu0->LLC RFO          ACCESS:      45555 HIT:      36506 MISS:       9049 MSHR_MERGE:          0
cpu0->LLC PREFETCH     ACCESS:       7952 HIT:       4967 MISS:       2985 MSHR_MERGE:          0
cpu0->LLC WRITE        ACCESS:     194817 HIT:     194617 MISS:        200 MSHR_MERGE:          0
cpu0->LLC TRANSLATION  ACCESS:      12076 HIT:       7575 MISS:       4501 MSHR_MERGE:          0
cpu0->LLC PREFETCH REQUESTED:          0 ISSUED:          0 USEFUL:          0 USELESS:          0
cpu0->LLC AVERAGE MISS LATENCY: 89.31 cycles

DRAM Statistics

Channel 0 RQ ROW_BUFFER_HIT:       1129
  ROW_BUFFER_MISS:      51635
  AVG DBUS CONGESTED CYCLE: 6.579
Channel 0 WQ ROW_BUFFER_HIT:       3585
  ROW_BUFFER_MISS:      23720
  FULL:          0
Channel 0 REFRESHES ISSUED:       5956

==== TLB→Cache/MEM Breakdown (ROI totals across all caches) ====

DTLB
  (case)                                L1I          L1D          L2C          LLC          MEM
  STLB hit → final level                  0       644000       297017        77625         8359
---------------------------------------------------------------
  STLB miss resolved @ L1D                0            1           82          703          277
  STLB miss resolved @ L2C                0           13          194         1356          333
  STLB miss resolved @ LLC                0           76          497         5900         1019
  STLB miss resolved @ MEM                0            2          199         3361         2230

ITLB
  (case)                                L1I          L1D          L2C          LLC          MEM
  STLB hit → final level             145708        49408      1465082        19735         2044
---------------------------------------------------------------
  STLB miss resolved @ L1D                0            0           25          171           76
  STLB miss resolved @ L2C                0            1            2          225          152
  STLB miss resolved @ LLC                0           77           99          784          292
  STLB miss resolved @ MEM                0            5           35          741          529
[2025-09-18 06:01:16] END   suite=qualcomm_srv trace=srv302_ap (rc=0)
