[2025-09-18 06:58:52] START suite=qualcomm_srv trace=srv34_ap
CMD: ./bin/champsim -w 20000000 -i 100000000 /home/ho/itp_asplos25_AE/traces/qualcomm_srv/srv34_ap.champsimtrace.xz
[VMEM] WARNING: physical memory size is smaller than virtual memory size.

*** ChampSim Multicore Out-of-Order Simulator ***
Warmup Instructions: 20000000
Simulation Instructions: 100000000
Number of CPUs: 1
Page size: 4096

Off-chip DRAM Size: 16 GiB Channels: 1 Width: 64-bit Data Rate: 3205 MT/s
[BTB] WARNING: target of return is a lower address than the corresponding call. This is usually a problem with your trace.
[BTB] WARNING: target of return is a lower address than the corresponding call. This is usually a problem with your trace.
[BTB] WARNING: target of return is a lower address than the corresponding call. This is usually a problem with your trace.
[BTB] WARNING: target of return is a lower address than the corresponding call. This is usually a problem with your trace.
[BTB] WARNING: target of return is a lower address than the corresponding call. This is usually a problem with your trace.
[BTB] WARNING: target of return is a lower address than the corresponding call. This is usually a problem with your trace.
[BTB] WARNING: target of return is a lower address than the corresponding call. This is usually a problem with your trace.
[BTB] WARNING: target of return is a lower address than the corresponding call. This is usually a problem with your trace.
[BTB] WARNING: target of return is a lower address than the corresponding call. This is usually a problem with your trace.
[BTB] WARNING: target of return is a lower address than the corresponding call. This is usually a problem with your trace.
Heartbeat CPU 0 instructions: 10000000 cycles: 2816402 heartbeat IPC: 3.551 cumulative IPC: 3.551 (Simulation time: 00 hr 00 min 38 sec)
Heartbeat CPU 0 instructions: 20000004 cycles: 5436883 heartbeat IPC: 3.816 cumulative IPC: 3.679 (Simulation time: 00 hr 01 min 17 sec)
Warmup finished CPU 0 instructions: 20000004 cycles: 5436883 cumulative IPC: 3.679 (Simulation time: 00 hr 01 min 17 sec)
Warmup complete CPU 0 instructions: 20000004 cycles: 5436883 cumulative IPC: 3.679 (Simulation time: 00 hr 01 min 17 sec)
Heartbeat CPU 0 instructions: 30000004 cycles: 11201080 heartbeat IPC: 1.735 cumulative IPC: 1.735 (Simulation time: 00 hr 02 min 19 sec)
Heartbeat CPU 0 instructions: 40000006 cycles: 16825314 heartbeat IPC: 1.778 cumulative IPC: 1.756 (Simulation time: 00 hr 03 min 17 sec)
Heartbeat CPU 0 instructions: 50000006 cycles: 22398292 heartbeat IPC: 1.794 cumulative IPC: 1.769 (Simulation time: 00 hr 04 min 17 sec)
Heartbeat CPU 0 instructions: 60000006 cycles: 28082657 heartbeat IPC: 1.759 cumulative IPC: 1.766 (Simulation time: 00 hr 05 min 15 sec)
Heartbeat CPU 0 instructions: 70000009 cycles: 33725984 heartbeat IPC: 1.772 cumulative IPC: 1.767 (Simulation time: 00 hr 06 min 15 sec)
Heartbeat CPU 0 instructions: 80000012 cycles: 39433396 heartbeat IPC: 1.752 cumulative IPC: 1.765 (Simulation time: 00 hr 07 min 18 sec)
Heartbeat CPU 0 instructions: 90000012 cycles: 45084933 heartbeat IPC: 1.769 cumulative IPC: 1.766 (Simulation time: 00 hr 08 min 19 sec)
Heartbeat CPU 0 instructions: 100000014 cycles: 50696106 heartbeat IPC: 1.782 cumulative IPC: 1.768 (Simulation time: 00 hr 09 min 19 sec)
*** Reached end of trace: (0, "/home/ho/itp_asplos25_AE/traces/qualcomm_srv/srv34_ap.champsimtrace.xz")
Heartbeat CPU 0 instructions: 110000017 cycles: 56353969 heartbeat IPC: 1.767 cumulative IPC: 1.768 (Simulation time: 00 hr 10 min 17 sec)
Simulation finished CPU 0 instructions: 100000003 cycles: 56591801 cumulative IPC: 1.767 (Simulation time: 00 hr 11 min 12 sec)
Simulation complete CPU 0 instructions: 100000003 cycles: 56591801 cumulative IPC: 1.767 (Simulation time: 00 hr 11 min 12 sec)

ChampSim completed all CPUs

=== Simulation ===
CPU 0 runs /home/ho/itp_asplos25_AE/traces/qualcomm_srv/srv34_ap.champsimtrace.xz

Region of Interest Statistics

CPU 0 cumulative IPC: 1.767 instructions: 100000003 cycles: 56591801
CPU 0 Branch Prediction Accuracy: 96.9% MPKI: 5.315 Average ROB Occupancy at Mispredict: 70.11
Branch type MPKI
BRANCH_DIRECT_JUMP: 0.00095
BRANCH_INDIRECT: 0.06082
BRANCH_CONDITIONAL: 4.922
BRANCH_DIRECT_CALL: 0.00236
BRANCH_INDIRECT_CALL: 0.3039
BRANCH_RETURN: 0.0246


====Backend Stall Breakdown====
ROB_STALL: 457919
LQ_STALL: 0
SQ_STALL: 96670


====ROB Stall Breakdown====

== Average ==
ADDR_TRANS: 208.43733
REPLAY_LOAD: 53.872284
NON_REPLAY_LOAD: 24.736708

== Total ==
ADDR_TRANS: 78164
REPLAY_LOAD: 39650
NON_REPLAY_LOAD: 340105

== Counts ==
ADDR_TRANS: 375
REPLAY_LOAD: 736
NON_REPLAY_LOAD: 13749

cpu0->cpu0_STLB TOTAL        ACCESS:    2212212 HIT:    2200653 MISS:      11559 MSHR_MERGE:          0
cpu0->cpu0_STLB LOAD         ACCESS:    2212212 HIT:    2200653 MISS:      11559 MSHR_MERGE:          0
cpu0->cpu0_STLB RFO          ACCESS:          0 HIT:          0 MISS:          0 MSHR_MERGE:          0
cpu0->cpu0_STLB PREFETCH     ACCESS:          0 HIT:          0 MISS:          0 MSHR_MERGE:          0
cpu0->cpu0_STLB WRITE        ACCESS:          0 HIT:          0 MISS:          0 MSHR_MERGE:          0
cpu0->cpu0_STLB TRANSLATION  ACCESS:          0 HIT:          0 MISS:          0 MSHR_MERGE:          0
cpu0->cpu0_STLB PREFETCH REQUESTED:          0 ISSUED:          0 USEFUL:          0 USELESS:          0
cpu0->cpu0_STLB AVERAGE MISS LATENCY: 303.2 cycles
cpu0->cpu0_L2C TOTAL        ACCESS:    9071334 HIT:    8707229 MISS:     364105 MSHR_MERGE:       7409
cpu0->cpu0_L2C LOAD         ACCESS:    8463203 HIT:    8189293 MISS:     273910 MSHR_MERGE:       2184
cpu0->cpu0_L2C RFO          ACCESS:     112393 HIT:      58816 MISS:      53577 MSHR_MERGE:          0
cpu0->cpu0_L2C PREFETCH     ACCESS:      14964 HIT:       2926 MISS:      12038 MSHR_MERGE:       5225
cpu0->cpu0_L2C WRITE        ACCESS:     455131 HIT:     453832 MISS:       1299 MSHR_MERGE:          0
cpu0->cpu0_L2C TRANSLATION  ACCESS:      25643 HIT:       2362 MISS:      23281 MSHR_MERGE:          0
cpu0->cpu0_L2C PREFETCH REQUESTED:      13363 ISSUED:      13363 USEFUL:       3195 USELESS:        877
cpu0->cpu0_L2C AVERAGE MISS LATENCY: 43.19 cycles
cpu0->cpu0_L1I TOTAL        ACCESS:   17275015 HIT:    6365840 MISS:   10909175 MSHR_MERGE:    3190957
cpu0->cpu0_L1I LOAD         ACCESS:   17275015 HIT:    6365840 MISS:   10909175 MSHR_MERGE:    3190957
cpu0->cpu0_L1I RFO          ACCESS:          0 HIT:          0 MISS:          0 MSHR_MERGE:          0
cpu0->cpu0_L1I PREFETCH     ACCESS:          0 HIT:          0 MISS:          0 MSHR_MERGE:          0
cpu0->cpu0_L1I WRITE        ACCESS:          0 HIT:          0 MISS:          0 MSHR_MERGE:          0
cpu0->cpu0_L1I TRANSLATION  ACCESS:          0 HIT:          0 MISS:          0 MSHR_MERGE:          0
cpu0->cpu0_L1I PREFETCH REQUESTED:          0 ISSUED:          0 USEFUL:          0 USELESS:          0
cpu0->cpu0_L1I AVERAGE MISS LATENCY: 11.31 cycles
cpu0->cpu0_L1D TOTAL        ACCESS:   26976284 HIT:   25476766 MISS:    1499518 MSHR_MERGE:     614888
cpu0->cpu0_L1D LOAD         ACCESS:   14692571 HIT:   13539469 MISS:    1153102 MSHR_MERGE:     408112
cpu0->cpu0_L1D RFO          ACCESS:          0 HIT:          0 MISS:          0 MSHR_MERGE:          0
cpu0->cpu0_L1D PREFETCH     ACCESS:      41991 HIT:      39355 MISS:       2636 MSHR_MERGE:       1032
cpu0->cpu0_L1D WRITE        ACCESS:   12214497 HIT:   11897149 MISS:     317348 MSHR_MERGE:     204955
cpu0->cpu0_L1D TRANSLATION  ACCESS:      27225 HIT:        793 MISS:      26432 MSHR_MERGE:        789
cpu0->cpu0_L1D PREFETCH REQUESTED:      86232 ISSUED:      41991 USEFUL:        401 USELESS:        905
cpu0->cpu0_L1D AVERAGE MISS LATENCY: 28.79 cycles
cpu0->cpu0_ITLB TOTAL        ACCESS:   13908804 HIT:   11196337 MISS:    2712467 MSHR_MERGE:    1503076
cpu0->cpu0_ITLB LOAD         ACCESS:   13908804 HIT:   11196337 MISS:    2712467 MSHR_MERGE:    1503076
cpu0->cpu0_ITLB RFO          ACCESS:          0 HIT:          0 MISS:          0 MSHR_MERGE:          0
cpu0->cpu0_ITLB PREFETCH     ACCESS:          0 HIT:          0 MISS:          0 MSHR_MERGE:          0
cpu0->cpu0_ITLB WRITE        ACCESS:          0 HIT:          0 MISS:          0 MSHR_MERGE:          0
cpu0->cpu0_ITLB TRANSLATION  ACCESS:          0 HIT:          0 MISS:          0 MSHR_MERGE:          0
cpu0->cpu0_ITLB PREFETCH REQUESTED:          0 ISSUED:          0 USEFUL:          0 USELESS:          0
cpu0->cpu0_ITLB AVERAGE MISS LATENCY: 5.051 cycles
cpu0->cpu0_DTLB TOTAL        ACCESS:   25195631 HIT:   23647779 MISS:    1547852 MSHR_MERGE:     545031
cpu0->cpu0_DTLB LOAD         ACCESS:   25195631 HIT:   23647779 MISS:    1547852 MSHR_MERGE:     545031
cpu0->cpu0_DTLB RFO          ACCESS:          0 HIT:          0 MISS:          0 MSHR_MERGE:          0
cpu0->cpu0_DTLB PREFETCH     ACCESS:          0 HIT:          0 MISS:          0 MSHR_MERGE:          0
cpu0->cpu0_DTLB WRITE        ACCESS:          0 HIT:          0 MISS:          0 MSHR_MERGE:          0
cpu0->cpu0_DTLB TRANSLATION  ACCESS:          0 HIT:          0 MISS:          0 MSHR_MERGE:          0
cpu0->cpu0_DTLB PREFETCH REQUESTED:          0 ISSUED:          0 USEFUL:          0 USELESS:          0
cpu0->cpu0_DTLB AVERAGE MISS LATENCY: 8.414 cycles
cpu0->LLC TOTAL        ACCESS:     550307 HIT:     487901 MISS:      62406 MSHR_MERGE:       2122
cpu0->LLC LOAD         ACCESS:     271726 HIT:     241838 MISS:      29888 MSHR_MERGE:        342
cpu0->LLC RFO          ACCESS:      53577 HIT:      40697 MISS:      12880 MSHR_MERGE:          0
cpu0->LLC PREFETCH     ACCESS:       6813 HIT:        467 MISS:       6346 MSHR_MERGE:       1780
cpu0->LLC WRITE        ACCESS:     194910 HIT:     194393 MISS:        517 MSHR_MERGE:          0
cpu0->LLC TRANSLATION  ACCESS:      23281 HIT:      10506 MISS:      12775 MSHR_MERGE:          0
cpu0->LLC PREFETCH REQUESTED:          0 ISSUED:          0 USEFUL:          0 USELESS:          0
cpu0->LLC AVERAGE MISS LATENCY: 87.98 cycles

DRAM Statistics

Channel 0 RQ ROW_BUFFER_HIT:       1648
  ROW_BUFFER_MISS:      58098
  AVG DBUS CONGESTED CYCLE: 4.857
Channel 0 WQ ROW_BUFFER_HIT:       1183
  ROW_BUFFER_MISS:      15147
  FULL:          0
Channel 0 REFRESHES ISSUED:       4716

==== TLB→Cache/MEM Breakdown (ROI totals across all caches) ====

DTLB
  (case)                                L1I          L1D          L2C          LLC          MEM
  STLB hit → final level                  0      1034342       162452        70131        12038
---------------------------------------------------------------
  STLB miss resolved @ L1D                0            1          180          456          479
  STLB miss resolved @ L2C                0           46          215          994         2861
  STLB miss resolved @ LLC                0          127          847         2886         7909
  STLB miss resolved @ MEM                0            3          913         5564        11718

ITLB
  (case)                                L1I          L1D          L2C          LLC          MEM
  STLB hit → final level             252853        44703      1794166         6522           97
---------------------------------------------------------------
  STLB miss resolved @ L1D                0            1           86           89           32
  STLB miss resolved @ L2C                0           18           26           16            2
  STLB miss resolved @ LLC                0           68          140          273           37
  STLB miss resolved @ MEM                0            4           16           62           89
[2025-09-18 07:10:05] END   suite=qualcomm_srv trace=srv34_ap (rc=0)
