[2025-09-18 03:16:20] START suite=qualcomm_srv trace=srv673_ap
CMD: ./bin/champsim -w 20000000 -i 100000000 /home/ho/itp_asplos25_AE/traces/qualcomm_srv/srv673_ap.champsimtrace.xz
[VMEM] WARNING: physical memory size is smaller than virtual memory size.

*** ChampSim Multicore Out-of-Order Simulator ***
Warmup Instructions: 20000000
Simulation Instructions: 100000000
Number of CPUs: 1
Page size: 4096

Off-chip DRAM Size: 16 GiB Channels: 1 Width: 64-bit Data Rate: 3205 MT/s
Heartbeat CPU 0 instructions: 10000000 cycles: 2755736 heartbeat IPC: 3.629 cumulative IPC: 3.629 (Simulation time: 00 hr 00 min 39 sec)
Heartbeat CPU 0 instructions: 20000003 cycles: 5392207 heartbeat IPC: 3.793 cumulative IPC: 3.709 (Simulation time: 00 hr 01 min 15 sec)
Warmup finished CPU 0 instructions: 20000003 cycles: 5392207 cumulative IPC: 3.709 (Simulation time: 00 hr 01 min 15 sec)
Warmup complete CPU 0 instructions: 20000003 cycles: 5392207 cumulative IPC: 3.709 (Simulation time: 00 hr 01 min 15 sec)
Heartbeat CPU 0 instructions: 30000003 cycles: 13338804 heartbeat IPC: 1.258 cumulative IPC: 1.258 (Simulation time: 00 hr 02 min 18 sec)
[BTB] WARNING: target of return is a lower address than the corresponding call. This is usually a problem with your trace.
[BTB] WARNING: target of return is a lower address than the corresponding call. This is usually a problem with your trace.
[BTB] WARNING: target of return is a lower address than the corresponding call. This is usually a problem with your trace.
[BTB] WARNING: target of return is a lower address than the corresponding call. This is usually a problem with your trace.
[BTB] WARNING: target of return is a lower address than the corresponding call. This is usually a problem with your trace.
[BTB] WARNING: target of return is a lower address than the corresponding call. This is usually a problem with your trace.
[BTB] WARNING: target of return is a lower address than the corresponding call. This is usually a problem with your trace.
[BTB] WARNING: target of return is a lower address than the corresponding call. This is usually a problem with your trace.
[BTB] WARNING: target of return is a lower address than the corresponding call. This is usually a problem with your trace.
Heartbeat CPU 0 instructions: 40000004 cycles: 21648977 heartbeat IPC: 1.203 cumulative IPC: 1.23 (Simulation time: 00 hr 03 min 31 sec)
[BTB] WARNING: target of return is a lower address than the corresponding call. This is usually a problem with your trace.
Heartbeat CPU 0 instructions: 50000008 cycles: 29990855 heartbeat IPC: 1.199 cumulative IPC: 1.22 (Simulation time: 00 hr 04 min 43 sec)
Heartbeat CPU 0 instructions: 60000009 cycles: 37893507 heartbeat IPC: 1.265 cumulative IPC: 1.231 (Simulation time: 00 hr 05 min 51 sec)
Heartbeat CPU 0 instructions: 70000011 cycles: 45870280 heartbeat IPC: 1.254 cumulative IPC: 1.235 (Simulation time: 00 hr 06 min 57 sec)
Heartbeat CPU 0 instructions: 80000015 cycles: 53712144 heartbeat IPC: 1.275 cumulative IPC: 1.242 (Simulation time: 00 hr 07 min 59 sec)
Heartbeat CPU 0 instructions: 90000016 cycles: 61852611 heartbeat IPC: 1.228 cumulative IPC: 1.24 (Simulation time: 00 hr 09 min 07 sec)
Heartbeat CPU 0 instructions: 100000016 cycles: 70000493 heartbeat IPC: 1.227 cumulative IPC: 1.238 (Simulation time: 00 hr 10 min 17 sec)
*** Reached end of trace: (0, "/home/ho/itp_asplos25_AE/traces/qualcomm_srv/srv673_ap.champsimtrace.xz")
Heartbeat CPU 0 instructions: 110000019 cycles: 77824986 heartbeat IPC: 1.278 cumulative IPC: 1.243 (Simulation time: 00 hr 11 min 24 sec)
Simulation finished CPU 0 instructions: 100000002 cycles: 80637490 cumulative IPC: 1.24 (Simulation time: 00 hr 12 min 29 sec)
Simulation complete CPU 0 instructions: 100000002 cycles: 80637490 cumulative IPC: 1.24 (Simulation time: 00 hr 12 min 29 sec)

ChampSim completed all CPUs

=== Simulation ===
CPU 0 runs /home/ho/itp_asplos25_AE/traces/qualcomm_srv/srv673_ap.champsimtrace.xz

Region of Interest Statistics

CPU 0 cumulative IPC: 1.24 instructions: 100000002 cycles: 80637490
CPU 0 Branch Prediction Accuracy: 93.83% MPKI: 11.46 Average ROB Occupancy at Mispredict: 37.86
Branch type MPKI
BRANCH_DIRECT_JUMP: 0.00081
BRANCH_INDIRECT: 0.424
BRANCH_CONDITIONAL: 10.83
BRANCH_DIRECT_CALL: 0.00121
BRANCH_INDIRECT_CALL: 0.2045
BRANCH_RETURN: 0.00183


====Backend Stall Breakdown====
ROB_STALL: 2757260
LQ_STALL: 0
SQ_STALL: 84758


====ROB Stall Breakdown====

== Average ==
ADDR_TRANS: 247.22102
REPLAY_LOAD: 161.25052
NON_REPLAY_LOAD: 53.50584

== Total ==
ADDR_TRANS: 319904
REPLAY_LOAD: 389420
NON_REPLAY_LOAD: 2047936

== Counts ==
ADDR_TRANS: 1294
REPLAY_LOAD: 2415
NON_REPLAY_LOAD: 38275

cpu0->cpu0_STLB TOTAL        ACCESS:    1802741 HIT:    1786700 MISS:      16041 MSHR_MERGE:          0
cpu0->cpu0_STLB LOAD         ACCESS:    1802741 HIT:    1786700 MISS:      16041 MSHR_MERGE:          0
cpu0->cpu0_STLB RFO          ACCESS:          0 HIT:          0 MISS:          0 MSHR_MERGE:          0
cpu0->cpu0_STLB PREFETCH     ACCESS:          0 HIT:          0 MISS:          0 MSHR_MERGE:          0
cpu0->cpu0_STLB WRITE        ACCESS:          0 HIT:          0 MISS:          0 MSHR_MERGE:          0
cpu0->cpu0_STLB TRANSLATION  ACCESS:          0 HIT:          0 MISS:          0 MSHR_MERGE:          0
cpu0->cpu0_STLB PREFETCH REQUESTED:          0 ISSUED:          0 USEFUL:          0 USELESS:          0
cpu0->cpu0_STLB AVERAGE MISS LATENCY: 298.6 cycles
cpu0->cpu0_L2C TOTAL        ACCESS:    8213446 HIT:    7795579 MISS:     417867 MSHR_MERGE:       5440
cpu0->cpu0_L2C LOAD         ACCESS:    7435695 HIT:    7128625 MISS:     307070 MSHR_MERGE:         75
cpu0->cpu0_L2C RFO          ACCESS:     200791 HIT:     152694 MISS:      48097 MSHR_MERGE:          8
cpu0->cpu0_L2C PREFETCH     ACCESS:      71617 HIT:      38775 MISS:      32842 MSHR_MERGE:       5357
cpu0->cpu0_L2C WRITE        ACCESS:     476191 HIT:     472689 MISS:       3502 MSHR_MERGE:          0
cpu0->cpu0_L2C TRANSLATION  ACCESS:      29152 HIT:       2796 MISS:      26356 MSHR_MERGE:          0
cpu0->cpu0_L2C PREFETCH REQUESTED:      49063 ISSUED:      49063 USEFUL:      17873 USELESS:       2433
cpu0->cpu0_L2C AVERAGE MISS LATENCY: 111.7 cycles
cpu0->cpu0_L1I TOTAL        ACCESS:   15682887 HIT:    7056222 MISS:    8626665 MSHR_MERGE:    2241981
cpu0->cpu0_L1I LOAD         ACCESS:   15682887 HIT:    7056222 MISS:    8626665 MSHR_MERGE:    2241981
cpu0->cpu0_L1I RFO          ACCESS:          0 HIT:          0 MISS:          0 MSHR_MERGE:          0
cpu0->cpu0_L1I PREFETCH     ACCESS:          0 HIT:          0 MISS:          0 MSHR_MERGE:          0
cpu0->cpu0_L1I WRITE        ACCESS:          0 HIT:          0 MISS:          0 MSHR_MERGE:          0
cpu0->cpu0_L1I TRANSLATION  ACCESS:          0 HIT:          0 MISS:          0 MSHR_MERGE:          0
cpu0->cpu0_L1I PREFETCH REQUESTED:          0 ISSUED:          0 USEFUL:          0 USELESS:          0
cpu0->cpu0_L1I AVERAGE MISS LATENCY: 11.62 cycles
cpu0->cpu0_L1D TOTAL        ACCESS:   27384624 HIT:   25401914 MISS:    1982710 MSHR_MERGE:     679181
cpu0->cpu0_L1D LOAD         ACCESS:   14930910 HIT:   13493057 MISS:    1437853 MSHR_MERGE:     386834
cpu0->cpu0_L1D RFO          ACCESS:          0 HIT:          0 MISS:          0 MSHR_MERGE:          0
cpu0->cpu0_L1D PREFETCH     ACCESS:      60939 HIT:      33123 MISS:      27816 MSHR_MERGE:       5257
cpu0->cpu0_L1D WRITE        ACCESS:   12359953 HIT:   11872610 MISS:     487343 MSHR_MERGE:     286544
cpu0->cpu0_L1D TRANSLATION  ACCESS:      32822 HIT:       3124 MISS:      29698 MSHR_MERGE:        546
cpu0->cpu0_L1D PREFETCH REQUESTED:      65050 ISSUED:      60939 USEFUL:      12210 USELESS:       8087
cpu0->cpu0_L1D AVERAGE MISS LATENCY: 43.66 cycles
cpu0->cpu0_ITLB TOTAL        ACCESS:   13054673 HIT:   11054258 MISS:    2000415 MSHR_MERGE:    1042872
cpu0->cpu0_ITLB LOAD         ACCESS:   13054673 HIT:   11054258 MISS:    2000415 MSHR_MERGE:    1042872
cpu0->cpu0_ITLB RFO          ACCESS:          0 HIT:          0 MISS:          0 MSHR_MERGE:          0
cpu0->cpu0_ITLB PREFETCH     ACCESS:          0 HIT:          0 MISS:          0 MSHR_MERGE:          0
cpu0->cpu0_ITLB WRITE        ACCESS:          0 HIT:          0 MISS:          0 MSHR_MERGE:          0
cpu0->cpu0_ITLB TRANSLATION  ACCESS:          0 HIT:          0 MISS:          0 MSHR_MERGE:          0
cpu0->cpu0_ITLB PREFETCH REQUESTED:          0 ISSUED:          0 USEFUL:          0 USELESS:          0
cpu0->cpu0_ITLB AVERAGE MISS LATENCY: 5.202 cycles
cpu0->cpu0_DTLB TOTAL        ACCESS:   25739331 HIT:   24529383 MISS:    1209948 MSHR_MERGE:     364750
cpu0->cpu0_DTLB LOAD         ACCESS:   25739331 HIT:   24529383 MISS:    1209948 MSHR_MERGE:     364750
cpu0->cpu0_DTLB RFO          ACCESS:          0 HIT:          0 MISS:          0 MSHR_MERGE:          0
cpu0->cpu0_DTLB PREFETCH     ACCESS:          0 HIT:          0 MISS:          0 MSHR_MERGE:          0
cpu0->cpu0_DTLB WRITE        ACCESS:          0 HIT:          0 MISS:          0 MSHR_MERGE:          0
cpu0->cpu0_DTLB TRANSLATION  ACCESS:          0 HIT:          0 MISS:          0 MSHR_MERGE:          0
cpu0->cpu0_DTLB PREFETCH REQUESTED:          0 ISSUED:          0 USEFUL:          0 USELESS:          0
cpu0->cpu0_DTLB AVERAGE MISS LATENCY: 10.41 cycles
cpu0->LLC TOTAL        ACCESS:     595661 HIT:     255721 MISS:     339940 MSHR_MERGE:         19
cpu0->LLC LOAD         ACCESS:     306994 HIT:      49229 MISS:     257765 MSHR_MERGE:          0
cpu0->LLC RFO          ACCESS:      48089 HIT:      16170 MISS:      31919 MSHR_MERGE:          0
cpu0->LLC PREFETCH     ACCESS:      27485 HIT:       2200 MISS:      25285 MSHR_MERGE:         19
cpu0->LLC WRITE        ACCESS:     186737 HIT:     185352 MISS:       1385 MSHR_MERGE:          0
cpu0->LLC TRANSLATION  ACCESS:      26356 HIT:       2770 MISS:      23586 MSHR_MERGE:          0
cpu0->LLC PREFETCH REQUESTED:          0 ISSUED:          0 USEFUL:          0 USELESS:          0
cpu0->LLC AVERAGE MISS LATENCY: 103.8 cycles

DRAM Statistics

Channel 0 RQ ROW_BUFFER_HIT:       6335
  ROW_BUFFER_MISS:     332182
  AVG DBUS CONGESTED CYCLE: 6.297
Channel 0 WQ ROW_BUFFER_HIT:      31734
  ROW_BUFFER_MISS:     126650
  FULL:          0
Channel 0 REFRESHES ISSUED:       6720

==== TLB→Cache/MEM Breakdown (ROI totals across all caches) ====

DTLB
  (case)                                L1I          L1D          L2C          LLC          MEM
  STLB hit → final level                  0       643980       309706        12044        57350
---------------------------------------------------------------
  STLB miss resolved @ L1D                0            1            8          569         4489
  STLB miss resolved @ L2C                0            3            9          359         4132
  STLB miss resolved @ LLC                0           13           12          704         1912
  STLB miss resolved @ MEM                0           16           51         1787        19229

ITLB
  (case)                                L1I          L1D          L2C          LLC          MEM
  STLB hit → final level             140725        48078      1483074         4876        13365
---------------------------------------------------------------
  STLB miss resolved @ L1D                2            4            7           53          504
  STLB miss resolved @ L2C                0            0            2            8          971
  STLB miss resolved @ LLC                1            7            1           64          179
  STLB miss resolved @ MEM                2            5           28          133         2409
[2025-09-18 03:28:49] END   suite=qualcomm_srv trace=srv673_ap (rc=0)
