[2025-09-18 10:12:39] START suite=qualcomm_srv trace=srv756_ap
CMD: ./bin/champsim -w 20000000 -i 100000000 /home/ho/itp_asplos25_AE/traces/qualcomm_srv/srv756_ap.champsimtrace.xz
[VMEM] WARNING: physical memory size is smaller than virtual memory size.

*** ChampSim Multicore Out-of-Order Simulator ***
Warmup Instructions: 20000000
Simulation Instructions: 100000000
Number of CPUs: 1
Page size: 4096

Off-chip DRAM Size: 16 GiB Channels: 1 Width: 64-bit Data Rate: 3205 MT/s
Heartbeat CPU 0 instructions: 10000001 cycles: 2801620 heartbeat IPC: 3.569 cumulative IPC: 3.569 (Simulation time: 00 hr 00 min 37 sec)
Heartbeat CPU 0 instructions: 20000003 cycles: 5364111 heartbeat IPC: 3.902 cumulative IPC: 3.728 (Simulation time: 00 hr 01 min 13 sec)
Warmup finished CPU 0 instructions: 20000003 cycles: 5364111 cumulative IPC: 3.728 (Simulation time: 00 hr 01 min 13 sec)
Warmup complete CPU 0 instructions: 20000003 cycles: 5364111 cumulative IPC: 3.728 (Simulation time: 00 hr 01 min 13 sec)
[BTB] WARNING: target of return is a lower address than the corresponding call. This is usually a problem with your trace.
[BTB] WARNING: target of return is a lower address than the corresponding call. This is usually a problem with your trace.
[BTB] WARNING: target of return is a lower address than the corresponding call. This is usually a problem with your trace.
[BTB] WARNING: target of return is a lower address than the corresponding call. This is usually a problem with your trace.
[BTB] WARNING: target of return is a lower address than the corresponding call. This is usually a problem with your trace.
[BTB] WARNING: target of return is a lower address than the corresponding call. This is usually a problem with your trace.
[BTB] WARNING: target of return is a lower address than the corresponding call. This is usually a problem with your trace.
[BTB] WARNING: target of return is a lower address than the corresponding call. This is usually a problem with your trace.
[BTB] WARNING: target of return is a lower address than the corresponding call. This is usually a problem with your trace.
Heartbeat CPU 0 instructions: 30000007 cycles: 14006562 heartbeat IPC: 1.157 cumulative IPC: 1.157 (Simulation time: 00 hr 02 min 26 sec)
[BTB] WARNING: target of return is a lower address than the corresponding call. This is usually a problem with your trace.
Heartbeat CPU 0 instructions: 40000009 cycles: 22472164 heartbeat IPC: 1.181 cumulative IPC: 1.169 (Simulation time: 00 hr 03 min 39 sec)
Heartbeat CPU 0 instructions: 50000011 cycles: 30546075 heartbeat IPC: 1.239 cumulative IPC: 1.191 (Simulation time: 00 hr 04 min 47 sec)
Heartbeat CPU 0 instructions: 60000015 cycles: 38656532 heartbeat IPC: 1.233 cumulative IPC: 1.201 (Simulation time: 00 hr 05 min 54 sec)
Heartbeat CPU 0 instructions: 70000017 cycles: 46894677 heartbeat IPC: 1.214 cumulative IPC: 1.204 (Simulation time: 00 hr 06 min 58 sec)
Heartbeat CPU 0 instructions: 80000019 cycles: 54842427 heartbeat IPC: 1.258 cumulative IPC: 1.213 (Simulation time: 00 hr 08 min 06 sec)
Heartbeat CPU 0 instructions: 90000023 cycles: 63021788 heartbeat IPC: 1.223 cumulative IPC: 1.214 (Simulation time: 00 hr 09 min 17 sec)
Heartbeat CPU 0 instructions: 100000023 cycles: 70894320 heartbeat IPC: 1.27 cumulative IPC: 1.221 (Simulation time: 00 hr 10 min 24 sec)
*** Reached end of trace: (0, "/home/ho/itp_asplos25_AE/traces/qualcomm_srv/srv756_ap.champsimtrace.xz")
Heartbeat CPU 0 instructions: 110000026 cycles: 79501581 heartbeat IPC: 1.162 cumulative IPC: 1.214 (Simulation time: 00 hr 11 min 38 sec)
Simulation finished CPU 0 instructions: 100000003 cycles: 82122663 cumulative IPC: 1.218 (Simulation time: 00 hr 12 min 46 sec)
Simulation complete CPU 0 instructions: 100000003 cycles: 82122663 cumulative IPC: 1.218 (Simulation time: 00 hr 12 min 46 sec)

ChampSim completed all CPUs

=== Simulation ===
CPU 0 runs /home/ho/itp_asplos25_AE/traces/qualcomm_srv/srv756_ap.champsimtrace.xz

Region of Interest Statistics

CPU 0 cumulative IPC: 1.218 instructions: 100000003 cycles: 82122663
CPU 0 Branch Prediction Accuracy: 93.73% MPKI: 11.64 Average ROB Occupancy at Mispredict: 36.98
Branch type MPKI
BRANCH_DIRECT_JUMP: 0.00103
BRANCH_INDIRECT: 0.4241
BRANCH_CONDITIONAL: 11
BRANCH_DIRECT_CALL: 0.00229
BRANCH_INDIRECT_CALL: 0.2096
BRANCH_RETURN: 0.00246


====Backend Stall Breakdown====
ROB_STALL: 2878901
LQ_STALL: 0
SQ_STALL: 80901


====ROB Stall Breakdown====

== Average ==
ADDR_TRANS: 234.56187
REPLAY_LOAD: 163.60477
NON_REPLAY_LOAD: 61.911793

== Total ==
ADDR_TRANS: 301412
REPLAY_LOAD: 418501
NON_REPLAY_LOAD: 2158988

== Counts ==
ADDR_TRANS: 1285
REPLAY_LOAD: 2558
NON_REPLAY_LOAD: 34872

cpu0->cpu0_STLB TOTAL        ACCESS:    1813016 HIT:    1796389 MISS:      16627 MSHR_MERGE:          0
cpu0->cpu0_STLB LOAD         ACCESS:    1813016 HIT:    1796389 MISS:      16627 MSHR_MERGE:          0
cpu0->cpu0_STLB RFO          ACCESS:          0 HIT:          0 MISS:          0 MSHR_MERGE:          0
cpu0->cpu0_STLB PREFETCH     ACCESS:          0 HIT:          0 MISS:          0 MSHR_MERGE:          0
cpu0->cpu0_STLB WRITE        ACCESS:          0 HIT:          0 MISS:          0 MSHR_MERGE:          0
cpu0->cpu0_STLB TRANSLATION  ACCESS:          0 HIT:          0 MISS:          0 MSHR_MERGE:          0
cpu0->cpu0_STLB PREFETCH REQUESTED:          0 ISSUED:          0 USEFUL:          0 USELESS:          0
cpu0->cpu0_STLB AVERAGE MISS LATENCY: 309.1 cycles
cpu0->cpu0_L2C TOTAL        ACCESS:    8236963 HIT:    7771553 MISS:     465410 MSHR_MERGE:       5452
cpu0->cpu0_L2C LOAD         ACCESS:    7452825 HIT:    7104557 MISS:     348268 MSHR_MERGE:         95
cpu0->cpu0_L2C RFO          ACCESS:     198394 HIT:     148345 MISS:      50049 MSHR_MERGE:         19
cpu0->cpu0_L2C PREFETCH     ACCESS:      76583 HIT:      42834 MISS:      33749 MSHR_MERGE:       5338
cpu0->cpu0_L2C WRITE        ACCESS:     479137 HIT:     473049 MISS:       6088 MSHR_MERGE:          0
cpu0->cpu0_L2C TRANSLATION  ACCESS:      30024 HIT:       2768 MISS:      27256 MSHR_MERGE:          0
cpu0->cpu0_L2C PREFETCH REQUESTED:      52476 ISSUED:      52476 USEFUL:      17812 USELESS:       2494
cpu0->cpu0_L2C AVERAGE MISS LATENCY: 105.1 cycles
cpu0->cpu0_L1I TOTAL        ACCESS:   15672347 HIT:    7050916 MISS:    8621431 MSHR_MERGE:    2231140
cpu0->cpu0_L1I LOAD         ACCESS:   15672347 HIT:    7050916 MISS:    8621431 MSHR_MERGE:    2231140
cpu0->cpu0_L1I RFO          ACCESS:          0 HIT:          0 MISS:          0 MSHR_MERGE:          0
cpu0->cpu0_L1I PREFETCH     ACCESS:          0 HIT:          0 MISS:          0 MSHR_MERGE:          0
cpu0->cpu0_L1I WRITE        ACCESS:          0 HIT:          0 MISS:          0 MSHR_MERGE:          0
cpu0->cpu0_L1I TRANSLATION  ACCESS:          0 HIT:          0 MISS:          0 MSHR_MERGE:          0
cpu0->cpu0_L1I PREFETCH REQUESTED:          0 ISSUED:          0 USEFUL:          0 USELESS:          0
cpu0->cpu0_L1I AVERAGE MISS LATENCY: 11.78 cycles
cpu0->cpu0_L1D TOTAL        ACCESS:   27443901 HIT:   25453822 MISS:    1990079 MSHR_MERGE:     674993
cpu0->cpu0_L1D LOAD         ACCESS:   14981665 HIT:   13526440 MISS:    1455225 MSHR_MERGE:     392684
cpu0->cpu0_L1D RFO          ACCESS:          0 HIT:          0 MISS:          0 MSHR_MERGE:          0
cpu0->cpu0_L1D PREFETCH     ACCESS:      62029 HIT:      33238 MISS:      28791 MSHR_MERGE:       4674
cpu0->cpu0_L1D WRITE        ACCESS:   12366139 HIT:   11890751 MISS:     475388 MSHR_MERGE:     276984
cpu0->cpu0_L1D TRANSLATION  ACCESS:      34068 HIT:       3393 MISS:      30675 MSHR_MERGE:        651
cpu0->cpu0_L1D PREFETCH REQUESTED:      65507 ISSUED:      62029 USEFUL:      13096 USELESS:       8104
cpu0->cpu0_L1D AVERAGE MISS LATENCY: 44.44 cycles
cpu0->cpu0_ITLB TOTAL        ACCESS:   13046279 HIT:   11057247 MISS:    1989032 MSHR_MERGE:    1031630
cpu0->cpu0_ITLB LOAD         ACCESS:   13046279 HIT:   11057247 MISS:    1989032 MSHR_MERGE:    1031630
cpu0->cpu0_ITLB RFO          ACCESS:          0 HIT:          0 MISS:          0 MSHR_MERGE:          0
cpu0->cpu0_ITLB PREFETCH     ACCESS:          0 HIT:          0 MISS:          0 MSHR_MERGE:          0
cpu0->cpu0_ITLB WRITE        ACCESS:          0 HIT:          0 MISS:          0 MSHR_MERGE:          0
cpu0->cpu0_ITLB TRANSLATION  ACCESS:          0 HIT:          0 MISS:          0 MSHR_MERGE:          0
cpu0->cpu0_ITLB PREFETCH REQUESTED:          0 ISSUED:          0 USEFUL:          0 USELESS:          0
cpu0->cpu0_ITLB AVERAGE MISS LATENCY: 5.234 cycles
cpu0->cpu0_DTLB TOTAL        ACCESS:   25811079 HIT:   24587645 MISS:    1223434 MSHR_MERGE:     367820
cpu0->cpu0_DTLB LOAD         ACCESS:   25811079 HIT:   24587645 MISS:    1223434 MSHR_MERGE:     367820
cpu0->cpu0_DTLB RFO          ACCESS:          0 HIT:          0 MISS:          0 MSHR_MERGE:          0
cpu0->cpu0_DTLB PREFETCH     ACCESS:          0 HIT:          0 MISS:          0 MSHR_MERGE:          0
cpu0->cpu0_DTLB WRITE        ACCESS:          0 HIT:          0 MISS:          0 MSHR_MERGE:          0
cpu0->cpu0_DTLB TRANSLATION  ACCESS:          0 HIT:          0 MISS:          0 MSHR_MERGE:          0
cpu0->cpu0_DTLB PREFETCH REQUESTED:          0 ISSUED:          0 USEFUL:          0 USELESS:          0
cpu0->cpu0_DTLB AVERAGE MISS LATENCY: 10.71 cycles
cpu0->LLC TOTAL        ACCESS:     645021 HIT:     297442 MISS:     347579 MSHR_MERGE:         27
cpu0->LLC LOAD         ACCESS:     348173 HIT:      84922 MISS:     263251 MSHR_MERGE:          0
cpu0->LLC RFO          ACCESS:      50030 HIT:      17248 MISS:      32782 MSHR_MERGE:          0
cpu0->LLC PREFETCH     ACCESS:      28411 HIT:       2577 MISS:      25834 MSHR_MERGE:         27
cpu0->LLC WRITE        ACCESS:     191151 HIT:     189682 MISS:       1469 MSHR_MERGE:          0
cpu0->LLC TRANSLATION  ACCESS:      27256 HIT:       3013 MISS:      24243 MSHR_MERGE:          0
cpu0->LLC PREFETCH REQUESTED:          0 ISSUED:          0 USEFUL:          0 USELESS:          0
cpu0->LLC AVERAGE MISS LATENCY: 104.9 cycles

DRAM Statistics

Channel 0 RQ ROW_BUFFER_HIT:       5954
  ROW_BUFFER_MISS:     340102
  AVG DBUS CONGESTED CYCLE: 6.218
Channel 0 WQ ROW_BUFFER_HIT:      31874
  ROW_BUFFER_MISS:     126042
  FULL:          0
Channel 0 REFRESHES ISSUED:       6843

==== TLB→Cache/MEM Breakdown (ROI totals across all caches) ====

DTLB
  (case)                                L1I          L1D          L2C          LLC          MEM
  STLB hit → final level                  0       641716       311998        14946        60549
---------------------------------------------------------------
  STLB miss resolved @ L1D                0            4            3          563         5079
  STLB miss resolved @ L2C                0            3            9          338         4122
  STLB miss resolved @ LLC                0           10           13          677         2110
  STLB miss resolved @ MEM                0           14           50         1804        20066

ITLB
  (case)                                L1I          L1D          L2C          LLC          MEM
  STLB hit → final level             140290        47531      1465515        11608        13560
---------------------------------------------------------------
  STLB miss resolved @ L1D                1            4           12           72          512
  STLB miss resolved @ L2C                1            3            1           18         1318
  STLB miss resolved @ LLC                0            7            4           76          241
  STLB miss resolved @ MEM                5            4           44          162         2741
[2025-09-18 10:25:26] END   suite=qualcomm_srv trace=srv756_ap (rc=0)
