[2025-09-17 01:02:03] START suite=qualcomm_srv trace=srv0_ap
CMD: ./bin/champsim -w 20000000 -i 100000000 /home/ho/itp_asplos25_AE/traces/qualcomm_srv/srv0_ap.champsimtrace.xz
[VMEM] WARNING: physical memory size is smaller than virtual memory size.

*** ChampSim Multicore Out-of-Order Simulator ***
Warmup Instructions: 20000000
Simulation Instructions: 100000000
Number of CPUs: 1
Page size: 4096

Off-chip DRAM Size: 16 GiB Channels: 1 Width: 64-bit Data Rate: 3205 MT/s
[BTB] WARNING: target of return is a lower address than the corresponding call. This is usually a problem with your trace.
[BTB] WARNING: target of return is a lower address than the corresponding call. This is usually a problem with your trace.
[BTB] WARNING: target of return is a lower address than the corresponding call. This is usually a problem with your trace.
[BTB] WARNING: target of return is a lower address than the corresponding call. This is usually a problem with your trace.
[BTB] WARNING: target of return is a lower address than the corresponding call. This is usually a problem with your trace.
[BTB] WARNING: target of return is a lower address than the corresponding call. This is usually a problem with your trace.
[BTB] WARNING: target of return is a lower address than the corresponding call. This is usually a problem with your trace.
[BTB] WARNING: target of return is a lower address than the corresponding call. This is usually a problem with your trace.
[BTB] WARNING: target of return is a lower address than the corresponding call. This is usually a problem with your trace.
[BTB] WARNING: target of return is a lower address than the corresponding call. This is usually a problem with your trace.
Heartbeat CPU 0 instructions: 10000004 cycles: 2610021 heartbeat IPC: 3.831 cumulative IPC: 3.831 (Simulation time: 00 hr 00 min 39 sec)
Warmup finished CPU 0 instructions: 20000002 cycles: 5068274 cumulative IPC: 3.946 (Simulation time: 00 hr 01 min 16 sec)
Warmup complete CPU 0 instructions: 20000002 cycles: 5068274 cumulative IPC: 3.946 (Simulation time: 00 hr 01 min 16 sec)
Heartbeat CPU 0 instructions: 20000007 cycles: 5068275 heartbeat IPC: 4.068 cumulative IPC: 5 (Simulation time: 00 hr 01 min 16 sec)
Heartbeat CPU 0 instructions: 30000009 cycles: 13547481 heartbeat IPC: 1.179 cumulative IPC: 1.179 (Simulation time: 00 hr 02 min 23 sec)
Heartbeat CPU 0 instructions: 40000013 cycles: 21980982 heartbeat IPC: 1.186 cumulative IPC: 1.183 (Simulation time: 00 hr 03 min 27 sec)
Heartbeat CPU 0 instructions: 50000013 cycles: 30499569 heartbeat IPC: 1.174 cumulative IPC: 1.18 (Simulation time: 00 hr 04 min 35 sec)
Heartbeat CPU 0 instructions: 60000013 cycles: 39003631 heartbeat IPC: 1.176 cumulative IPC: 1.179 (Simulation time: 00 hr 05 min 45 sec)
Heartbeat CPU 0 instructions: 70000015 cycles: 47708640 heartbeat IPC: 1.149 cumulative IPC: 1.173 (Simulation time: 00 hr 06 min 53 sec)
*** Reached end of trace: (0, "/home/ho/itp_asplos25_AE/traces/qualcomm_srv/srv0_ap.champsimtrace.xz")
Heartbeat CPU 0 instructions: 80000019 cycles: 56163533 heartbeat IPC: 1.183 cumulative IPC: 1.174 (Simulation time: 00 hr 07 min 58 sec)
Heartbeat CPU 0 instructions: 90000020 cycles: 64536387 heartbeat IPC: 1.194 cumulative IPC: 1.177 (Simulation time: 00 hr 08 min 58 sec)
Heartbeat CPU 0 instructions: 100000021 cycles: 73004363 heartbeat IPC: 1.181 cumulative IPC: 1.178 (Simulation time: 00 hr 10 min 03 sec)
Heartbeat CPU 0 instructions: 110000023 cycles: 81546781 heartbeat IPC: 1.171 cumulative IPC: 1.177 (Simulation time: 00 hr 11 min 08 sec)
Simulation finished CPU 0 instructions: 100000003 cycles: 84947669 cumulative IPC: 1.177 (Simulation time: 00 hr 12 min 13 sec)
Simulation complete CPU 0 instructions: 100000003 cycles: 84947669 cumulative IPC: 1.177 (Simulation time: 00 hr 12 min 13 sec)

ChampSim completed all CPUs

=== Simulation ===
CPU 0 runs /home/ho/itp_asplos25_AE/traces/qualcomm_srv/srv0_ap.champsimtrace.xz

Region of Interest Statistics

CPU 0 cumulative IPC: 1.177 instructions: 100000003 cycles: 84947669
CPU 0 Branch Prediction Accuracy: 91.54% MPKI: 14.94 Average ROB Occupancy at Mispredict: 27.73
Branch type MPKI
BRANCH_DIRECT_JUMP: 0.286
BRANCH_INDIRECT: 0.4158
BRANCH_CONDITIONAL: 12.54
BRANCH_DIRECT_CALL: 0.7248
BRANCH_INDIRECT_CALL: 0.5131
BRANCH_RETURN: 0.4652


====Backend Stall Breakdown====
ROB_STALL: 131343
LQ_STALL: 0
SQ_STALL: 601065


====ROB Stall Breakdown====

== Average ==
ADDR_TRANS: 74.52427
REPLAY_LOAD: 61.110294
NON_REPLAY_LOAD: 11.919405

== Total ==
ADDR_TRANS: 7676
REPLAY_LOAD: 8311
NON_REPLAY_LOAD: 115356

== Counts ==
ADDR_TRANS: 103
REPLAY_LOAD: 136
NON_REPLAY_LOAD: 9678

cpu0->cpu0_STLB TOTAL        ACCESS:    1764404 HIT:    1758168 MISS:       6236 MSHR_MERGE:          0
cpu0->cpu0_STLB LOAD         ACCESS:    1764404 HIT:    1758168 MISS:       6236 MSHR_MERGE:          0
cpu0->cpu0_STLB RFO          ACCESS:          0 HIT:          0 MISS:          0 MSHR_MERGE:          0
cpu0->cpu0_STLB PREFETCH     ACCESS:          0 HIT:          0 MISS:          0 MSHR_MERGE:          0
cpu0->cpu0_STLB WRITE        ACCESS:          0 HIT:          0 MISS:          0 MSHR_MERGE:          0
cpu0->cpu0_STLB TRANSLATION  ACCESS:          0 HIT:          0 MISS:          0 MSHR_MERGE:          0
cpu0->cpu0_STLB PREFETCH REQUESTED:          0 ISSUED:          0 USEFUL:          0 USELESS:          0
cpu0->cpu0_STLB AVERAGE MISS LATENCY: 162.1 cycles
cpu0->cpu0_L2C TOTAL        ACCESS:    7722283 HIT:    6731788 MISS:     990495 MSHR_MERGE:          0
cpu0->cpu0_L2C LOAD         ACCESS:    6250184 HIT:    5423272 MISS:     826912 MSHR_MERGE:          0
cpu0->cpu0_L2C RFO          ACCESS:     542478 HIT:     397640 MISS:     144838 MSHR_MERGE:          0
cpu0->cpu0_L2C PREFETCH     ACCESS:          0 HIT:          0 MISS:          0 MSHR_MERGE:          0
cpu0->cpu0_L2C WRITE        ACCESS:     918369 HIT:     908991 MISS:       9378 MSHR_MERGE:          0
cpu0->cpu0_L2C TRANSLATION  ACCESS:      11252 HIT:       1885 MISS:       9367 MSHR_MERGE:          0
cpu0->cpu0_L2C PREFETCH REQUESTED:          0 ISSUED:          0 USEFUL:          0 USELESS:          0
cpu0->cpu0_L2C AVERAGE MISS LATENCY: 38.48 cycles
cpu0->cpu0_L1I TOTAL        ACCESS:   14482558 HIT:    8089345 MISS:    6393213 MSHR_MERGE:    1544919
cpu0->cpu0_L1I LOAD         ACCESS:   14482558 HIT:    8089345 MISS:    6393213 MSHR_MERGE:    1544919
cpu0->cpu0_L1I RFO          ACCESS:          0 HIT:          0 MISS:          0 MSHR_MERGE:          0
cpu0->cpu0_L1I PREFETCH     ACCESS:          0 HIT:          0 MISS:          0 MSHR_MERGE:          0
cpu0->cpu0_L1I WRITE        ACCESS:          0 HIT:          0 MISS:          0 MSHR_MERGE:          0
cpu0->cpu0_L1I TRANSLATION  ACCESS:          0 HIT:          0 MISS:          0 MSHR_MERGE:          0
cpu0->cpu0_L1I PREFETCH REQUESTED:          0 ISSUED:          0 USEFUL:          0 USELESS:          0
cpu0->cpu0_L1I AVERAGE MISS LATENCY: 14.63 cycles
cpu0->cpu0_L1D TOTAL        ACCESS:   29932344 HIT:   26602181 MISS:    3330163 MSHR_MERGE:    1374504
cpu0->cpu0_L1D LOAD         ACCESS:   16895389 HIT:   15156212 MISS:    1739177 MSHR_MERGE:     337267
cpu0->cpu0_L1D RFO          ACCESS:          0 HIT:          0 MISS:          0 MSHR_MERGE:          0
cpu0->cpu0_L1D PREFETCH     ACCESS:          0 HIT:          0 MISS:          0 MSHR_MERGE:          0
cpu0->cpu0_L1D WRITE        ACCESS:   13024115 HIT:   11444397 MISS:    1579718 MSHR_MERGE:    1037221
cpu0->cpu0_L1D TRANSLATION  ACCESS:      12840 HIT:       1572 MISS:      11268 MSHR_MERGE:         16
cpu0->cpu0_L1D PREFETCH REQUESTED:          0 ISSUED:          0 USEFUL:          0 USELESS:          0
cpu0->cpu0_L1D AVERAGE MISS LATENCY: 23.35 cycles
cpu0->cpu0_ITLB TOTAL        ACCESS:   12095175 HIT:   10360742 MISS:    1734433 MSHR_MERGE:     875592
cpu0->cpu0_ITLB LOAD         ACCESS:   12095175 HIT:   10360742 MISS:    1734433 MSHR_MERGE:     875592
cpu0->cpu0_ITLB RFO          ACCESS:          0 HIT:          0 MISS:          0 MSHR_MERGE:          0
cpu0->cpu0_ITLB PREFETCH     ACCESS:          0 HIT:          0 MISS:          0 MSHR_MERGE:          0
cpu0->cpu0_ITLB WRITE        ACCESS:          0 HIT:          0 MISS:          0 MSHR_MERGE:          0
cpu0->cpu0_ITLB TRANSLATION  ACCESS:          0 HIT:          0 MISS:          0 MSHR_MERGE:          0
cpu0->cpu0_ITLB PREFETCH REQUESTED:          0 ISSUED:          0 USEFUL:          0 USELESS:          0
cpu0->cpu0_ITLB AVERAGE MISS LATENCY: 5.134 cycles
cpu0->cpu0_DTLB TOTAL        ACCESS:   28319230 HIT:   27110458 MISS:    1208772 MSHR_MERGE:     303209
cpu0->cpu0_DTLB LOAD         ACCESS:   28319230 HIT:   27110458 MISS:    1208772 MSHR_MERGE:     303209
cpu0->cpu0_DTLB RFO          ACCESS:          0 HIT:          0 MISS:          0 MSHR_MERGE:          0
cpu0->cpu0_DTLB PREFETCH     ACCESS:          0 HIT:          0 MISS:          0 MSHR_MERGE:          0
cpu0->cpu0_DTLB WRITE        ACCESS:          0 HIT:          0 MISS:          0 MSHR_MERGE:          0
cpu0->cpu0_DTLB TRANSLATION  ACCESS:          0 HIT:          0 MISS:          0 MSHR_MERGE:          0
cpu0->cpu0_DTLB PREFETCH REQUESTED:          0 ISSUED:          0 USEFUL:          0 USELESS:          0
cpu0->cpu0_DTLB AVERAGE MISS LATENCY: 5.994 cycles
cpu0->LLC TOTAL        ACCESS:    1191810 HIT:    1122295 MISS:      69515 MSHR_MERGE:          0
cpu0->LLC LOAD         ACCESS:     826911 HIT:     801815 MISS:      25096 MSHR_MERGE:          0
cpu0->LLC RFO          ACCESS:     144838 HIT:     104929 MISS:      39909 MSHR_MERGE:          0
cpu0->LLC PREFETCH     ACCESS:          0 HIT:          0 MISS:          0 MSHR_MERGE:          0
cpu0->LLC WRITE        ACCESS:     210694 HIT:     210394 MISS:        300 MSHR_MERGE:          0
cpu0->LLC TRANSLATION  ACCESS:       9367 HIT:       5157 MISS:       4210 MSHR_MERGE:          0
cpu0->LLC PREFETCH REQUESTED:          0 ISSUED:          0 USEFUL:          0 USELESS:          0
cpu0->LLC AVERAGE MISS LATENCY: 127.4 cycles

DRAM Statistics

Channel 0 RQ ROW_BUFFER_HIT:       3492
  ROW_BUFFER_MISS:      65720
  AVG DBUS CONGESTED CYCLE: 3.627
Channel 0 WQ ROW_BUFFER_HIT:       1815
  ROW_BUFFER_MISS:      34461
  FULL:          0
Channel 0 REFRESHES ISSUED:       7079

==== TLB→Cache/MEM Breakdown (ROI totals across all caches) ====

DTLB
  (case)                                L1I          L1D          L2C          LLC          MEM
  STLB hit → final level                  0       534853       404581        79151         4918
---------------------------------------------------------------
  STLB miss resolved @ L1D                0            3          502          342          215
  STLB miss resolved @ L2C                0          194          744          848          183
  STLB miss resolved @ LLC                0          437         1123         2344          889
  STLB miss resolved @ MEM                0            1          365         1919         2254

ITLB
  (case)                                L1I          L1D          L2C          LLC          MEM
  STLB hit → final level             156585        51056      1149148       114094          510
---------------------------------------------------------------
  STLB miss resolved @ L1D                0            0          149          347           33
  STLB miss resolved @ L2C                0           86           89          196            5
  STLB miss resolved @ LLC                0          296          342          925           64
  STLB miss resolved @ MEM                0            0           90          320          124
[2025-09-17 01:14:16] END   suite=qualcomm_srv trace=srv0_ap (rc=0)
