[2025-09-17 03:29:34] START suite=qualcomm_srv trace=srv17_ap
CMD: ./bin/champsim -w 20000000 -i 100000000 /home/ho/itp_asplos25_AE/traces/qualcomm_srv/srv17_ap.champsimtrace.xz
[VMEM] WARNING: physical memory size is smaller than virtual memory size.

*** ChampSim Multicore Out-of-Order Simulator ***
Warmup Instructions: 20000000
Simulation Instructions: 100000000
Number of CPUs: 1
Page size: 4096

Off-chip DRAM Size: 16 GiB Channels: 1 Width: 64-bit Data Rate: 3205 MT/s
[BTB] WARNING: target of return is a lower address than the corresponding call. This is usually a problem with your trace.
[BTB] WARNING: target of return is a lower address than the corresponding call. This is usually a problem with your trace.
[BTB] WARNING: target of return is a lower address than the corresponding call. This is usually a problem with your trace.
[BTB] WARNING: target of return is a lower address than the corresponding call. This is usually a problem with your trace.
[BTB] WARNING: target of return is a lower address than the corresponding call. This is usually a problem with your trace.
[BTB] WARNING: target of return is a lower address than the corresponding call. This is usually a problem with your trace.
[BTB] WARNING: target of return is a lower address than the corresponding call. This is usually a problem with your trace.
[BTB] WARNING: target of return is a lower address than the corresponding call. This is usually a problem with your trace.
[BTB] WARNING: target of return is a lower address than the corresponding call. This is usually a problem with your trace.
[BTB] WARNING: target of return is a lower address than the corresponding call. This is usually a problem with your trace.
Heartbeat CPU 0 instructions: 10000001 cycles: 2595651 heartbeat IPC: 3.853 cumulative IPC: 3.853 (Simulation time: 00 hr 00 min 38 sec)
Heartbeat CPU 0 instructions: 20000003 cycles: 5043993 heartbeat IPC: 4.084 cumulative IPC: 3.965 (Simulation time: 00 hr 01 min 16 sec)
Warmup finished CPU 0 instructions: 20000003 cycles: 5043993 cumulative IPC: 3.965 (Simulation time: 00 hr 01 min 16 sec)
Warmup complete CPU 0 instructions: 20000003 cycles: 5043993 cumulative IPC: 3.965 (Simulation time: 00 hr 01 min 16 sec)
Heartbeat CPU 0 instructions: 30000005 cycles: 14231274 heartbeat IPC: 1.088 cumulative IPC: 1.088 (Simulation time: 00 hr 02 min 28 sec)
Heartbeat CPU 0 instructions: 40000009 cycles: 23337079 heartbeat IPC: 1.098 cumulative IPC: 1.093 (Simulation time: 00 hr 03 min 32 sec)
Heartbeat CPU 0 instructions: 50000009 cycles: 32493168 heartbeat IPC: 1.092 cumulative IPC: 1.093 (Simulation time: 00 hr 04 min 38 sec)
Heartbeat CPU 0 instructions: 60000009 cycles: 41529363 heartbeat IPC: 1.107 cumulative IPC: 1.096 (Simulation time: 00 hr 05 min 50 sec)
Heartbeat CPU 0 instructions: 70000011 cycles: 50683512 heartbeat IPC: 1.092 cumulative IPC: 1.096 (Simulation time: 00 hr 06 min 55 sec)
Heartbeat CPU 0 instructions: 80000013 cycles: 59813870 heartbeat IPC: 1.095 cumulative IPC: 1.095 (Simulation time: 00 hr 08 min 03 sec)
Heartbeat CPU 0 instructions: 90000014 cycles: 68998839 heartbeat IPC: 1.089 cumulative IPC: 1.095 (Simulation time: 00 hr 09 min 10 sec)
Heartbeat CPU 0 instructions: 100000014 cycles: 78087784 heartbeat IPC: 1.1 cumulative IPC: 1.095 (Simulation time: 00 hr 10 min 12 sec)
*** Reached end of trace: (0, "/home/ho/itp_asplos25_AE/traces/qualcomm_srv/srv17_ap.champsimtrace.xz")
Heartbeat CPU 0 instructions: 110000015 cycles: 87154594 heartbeat IPC: 1.103 cumulative IPC: 1.096 (Simulation time: 00 hr 11 min 24 sec)
Simulation finished CPU 0 instructions: 100000003 cycles: 91214000 cumulative IPC: 1.096 (Simulation time: 00 hr 12 min 30 sec)
Simulation complete CPU 0 instructions: 100000003 cycles: 91214000 cumulative IPC: 1.096 (Simulation time: 00 hr 12 min 30 sec)

ChampSim completed all CPUs

=== Simulation ===
CPU 0 runs /home/ho/itp_asplos25_AE/traces/qualcomm_srv/srv17_ap.champsimtrace.xz

Region of Interest Statistics

CPU 0 cumulative IPC: 1.096 instructions: 100000003 cycles: 91214000
CPU 0 Branch Prediction Accuracy: 90.87% MPKI: 16.06 Average ROB Occupancy at Mispredict: 25.59
Branch type MPKI
BRANCH_DIRECT_JUMP: 0.3835
BRANCH_INDIRECT: 0.4158
BRANCH_CONDITIONAL: 13.13
BRANCH_DIRECT_CALL: 0.922
BRANCH_INDIRECT_CALL: 0.5902
BRANCH_RETURN: 0.6183


====Backend Stall Breakdown====
ROB_STALL: 37647
LQ_STALL: 0
SQ_STALL: 494612


====ROB Stall Breakdown====

== Average ==
ADDR_TRANS: 103.46875
REPLAY_LOAD: 52.357143
NON_REPLAY_LOAD: 10.547095

== Total ==
ADDR_TRANS: 3311
REPLAY_LOAD: 2199
NON_REPLAY_LOAD: 32137

== Counts ==
ADDR_TRANS: 32
REPLAY_LOAD: 42
NON_REPLAY_LOAD: 3047

cpu0->cpu0_STLB TOTAL        ACCESS:    1870764 HIT:    1865966 MISS:       4798 MSHR_MERGE:          0
cpu0->cpu0_STLB LOAD         ACCESS:    1870764 HIT:    1865966 MISS:       4798 MSHR_MERGE:          0
cpu0->cpu0_STLB RFO          ACCESS:          0 HIT:          0 MISS:          0 MSHR_MERGE:          0
cpu0->cpu0_STLB PREFETCH     ACCESS:          0 HIT:          0 MISS:          0 MSHR_MERGE:          0
cpu0->cpu0_STLB WRITE        ACCESS:          0 HIT:          0 MISS:          0 MSHR_MERGE:          0
cpu0->cpu0_STLB TRANSLATION  ACCESS:          0 HIT:          0 MISS:          0 MSHR_MERGE:          0
cpu0->cpu0_STLB PREFETCH REQUESTED:          0 ISSUED:          0 USEFUL:          0 USELESS:          0
cpu0->cpu0_STLB AVERAGE MISS LATENCY: 190.5 cycles
cpu0->cpu0_L2C TOTAL        ACCESS:    8309955 HIT:    7226826 MISS:    1083129 MSHR_MERGE:          0
cpu0->cpu0_L2C LOAD         ACCESS:    6757576 HIT:    5834261 MISS:     923315 MSHR_MERGE:          0
cpu0->cpu0_L2C RFO          ACCESS:     552095 HIT:     417807 MISS:     134288 MSHR_MERGE:          0
cpu0->cpu0_L2C PREFETCH     ACCESS:          0 HIT:          0 MISS:          0 MSHR_MERGE:          0
cpu0->cpu0_L2C WRITE        ACCESS:     991745 HIT:     973418 MISS:      18327 MSHR_MERGE:          0
cpu0->cpu0_L2C TRANSLATION  ACCESS:       8539 HIT:       1340 MISS:       7199 MSHR_MERGE:          0
cpu0->cpu0_L2C PREFETCH REQUESTED:          0 ISSUED:          0 USEFUL:          0 USELESS:          0
cpu0->cpu0_L2C AVERAGE MISS LATENCY: 33.93 cycles
cpu0->cpu0_L1I TOTAL        ACCESS:   15023626 HIT:    8033708 MISS:    6989918 MSHR_MERGE:    1657753
cpu0->cpu0_L1I LOAD         ACCESS:   15023626 HIT:    8033708 MISS:    6989918 MSHR_MERGE:    1657753
cpu0->cpu0_L1I RFO          ACCESS:          0 HIT:          0 MISS:          0 MSHR_MERGE:          0
cpu0->cpu0_L1I PREFETCH     ACCESS:          0 HIT:          0 MISS:          0 MSHR_MERGE:          0
cpu0->cpu0_L1I WRITE        ACCESS:          0 HIT:          0 MISS:          0 MSHR_MERGE:          0
cpu0->cpu0_L1I TRANSLATION  ACCESS:          0 HIT:          0 MISS:          0 MSHR_MERGE:          0
cpu0->cpu0_L1I PREFETCH REQUESTED:          0 ISSUED:          0 USEFUL:          0 USELESS:          0
cpu0->cpu0_L1I AVERAGE MISS LATENCY: 15.05 cycles
cpu0->cpu0_L1D TOTAL        ACCESS:   30566958 HIT:   27101846 MISS:    3465112 MSHR_MERGE:    1479067
cpu0->cpu0_L1D LOAD         ACCESS:   17209011 HIT:   15404999 MISS:    1804012 MSHR_MERGE:     378601
cpu0->cpu0_L1D RFO          ACCESS:          0 HIT:          0 MISS:          0 MSHR_MERGE:          0
cpu0->cpu0_L1D PREFETCH     ACCESS:          0 HIT:          0 MISS:          0 MSHR_MERGE:          0
cpu0->cpu0_L1D WRITE        ACCESS:   13348201 HIT:   11695747 MISS:    1652454 MSHR_MERGE:    1100359
cpu0->cpu0_L1D TRANSLATION  ACCESS:       9746 HIT:       1100 MISS:       8646 MSHR_MERGE:        107
cpu0->cpu0_L1D PREFETCH REQUESTED:          0 ISSUED:          0 USEFUL:          0 USELESS:          0
cpu0->cpu0_L1D AVERAGE MISS LATENCY: 20.45 cycles
cpu0->cpu0_ITLB TOTAL        ACCESS:   12464634 HIT:   10550465 MISS:    1914169 MSHR_MERGE:     961249
cpu0->cpu0_ITLB LOAD         ACCESS:   12464634 HIT:   10550465 MISS:    1914169 MSHR_MERGE:     961249
cpu0->cpu0_ITLB RFO          ACCESS:          0 HIT:          0 MISS:          0 MSHR_MERGE:          0
cpu0->cpu0_ITLB PREFETCH     ACCESS:          0 HIT:          0 MISS:          0 MSHR_MERGE:          0
cpu0->cpu0_ITLB WRITE        ACCESS:          0 HIT:          0 MISS:          0 MSHR_MERGE:          0
cpu0->cpu0_ITLB TRANSLATION  ACCESS:          0 HIT:          0 MISS:          0 MSHR_MERGE:          0
cpu0->cpu0_ITLB PREFETCH REQUESTED:          0 ISSUED:          0 USEFUL:          0 USELESS:          0
cpu0->cpu0_ITLB AVERAGE MISS LATENCY: 5.093 cycles
cpu0->cpu0_DTLB TOTAL        ACCESS:   28995511 HIT:   27761823 MISS:    1233688 MSHR_MERGE:     315844
cpu0->cpu0_DTLB LOAD         ACCESS:   28995511 HIT:   27761823 MISS:    1233688 MSHR_MERGE:     315844
cpu0->cpu0_DTLB RFO          ACCESS:          0 HIT:          0 MISS:          0 MSHR_MERGE:          0
cpu0->cpu0_DTLB PREFETCH     ACCESS:          0 HIT:          0 MISS:          0 MSHR_MERGE:          0
cpu0->cpu0_DTLB WRITE        ACCESS:          0 HIT:          0 MISS:          0 MSHR_MERGE:          0
cpu0->cpu0_DTLB TRANSLATION  ACCESS:          0 HIT:          0 MISS:          0 MSHR_MERGE:          0
cpu0->cpu0_DTLB PREFETCH REQUESTED:          0 ISSUED:          0 USEFUL:          0 USELESS:          0
cpu0->cpu0_DTLB AVERAGE MISS LATENCY: 5.904 cycles
cpu0->LLC TOTAL        ACCESS:    1281239 HIT:    1235007 MISS:      46232 MSHR_MERGE:          0
cpu0->LLC LOAD         ACCESS:     923314 HIT:     905479 MISS:      17835 MSHR_MERGE:          0
cpu0->LLC RFO          ACCESS:     134285 HIT:     109843 MISS:      24442 MSHR_MERGE:          0
cpu0->LLC PREFETCH     ACCESS:          0 HIT:          0 MISS:          0 MSHR_MERGE:          0
cpu0->LLC WRITE        ACCESS:     216441 HIT:     216303 MISS:        138 MSHR_MERGE:          0
cpu0->LLC TRANSLATION  ACCESS:       7199 HIT:       3382 MISS:       3817 MSHR_MERGE:          0
cpu0->LLC PREFETCH REQUESTED:          0 ISSUED:          0 USEFUL:          0 USELESS:          0
cpu0->LLC AVERAGE MISS LATENCY: 106.7 cycles

DRAM Statistics

Channel 0 RQ ROW_BUFFER_HIT:       2406
  ROW_BUFFER_MISS:      43686
  AVG DBUS CONGESTED CYCLE: 3.488
Channel 0 WQ ROW_BUFFER_HIT:        714
  ROW_BUFFER_MISS:      17529
  FULL:          0
Channel 0 REFRESHES ISSUED:       7601

==== TLB→Cache/MEM Breakdown (ROI totals across all caches) ====

DTLB
  (case)                                L1I          L1D          L2C          LLC          MEM
  STLB hit → final level                  0       530997       422641        85182         2425
---------------------------------------------------------------
  STLB miss resolved @ L1D                0            4          310          359          246
  STLB miss resolved @ L2C                0          177          254          294           94
  STLB miss resolved @ LLC                0          181          422         1604          621
  STLB miss resolved @ MEM                0            1          338         2248         2076

ITLB
  (case)                                L1I          L1D          L2C          LLC          MEM
  STLB hit → final level             163375        53294      1266723       144830          282
---------------------------------------------------------------
  STLB miss resolved @ L1D                0            1          172          147           27
  STLB miss resolved @ L2C                0          185          540          190            8
  STLB miss resolved @ LLC                0           79          412          454           46
  STLB miss resolved @ MEM                0            0           54          151          103
[2025-09-17 03:42:05] END   suite=qualcomm_srv trace=srv17_ap (rc=0)
