[2025-09-17 01:06:15] START suite=qualcomm_srv trace=srv163_ap
CMD: ./bin/champsim -w 20000000 -i 100000000 /home/ho/itp_asplos25_AE/traces/qualcomm_srv/srv163_ap.champsimtrace.xz
[VMEM] WARNING: physical memory size is smaller than virtual memory size.

*** ChampSim Multicore Out-of-Order Simulator ***
Warmup Instructions: 20000000
Simulation Instructions: 100000000
Number of CPUs: 1
Page size: 4096

Off-chip DRAM Size: 16 GiB Channels: 1 Width: 64-bit Data Rate: 3205 MT/s
[BTB] WARNING: target of return is a lower address than the corresponding call. This is usually a problem with your trace.
[BTB] WARNING: target of return is a lower address than the corresponding call. This is usually a problem with your trace.
[BTB] WARNING: target of return is a lower address than the corresponding call. This is usually a problem with your trace.
[BTB] WARNING: target of return is a lower address than the corresponding call. This is usually a problem with your trace.
[BTB] WARNING: target of return is a lower address than the corresponding call. This is usually a problem with your trace.
[BTB] WARNING: target of return is a lower address than the corresponding call. This is usually a problem with your trace.
[BTB] WARNING: target of return is a lower address than the corresponding call. This is usually a problem with your trace.
[BTB] WARNING: target of return is a lower address than the corresponding call. This is usually a problem with your trace.
[BTB] WARNING: target of return is a lower address than the corresponding call. This is usually a problem with your trace.
[BTB] WARNING: target of return is a lower address than the corresponding call. This is usually a problem with your trace.
Heartbeat CPU 0 instructions: 10000003 cycles: 2612173 heartbeat IPC: 3.828 cumulative IPC: 3.828 (Simulation time: 00 hr 00 min 38 sec)
Heartbeat CPU 0 instructions: 20000003 cycles: 5058255 heartbeat IPC: 4.088 cumulative IPC: 3.954 (Simulation time: 00 hr 01 min 16 sec)
Warmup finished CPU 0 instructions: 20000003 cycles: 5058255 cumulative IPC: 3.954 (Simulation time: 00 hr 01 min 16 sec)
Warmup complete CPU 0 instructions: 20000003 cycles: 5058255 cumulative IPC: 3.954 (Simulation time: 00 hr 01 min 16 sec)
Heartbeat CPU 0 instructions: 30000003 cycles: 14338397 heartbeat IPC: 1.078 cumulative IPC: 1.078 (Simulation time: 00 hr 02 min 22 sec)
Heartbeat CPU 0 instructions: 40000004 cycles: 23449950 heartbeat IPC: 1.098 cumulative IPC: 1.087 (Simulation time: 00 hr 03 min 30 sec)
Heartbeat CPU 0 instructions: 50000004 cycles: 32601793 heartbeat IPC: 1.093 cumulative IPC: 1.089 (Simulation time: 00 hr 04 min 42 sec)
Heartbeat CPU 0 instructions: 60000008 cycles: 41651729 heartbeat IPC: 1.105 cumulative IPC: 1.093 (Simulation time: 00 hr 05 min 46 sec)
Heartbeat CPU 0 instructions: 70000008 cycles: 50709396 heartbeat IPC: 1.104 cumulative IPC: 1.095 (Simulation time: 00 hr 06 min 52 sec)
Heartbeat CPU 0 instructions: 80000010 cycles: 59800226 heartbeat IPC: 1.1 cumulative IPC: 1.096 (Simulation time: 00 hr 07 min 55 sec)
Heartbeat CPU 0 instructions: 90000011 cycles: 68781370 heartbeat IPC: 1.113 cumulative IPC: 1.099 (Simulation time: 00 hr 09 min 01 sec)
Heartbeat CPU 0 instructions: 100000013 cycles: 77951018 heartbeat IPC: 1.091 cumulative IPC: 1.098 (Simulation time: 00 hr 10 min 07 sec)
*** Reached end of trace: (0, "/home/ho/itp_asplos25_AE/traces/qualcomm_srv/srv163_ap.champsimtrace.xz")
Heartbeat CPU 0 instructions: 110000016 cycles: 87018679 heartbeat IPC: 1.103 cumulative IPC: 1.098 (Simulation time: 00 hr 11 min 09 sec)
Simulation finished CPU 0 instructions: 100000001 cycles: 91150649 cumulative IPC: 1.097 (Simulation time: 00 hr 12 min 19 sec)
Simulation complete CPU 0 instructions: 100000001 cycles: 91150649 cumulative IPC: 1.097 (Simulation time: 00 hr 12 min 19 sec)

ChampSim completed all CPUs

=== Simulation ===
CPU 0 runs /home/ho/itp_asplos25_AE/traces/qualcomm_srv/srv163_ap.champsimtrace.xz

Region of Interest Statistics

CPU 0 cumulative IPC: 1.097 instructions: 100000001 cycles: 91150649
CPU 0 Branch Prediction Accuracy: 90.88% MPKI: 16.05 Average ROB Occupancy at Mispredict: 25.72
Branch type MPKI
BRANCH_DIRECT_JUMP: 0.378
BRANCH_INDIRECT: 0.4173
BRANCH_CONDITIONAL: 13.11
BRANCH_DIRECT_CALL: 0.9209
BRANCH_INDIRECT_CALL: 0.6035
BRANCH_RETURN: 0.6178


====Backend Stall Breakdown====
ROB_STALL: 68414
LQ_STALL: 0
SQ_STALL: 506134


====ROB Stall Breakdown====

== Average ==
ADDR_TRANS: 103.17778
REPLAY_LOAD: 79.51471
NON_REPLAY_LOAD: 20.918997

== Total ==
ADDR_TRANS: 4643
REPLAY_LOAD: 5407
NON_REPLAY_LOAD: 58364

== Counts ==
ADDR_TRANS: 45
REPLAY_LOAD: 68
NON_REPLAY_LOAD: 2790

cpu0->cpu0_STLB TOTAL        ACCESS:    1876453 HIT:    1872117 MISS:       4336 MSHR_MERGE:          0
cpu0->cpu0_STLB LOAD         ACCESS:    1876453 HIT:    1872117 MISS:       4336 MSHR_MERGE:          0
cpu0->cpu0_STLB RFO          ACCESS:          0 HIT:          0 MISS:          0 MSHR_MERGE:          0
cpu0->cpu0_STLB PREFETCH     ACCESS:          0 HIT:          0 MISS:          0 MSHR_MERGE:          0
cpu0->cpu0_STLB WRITE        ACCESS:          0 HIT:          0 MISS:          0 MSHR_MERGE:          0
cpu0->cpu0_STLB TRANSLATION  ACCESS:          0 HIT:          0 MISS:          0 MSHR_MERGE:          0
cpu0->cpu0_STLB PREFETCH REQUESTED:          0 ISSUED:          0 USEFUL:          0 USELESS:          0
cpu0->cpu0_STLB AVERAGE MISS LATENCY: 210.9 cycles
cpu0->cpu0_L2C TOTAL        ACCESS:    8319846 HIT:    7253932 MISS:    1065914 MSHR_MERGE:          0
cpu0->cpu0_L2C LOAD         ACCESS:    6766872 HIT:    5869479 MISS:     897393 MSHR_MERGE:          0
cpu0->cpu0_L2C RFO          ACCESS:     555635 HIT:     410904 MISS:     144731 MSHR_MERGE:          0
cpu0->cpu0_L2C PREFETCH     ACCESS:          0 HIT:          0 MISS:          0 MSHR_MERGE:          0
cpu0->cpu0_L2C WRITE        ACCESS:     989460 HIT:     972802 MISS:      16658 MSHR_MERGE:          0
cpu0->cpu0_L2C TRANSLATION  ACCESS:       7879 HIT:        747 MISS:       7132 MSHR_MERGE:          0
cpu0->cpu0_L2C PREFETCH REQUESTED:          0 ISSUED:          0 USEFUL:          0 USELESS:          0
cpu0->cpu0_L2C AVERAGE MISS LATENCY: 34.88 cycles
cpu0->cpu0_L1I TOTAL        ACCESS:   15026064 HIT:    8043166 MISS:    6982898 MSHR_MERGE:    1649218
cpu0->cpu0_L1I LOAD         ACCESS:   15026064 HIT:    8043166 MISS:    6982898 MSHR_MERGE:    1649218
cpu0->cpu0_L1I RFO          ACCESS:          0 HIT:          0 MISS:          0 MSHR_MERGE:          0
cpu0->cpu0_L1I PREFETCH     ACCESS:          0 HIT:          0 MISS:          0 MSHR_MERGE:          0
cpu0->cpu0_L1I WRITE        ACCESS:          0 HIT:          0 MISS:          0 MSHR_MERGE:          0
cpu0->cpu0_L1I TRANSLATION  ACCESS:          0 HIT:          0 MISS:          0 MSHR_MERGE:          0
cpu0->cpu0_L1I PREFETCH REQUESTED:          0 ISSUED:          0 USEFUL:          0 USELESS:          0
cpu0->cpu0_L1I AVERAGE MISS LATENCY: 14.87 cycles
cpu0->cpu0_L1D TOTAL        ACCESS:   30453127 HIT:   26968543 MISS:    3484584 MSHR_MERGE:    1487875
cpu0->cpu0_L1D LOAD         ACCESS:   17093781 HIT:   15285765 MISS:    1808016 MSHR_MERGE:     374823
cpu0->cpu0_L1D RFO          ACCESS:          0 HIT:          0 MISS:          0 MSHR_MERGE:          0
cpu0->cpu0_L1D PREFETCH     ACCESS:          0 HIT:          0 MISS:          0 MSHR_MERGE:          0
cpu0->cpu0_L1D WRITE        ACCESS:   13350473 HIT:   11681882 MISS:    1668591 MSHR_MERGE:    1112954
cpu0->cpu0_L1D TRANSLATION  ACCESS:       8873 HIT:        896 MISS:       7977 MSHR_MERGE:         98
cpu0->cpu0_L1D PREFETCH REQUESTED:          0 ISSUED:          0 USEFUL:          0 USELESS:          0
cpu0->cpu0_L1D AVERAGE MISS LATENCY: 21.1 cycles
cpu0->cpu0_ITLB TOTAL        ACCESS:   12460628 HIT:   10540279 MISS:    1920349 MSHR_MERGE:     965893
cpu0->cpu0_ITLB LOAD         ACCESS:   12460628 HIT:   10540279 MISS:    1920349 MSHR_MERGE:     965893
cpu0->cpu0_ITLB RFO          ACCESS:          0 HIT:          0 MISS:          0 MSHR_MERGE:          0
cpu0->cpu0_ITLB PREFETCH     ACCESS:          0 HIT:          0 MISS:          0 MSHR_MERGE:          0
cpu0->cpu0_ITLB WRITE        ACCESS:          0 HIT:          0 MISS:          0 MSHR_MERGE:          0
cpu0->cpu0_ITLB TRANSLATION  ACCESS:          0 HIT:          0 MISS:          0 MSHR_MERGE:          0
cpu0->cpu0_ITLB PREFETCH REQUESTED:          0 ISSUED:          0 USEFUL:          0 USELESS:          0
cpu0->cpu0_ITLB AVERAGE MISS LATENCY: 5.089 cycles
cpu0->cpu0_DTLB TOTAL        ACCESS:   28884287 HIT:   27648882 MISS:    1235405 MSHR_MERGE:     313408
cpu0->cpu0_DTLB LOAD         ACCESS:   28884287 HIT:   27648882 MISS:    1235405 MSHR_MERGE:     313408
cpu0->cpu0_DTLB RFO          ACCESS:          0 HIT:          0 MISS:          0 MSHR_MERGE:          0
cpu0->cpu0_DTLB PREFETCH     ACCESS:          0 HIT:          0 MISS:          0 MSHR_MERGE:          0
cpu0->cpu0_DTLB WRITE        ACCESS:          0 HIT:          0 MISS:          0 MSHR_MERGE:          0
cpu0->cpu0_DTLB TRANSLATION  ACCESS:          0 HIT:          0 MISS:          0 MSHR_MERGE:          0
cpu0->cpu0_DTLB PREFETCH REQUESTED:          0 ISSUED:          0 USEFUL:          0 USELESS:          0
cpu0->cpu0_DTLB AVERAGE MISS LATENCY: 5.902 cycles
cpu0->LLC TOTAL        ACCESS:    1275502 HIT:    1224970 MISS:      50532 MSHR_MERGE:          0
cpu0->LLC LOAD         ACCESS:     897393 HIT:     877762 MISS:      19631 MSHR_MERGE:          0
cpu0->LLC RFO          ACCESS:     144730 HIT:     117981 MISS:      26749 MSHR_MERGE:          0
cpu0->LLC PREFETCH     ACCESS:          0 HIT:          0 MISS:          0 MSHR_MERGE:          0
cpu0->LLC WRITE        ACCESS:     226247 HIT:     226021 MISS:        226 MSHR_MERGE:          0
cpu0->LLC TRANSLATION  ACCESS:       7132 HIT:       3206 MISS:       3926 MSHR_MERGE:          0
cpu0->LLC PREFETCH REQUESTED:          0 ISSUED:          0 USEFUL:          0 USELESS:          0
cpu0->LLC AVERAGE MISS LATENCY: 115.3 cycles

DRAM Statistics

Channel 0 RQ ROW_BUFFER_HIT:       3279
  ROW_BUFFER_MISS:      47027
  AVG DBUS CONGESTED CYCLE: 3.444
Channel 0 WQ ROW_BUFFER_HIT:        823
  ROW_BUFFER_MISS:      19168
  FULL:          0
Channel 0 REFRESHES ISSUED:       7596

==== TLB→Cache/MEM Breakdown (ROI totals across all caches) ====

DTLB
  (case)                                L1I          L1D          L2C          LLC          MEM
  STLB hit → final level                  0       526960       427925        87323         2547
---------------------------------------------------------------
  STLB miss resolved @ L1D                0            3          183          369          259
  STLB miss resolved @ L2C                0          136          209          284           98
  STLB miss resolved @ LLC                0          106          270         1578          653
  STLB miss resolved @ MEM                0            5          341         2218         2124

ITLB
  (case)                                L1I          L1D          L2C          LLC          MEM
  STLB hit → final level             162978        51590      1258455       149627          337
---------------------------------------------------------------
  STLB miss resolved @ L1D                0            0           60          139           44
  STLB miss resolved @ L2C                0           46          124           87           14
  STLB miss resolved @ LLC                0           79          225          490           67
  STLB miss resolved @ MEM                0            2           65          238          112
[2025-09-17 01:18:35] END   suite=qualcomm_srv trace=srv163_ap (rc=0)
