[2025-09-17 06:51:22] START suite=qualcomm_srv trace=srv193_ap
CMD: ./bin/champsim -w 20000000 -i 100000000 /home/ho/itp_asplos25_AE/traces/qualcomm_srv/srv193_ap.champsimtrace.xz
[VMEM] WARNING: physical memory size is smaller than virtual memory size.

*** ChampSim Multicore Out-of-Order Simulator ***
Warmup Instructions: 20000000
Simulation Instructions: 100000000
Number of CPUs: 1
Page size: 4096

Off-chip DRAM Size: 16 GiB Channels: 1 Width: 64-bit Data Rate: 3205 MT/s
[BTB] WARNING: target of return is a lower address than the corresponding call. This is usually a problem with your trace.
[BTB] WARNING: target of return is a lower address than the corresponding call. This is usually a problem with your trace.
[BTB] WARNING: target of return is a lower address than the corresponding call. This is usually a problem with your trace.
[BTB] WARNING: target of return is a lower address than the corresponding call. This is usually a problem with your trace.
[BTB] WARNING: target of return is a lower address than the corresponding call. This is usually a problem with your trace.
[BTB] WARNING: target of return is a lower address than the corresponding call. This is usually a problem with your trace.
[BTB] WARNING: target of return is a lower address than the corresponding call. This is usually a problem with your trace.
[BTB] WARNING: target of return is a lower address than the corresponding call. This is usually a problem with your trace.
[BTB] WARNING: target of return is a lower address than the corresponding call. This is usually a problem with your trace.
[BTB] WARNING: target of return is a lower address than the corresponding call. This is usually a problem with your trace.
Heartbeat CPU 0 instructions: 10000001 cycles: 2645457 heartbeat IPC: 3.78 cumulative IPC: 3.78 (Simulation time: 00 hr 00 min 36 sec)
Warmup finished CPU 0 instructions: 20000000 cycles: 5057554 cumulative IPC: 3.954 (Simulation time: 00 hr 01 min 11 sec)
Warmup complete CPU 0 instructions: 20000000 cycles: 5057554 cumulative IPC: 3.954 (Simulation time: 00 hr 01 min 11 sec)
Heartbeat CPU 0 instructions: 20000005 cycles: 5057557 heartbeat IPC: 4.146 cumulative IPC: 1.667 (Simulation time: 00 hr 01 min 11 sec)
Heartbeat CPU 0 instructions: 30000007 cycles: 14257666 heartbeat IPC: 1.087 cumulative IPC: 1.087 (Simulation time: 00 hr 02 min 21 sec)
Heartbeat CPU 0 instructions: 40000008 cycles: 23416584 heartbeat IPC: 1.092 cumulative IPC: 1.089 (Simulation time: 00 hr 03 min 25 sec)
Heartbeat CPU 0 instructions: 50000008 cycles: 32583531 heartbeat IPC: 1.091 cumulative IPC: 1.09 (Simulation time: 00 hr 04 min 33 sec)
Heartbeat CPU 0 instructions: 60000009 cycles: 41738280 heartbeat IPC: 1.092 cumulative IPC: 1.09 (Simulation time: 00 hr 05 min 42 sec)
*** Reached end of trace: (0, "/home/ho/itp_asplos25_AE/traces/qualcomm_srv/srv193_ap.champsimtrace.xz")
Heartbeat CPU 0 instructions: 70000009 cycles: 51014919 heartbeat IPC: 1.078 cumulative IPC: 1.088 (Simulation time: 00 hr 06 min 53 sec)
Heartbeat CPU 0 instructions: 80000012 cycles: 60092348 heartbeat IPC: 1.102 cumulative IPC: 1.09 (Simulation time: 00 hr 08 min 04 sec)
Heartbeat CPU 0 instructions: 90000015 cycles: 69255876 heartbeat IPC: 1.091 cumulative IPC: 1.09 (Simulation time: 00 hr 09 min 14 sec)
Heartbeat CPU 0 instructions: 100000017 cycles: 78388875 heartbeat IPC: 1.095 cumulative IPC: 1.091 (Simulation time: 00 hr 10 min 23 sec)
Heartbeat CPU 0 instructions: 110000017 cycles: 87555381 heartbeat IPC: 1.091 cumulative IPC: 1.091 (Simulation time: 00 hr 11 min 35 sec)
Simulation finished CPU 0 instructions: 100000004 cycles: 91608793 cumulative IPC: 1.092 (Simulation time: 00 hr 12 min 45 sec)
Simulation complete CPU 0 instructions: 100000004 cycles: 91608793 cumulative IPC: 1.092 (Simulation time: 00 hr 12 min 45 sec)

ChampSim completed all CPUs

=== Simulation ===
CPU 0 runs /home/ho/itp_asplos25_AE/traces/qualcomm_srv/srv193_ap.champsimtrace.xz

Region of Interest Statistics

CPU 0 cumulative IPC: 1.092 instructions: 100000004 cycles: 91608793
CPU 0 Branch Prediction Accuracy: 91.05% MPKI: 15.77 Average ROB Occupancy at Mispredict: 25.82
Branch type MPKI
BRANCH_DIRECT_JUMP: 0.3735
BRANCH_INDIRECT: 0.4102
BRANCH_CONDITIONAL: 12.86
BRANCH_DIRECT_CALL: 0.9108
BRANCH_INDIRECT_CALL: 0.5947
BRANCH_RETURN: 0.6155


====Backend Stall Breakdown====
ROB_STALL: 140193
LQ_STALL: 0
SQ_STALL: 621600


====ROB Stall Breakdown====

== Average ==
ADDR_TRANS: 99.08889
REPLAY_LOAD: 129.39131
NON_REPLAY_LOAD: 24.888323

== Total ==
ADDR_TRANS: 4459
REPLAY_LOAD: 8928
NON_REPLAY_LOAD: 126806

== Counts ==
ADDR_TRANS: 45
REPLAY_LOAD: 69
NON_REPLAY_LOAD: 5095

cpu0->cpu0_STLB TOTAL        ACCESS:    1866859 HIT:    1862343 MISS:       4516 MSHR_MERGE:          0
cpu0->cpu0_STLB LOAD         ACCESS:    1866859 HIT:    1862343 MISS:       4516 MSHR_MERGE:          0
cpu0->cpu0_STLB RFO          ACCESS:          0 HIT:          0 MISS:          0 MSHR_MERGE:          0
cpu0->cpu0_STLB PREFETCH     ACCESS:          0 HIT:          0 MISS:          0 MSHR_MERGE:          0
cpu0->cpu0_STLB WRITE        ACCESS:          0 HIT:          0 MISS:          0 MSHR_MERGE:          0
cpu0->cpu0_STLB TRANSLATION  ACCESS:          0 HIT:          0 MISS:          0 MSHR_MERGE:          0
cpu0->cpu0_STLB PREFETCH REQUESTED:          0 ISSUED:          0 USEFUL:          0 USELESS:          0
cpu0->cpu0_STLB AVERAGE MISS LATENCY: 202.6 cycles
cpu0->cpu0_L2C TOTAL        ACCESS:    8400196 HIT:    7195641 MISS:    1204555 MSHR_MERGE:          0
cpu0->cpu0_L2C LOAD         ACCESS:    6812214 HIT:    5801282 MISS:    1010932 MSHR_MERGE:          0
cpu0->cpu0_L2C RFO          ACCESS:     570277 HIT:     400451 MISS:     169826 MSHR_MERGE:          0
cpu0->cpu0_L2C PREFETCH     ACCESS:          0 HIT:          0 MISS:          0 MSHR_MERGE:          0
cpu0->cpu0_L2C WRITE        ACCESS:    1009454 HIT:     993309 MISS:      16145 MSHR_MERGE:          0
cpu0->cpu0_L2C TRANSLATION  ACCESS:       8251 HIT:        599 MISS:       7652 MSHR_MERGE:          0
cpu0->cpu0_L2C PREFETCH REQUESTED:          0 ISSUED:          0 USEFUL:          0 USELESS:          0
cpu0->cpu0_L2C AVERAGE MISS LATENCY: 36.7 cycles
cpu0->cpu0_L1I TOTAL        ACCESS:   14931166 HIT:    8000600 MISS:    6930566 MSHR_MERGE:    1635257
cpu0->cpu0_L1I LOAD         ACCESS:   14931166 HIT:    8000600 MISS:    6930566 MSHR_MERGE:    1635257
cpu0->cpu0_L1I RFO          ACCESS:          0 HIT:          0 MISS:          0 MSHR_MERGE:          0
cpu0->cpu0_L1I PREFETCH     ACCESS:          0 HIT:          0 MISS:          0 MSHR_MERGE:          0
cpu0->cpu0_L1I WRITE        ACCESS:          0 HIT:          0 MISS:          0 MSHR_MERGE:          0
cpu0->cpu0_L1I TRANSLATION  ACCESS:          0 HIT:          0 MISS:          0 MSHR_MERGE:          0
cpu0->cpu0_L1I PREFETCH REQUESTED:          0 ISSUED:          0 USEFUL:          0 USELESS:          0
cpu0->cpu0_L1I AVERAGE MISS LATENCY: 15.51 cycles
cpu0->cpu0_L1D TOTAL        ACCESS:   30357994 HIT:   26745014 MISS:    3612980 MSHR_MERGE:    1517547
cpu0->cpu0_L1D LOAD         ACCESS:   17081017 HIT:   15185104 MISS:    1895913 MSHR_MERGE:     379010
cpu0->cpu0_L1D RFO          ACCESS:          0 HIT:          0 MISS:          0 MSHR_MERGE:          0
cpu0->cpu0_L1D PREFETCH     ACCESS:          0 HIT:          0 MISS:          0 MSHR_MERGE:          0
cpu0->cpu0_L1D WRITE        ACCESS:   13267628 HIT:   11558909 MISS:    1708719 MSHR_MERGE:    1138440
cpu0->cpu0_L1D TRANSLATION  ACCESS:       9349 HIT:       1001 MISS:       8348 MSHR_MERGE:         97
cpu0->cpu0_L1D PREFETCH REQUESTED:          0 ISSUED:          0 USEFUL:          0 USELESS:          0
cpu0->cpu0_L1D AVERAGE MISS LATENCY: 22.57 cycles
cpu0->cpu0_ITLB TOTAL        ACCESS:   12390558 HIT:   10489456 MISS:    1901102 MSHR_MERGE:     955991
cpu0->cpu0_ITLB LOAD         ACCESS:   12390558 HIT:   10489456 MISS:    1901102 MSHR_MERGE:     955991
cpu0->cpu0_ITLB RFO          ACCESS:          0 HIT:          0 MISS:          0 MSHR_MERGE:          0
cpu0->cpu0_ITLB PREFETCH     ACCESS:          0 HIT:          0 MISS:          0 MSHR_MERGE:          0
cpu0->cpu0_ITLB WRITE        ACCESS:          0 HIT:          0 MISS:          0 MSHR_MERGE:          0
cpu0->cpu0_ITLB TRANSLATION  ACCESS:          0 HIT:          0 MISS:          0 MSHR_MERGE:          0
cpu0->cpu0_ITLB PREFETCH REQUESTED:          0 ISSUED:          0 USEFUL:          0 USELESS:          0
cpu0->cpu0_ITLB AVERAGE MISS LATENCY: 5.094 cycles
cpu0->cpu0_DTLB TOTAL        ACCESS:   28796032 HIT:   27559457 MISS:    1236575 MSHR_MERGE:     314827
cpu0->cpu0_DTLB LOAD         ACCESS:   28796032 HIT:   27559457 MISS:    1236575 MSHR_MERGE:     314827
cpu0->cpu0_DTLB RFO          ACCESS:          0 HIT:          0 MISS:          0 MSHR_MERGE:          0
cpu0->cpu0_DTLB PREFETCH     ACCESS:          0 HIT:          0 MISS:          0 MSHR_MERGE:          0
cpu0->cpu0_DTLB WRITE        ACCESS:          0 HIT:          0 MISS:          0 MSHR_MERGE:          0
cpu0->cpu0_DTLB TRANSLATION  ACCESS:          0 HIT:          0 MISS:          0 MSHR_MERGE:          0
cpu0->cpu0_DTLB PREFETCH REQUESTED:          0 ISSUED:          0 USEFUL:          0 USELESS:          0
cpu0->cpu0_DTLB AVERAGE MISS LATENCY: 5.899 cycles
cpu0->LLC TOTAL        ACCESS:    1443776 HIT:    1383526 MISS:      60250 MSHR_MERGE:          0
cpu0->LLC LOAD         ACCESS:    1010932 HIT:     989491 MISS:      21441 MSHR_MERGE:          0
cpu0->LLC RFO          ACCESS:     169825 HIT:     135577 MISS:      34248 MSHR_MERGE:          0
cpu0->LLC PREFETCH     ACCESS:          0 HIT:          0 MISS:          0 MSHR_MERGE:          0
cpu0->LLC WRITE        ACCESS:     255367 HIT:     255129 MISS:        238 MSHR_MERGE:          0
cpu0->LLC TRANSLATION  ACCESS:       7652 HIT:       3329 MISS:       4323 MSHR_MERGE:          0
cpu0->LLC PREFETCH REQUESTED:          0 ISSUED:          0 USEFUL:          0 USELESS:          0
cpu0->LLC AVERAGE MISS LATENCY: 144.1 cycles

DRAM Statistics

Channel 0 RQ ROW_BUFFER_HIT:       3884
  ROW_BUFFER_MISS:      56122
  AVG DBUS CONGESTED CYCLE: 3.625
Channel 0 WQ ROW_BUFFER_HIT:       1722
  ROW_BUFFER_MISS:      26916
  FULL:          0
Channel 0 REFRESHES ISSUED:       7634

==== TLB→Cache/MEM Breakdown (ROI totals across all caches) ====

DTLB
  (case)                                L1I          L1D          L2C          LLC          MEM
  STLB hit → final level                  0       516262       441717        83972         2809
---------------------------------------------------------------
  STLB miss resolved @ L1D                0           10           81          420          398
  STLB miss resolved @ L2C                0          104          129          269          111
  STLB miss resolved @ LLC                0           82          211         1674          722
  STLB miss resolved @ MEM                0            4          292         2241         2288

ITLB
  (case)                                L1I          L1D          L2C          LLC          MEM
  STLB hit → final level             161561        50744      1240491       157507          535
---------------------------------------------------------------
  STLB miss resolved @ L1D                0            0           58          135           51
  STLB miss resolved @ L2C                0           63           74           81            6
  STLB miss resolved @ LLC                0           30          143          566           87
  STLB miss resolved @ MEM                0            0           70          257          135
[2025-09-17 07:04:08] END   suite=qualcomm_srv trace=srv193_ap (rc=0)
