[2025-09-17 05:04:58] START suite=qualcomm_srv trace=srv114_ap
CMD: ./bin/champsim -w 20000000 -i 100000000 /home/ho/itp_asplos25_AE/traces/qualcomm_srv/srv114_ap.champsimtrace.xz
[VMEM] WARNING: physical memory size is smaller than virtual memory size.

*** ChampSim Multicore Out-of-Order Simulator ***
Warmup Instructions: 20000000
Simulation Instructions: 100000000
Number of CPUs: 1
Page size: 4096

Off-chip DRAM Size: 16 GiB Channels: 1 Width: 64-bit Data Rate: 3205 MT/s
[BTB] WARNING: target of return is a lower address than the corresponding call. This is usually a problem with your trace.
[BTB] WARNING: target of return is a lower address than the corresponding call. This is usually a problem with your trace.
[BTB] WARNING: target of return is a lower address than the corresponding call. This is usually a problem with your trace.
[BTB] WARNING: target of return is a lower address than the corresponding call. This is usually a problem with your trace.
[BTB] WARNING: target of return is a lower address than the corresponding call. This is usually a problem with your trace.
[BTB] WARNING: target of return is a lower address than the corresponding call. This is usually a problem with your trace.
[BTB] WARNING: target of return is a lower address than the corresponding call. This is usually a problem with your trace.
[BTB] WARNING: target of return is a lower address than the corresponding call. This is usually a problem with your trace.
[BTB] WARNING: target of return is a lower address than the corresponding call. This is usually a problem with your trace.
[BTB] WARNING: target of return is a lower address than the corresponding call. This is usually a problem with your trace.
Heartbeat CPU 0 instructions: 10000000 cycles: 2820017 heartbeat IPC: 3.546 cumulative IPC: 3.546 (Simulation time: 00 hr 00 min 40 sec)
Heartbeat CPU 0 instructions: 20000003 cycles: 5375470 heartbeat IPC: 3.913 cumulative IPC: 3.721 (Simulation time: 00 hr 01 min 18 sec)
Warmup finished CPU 0 instructions: 20000003 cycles: 5375470 cumulative IPC: 3.721 (Simulation time: 00 hr 01 min 18 sec)
Warmup complete CPU 0 instructions: 20000003 cycles: 5375470 cumulative IPC: 3.721 (Simulation time: 00 hr 01 min 18 sec)
Heartbeat CPU 0 instructions: 30000006 cycles: 14658173 heartbeat IPC: 1.077 cumulative IPC: 1.077 (Simulation time: 00 hr 02 min 29 sec)
Heartbeat CPU 0 instructions: 40000006 cycles: 23718490 heartbeat IPC: 1.104 cumulative IPC: 1.09 (Simulation time: 00 hr 03 min 40 sec)
Heartbeat CPU 0 instructions: 50000006 cycles: 32680867 heartbeat IPC: 1.116 cumulative IPC: 1.099 (Simulation time: 00 hr 04 min 50 sec)
Heartbeat CPU 0 instructions: 60000008 cycles: 41605262 heartbeat IPC: 1.121 cumulative IPC: 1.104 (Simulation time: 00 hr 06 min 02 sec)
Heartbeat CPU 0 instructions: 70000009 cycles: 50723137 heartbeat IPC: 1.097 cumulative IPC: 1.103 (Simulation time: 00 hr 07 min 11 sec)
Heartbeat CPU 0 instructions: 80000012 cycles: 59726601 heartbeat IPC: 1.111 cumulative IPC: 1.104 (Simulation time: 00 hr 08 min 22 sec)
*** Reached end of trace: (0, "/home/ho/itp_asplos25_AE/traces/qualcomm_srv/srv114_ap.champsimtrace.xz")
Heartbeat CPU 0 instructions: 90000012 cycles: 68710305 heartbeat IPC: 1.113 cumulative IPC: 1.105 (Simulation time: 00 hr 09 min 32 sec)
Heartbeat CPU 0 instructions: 100000014 cycles: 77748416 heartbeat IPC: 1.106 cumulative IPC: 1.105 (Simulation time: 00 hr 10 min 43 sec)
Heartbeat CPU 0 instructions: 110000016 cycles: 86677013 heartbeat IPC: 1.12 cumulative IPC: 1.107 (Simulation time: 00 hr 11 min 56 sec)
Simulation finished CPU 0 instructions: 100000000 cycles: 90242474 cumulative IPC: 1.108 (Simulation time: 00 hr 13 min 06 sec)
Simulation complete CPU 0 instructions: 100000000 cycles: 90242474 cumulative IPC: 1.108 (Simulation time: 00 hr 13 min 06 sec)

ChampSim completed all CPUs

=== Simulation ===
CPU 0 runs /home/ho/itp_asplos25_AE/traces/qualcomm_srv/srv114_ap.champsimtrace.xz

Region of Interest Statistics

CPU 0 cumulative IPC: 1.108 instructions: 100000000 cycles: 90242474
CPU 0 Branch Prediction Accuracy: 92.26% MPKI: 13.9 Average ROB Occupancy at Mispredict: 30.98
Branch type MPKI
BRANCH_DIRECT_JUMP: 0.07183
BRANCH_INDIRECT: 0.3411
BRANCH_CONDITIONAL: 12.21
BRANCH_DIRECT_CALL: 0.4124
BRANCH_INDIRECT_CALL: 0.4823
BRANCH_RETURN: 0.3832


====Backend Stall Breakdown====
ROB_STALL: 163177
LQ_STALL: 0
SQ_STALL: 903534


====ROB Stall Breakdown====

== Average ==
ADDR_TRANS: 136.31746
REPLAY_LOAD: 64.277176
NON_REPLAY_LOAD: 18.721264

== Total ==
ADDR_TRANS: 42940
REPLAY_LOAD: 23654
NON_REPLAY_LOAD: 96583

== Counts ==
ADDR_TRANS: 315
REPLAY_LOAD: 368
NON_REPLAY_LOAD: 5159

cpu0->cpu0_STLB TOTAL        ACCESS:    2105674 HIT:    2077393 MISS:      28281 MSHR_MERGE:          0
cpu0->cpu0_STLB LOAD         ACCESS:    2105674 HIT:    2077393 MISS:      28281 MSHR_MERGE:          0
cpu0->cpu0_STLB RFO          ACCESS:          0 HIT:          0 MISS:          0 MSHR_MERGE:          0
cpu0->cpu0_STLB PREFETCH     ACCESS:          0 HIT:          0 MISS:          0 MSHR_MERGE:          0
cpu0->cpu0_STLB WRITE        ACCESS:          0 HIT:          0 MISS:          0 MSHR_MERGE:          0
cpu0->cpu0_STLB TRANSLATION  ACCESS:          0 HIT:          0 MISS:          0 MSHR_MERGE:          0
cpu0->cpu0_STLB PREFETCH REQUESTED:          0 ISSUED:          0 USEFUL:          0 USELESS:          0
cpu0->cpu0_STLB AVERAGE MISS LATENCY: 160.2 cycles
cpu0->cpu0_L2C TOTAL        ACCESS:    9409211 HIT:    8580725 MISS:     828486 MSHR_MERGE:          0
cpu0->cpu0_L2C LOAD         ACCESS:    7615413 HIT:    6949010 MISS:     666403 MSHR_MERGE:          0
cpu0->cpu0_L2C RFO          ACCESS:     598173 HIT:     494568 MISS:     103605 MSHR_MERGE:          0
cpu0->cpu0_L2C PREFETCH     ACCESS:          0 HIT:          0 MISS:          0 MSHR_MERGE:          0
cpu0->cpu0_L2C WRITE        ACCESS:    1130806 HIT:    1122546 MISS:       8260 MSHR_MERGE:          0
cpu0->cpu0_L2C TRANSLATION  ACCESS:      64819 HIT:      14601 MISS:      50218 MSHR_MERGE:          0
cpu0->cpu0_L2C PREFETCH REQUESTED:          0 ISSUED:          0 USEFUL:          0 USELESS:          0
cpu0->cpu0_L2C AVERAGE MISS LATENCY: 38.97 cycles
cpu0->cpu0_L1I TOTAL        ACCESS:   15113867 HIT:    7589091 MISS:    7524776 MSHR_MERGE:    1851012
cpu0->cpu0_L1I LOAD         ACCESS:   15113867 HIT:    7589091 MISS:    7524776 MSHR_MERGE:    1851012
cpu0->cpu0_L1I RFO          ACCESS:          0 HIT:          0 MISS:          0 MSHR_MERGE:          0
cpu0->cpu0_L1I PREFETCH     ACCESS:          0 HIT:          0 MISS:          0 MSHR_MERGE:          0
cpu0->cpu0_L1I WRITE        ACCESS:          0 HIT:          0 MISS:          0 MSHR_MERGE:          0
cpu0->cpu0_L1I TRANSLATION  ACCESS:          0 HIT:          0 MISS:          0 MSHR_MERGE:          0
cpu0->cpu0_L1I PREFETCH REQUESTED:          0 ISSUED:          0 USEFUL:          0 USELESS:          0
cpu0->cpu0_L1I AVERAGE MISS LATENCY: 13.34 cycles
cpu0->cpu0_L1D TOTAL        ACCESS:   29838624 HIT:   25514352 MISS:    4324272 MSHR_MERGE:    1719624
cpu0->cpu0_L1D LOAD         ACCESS:   16495875 HIT:   14044115 MISS:    2451760 MSHR_MERGE:     510107
cpu0->cpu0_L1D RFO          ACCESS:          0 HIT:          0 MISS:          0 MSHR_MERGE:          0
cpu0->cpu0_L1D PREFETCH     ACCESS:          0 HIT:          0 MISS:          0 MSHR_MERGE:          0
cpu0->cpu0_L1D WRITE        ACCESS:   13272780 HIT:   11465241 MISS:    1807539 MSHR_MERGE:    1209363
cpu0->cpu0_L1D TRANSLATION  ACCESS:      69969 HIT:       4996 MISS:      64973 MSHR_MERGE:        154
cpu0->cpu0_L1D PREFETCH REQUESTED:          0 ISSUED:          0 USEFUL:          0 USELESS:          0
cpu0->cpu0_L1D AVERAGE MISS LATENCY: 19.91 cycles
cpu0->cpu0_ITLB TOTAL        ACCESS:   12436794 HIT:   10340086 MISS:    2096708 MSHR_MERGE:    1056527
cpu0->cpu0_ITLB LOAD         ACCESS:   12436794 HIT:   10340086 MISS:    2096708 MSHR_MERGE:    1056527
cpu0->cpu0_ITLB RFO          ACCESS:          0 HIT:          0 MISS:          0 MSHR_MERGE:          0
cpu0->cpu0_ITLB PREFETCH     ACCESS:          0 HIT:          0 MISS:          0 MSHR_MERGE:          0
cpu0->cpu0_ITLB WRITE        ACCESS:          0 HIT:          0 MISS:          0 MSHR_MERGE:          0
cpu0->cpu0_ITLB TRANSLATION  ACCESS:          0 HIT:          0 MISS:          0 MSHR_MERGE:          0
cpu0->cpu0_ITLB PREFETCH REQUESTED:          0 ISSUED:          0 USEFUL:          0 USELESS:          0
cpu0->cpu0_ITLB AVERAGE MISS LATENCY: 5.313 cycles
cpu0->cpu0_DTLB TOTAL        ACCESS:   28312784 HIT:   26880296 MISS:    1432488 MSHR_MERGE:     366995
cpu0->cpu0_DTLB LOAD         ACCESS:   28312784 HIT:   26880296 MISS:    1432488 MSHR_MERGE:     366995
cpu0->cpu0_DTLB RFO          ACCESS:          0 HIT:          0 MISS:          0 MSHR_MERGE:          0
cpu0->cpu0_DTLB PREFETCH     ACCESS:          0 HIT:          0 MISS:          0 MSHR_MERGE:          0
cpu0->cpu0_DTLB WRITE        ACCESS:          0 HIT:          0 MISS:          0 MSHR_MERGE:          0
cpu0->cpu0_DTLB TRANSLATION  ACCESS:          0 HIT:          0 MISS:          0 MSHR_MERGE:          0
cpu0->cpu0_DTLB PREFETCH REQUESTED:          0 ISSUED:          0 USEFUL:          0 USELESS:          0
cpu0->cpu0_DTLB AVERAGE MISS LATENCY: 8.896 cycles
cpu0->LLC TOTAL        ACCESS:     988344 HIT:     900904 MISS:      87440 MSHR_MERGE:          0
cpu0->LLC LOAD         ACCESS:     666403 HIT:     604937 MISS:      61466 MSHR_MERGE:          0
cpu0->LLC RFO          ACCESS:     103604 HIT:      95854 MISS:       7750 MSHR_MERGE:          0
cpu0->LLC PREFETCH     ACCESS:          0 HIT:          0 MISS:          0 MSHR_MERGE:          0
cpu0->LLC WRITE        ACCESS:     168119 HIT:     167696 MISS:        423 MSHR_MERGE:          0
cpu0->LLC TRANSLATION  ACCESS:      50218 HIT:      32417 MISS:      17801 MSHR_MERGE:          0
cpu0->LLC PREFETCH REQUESTED:          0 ISSUED:          0 USEFUL:          0 USELESS:          0
cpu0->LLC AVERAGE MISS LATENCY: 99.27 cycles

DRAM Statistics

Channel 0 RQ ROW_BUFFER_HIT:       1552
  ROW_BUFFER_MISS:      85465
  AVG DBUS CONGESTED CYCLE: 4.512
Channel 0 WQ ROW_BUFFER_HIT:        893
  ROW_BUFFER_MISS:       6799
  FULL:          0
Channel 0 REFRESHES ISSUED:       7521

==== TLB→Cache/MEM Breakdown (ROI totals across all caches) ====

DTLB
  (case)                                L1I          L1D          L2C          LLC          MEM
  STLB hit → final level                  0       539139       557615        76788         9637
---------------------------------------------------------------
  STLB miss resolved @ L1D                0           17         1907         3710         1854
  STLB miss resolved @ L2C                0          797         4458         7139         4934
  STLB miss resolved @ LLC                0          133         5987        16684        11934
  STLB miss resolved @ MEM                0            0         2563         9515        13655

ITLB
  (case)                                L1I          L1D          L2C          LLC          MEM
  STLB hit → final level             191955        57459      1444759        89941          556
---------------------------------------------------------------
  STLB miss resolved @ L1D                0            2          804          602          113
  STLB miss resolved @ L2C                0          319         1944         1163           31
  STLB miss resolved @ LLC                1           26         2210         2677          153
  STLB miss resolved @ MEM                1            0          520          642          321
[2025-09-17 05:18:05] END   suite=qualcomm_srv trace=srv114_ap (rc=0)
