[2025-09-17 09:11:51] START suite=qualcomm_srv trace=srv251_ap
CMD: ./bin/champsim -w 20000000 -i 100000000 /home/ho/itp_asplos25_AE/traces/qualcomm_srv/srv251_ap.champsimtrace.xz
[VMEM] WARNING: physical memory size is smaller than virtual memory size.

*** ChampSim Multicore Out-of-Order Simulator ***
Warmup Instructions: 20000000
Simulation Instructions: 100000000
Number of CPUs: 1
Page size: 4096

Off-chip DRAM Size: 16 GiB Channels: 1 Width: 64-bit Data Rate: 3205 MT/s
[BTB] WARNING: target of return is a lower address than the corresponding call. This is usually a problem with your trace.
[BTB] WARNING: target of return is a lower address than the corresponding call. This is usually a problem with your trace.
[BTB] WARNING: target of return is a lower address than the corresponding call. This is usually a problem with your trace.
[BTB] WARNING: target of return is a lower address than the corresponding call. This is usually a problem with your trace.
[BTB] WARNING: target of return is a lower address than the corresponding call. This is usually a problem with your trace.
[BTB] WARNING: target of return is a lower address than the corresponding call. This is usually a problem with your trace.
[BTB] WARNING: target of return is a lower address than the corresponding call. This is usually a problem with your trace.
[BTB] WARNING: target of return is a lower address than the corresponding call. This is usually a problem with your trace.
[BTB] WARNING: target of return is a lower address than the corresponding call. This is usually a problem with your trace.
[BTB] WARNING: target of return is a lower address than the corresponding call. This is usually a problem with your trace.
Heartbeat CPU 0 instructions: 10000003 cycles: 2636865 heartbeat IPC: 3.792 cumulative IPC: 3.792 (Simulation time: 00 hr 00 min 37 sec)
Heartbeat CPU 0 instructions: 20000003 cycles: 5070524 heartbeat IPC: 4.109 cumulative IPC: 3.944 (Simulation time: 00 hr 01 min 15 sec)
Warmup finished CPU 0 instructions: 20000003 cycles: 5070524 cumulative IPC: 3.944 (Simulation time: 00 hr 01 min 15 sec)
Warmup complete CPU 0 instructions: 20000003 cycles: 5070524 cumulative IPC: 3.944 (Simulation time: 00 hr 01 min 15 sec)
Heartbeat CPU 0 instructions: 30000007 cycles: 13827762 heartbeat IPC: 1.142 cumulative IPC: 1.142 (Simulation time: 00 hr 02 min 28 sec)
Heartbeat CPU 0 instructions: 40000009 cycles: 22494158 heartbeat IPC: 1.154 cumulative IPC: 1.148 (Simulation time: 00 hr 03 min 31 sec)
Heartbeat CPU 0 instructions: 50000009 cycles: 31340192 heartbeat IPC: 1.13 cumulative IPC: 1.142 (Simulation time: 00 hr 04 min 38 sec)
Heartbeat CPU 0 instructions: 60000009 cycles: 40052590 heartbeat IPC: 1.148 cumulative IPC: 1.143 (Simulation time: 00 hr 05 min 47 sec)
Heartbeat CPU 0 instructions: 70000011 cycles: 48876036 heartbeat IPC: 1.133 cumulative IPC: 1.141 (Simulation time: 00 hr 06 min 57 sec)
Heartbeat CPU 0 instructions: 80000011 cycles: 57590764 heartbeat IPC: 1.147 cumulative IPC: 1.142 (Simulation time: 00 hr 08 min 10 sec)
*** Reached end of trace: (0, "/home/ho/itp_asplos25_AE/traces/qualcomm_srv/srv251_ap.champsimtrace.xz")
Heartbeat CPU 0 instructions: 90000015 cycles: 66401509 heartbeat IPC: 1.135 cumulative IPC: 1.141 (Simulation time: 00 hr 09 min 20 sec)
Heartbeat CPU 0 instructions: 100000016 cycles: 75090430 heartbeat IPC: 1.151 cumulative IPC: 1.143 (Simulation time: 00 hr 10 min 28 sec)
Heartbeat CPU 0 instructions: 110000017 cycles: 83892090 heartbeat IPC: 1.136 cumulative IPC: 1.142 (Simulation time: 00 hr 11 min 32 sec)
Simulation finished CPU 0 instructions: 100000000 cycles: 87585754 cumulative IPC: 1.142 (Simulation time: 00 hr 12 min 41 sec)
Simulation complete CPU 0 instructions: 100000000 cycles: 87585754 cumulative IPC: 1.142 (Simulation time: 00 hr 12 min 41 sec)

ChampSim completed all CPUs

=== Simulation ===
CPU 0 runs /home/ho/itp_asplos25_AE/traces/qualcomm_srv/srv251_ap.champsimtrace.xz

Region of Interest Statistics

CPU 0 cumulative IPC: 1.142 instructions: 100000000 cycles: 87585754
CPU 0 Branch Prediction Accuracy: 92.49% MPKI: 13.51 Average ROB Occupancy at Mispredict: 29.96
Branch type MPKI
BRANCH_DIRECT_JUMP: 0.1378
BRANCH_INDIRECT: 0.3578
BRANCH_CONDITIONAL: 11.57
BRANCH_DIRECT_CALL: 0.4999
BRANCH_INDIRECT_CALL: 0.5136
BRANCH_RETURN: 0.4302


====Backend Stall Breakdown====
ROB_STALL: 86883
LQ_STALL: 0
SQ_STALL: 360041


====ROB Stall Breakdown====

== Average ==
ADDR_TRANS: 31.997355
REPLAY_LOAD: 26.389248
NON_REPLAY_LOAD: 4.717908

== Total ==
ADDR_TRANS: 12095
REPLAY_LOAD: 12271
NON_REPLAY_LOAD: 62517

== Counts ==
ADDR_TRANS: 378
REPLAY_LOAD: 465
NON_REPLAY_LOAD: 13251

cpu0->cpu0_STLB TOTAL        ACCESS:    2041496 HIT:    2028448 MISS:      13048 MSHR_MERGE:          0
cpu0->cpu0_STLB LOAD         ACCESS:    2041496 HIT:    2028448 MISS:      13048 MSHR_MERGE:          0
cpu0->cpu0_STLB RFO          ACCESS:          0 HIT:          0 MISS:          0 MSHR_MERGE:          0
cpu0->cpu0_STLB PREFETCH     ACCESS:          0 HIT:          0 MISS:          0 MSHR_MERGE:          0
cpu0->cpu0_STLB WRITE        ACCESS:          0 HIT:          0 MISS:          0 MSHR_MERGE:          0
cpu0->cpu0_STLB TRANSLATION  ACCESS:          0 HIT:          0 MISS:          0 MSHR_MERGE:          0
cpu0->cpu0_STLB PREFETCH REQUESTED:          0 ISSUED:          0 USEFUL:          0 USELESS:          0
cpu0->cpu0_STLB AVERAGE MISS LATENCY: 87.94 cycles
cpu0->cpu0_L2C TOTAL        ACCESS:    9710988 HIT:    8565087 MISS:    1145901 MSHR_MERGE:          0
cpu0->cpu0_L2C LOAD         ACCESS:    7936360 HIT:    6895243 MISS:    1041117 MSHR_MERGE:          0
cpu0->cpu0_L2C RFO          ACCESS:     596844 HIT:     514995 MISS:      81849 MSHR_MERGE:          0
cpu0->cpu0_L2C PREFETCH     ACCESS:          0 HIT:          0 MISS:          0 MSHR_MERGE:          0
cpu0->cpu0_L2C WRITE        ACCESS:    1155994 HIT:    1145587 MISS:      10407 MSHR_MERGE:          0
cpu0->cpu0_L2C TRANSLATION  ACCESS:      21790 HIT:       9262 MISS:      12528 MSHR_MERGE:          0
cpu0->cpu0_L2C PREFETCH REQUESTED:          0 ISSUED:          0 USEFUL:          0 USELESS:          0
cpu0->cpu0_L2C AVERAGE MISS LATENCY: 32.1 cycles
cpu0->cpu0_L1I TOTAL        ACCESS:   15564128 HIT:    8061948 MISS:    7502180 MSHR_MERGE:    1813534
cpu0->cpu0_L1I LOAD         ACCESS:   15564128 HIT:    8061948 MISS:    7502180 MSHR_MERGE:    1813534
cpu0->cpu0_L1I RFO          ACCESS:          0 HIT:          0 MISS:          0 MSHR_MERGE:          0
cpu0->cpu0_L1I PREFETCH     ACCESS:          0 HIT:          0 MISS:          0 MSHR_MERGE:          0
cpu0->cpu0_L1I WRITE        ACCESS:          0 HIT:          0 MISS:          0 MSHR_MERGE:          0
cpu0->cpu0_L1I TRANSLATION  ACCESS:          0 HIT:          0 MISS:          0 MSHR_MERGE:          0
cpu0->cpu0_L1I PREFETCH REQUESTED:          0 ISSUED:          0 USEFUL:          0 USELESS:          0
cpu0->cpu0_L1I AVERAGE MISS LATENCY: 14.5 cycles
cpu0->cpu0_L1D TOTAL        ACCESS:   29633738 HIT:   25083120 MISS:    4550618 MSHR_MERGE:    1684266
cpu0->cpu0_L1D LOAD         ACCESS:   16494493 HIT:   13759693 MISS:    2734800 MSHR_MERGE:     487083
cpu0->cpu0_L1D RFO          ACCESS:          0 HIT:          0 MISS:          0 MSHR_MERGE:          0
cpu0->cpu0_L1D PREFETCH     ACCESS:          0 HIT:          0 MISS:          0 MSHR_MERGE:          0
cpu0->cpu0_L1D WRITE        ACCESS:   13112831 HIT:   11318966 MISS:    1793865 MSHR_MERGE:    1197020
cpu0->cpu0_L1D TRANSLATION  ACCESS:      26414 HIT:       4461 MISS:      21953 MSHR_MERGE:        163
cpu0->cpu0_L1D PREFETCH REQUESTED:          0 ISSUED:          0 USEFUL:          0 USELESS:          0
cpu0->cpu0_L1D AVERAGE MISS LATENCY: 18.77 cycles
cpu0->cpu0_ITLB TOTAL        ACCESS:   12718908 HIT:   10618285 MISS:    2100623 MSHR_MERGE:    1058905
cpu0->cpu0_ITLB LOAD         ACCESS:   12718908 HIT:   10618285 MISS:    2100623 MSHR_MERGE:    1058905
cpu0->cpu0_ITLB RFO          ACCESS:          0 HIT:          0 MISS:          0 MSHR_MERGE:          0
cpu0->cpu0_ITLB PREFETCH     ACCESS:          0 HIT:          0 MISS:          0 MSHR_MERGE:          0
cpu0->cpu0_ITLB WRITE        ACCESS:          0 HIT:          0 MISS:          0 MSHR_MERGE:          0
cpu0->cpu0_ITLB TRANSLATION  ACCESS:          0 HIT:          0 MISS:          0 MSHR_MERGE:          0
cpu0->cpu0_ITLB PREFETCH REQUESTED:          0 ISSUED:          0 USEFUL:          0 USELESS:          0
cpu0->cpu0_ITLB AVERAGE MISS LATENCY: 5.353 cycles
cpu0->cpu0_DTLB TOTAL        ACCESS:   28180370 HIT:   26830582 MISS:    1349788 MSHR_MERGE:     350010
cpu0->cpu0_DTLB LOAD         ACCESS:   28180370 HIT:   26830582 MISS:    1349788 MSHR_MERGE:     350010
cpu0->cpu0_DTLB RFO          ACCESS:          0 HIT:          0 MISS:          0 MSHR_MERGE:          0
cpu0->cpu0_DTLB PREFETCH     ACCESS:          0 HIT:          0 MISS:          0 MSHR_MERGE:          0
cpu0->cpu0_DTLB WRITE        ACCESS:          0 HIT:          0 MISS:          0 MSHR_MERGE:          0
cpu0->cpu0_DTLB TRANSLATION  ACCESS:          0 HIT:          0 MISS:          0 MSHR_MERGE:          0
cpu0->cpu0_DTLB PREFETCH REQUESTED:          0 ISSUED:          0 USEFUL:          0 USELESS:          0
cpu0->cpu0_DTLB AVERAGE MISS LATENCY: 5.765 cycles
cpu0->LLC TOTAL        ACCESS:    1313585 HIT:    1286664 MISS:      26921 MSHR_MERGE:          0
cpu0->LLC LOAD         ACCESS:    1041117 HIT:    1022277 MISS:      18840 MSHR_MERGE:          0
cpu0->LLC RFO          ACCESS:      81849 HIT:      76749 MISS:       5100 MSHR_MERGE:          0
cpu0->LLC PREFETCH     ACCESS:          0 HIT:          0 MISS:          0 MSHR_MERGE:          0
cpu0->LLC WRITE        ACCESS:     178091 HIT:     177979 MISS:        112 MSHR_MERGE:          0
cpu0->LLC TRANSLATION  ACCESS:      12528 HIT:       9659 MISS:       2869 MSHR_MERGE:          0
cpu0->LLC PREFETCH REQUESTED:          0 ISSUED:          0 USEFUL:          0 USELESS:          0
cpu0->LLC AVERAGE MISS LATENCY: 105.5 cycles

DRAM Statistics

Channel 0 RQ ROW_BUFFER_HIT:        873
  ROW_BUFFER_MISS:      25936
  AVG DBUS CONGESTED CYCLE: 3.173
Channel 0 WQ ROW_BUFFER_HIT:        132
  ROW_BUFFER_MISS:       2199
  FULL:          0
Channel 0 REFRESHES ISSUED:       7299

==== TLB→Cache/MEM Breakdown (ROI totals across all caches) ====

DTLB
  (case)                                L1I          L1D          L2C          LLC          MEM
  STLB hit → final level                  0       494562       544750       105749         2397
---------------------------------------------------------------
  STLB miss resolved @ L1D                0           63         1697         1467          268
  STLB miss resolved @ L2C                0         1328         1460         1709          175
  STLB miss resolved @ LLC                0          962         1788         3306          720
  STLB miss resolved @ MEM                0            2          517         2221         1205

ITLB
  (case)                                L1I          L1D          L2C          LLC          MEM
  STLB hit → final level             183585        51486      1404231       129389          192
---------------------------------------------------------------
  STLB miss resolved @ L1D                0            5         1373          215           46
  STLB miss resolved @ L2C                0          821         6212          700            6
  STLB miss resolved @ LLC                0          465         3534         1521           30
  STLB miss resolved @ MEM                0            0           85          109          161
[2025-09-17 09:24:32] END   suite=qualcomm_srv trace=srv251_ap (rc=0)
