[2025-09-17 01:54:24] START suite=qualcomm_srv trace=srv388_ap
CMD: ./bin/champsim -w 20000000 -i 100000000 /home/ho/itp_asplos25_AE/traces/qualcomm_srv/srv388_ap.champsimtrace.xz
[VMEM] WARNING: physical memory size is smaller than virtual memory size.

*** ChampSim Multicore Out-of-Order Simulator ***
Warmup Instructions: 20000000
Simulation Instructions: 100000000
Number of CPUs: 1
Page size: 4096

Off-chip DRAM Size: 16 GiB Channels: 1 Width: 64-bit Data Rate: 3205 MT/s
[BTB] WARNING: target of return is a lower address than the corresponding call. This is usually a problem with your trace.
[BTB] WARNING: target of return is a lower address than the corresponding call. This is usually a problem with your trace.
[BTB] WARNING: target of return is a lower address than the corresponding call. This is usually a problem with your trace.
[BTB] WARNING: target of return is a lower address than the corresponding call. This is usually a problem with your trace.
[BTB] WARNING: target of return is a lower address than the corresponding call. This is usually a problem with your trace.
[BTB] WARNING: target of return is a lower address than the corresponding call. This is usually a problem with your trace.
[BTB] WARNING: target of return is a lower address than the corresponding call. This is usually a problem with your trace.
[BTB] WARNING: target of return is a lower address than the corresponding call. This is usually a problem with your trace.
[BTB] WARNING: target of return is a lower address than the corresponding call. This is usually a problem with your trace.
[BTB] WARNING: target of return is a lower address than the corresponding call. This is usually a problem with your trace.
Heartbeat CPU 0 instructions: 10000000 cycles: 2610085 heartbeat IPC: 3.831 cumulative IPC: 3.831 (Simulation time: 00 hr 00 min 37 sec)
Heartbeat CPU 0 instructions: 20000004 cycles: 5055408 heartbeat IPC: 4.089 cumulative IPC: 3.956 (Simulation time: 00 hr 01 min 15 sec)
Warmup finished CPU 0 instructions: 20000004 cycles: 5055408 cumulative IPC: 3.956 (Simulation time: 00 hr 01 min 15 sec)
Warmup complete CPU 0 instructions: 20000004 cycles: 5055408 cumulative IPC: 3.956 (Simulation time: 00 hr 01 min 15 sec)
Heartbeat CPU 0 instructions: 30000007 cycles: 14151741 heartbeat IPC: 1.099 cumulative IPC: 1.099 (Simulation time: 00 hr 02 min 26 sec)
Heartbeat CPU 0 instructions: 40000008 cycles: 23301257 heartbeat IPC: 1.093 cumulative IPC: 1.096 (Simulation time: 00 hr 03 min 38 sec)
Heartbeat CPU 0 instructions: 50000009 cycles: 32526487 heartbeat IPC: 1.084 cumulative IPC: 1.092 (Simulation time: 00 hr 04 min 42 sec)
Heartbeat CPU 0 instructions: 60000011 cycles: 41632822 heartbeat IPC: 1.098 cumulative IPC: 1.094 (Simulation time: 00 hr 05 min 50 sec)
Heartbeat CPU 0 instructions: 70000013 cycles: 50742795 heartbeat IPC: 1.098 cumulative IPC: 1.094 (Simulation time: 00 hr 06 min 58 sec)
Heartbeat CPU 0 instructions: 80000016 cycles: 59748580 heartbeat IPC: 1.11 cumulative IPC: 1.097 (Simulation time: 00 hr 08 min 09 sec)
Heartbeat CPU 0 instructions: 90000017 cycles: 68855372 heartbeat IPC: 1.098 cumulative IPC: 1.097 (Simulation time: 00 hr 09 min 19 sec)
Heartbeat CPU 0 instructions: 100000017 cycles: 77880262 heartbeat IPC: 1.108 cumulative IPC: 1.099 (Simulation time: 00 hr 10 min 24 sec)
*** Reached end of trace: (0, "/home/ho/itp_asplos25_AE/traces/qualcomm_srv/srv388_ap.champsimtrace.xz")
Heartbeat CPU 0 instructions: 110000018 cycles: 86927839 heartbeat IPC: 1.105 cumulative IPC: 1.099 (Simulation time: 00 hr 11 min 31 sec)
Simulation finished CPU 0 instructions: 100000004 cycles: 91080489 cumulative IPC: 1.098 (Simulation time: 00 hr 12 min 35 sec)
Simulation complete CPU 0 instructions: 100000004 cycles: 91080489 cumulative IPC: 1.098 (Simulation time: 00 hr 12 min 35 sec)

ChampSim completed all CPUs

=== Simulation ===
CPU 0 runs /home/ho/itp_asplos25_AE/traces/qualcomm_srv/srv388_ap.champsimtrace.xz

Region of Interest Statistics

CPU 0 cumulative IPC: 1.098 instructions: 100000004 cycles: 91080489
CPU 0 Branch Prediction Accuracy: 90.9% MPKI: 16 Average ROB Occupancy at Mispredict: 26.17
Branch type MPKI
BRANCH_DIRECT_JUMP: 0.3819
BRANCH_INDIRECT: 0.4221
BRANCH_CONDITIONAL: 13.05
BRANCH_DIRECT_CALL: 0.9239
BRANCH_INDIRECT_CALL: 0.6037
BRANCH_RETURN: 0.6181


====Backend Stall Breakdown====
ROB_STALL: 102779
LQ_STALL: 0
SQ_STALL: 496592


====ROB Stall Breakdown====

== Average ==
ADDR_TRANS: 153.45238
REPLAY_LOAD: 99.16418
NON_REPLAY_LOAD: 25.2009

== Total ==
ADDR_TRANS: 6445
REPLAY_LOAD: 6644
NON_REPLAY_LOAD: 89690

== Counts ==
ADDR_TRANS: 42
REPLAY_LOAD: 67
NON_REPLAY_LOAD: 3559

cpu0->cpu0_STLB TOTAL        ACCESS:    1870004 HIT:    1865647 MISS:       4357 MSHR_MERGE:          0
cpu0->cpu0_STLB LOAD         ACCESS:    1870004 HIT:    1865647 MISS:       4357 MSHR_MERGE:          0
cpu0->cpu0_STLB RFO          ACCESS:          0 HIT:          0 MISS:          0 MSHR_MERGE:          0
cpu0->cpu0_STLB PREFETCH     ACCESS:          0 HIT:          0 MISS:          0 MSHR_MERGE:          0
cpu0->cpu0_STLB WRITE        ACCESS:          0 HIT:          0 MISS:          0 MSHR_MERGE:          0
cpu0->cpu0_STLB TRANSLATION  ACCESS:          0 HIT:          0 MISS:          0 MSHR_MERGE:          0
cpu0->cpu0_STLB PREFETCH REQUESTED:          0 ISSUED:          0 USEFUL:          0 USELESS:          0
cpu0->cpu0_STLB AVERAGE MISS LATENCY: 222 cycles
cpu0->cpu0_L2C TOTAL        ACCESS:    8316262 HIT:    7191301 MISS:    1124961 MSHR_MERGE:          0
cpu0->cpu0_L2C LOAD         ACCESS:    6763831 HIT:    5817795 MISS:     946036 MSHR_MERGE:          0
cpu0->cpu0_L2C RFO          ACCESS:     555761 HIT:     403655 MISS:     152106 MSHR_MERGE:          0
cpu0->cpu0_L2C PREFETCH     ACCESS:          0 HIT:          0 MISS:          0 MSHR_MERGE:          0
cpu0->cpu0_L2C WRITE        ACCESS:     988682 HIT:     969336 MISS:      19346 MSHR_MERGE:          0
cpu0->cpu0_L2C TRANSLATION  ACCESS:       7988 HIT:        515 MISS:       7473 MSHR_MERGE:          0
cpu0->cpu0_L2C PREFETCH REQUESTED:          0 ISSUED:          0 USEFUL:          0 USELESS:          0
cpu0->cpu0_L2C AVERAGE MISS LATENCY: 34.83 cycles
cpu0->cpu0_L1I TOTAL        ACCESS:   15030850 HIT:    8040274 MISS:    6990576 MSHR_MERGE:    1661239
cpu0->cpu0_L1I LOAD         ACCESS:   15030850 HIT:    8040274 MISS:    6990576 MSHR_MERGE:    1661239
cpu0->cpu0_L1I RFO          ACCESS:          0 HIT:          0 MISS:          0 MSHR_MERGE:          0
cpu0->cpu0_L1I PREFETCH     ACCESS:          0 HIT:          0 MISS:          0 MSHR_MERGE:          0
cpu0->cpu0_L1I WRITE        ACCESS:          0 HIT:          0 MISS:          0 MSHR_MERGE:          0
cpu0->cpu0_L1I TRANSLATION  ACCESS:          0 HIT:          0 MISS:          0 MSHR_MERGE:          0
cpu0->cpu0_L1I PREFETCH REQUESTED:          0 ISSUED:          0 USEFUL:          0 USELESS:          0
cpu0->cpu0_L1I AVERAGE MISS LATENCY: 14.98 cycles
cpu0->cpu0_L1D TOTAL        ACCESS:   30478215 HIT:   27001880 MISS:    3476335 MSHR_MERGE:    1478089
cpu0->cpu0_L1D LOAD         ACCESS:   17113347 HIT:   15305688 MISS:    1807659 MSHR_MERGE:     373164
cpu0->cpu0_L1D RFO          ACCESS:          0 HIT:          0 MISS:          0 MSHR_MERGE:          0
cpu0->cpu0_L1D PREFETCH     ACCESS:          0 HIT:          0 MISS:          0 MSHR_MERGE:          0
cpu0->cpu0_L1D WRITE        ACCESS:   13355968 HIT:   11695394 MISS:    1660574 MSHR_MERGE:    1104811
cpu0->cpu0_L1D TRANSLATION  ACCESS:       8900 HIT:        798 MISS:       8102 MSHR_MERGE:        114
cpu0->cpu0_L1D PREFETCH REQUESTED:          0 ISSUED:          0 USEFUL:          0 USELESS:          0
cpu0->cpu0_L1D AVERAGE MISS LATENCY: 21.79 cycles
cpu0->cpu0_ITLB TOTAL        ACCESS:   12475331 HIT:   10560651 MISS:    1914680 MSHR_MERGE:     962054
cpu0->cpu0_ITLB LOAD         ACCESS:   12475331 HIT:   10560651 MISS:    1914680 MSHR_MERGE:     962054
cpu0->cpu0_ITLB RFO          ACCESS:          0 HIT:          0 MISS:          0 MSHR_MERGE:          0
cpu0->cpu0_ITLB PREFETCH     ACCESS:          0 HIT:          0 MISS:          0 MSHR_MERGE:          0
cpu0->cpu0_ITLB WRITE        ACCESS:          0 HIT:          0 MISS:          0 MSHR_MERGE:          0
cpu0->cpu0_ITLB TRANSLATION  ACCESS:          0 HIT:          0 MISS:          0 MSHR_MERGE:          0
cpu0->cpu0_ITLB PREFETCH REQUESTED:          0 ISSUED:          0 USEFUL:          0 USELESS:          0
cpu0->cpu0_ITLB AVERAGE MISS LATENCY: 5.089 cycles
cpu0->cpu0_DTLB TOTAL        ACCESS:   28920928 HIT:   27696837 MISS:    1224091 MSHR_MERGE:     306714
cpu0->cpu0_DTLB LOAD         ACCESS:   28920928 HIT:   27696837 MISS:    1224091 MSHR_MERGE:     306714
cpu0->cpu0_DTLB RFO          ACCESS:          0 HIT:          0 MISS:          0 MSHR_MERGE:          0
cpu0->cpu0_DTLB PREFETCH     ACCESS:          0 HIT:          0 MISS:          0 MSHR_MERGE:          0
cpu0->cpu0_DTLB WRITE        ACCESS:          0 HIT:          0 MISS:          0 MSHR_MERGE:          0
cpu0->cpu0_DTLB TRANSLATION  ACCESS:          0 HIT:          0 MISS:          0 MSHR_MERGE:          0
cpu0->cpu0_DTLB PREFETCH REQUESTED:          0 ISSUED:          0 USEFUL:          0 USELESS:          0
cpu0->cpu0_DTLB AVERAGE MISS LATENCY: 5.967 cycles
cpu0->LLC TOTAL        ACCESS:    1339580 HIT:    1287888 MISS:      51692 MSHR_MERGE:          0
cpu0->LLC LOAD         ACCESS:     946036 HIT:     925728 MISS:      20308 MSHR_MERGE:          0
cpu0->LLC RFO          ACCESS:     152105 HIT:     125074 MISS:      27031 MSHR_MERGE:          0
cpu0->LLC PREFETCH     ACCESS:          0 HIT:          0 MISS:          0 MSHR_MERGE:          0
cpu0->LLC WRITE        ACCESS:     233966 HIT:     233772 MISS:        194 MSHR_MERGE:          0
cpu0->LLC TRANSLATION  ACCESS:       7473 HIT:       3314 MISS:       4159 MSHR_MERGE:          0
cpu0->LLC PREFETCH REQUESTED:          0 ISSUED:          0 USEFUL:          0 USELESS:          0
cpu0->LLC AVERAGE MISS LATENCY: 118.8 cycles

DRAM Statistics

Channel 0 RQ ROW_BUFFER_HIT:       3113
  ROW_BUFFER_MISS:      48385
  AVG DBUS CONGESTED CYCLE: 3.514
Channel 0 WQ ROW_BUFFER_HIT:        961
  ROW_BUFFER_MISS:      20104
  FULL:          0
Channel 0 REFRESHES ISSUED:       7590

==== TLB→Cache/MEM Breakdown (ROI totals across all caches) ====

DTLB
  (case)                                L1I          L1D          L2C          LLC          MEM
  STLB hit → final level                  0       516163       427472        90078         2536
---------------------------------------------------------------
  STLB miss resolved @ L1D                0            5           80          420          262
  STLB miss resolved @ L2C                0           36          129          241           88
  STLB miss resolved @ LLC                0          149          275         1741          614
  STLB miss resolved @ MEM                0            3          379         2370         2199

ITLB
  (case)                                L1I          L1D          L2C          LLC          MEM
  STLB hit → final level             163792        49057      1259209       145844          339
---------------------------------------------------------------
  STLB miss resolved @ L1D                0            1           81           73           35
  STLB miss resolved @ L2C                0           21           61           35            3
  STLB miss resolved @ LLC                0           68          275          390           70
  STLB miss resolved @ MEM                0            1           91          240          108
[2025-09-17 02:06:59] END   suite=qualcomm_srv trace=srv388_ap (rc=0)
