[2025-09-17 13:03:58] START suite=qualcomm_srv trace=srv387_ap
CMD: ./bin/champsim -w 20000000 -i 100000000 /home/ho/itp_asplos25_AE/traces/qualcomm_srv/srv387_ap.champsimtrace.xz
[VMEM] WARNING: physical memory size is smaller than virtual memory size.

*** ChampSim Multicore Out-of-Order Simulator ***
Warmup Instructions: 20000000
Simulation Instructions: 100000000
Number of CPUs: 1
Page size: 4096

Off-chip DRAM Size: 16 GiB Channels: 1 Width: 64-bit Data Rate: 3205 MT/s
[BTB] WARNING: target of return is a lower address than the corresponding call. This is usually a problem with your trace.
[BTB] WARNING: target of return is a lower address than the corresponding call. This is usually a problem with your trace.
[BTB] WARNING: target of return is a lower address than the corresponding call. This is usually a problem with your trace.
[BTB] WARNING: target of return is a lower address than the corresponding call. This is usually a problem with your trace.
[BTB] WARNING: target of return is a lower address than the corresponding call. This is usually a problem with your trace.
[BTB] WARNING: target of return is a lower address than the corresponding call. This is usually a problem with your trace.
[BTB] WARNING: target of return is a lower address than the corresponding call. This is usually a problem with your trace.
[BTB] WARNING: target of return is a lower address than the corresponding call. This is usually a problem with your trace.
[BTB] WARNING: target of return is a lower address than the corresponding call. This is usually a problem with your trace.
[BTB] WARNING: target of return is a lower address than the corresponding call. This is usually a problem with your trace.
Heartbeat CPU 0 instructions: 10000004 cycles: 2640946 heartbeat IPC: 3.787 cumulative IPC: 3.787 (Simulation time: 00 hr 00 min 39 sec)
Heartbeat CPU 0 instructions: 20000004 cycles: 5026506 heartbeat IPC: 4.192 cumulative IPC: 3.979 (Simulation time: 00 hr 01 min 16 sec)
Warmup finished CPU 0 instructions: 20000004 cycles: 5026506 cumulative IPC: 3.979 (Simulation time: 00 hr 01 min 16 sec)
Warmup complete CPU 0 instructions: 20000004 cycles: 5026506 cumulative IPC: 3.979 (Simulation time: 00 hr 01 min 16 sec)
Heartbeat CPU 0 instructions: 30000005 cycles: 13547113 heartbeat IPC: 1.174 cumulative IPC: 1.174 (Simulation time: 00 hr 02 min 26 sec)
Heartbeat CPU 0 instructions: 40000006 cycles: 22021296 heartbeat IPC: 1.18 cumulative IPC: 1.177 (Simulation time: 00 hr 03 min 38 sec)
Heartbeat CPU 0 instructions: 50000010 cycles: 30577406 heartbeat IPC: 1.169 cumulative IPC: 1.174 (Simulation time: 00 hr 04 min 46 sec)
Heartbeat CPU 0 instructions: 60000011 cycles: 39189155 heartbeat IPC: 1.161 cumulative IPC: 1.171 (Simulation time: 00 hr 05 min 54 sec)
Heartbeat CPU 0 instructions: 70000013 cycles: 47727238 heartbeat IPC: 1.171 cumulative IPC: 1.171 (Simulation time: 00 hr 06 min 59 sec)
Heartbeat CPU 0 instructions: 80000014 cycles: 56226697 heartbeat IPC: 1.177 cumulative IPC: 1.172 (Simulation time: 00 hr 08 min 09 sec)
Heartbeat CPU 0 instructions: 90000016 cycles: 65058386 heartbeat IPC: 1.132 cumulative IPC: 1.166 (Simulation time: 00 hr 09 min 14 sec)
Heartbeat CPU 0 instructions: 100000017 cycles: 73641183 heartbeat IPC: 1.165 cumulative IPC: 1.166 (Simulation time: 00 hr 10 min 24 sec)
*** Reached end of trace: (0, "/home/ho/itp_asplos25_AE/traces/qualcomm_srv/srv387_ap.champsimtrace.xz")
Heartbeat CPU 0 instructions: 110000020 cycles: 82081745 heartbeat IPC: 1.185 cumulative IPC: 1.168 (Simulation time: 00 hr 11 min 28 sec)
Simulation finished CPU 0 instructions: 100000004 cycles: 85345691 cumulative IPC: 1.172 (Simulation time: 00 hr 12 min 27 sec)
Simulation complete CPU 0 instructions: 100000004 cycles: 85345691 cumulative IPC: 1.172 (Simulation time: 00 hr 12 min 27 sec)

ChampSim completed all CPUs

=== Simulation ===
CPU 0 runs /home/ho/itp_asplos25_AE/traces/qualcomm_srv/srv387_ap.champsimtrace.xz

Region of Interest Statistics

CPU 0 cumulative IPC: 1.172 instructions: 100000004 cycles: 85345691
CPU 0 Branch Prediction Accuracy: 91.57% MPKI: 14.87 Average ROB Occupancy at Mispredict: 27.73
Branch type MPKI
BRANCH_DIRECT_JUMP: 0.2816
BRANCH_INDIRECT: 0.4162
BRANCH_CONDITIONAL: 12.5
BRANCH_DIRECT_CALL: 0.709
BRANCH_INDIRECT_CALL: 0.5107
BRANCH_RETURN: 0.4546


====Backend Stall Breakdown====
ROB_STALL: 161317
LQ_STALL: 0
SQ_STALL: 555910


====ROB Stall Breakdown====

== Average ==
ADDR_TRANS: 91.066666
REPLAY_LOAD: 70.36735
NON_REPLAY_LOAD: 15.761958

== Total ==
ADDR_TRANS: 10928
REPLAY_LOAD: 10344
NON_REPLAY_LOAD: 140045

== Counts ==
ADDR_TRANS: 120
REPLAY_LOAD: 147
NON_REPLAY_LOAD: 8885

cpu0->cpu0_STLB TOTAL        ACCESS:    1743388 HIT:    1737713 MISS:       5675 MSHR_MERGE:          0
cpu0->cpu0_STLB LOAD         ACCESS:    1743388 HIT:    1737713 MISS:       5675 MSHR_MERGE:          0
cpu0->cpu0_STLB RFO          ACCESS:          0 HIT:          0 MISS:          0 MSHR_MERGE:          0
cpu0->cpu0_STLB PREFETCH     ACCESS:          0 HIT:          0 MISS:          0 MSHR_MERGE:          0
cpu0->cpu0_STLB WRITE        ACCESS:          0 HIT:          0 MISS:          0 MSHR_MERGE:          0
cpu0->cpu0_STLB TRANSLATION  ACCESS:          0 HIT:          0 MISS:          0 MSHR_MERGE:          0
cpu0->cpu0_STLB PREFETCH REQUESTED:          0 ISSUED:          0 USEFUL:          0 USELESS:          0
cpu0->cpu0_STLB AVERAGE MISS LATENCY: 185.8 cycles
cpu0->cpu0_L2C TOTAL        ACCESS:    7609025 HIT:    6627336 MISS:     981689 MSHR_MERGE:          0
cpu0->cpu0_L2C LOAD         ACCESS:    6160822 HIT:    5344148 MISS:     816674 MSHR_MERGE:          0
cpu0->cpu0_L2C RFO          ACCESS:     534775 HIT:     390229 MISS:     144546 MSHR_MERGE:          0
cpu0->cpu0_L2C PREFETCH     ACCESS:          0 HIT:          0 MISS:          0 MSHR_MERGE:          0
cpu0->cpu0_L2C WRITE        ACCESS:     903281 HIT:     891768 MISS:      11513 MSHR_MERGE:          0
cpu0->cpu0_L2C TRANSLATION  ACCESS:      10147 HIT:       1191 MISS:       8956 MSHR_MERGE:          0
cpu0->cpu0_L2C PREFETCH REQUESTED:          0 ISSUED:          0 USEFUL:          0 USELESS:          0
cpu0->cpu0_L2C AVERAGE MISS LATENCY: 38.12 cycles
cpu0->cpu0_L1I TOTAL        ACCESS:   14292949 HIT:    7995657 MISS:    6297292 MSHR_MERGE:    1516584
cpu0->cpu0_L1I LOAD         ACCESS:   14292949 HIT:    7995657 MISS:    6297292 MSHR_MERGE:    1516584
cpu0->cpu0_L1I RFO          ACCESS:          0 HIT:          0 MISS:          0 MSHR_MERGE:          0
cpu0->cpu0_L1I PREFETCH     ACCESS:          0 HIT:          0 MISS:          0 MSHR_MERGE:          0
cpu0->cpu0_L1I WRITE        ACCESS:          0 HIT:          0 MISS:          0 MSHR_MERGE:          0
cpu0->cpu0_L1I TRANSLATION  ACCESS:          0 HIT:          0 MISS:          0 MSHR_MERGE:          0
cpu0->cpu0_L1I PREFETCH REQUESTED:          0 ISSUED:          0 USEFUL:          0 USELESS:          0
cpu0->cpu0_L1I AVERAGE MISS LATENCY: 14.81 cycles
cpu0->cpu0_L1D TOTAL        ACCESS:   29898852 HIT:   26602979 MISS:    3295873 MSHR_MERGE:    1370781
cpu0->cpu0_L1D LOAD         ACCESS:   16879944 HIT:   15164720 MISS:    1715224 MSHR_MERGE:     335077
cpu0->cpu0_L1D RFO          ACCESS:          0 HIT:          0 MISS:          0 MSHR_MERGE:          0
cpu0->cpu0_L1D PREFETCH     ACCESS:          0 HIT:          0 MISS:          0 MSHR_MERGE:          0
cpu0->cpu0_L1D WRITE        ACCESS:   13007198 HIT:   11436712 MISS:    1570486 MSHR_MERGE:    1035688
cpu0->cpu0_L1D TRANSLATION  ACCESS:      11710 HIT:       1547 MISS:      10163 MSHR_MERGE:         16
cpu0->cpu0_L1D PREFETCH REQUESTED:          0 ISSUED:          0 USEFUL:          0 USELESS:          0
cpu0->cpu0_L1D AVERAGE MISS LATENCY: 22.85 cycles
cpu0->cpu0_ITLB TOTAL        ACCESS:   11963796 HIT:   10251534 MISS:    1712262 MSHR_MERGE:     864428
cpu0->cpu0_ITLB LOAD         ACCESS:   11963796 HIT:   10251534 MISS:    1712262 MSHR_MERGE:     864428
cpu0->cpu0_ITLB RFO          ACCESS:          0 HIT:          0 MISS:          0 MSHR_MERGE:          0
cpu0->cpu0_ITLB PREFETCH     ACCESS:          0 HIT:          0 MISS:          0 MSHR_MERGE:          0
cpu0->cpu0_ITLB WRITE        ACCESS:          0 HIT:          0 MISS:          0 MSHR_MERGE:          0
cpu0->cpu0_ITLB TRANSLATION  ACCESS:          0 HIT:          0 MISS:          0 MSHR_MERGE:          0
cpu0->cpu0_ITLB PREFETCH REQUESTED:          0 ISSUED:          0 USEFUL:          0 USELESS:          0
cpu0->cpu0_ITLB AVERAGE MISS LATENCY: 5.138 cycles
cpu0->cpu0_DTLB TOTAL        ACCESS:   28271711 HIT:   27079516 MISS:    1192195 MSHR_MERGE:     296641
cpu0->cpu0_DTLB LOAD         ACCESS:   28271711 HIT:   27079516 MISS:    1192195 MSHR_MERGE:     296641
cpu0->cpu0_DTLB RFO          ACCESS:          0 HIT:          0 MISS:          0 MSHR_MERGE:          0
cpu0->cpu0_DTLB PREFETCH     ACCESS:          0 HIT:          0 MISS:          0 MSHR_MERGE:          0
cpu0->cpu0_DTLB WRITE        ACCESS:          0 HIT:          0 MISS:          0 MSHR_MERGE:          0
cpu0->cpu0_DTLB TRANSLATION  ACCESS:          0 HIT:          0 MISS:          0 MSHR_MERGE:          0
cpu0->cpu0_DTLB PREFETCH REQUESTED:          0 ISSUED:          0 USEFUL:          0 USELESS:          0
cpu0->cpu0_DTLB AVERAGE MISS LATENCY: 6.055 cycles
cpu0->LLC TOTAL        ACCESS:    1177905 HIT:    1105750 MISS:      72155 MSHR_MERGE:          0
cpu0->LLC LOAD         ACCESS:     816674 HIT:     788528 MISS:      28146 MSHR_MERGE:          0
cpu0->LLC RFO          ACCESS:     144511 HIT:     105317 MISS:      39194 MSHR_MERGE:          0
cpu0->LLC PREFETCH     ACCESS:          0 HIT:          0 MISS:          0 MSHR_MERGE:          0
cpu0->LLC WRITE        ACCESS:     207764 HIT:     207417 MISS:        347 MSHR_MERGE:          0
cpu0->LLC TRANSLATION  ACCESS:       8956 HIT:       4488 MISS:       4468 MSHR_MERGE:          0
cpu0->LLC PREFETCH REQUESTED:          0 ISSUED:          0 USEFUL:          0 USELESS:          0
cpu0->LLC AVERAGE MISS LATENCY: 117.8 cycles

DRAM Statistics

Channel 0 RQ ROW_BUFFER_HIT:       4069
  ROW_BUFFER_MISS:      67736
  AVG DBUS CONGESTED CYCLE: 3.698
Channel 0 WQ ROW_BUFFER_HIT:       1875
  ROW_BUFFER_MISS:      34879
  FULL:          0
Channel 0 REFRESHES ISSUED:       7113

==== TLB→Cache/MEM Breakdown (ROI totals across all caches) ====

DTLB
  (case)                                L1I          L1D          L2C          LLC          MEM
  STLB hit → final level                  0       532283       396504        79327         5119
---------------------------------------------------------------
  STLB miss resolved @ L1D                0            7          403          442          213
  STLB miss resolved @ L2C                0          329          366          579          161
  STLB miss resolved @ LLC                0          327          595         2088          923
  STLB miss resolved @ MEM                0            5          266         2081         2470

ITLB
  (case)                                L1I          L1D          L2C          LLC          MEM
  STLB hit → final level             156013        51897      1120440       125460          605
---------------------------------------------------------------
  STLB miss resolved @ L1D                0            1          296          160           67
  STLB miss resolved @ L2C                0           96          128           84            7
  STLB miss resolved @ LLC                0          246          370          647           71
  STLB miss resolved @ MEM                0            2           75          320          172
[2025-09-17 13:16:25] END   suite=qualcomm_srv trace=srv387_ap (rc=0)
