[2025-09-17 04:20:25] START suite=qualcomm_srv trace=srv409_ap
CMD: ./bin/champsim -w 20000000 -i 100000000 /home/ho/itp_asplos25_AE/traces/qualcomm_srv/srv409_ap.champsimtrace.xz
[VMEM] WARNING: physical memory size is smaller than virtual memory size.

*** ChampSim Multicore Out-of-Order Simulator ***
Warmup Instructions: 20000000
Simulation Instructions: 100000000
Number of CPUs: 1
Page size: 4096

Off-chip DRAM Size: 16 GiB Channels: 1 Width: 64-bit Data Rate: 3205 MT/s
[BTB] WARNING: target of return is a lower address than the corresponding call. This is usually a problem with your trace.
[BTB] WARNING: target of return is a lower address than the corresponding call. This is usually a problem with your trace.
[BTB] WARNING: target of return is a lower address than the corresponding call. This is usually a problem with your trace.
[BTB] WARNING: target of return is a lower address than the corresponding call. This is usually a problem with your trace.
[BTB] WARNING: target of return is a lower address than the corresponding call. This is usually a problem with your trace.
[BTB] WARNING: target of return is a lower address than the corresponding call. This is usually a problem with your trace.
[BTB] WARNING: target of return is a lower address than the corresponding call. This is usually a problem with your trace.
[BTB] WARNING: target of return is a lower address than the corresponding call. This is usually a problem with your trace.
[BTB] WARNING: target of return is a lower address than the corresponding call. This is usually a problem with your trace.
[BTB] WARNING: target of return is a lower address than the corresponding call. This is usually a problem with your trace.
Heartbeat CPU 0 instructions: 10000003 cycles: 2633684 heartbeat IPC: 3.797 cumulative IPC: 3.797 (Simulation time: 00 hr 00 min 38 sec)
Warmup finished CPU 0 instructions: 20000001 cycles: 5113994 cumulative IPC: 3.911 (Simulation time: 00 hr 01 min 17 sec)
Warmup complete CPU 0 instructions: 20000001 cycles: 5113994 cumulative IPC: 3.911 (Simulation time: 00 hr 01 min 17 sec)
Heartbeat CPU 0 instructions: 20000006 cycles: 5113995 heartbeat IPC: 4.032 cumulative IPC: 5 (Simulation time: 00 hr 01 min 17 sec)
Heartbeat CPU 0 instructions: 30000008 cycles: 13847428 heartbeat IPC: 1.145 cumulative IPC: 1.145 (Simulation time: 00 hr 02 min 22 sec)
Heartbeat CPU 0 instructions: 40000009 cycles: 22665705 heartbeat IPC: 1.134 cumulative IPC: 1.139 (Simulation time: 00 hr 03 min 32 sec)
Heartbeat CPU 0 instructions: 50000009 cycles: 31421306 heartbeat IPC: 1.142 cumulative IPC: 1.14 (Simulation time: 00 hr 04 min 41 sec)
Heartbeat CPU 0 instructions: 60000012 cycles: 40164543 heartbeat IPC: 1.144 cumulative IPC: 1.141 (Simulation time: 00 hr 05 min 53 sec)
Heartbeat CPU 0 instructions: 70000012 cycles: 49017987 heartbeat IPC: 1.13 cumulative IPC: 1.139 (Simulation time: 00 hr 07 min 06 sec)
Heartbeat CPU 0 instructions: 80000015 cycles: 57681145 heartbeat IPC: 1.154 cumulative IPC: 1.141 (Simulation time: 00 hr 08 min 12 sec)
*** Reached end of trace: (0, "/home/ho/itp_asplos25_AE/traces/qualcomm_srv/srv409_ap.champsimtrace.xz")
Heartbeat CPU 0 instructions: 90000016 cycles: 66420538 heartbeat IPC: 1.144 cumulative IPC: 1.142 (Simulation time: 00 hr 09 min 19 sec)
Heartbeat CPU 0 instructions: 100000017 cycles: 75152857 heartbeat IPC: 1.145 cumulative IPC: 1.142 (Simulation time: 00 hr 10 min 29 sec)
Heartbeat CPU 0 instructions: 110000018 cycles: 84001068 heartbeat IPC: 1.13 cumulative IPC: 1.141 (Simulation time: 00 hr 11 min 39 sec)
Simulation finished CPU 0 instructions: 100000001 cycles: 87553691 cumulative IPC: 1.142 (Simulation time: 00 hr 12 min 43 sec)
Simulation complete CPU 0 instructions: 100000001 cycles: 87553691 cumulative IPC: 1.142 (Simulation time: 00 hr 12 min 43 sec)

ChampSim completed all CPUs

=== Simulation ===
CPU 0 runs /home/ho/itp_asplos25_AE/traces/qualcomm_srv/srv409_ap.champsimtrace.xz

Region of Interest Statistics

CPU 0 cumulative IPC: 1.142 instructions: 100000001 cycles: 87553691
CPU 0 Branch Prediction Accuracy: 92.56% MPKI: 13.38 Average ROB Occupancy at Mispredict: 28.41
Branch type MPKI
BRANCH_DIRECT_JUMP: 0.1285
BRANCH_INDIRECT: 0.3584
BRANCH_CONDITIONAL: 11.48
BRANCH_DIRECT_CALL: 0.4829
BRANCH_INDIRECT_CALL: 0.5127
BRANCH_RETURN: 0.4239


====Backend Stall Breakdown====
ROB_STALL: 60905
LQ_STALL: 0
SQ_STALL: 358618


====ROB Stall Breakdown====

== Average ==
ADDR_TRANS: 23.229437
REPLAY_LOAD: 30.607288
NON_REPLAY_LOAD: 8.949636

== Total ==
ADDR_TRANS: 5366
REPLAY_LOAD: 7560
NON_REPLAY_LOAD: 47979

== Counts ==
ADDR_TRANS: 231
REPLAY_LOAD: 247
NON_REPLAY_LOAD: 5361

cpu0->cpu0_STLB TOTAL        ACCESS:    2056086 HIT:    2041489 MISS:      14597 MSHR_MERGE:          0
cpu0->cpu0_STLB LOAD         ACCESS:    2056086 HIT:    2041489 MISS:      14597 MSHR_MERGE:          0
cpu0->cpu0_STLB RFO          ACCESS:          0 HIT:          0 MISS:          0 MSHR_MERGE:          0
cpu0->cpu0_STLB PREFETCH     ACCESS:          0 HIT:          0 MISS:          0 MSHR_MERGE:          0
cpu0->cpu0_STLB WRITE        ACCESS:          0 HIT:          0 MISS:          0 MSHR_MERGE:          0
cpu0->cpu0_STLB TRANSLATION  ACCESS:          0 HIT:          0 MISS:          0 MSHR_MERGE:          0
cpu0->cpu0_STLB PREFETCH REQUESTED:          0 ISSUED:          0 USEFUL:          0 USELESS:          0
cpu0->cpu0_STLB AVERAGE MISS LATENCY: 71.97 cycles
cpu0->cpu0_L2C TOTAL        ACCESS:    9692787 HIT:    8548050 MISS:    1144737 MSHR_MERGE:          0
cpu0->cpu0_L2C LOAD         ACCESS:    7907598 HIT:    6919271 MISS:     988327 MSHR_MERGE:          0
cpu0->cpu0_L2C RFO          ACCESS:     597786 HIT:     470538 MISS:     127248 MSHR_MERGE:          0
cpu0->cpu0_L2C PREFETCH     ACCESS:          0 HIT:          0 MISS:          0 MSHR_MERGE:          0
cpu0->cpu0_L2C WRITE        ACCESS:    1163489 HIT:    1144473 MISS:      19016 MSHR_MERGE:          0
cpu0->cpu0_L2C TRANSLATION  ACCESS:      23914 HIT:      13768 MISS:      10146 MSHR_MERGE:          0
cpu0->cpu0_L2C PREFETCH REQUESTED:          0 ISSUED:          0 USEFUL:          0 USELESS:          0
cpu0->cpu0_L2C AVERAGE MISS LATENCY: 31.9 cycles
cpu0->cpu0_L1I TOTAL        ACCESS:   15338292 HIT:    7801601 MISS:    7536691 MSHR_MERGE:    1826985
cpu0->cpu0_L1I LOAD         ACCESS:   15338292 HIT:    7801601 MISS:    7536691 MSHR_MERGE:    1826985
cpu0->cpu0_L1I RFO          ACCESS:          0 HIT:          0 MISS:          0 MSHR_MERGE:          0
cpu0->cpu0_L1I PREFETCH     ACCESS:          0 HIT:          0 MISS:          0 MSHR_MERGE:          0
cpu0->cpu0_L1I WRITE        ACCESS:          0 HIT:          0 MISS:          0 MSHR_MERGE:          0
cpu0->cpu0_L1I TRANSLATION  ACCESS:          0 HIT:          0 MISS:          0 MSHR_MERGE:          0
cpu0->cpu0_L1I PREFETCH REQUESTED:          0 ISSUED:          0 USEFUL:          0 USELESS:          0
cpu0->cpu0_L1I AVERAGE MISS LATENCY: 14.76 cycles
cpu0->cpu0_L1D TOTAL        ACCESS:   29752261 HIT:   25246334 MISS:    4505927 MSHR_MERGE:    1686323
cpu0->cpu0_L1D LOAD         ACCESS:   16545645 HIT:   13868263 MISS:    2677382 MSHR_MERGE:     479479
cpu0->cpu0_L1D RFO          ACCESS:          0 HIT:          0 MISS:          0 MSHR_MERGE:          0
cpu0->cpu0_L1D PREFETCH     ACCESS:          0 HIT:          0 MISS:          0 MSHR_MERGE:          0
cpu0->cpu0_L1D WRITE        ACCESS:   13177189 HIT:   11372691 MISS:    1804498 MSHR_MERGE:    1206711
cpu0->cpu0_L1D TRANSLATION  ACCESS:      29427 HIT:       5380 MISS:      24047 MSHR_MERGE:        133
cpu0->cpu0_L1D PREFETCH REQUESTED:          0 ISSUED:          0 USEFUL:          0 USELESS:          0
cpu0->cpu0_L1D AVERAGE MISS LATENCY: 18.23 cycles
cpu0->cpu0_ITLB TOTAL        ACCESS:   12549961 HIT:   10425863 MISS:    2124098 MSHR_MERGE:    1073955
cpu0->cpu0_ITLB LOAD         ACCESS:   12549961 HIT:   10425863 MISS:    2124098 MSHR_MERGE:    1073955
cpu0->cpu0_ITLB RFO          ACCESS:          0 HIT:          0 MISS:          0 MSHR_MERGE:          0
cpu0->cpu0_ITLB PREFETCH     ACCESS:          0 HIT:          0 MISS:          0 MSHR_MERGE:          0
cpu0->cpu0_ITLB WRITE        ACCESS:          0 HIT:          0 MISS:          0 MSHR_MERGE:          0
cpu0->cpu0_ITLB TRANSLATION  ACCESS:          0 HIT:          0 MISS:          0 MSHR_MERGE:          0
cpu0->cpu0_ITLB PREFETCH REQUESTED:          0 ISSUED:          0 USEFUL:          0 USELESS:          0
cpu0->cpu0_ITLB AVERAGE MISS LATENCY: 5.308 cycles
cpu0->cpu0_DTLB TOTAL        ACCESS:   28294534 HIT:   26939132 MISS:    1355402 MSHR_MERGE:     349459
cpu0->cpu0_DTLB LOAD         ACCESS:   28294534 HIT:   26939132 MISS:    1355402 MSHR_MERGE:     349459
cpu0->cpu0_DTLB RFO          ACCESS:          0 HIT:          0 MISS:          0 MSHR_MERGE:          0
cpu0->cpu0_DTLB PREFETCH     ACCESS:          0 HIT:          0 MISS:          0 MSHR_MERGE:          0
cpu0->cpu0_DTLB WRITE        ACCESS:          0 HIT:          0 MISS:          0 MSHR_MERGE:          0
cpu0->cpu0_DTLB TRANSLATION  ACCESS:          0 HIT:          0 MISS:          0 MSHR_MERGE:          0
cpu0->cpu0_DTLB PREFETCH REQUESTED:          0 ISSUED:          0 USEFUL:          0 USELESS:          0
cpu0->cpu0_DTLB AVERAGE MISS LATENCY: 5.705 cycles
cpu0->LLC TOTAL        ACCESS:    1318165 HIT:    1292354 MISS:      25811 MSHR_MERGE:          0
cpu0->LLC LOAD         ACCESS:     988326 HIT:     969863 MISS:      18463 MSHR_MERGE:          0
cpu0->LLC RFO          ACCESS:     127247 HIT:     122784 MISS:       4463 MSHR_MERGE:          0
cpu0->LLC PREFETCH     ACCESS:          0 HIT:          0 MISS:          0 MSHR_MERGE:          0
cpu0->LLC WRITE        ACCESS:     192446 HIT:     192296 MISS:        150 MSHR_MERGE:          0
cpu0->LLC TRANSLATION  ACCESS:      10146 HIT:       7411 MISS:       2735 MSHR_MERGE:          0
cpu0->LLC PREFETCH REQUESTED:          0 ISSUED:          0 USEFUL:          0 USELESS:          0
cpu0->LLC AVERAGE MISS LATENCY: 110.8 cycles

DRAM Statistics

Channel 0 RQ ROW_BUFFER_HIT:        747
  ROW_BUFFER_MISS:      24889
  AVG DBUS CONGESTED CYCLE: 3.336
Channel 0 WQ ROW_BUFFER_HIT:        224
  ROW_BUFFER_MISS:       3456
  FULL:          0
Channel 0 REFRESHES ISSUED:       7296

==== TLB→Cache/MEM Breakdown (ROI totals across all caches) ====

DTLB
  (case)                                L1I          L1D          L2C          LLC          MEM
  STLB hit → final level                  0       502613       557682        99044         2197
---------------------------------------------------------------
  STLB miss resolved @ L1D                0           52         2837          918          270
  STLB miss resolved @ L2C                0         1975         2488         1199          123
  STLB miss resolved @ LLC                0         1021         1952         3098          686
  STLB miss resolved @ MEM                0            2          558         2031         1164

ITLB
  (case)                                L1I          L1D          L2C          LLC          MEM
  STLB hit → final level             180498        59229      1390042       168229          232
---------------------------------------------------------------
  STLB miss resolved @ L1D                0            4         1626          226           34
  STLB miss resolved @ L2C                0         1388         9649         1148            3
  STLB miss resolved @ LLC                0          189         1735          901           59
  STLB miss resolved @ MEM                0            0           72          166          111
[2025-09-17 04:33:09] END   suite=qualcomm_srv trace=srv409_ap (rc=0)
