[2025-09-17 01:30:08] START suite=qualcomm_srv trace=srv464_ap
CMD: ./bin/champsim -w 20000000 -i 100000000 /home/ho/itp_asplos25_AE/traces/qualcomm_srv/srv464_ap.champsimtrace.xz
[VMEM] WARNING: physical memory size is smaller than virtual memory size.

*** ChampSim Multicore Out-of-Order Simulator ***
Warmup Instructions: 20000000
Simulation Instructions: 100000000
Number of CPUs: 1
Page size: 4096

Off-chip DRAM Size: 16 GiB Channels: 1 Width: 64-bit Data Rate: 3205 MT/s
[BTB] WARNING: target of return is a lower address than the corresponding call. This is usually a problem with your trace.
[BTB] WARNING: target of return is a lower address than the corresponding call. This is usually a problem with your trace.
[BTB] WARNING: target of return is a lower address than the corresponding call. This is usually a problem with your trace.
[BTB] WARNING: target of return is a lower address than the corresponding call. This is usually a problem with your trace.
[BTB] WARNING: target of return is a lower address than the corresponding call. This is usually a problem with your trace.
[BTB] WARNING: target of return is a lower address than the corresponding call. This is usually a problem with your trace.
[BTB] WARNING: target of return is a lower address than the corresponding call. This is usually a problem with your trace.
[BTB] WARNING: target of return is a lower address than the corresponding call. This is usually a problem with your trace.
[BTB] WARNING: target of return is a lower address than the corresponding call. This is usually a problem with your trace.
[BTB] WARNING: target of return is a lower address than the corresponding call. This is usually a problem with your trace.
Heartbeat CPU 0 instructions: 10000004 cycles: 2619033 heartbeat IPC: 3.818 cumulative IPC: 3.818 (Simulation time: 00 hr 00 min 39 sec)
Warmup finished CPU 0 instructions: 20000001 cycles: 5044082 cumulative IPC: 3.965 (Simulation time: 00 hr 01 min 16 sec)
Warmup complete CPU 0 instructions: 20000001 cycles: 5044082 cumulative IPC: 3.965 (Simulation time: 00 hr 01 min 16 sec)
Heartbeat CPU 0 instructions: 20000006 cycles: 5044083 heartbeat IPC: 4.124 cumulative IPC: 5 (Simulation time: 00 hr 01 min 16 sec)
Heartbeat CPU 0 instructions: 30000006 cycles: 14085695 heartbeat IPC: 1.106 cumulative IPC: 1.106 (Simulation time: 00 hr 02 min 27 sec)
Heartbeat CPU 0 instructions: 40000010 cycles: 23038122 heartbeat IPC: 1.117 cumulative IPC: 1.111 (Simulation time: 00 hr 03 min 33 sec)
Heartbeat CPU 0 instructions: 50000011 cycles: 32034527 heartbeat IPC: 1.112 cumulative IPC: 1.112 (Simulation time: 00 hr 04 min 43 sec)
Heartbeat CPU 0 instructions: 60000011 cycles: 40949134 heartbeat IPC: 1.122 cumulative IPC: 1.114 (Simulation time: 00 hr 05 min 49 sec)
Heartbeat CPU 0 instructions: 70000013 cycles: 49948534 heartbeat IPC: 1.111 cumulative IPC: 1.113 (Simulation time: 00 hr 06 min 56 sec)
Heartbeat CPU 0 instructions: 80000015 cycles: 58829289 heartbeat IPC: 1.126 cumulative IPC: 1.116 (Simulation time: 00 hr 08 min 05 sec)
Heartbeat CPU 0 instructions: 90000019 cycles: 67815042 heartbeat IPC: 1.113 cumulative IPC: 1.115 (Simulation time: 00 hr 09 min 14 sec)
Heartbeat CPU 0 instructions: 100000022 cycles: 76717765 heartbeat IPC: 1.123 cumulative IPC: 1.116 (Simulation time: 00 hr 10 min 23 sec)
*** Reached end of trace: (0, "/home/ho/itp_asplos25_AE/traces/qualcomm_srv/srv464_ap.champsimtrace.xz")
Heartbeat CPU 0 instructions: 110000026 cycles: 85668210 heartbeat IPC: 1.117 cumulative IPC: 1.116 (Simulation time: 00 hr 11 min 30 sec)
Simulation finished CPU 0 instructions: 100000003 cycles: 89434771 cumulative IPC: 1.118 (Simulation time: 00 hr 12 min 39 sec)
Simulation complete CPU 0 instructions: 100000003 cycles: 89434771 cumulative IPC: 1.118 (Simulation time: 00 hr 12 min 39 sec)

ChampSim completed all CPUs

=== Simulation ===
CPU 0 runs /home/ho/itp_asplos25_AE/traces/qualcomm_srv/srv464_ap.champsimtrace.xz

Region of Interest Statistics

CPU 0 cumulative IPC: 1.118 instructions: 100000003 cycles: 89434771
CPU 0 Branch Prediction Accuracy: 90.94% MPKI: 15.92 Average ROB Occupancy at Mispredict: 26.36
Branch type MPKI
BRANCH_DIRECT_JUMP: 0.3835
BRANCH_INDIRECT: 0.4219
BRANCH_CONDITIONAL: 12.98
BRANCH_DIRECT_CALL: 0.9187
BRANCH_INDIRECT_CALL: 0.6042
BRANCH_RETURN: 0.614


====Backend Stall Breakdown====
ROB_STALL: 117230
LQ_STALL: 0
SQ_STALL: 530414


====ROB Stall Breakdown====

== Average ==
ADDR_TRANS: 121.39535
REPLAY_LOAD: 105.03333
NON_REPLAY_LOAD: 25.096867

== Total ==
ADDR_TRANS: 5220
REPLAY_LOAD: 6302
NON_REPLAY_LOAD: 105708

== Counts ==
ADDR_TRANS: 43
REPLAY_LOAD: 60
NON_REPLAY_LOAD: 4212

cpu0->cpu0_STLB TOTAL        ACCESS:    1868031 HIT:    1863598 MISS:       4433 MSHR_MERGE:          0
cpu0->cpu0_STLB LOAD         ACCESS:    1868031 HIT:    1863598 MISS:       4433 MSHR_MERGE:          0
cpu0->cpu0_STLB RFO          ACCESS:          0 HIT:          0 MISS:          0 MSHR_MERGE:          0
cpu0->cpu0_STLB PREFETCH     ACCESS:          0 HIT:          0 MISS:          0 MSHR_MERGE:          0
cpu0->cpu0_STLB WRITE        ACCESS:          0 HIT:          0 MISS:          0 MSHR_MERGE:          0
cpu0->cpu0_STLB TRANSLATION  ACCESS:          0 HIT:          0 MISS:          0 MSHR_MERGE:          0
cpu0->cpu0_STLB PREFETCH REQUESTED:          0 ISSUED:          0 USEFUL:          0 USELESS:          0
cpu0->cpu0_STLB AVERAGE MISS LATENCY: 205.1 cycles
cpu0->cpu0_L2C TOTAL        ACCESS:    8280830 HIT:    7300358 MISS:     980472 MSHR_MERGE:          0
cpu0->cpu0_L2C LOAD         ACCESS:    6726866 HIT:    5919370 MISS:     807496 MSHR_MERGE:          0
cpu0->cpu0_L2C RFO          ACCESS:     558083 HIT:     406994 MISS:     151089 MSHR_MERGE:          0
cpu0->cpu0_L2C PREFETCH     ACCESS:          0 HIT:          0 MISS:          0 MSHR_MERGE:          0
cpu0->cpu0_L2C WRITE        ACCESS:     987885 HIT:     973110 MISS:      14775 MSHR_MERGE:          0
cpu0->cpu0_L2C TRANSLATION  ACCESS:       7996 HIT:        884 MISS:       7112 MSHR_MERGE:          0
cpu0->cpu0_L2C PREFETCH REQUESTED:          0 ISSUED:          0 USEFUL:          0 USELESS:          0
cpu0->cpu0_L2C AVERAGE MISS LATENCY: 35.87 cycles
cpu0->cpu0_L1I TOTAL        ACCESS:   15021129 HIT:    8066834 MISS:    6954295 MSHR_MERGE:    1647492
cpu0->cpu0_L1I LOAD         ACCESS:   15021129 HIT:    8066834 MISS:    6954295 MSHR_MERGE:    1647492
cpu0->cpu0_L1I RFO          ACCESS:          0 HIT:          0 MISS:          0 MSHR_MERGE:          0
cpu0->cpu0_L1I PREFETCH     ACCESS:          0 HIT:          0 MISS:          0 MSHR_MERGE:          0
cpu0->cpu0_L1I WRITE        ACCESS:          0 HIT:          0 MISS:          0 MSHR_MERGE:          0
cpu0->cpu0_L1I TRANSLATION  ACCESS:          0 HIT:          0 MISS:          0 MSHR_MERGE:          0
cpu0->cpu0_L1I PREFETCH REQUESTED:          0 ISSUED:          0 USEFUL:          0 USELESS:          0
cpu0->cpu0_L1I AVERAGE MISS LATENCY: 14.46 cycles
cpu0->cpu0_L1D TOTAL        ACCESS:   30460416 HIT:   26995334 MISS:    3465082 MSHR_MERGE:    1478934
cpu0->cpu0_L1D LOAD         ACCESS:   17104445 HIT:   15310034 MISS:    1794411 MSHR_MERGE:     374348
cpu0->cpu0_L1D RFO          ACCESS:          0 HIT:          0 MISS:          0 MSHR_MERGE:          0
cpu0->cpu0_L1D PREFETCH     ACCESS:          0 HIT:          0 MISS:          0 MSHR_MERGE:          0
cpu0->cpu0_L1D WRITE        ACCESS:   13346908 HIT:   11684329 MISS:    1662579 MSHR_MERGE:    1104490
cpu0->cpu0_L1D TRANSLATION  ACCESS:       9063 HIT:        971 MISS:       8092 MSHR_MERGE:         96
cpu0->cpu0_L1D PREFETCH REQUESTED:          0 ISSUED:          0 USEFUL:          0 USELESS:          0
cpu0->cpu0_L1D AVERAGE MISS LATENCY: 21.3 cycles
cpu0->cpu0_ITLB TOTAL        ACCESS:   12469641 HIT:   10568905 MISS:    1900736 MSHR_MERGE:     951809
cpu0->cpu0_ITLB LOAD         ACCESS:   12469641 HIT:   10568905 MISS:    1900736 MSHR_MERGE:     951809
cpu0->cpu0_ITLB RFO          ACCESS:          0 HIT:          0 MISS:          0 MSHR_MERGE:          0
cpu0->cpu0_ITLB PREFETCH     ACCESS:          0 HIT:          0 MISS:          0 MSHR_MERGE:          0
cpu0->cpu0_ITLB WRITE        ACCESS:          0 HIT:          0 MISS:          0 MSHR_MERGE:          0
cpu0->cpu0_ITLB TRANSLATION  ACCESS:          0 HIT:          0 MISS:          0 MSHR_MERGE:          0
cpu0->cpu0_ITLB PREFETCH REQUESTED:          0 ISSUED:          0 USEFUL:          0 USELESS:          0
cpu0->cpu0_ITLB AVERAGE MISS LATENCY: 5.092 cycles
cpu0->cpu0_DTLB TOTAL        ACCESS:   28872049 HIT:   27648092 MISS:    1223957 MSHR_MERGE:     304853
cpu0->cpu0_DTLB LOAD         ACCESS:   28872049 HIT:   27648092 MISS:    1223957 MSHR_MERGE:     304853
cpu0->cpu0_DTLB RFO          ACCESS:          0 HIT:          0 MISS:          0 MSHR_MERGE:          0
cpu0->cpu0_DTLB PREFETCH     ACCESS:          0 HIT:          0 MISS:          0 MSHR_MERGE:          0
cpu0->cpu0_DTLB WRITE        ACCESS:          0 HIT:          0 MISS:          0 MSHR_MERGE:          0
cpu0->cpu0_DTLB TRANSLATION  ACCESS:          0 HIT:          0 MISS:          0 MSHR_MERGE:          0
cpu0->cpu0_DTLB PREFETCH REQUESTED:          0 ISSUED:          0 USEFUL:          0 USELESS:          0
cpu0->cpu0_DTLB AVERAGE MISS LATENCY: 5.898 cycles
cpu0->LLC TOTAL        ACCESS:    1184190 HIT:    1132494 MISS:      51696 MSHR_MERGE:          0
cpu0->LLC LOAD         ACCESS:     807496 HIT:     788368 MISS:      19128 MSHR_MERGE:          0
cpu0->LLC RFO          ACCESS:     151089 HIT:     122486 MISS:      28603 MSHR_MERGE:          0
cpu0->LLC PREFETCH     ACCESS:          0 HIT:          0 MISS:          0 MSHR_MERGE:          0
cpu0->LLC WRITE        ACCESS:     218493 HIT:     218338 MISS:        155 MSHR_MERGE:          0
cpu0->LLC TRANSLATION  ACCESS:       7112 HIT:       3302 MISS:       3810 MSHR_MERGE:          0
cpu0->LLC PREFETCH REQUESTED:          0 ISSUED:          0 USEFUL:          0 USELESS:          0
cpu0->LLC AVERAGE MISS LATENCY: 122.1 cycles

DRAM Statistics

Channel 0 RQ ROW_BUFFER_HIT:       3213
  ROW_BUFFER_MISS:      48326
  AVG DBUS CONGESTED CYCLE: 3.423
Channel 0 WQ ROW_BUFFER_HIT:        879
  ROW_BUFFER_MISS:      21447
  FULL:          0
Channel 0 REFRESHES ISSUED:       7453

==== TLB→Cache/MEM Breakdown (ROI totals across all caches) ====

DTLB
  (case)                                L1I          L1D          L2C          LLC          MEM
  STLB hit → final level                  0       522502       425988        80755         2431
---------------------------------------------------------------
  STLB miss resolved @ L1D                0            4          191          389          255
  STLB miss resolved @ L2C                0          120          172          266           76
  STLB miss resolved @ LLC                0          145          320         1530          579
  STLB miss resolved @ MEM                0            1          323         2094         1990

ITLB
  (case)                                L1I          L1D          L2C          LLC          MEM
  STLB hit → final level             162882        49954      1263913       129358          291
---------------------------------------------------------------
  STLB miss resolved @ L1D                0            1          129          125           26
  STLB miss resolved @ L2C                0          121          302          142            4
  STLB miss resolved @ LLC                0           65          365          546           61
  STLB miss resolved @ MEM                0            0          102          218           94
[2025-09-17 01:42:47] END   suite=qualcomm_srv trace=srv464_ap (rc=0)
