[2025-09-17 00:04:22] START suite=qualcomm_srv trace=srv595_ap
CMD: ./bin/champsim -w 20000000 -i 100000000 /home/ho/itp_asplos25_AE/traces/qualcomm_srv/srv595_ap.champsimtrace.xz
[VMEM] WARNING: physical memory size is smaller than virtual memory size.

*** ChampSim Multicore Out-of-Order Simulator ***
Warmup Instructions: 20000000
Simulation Instructions: 100000000
Number of CPUs: 1
Page size: 4096

Off-chip DRAM Size: 16 GiB Channels: 1 Width: 64-bit Data Rate: 3205 MT/s
[BTB] WARNING: target of return is a lower address than the corresponding call. This is usually a problem with your trace.
[BTB] WARNING: target of return is a lower address than the corresponding call. This is usually a problem with your trace.
[BTB] WARNING: target of return is a lower address than the corresponding call. This is usually a problem with your trace.
[BTB] WARNING: target of return is a lower address than the corresponding call. This is usually a problem with your trace.
[BTB] WARNING: target of return is a lower address than the corresponding call. This is usually a problem with your trace.
[BTB] WARNING: target of return is a lower address than the corresponding call. This is usually a problem with your trace.
[BTB] WARNING: target of return is a lower address than the corresponding call. This is usually a problem with your trace.
[BTB] WARNING: target of return is a lower address than the corresponding call. This is usually a problem with your trace.
[BTB] WARNING: target of return is a lower address than the corresponding call. This is usually a problem with your trace.
[BTB] WARNING: target of return is a lower address than the corresponding call. This is usually a problem with your trace.
Heartbeat CPU 0 instructions: 10000001 cycles: 2640154 heartbeat IPC: 3.788 cumulative IPC: 3.788 (Simulation time: 00 hr 00 min 39 sec)
Heartbeat CPU 0 instructions: 20000004 cycles: 5054422 heartbeat IPC: 4.142 cumulative IPC: 3.957 (Simulation time: 00 hr 01 min 18 sec)
Warmup finished CPU 0 instructions: 20000004 cycles: 5054422 cumulative IPC: 3.957 (Simulation time: 00 hr 01 min 18 sec)
Warmup complete CPU 0 instructions: 20000004 cycles: 5054422 cumulative IPC: 3.957 (Simulation time: 00 hr 01 min 18 sec)
Heartbeat CPU 0 instructions: 30000004 cycles: 14328361 heartbeat IPC: 1.078 cumulative IPC: 1.078 (Simulation time: 00 hr 02 min 32 sec)
Heartbeat CPU 0 instructions: 40000006 cycles: 23509132 heartbeat IPC: 1.089 cumulative IPC: 1.084 (Simulation time: 00 hr 03 min 45 sec)
Heartbeat CPU 0 instructions: 50000008 cycles: 32749213 heartbeat IPC: 1.082 cumulative IPC: 1.083 (Simulation time: 00 hr 05 min 00 sec)
Heartbeat CPU 0 instructions: 60000011 cycles: 41911226 heartbeat IPC: 1.091 cumulative IPC: 1.085 (Simulation time: 00 hr 06 min 12 sec)
Heartbeat CPU 0 instructions: 70000012 cycles: 51153323 heartbeat IPC: 1.082 cumulative IPC: 1.085 (Simulation time: 00 hr 07 min 26 sec)
Heartbeat CPU 0 instructions: 80000015 cycles: 60301970 heartbeat IPC: 1.093 cumulative IPC: 1.086 (Simulation time: 00 hr 08 min 39 sec)
Heartbeat CPU 0 instructions: 90000016 cycles: 69487732 heartbeat IPC: 1.089 cumulative IPC: 1.086 (Simulation time: 00 hr 09 min 42 sec)
Heartbeat CPU 0 instructions: 100000016 cycles: 78682389 heartbeat IPC: 1.088 cumulative IPC: 1.087 (Simulation time: 00 hr 10 min 51 sec)
*** Reached end of trace: (0, "/home/ho/itp_asplos25_AE/traces/qualcomm_srv/srv595_ap.champsimtrace.xz")
Heartbeat CPU 0 instructions: 110000020 cycles: 87659396 heartbeat IPC: 1.114 cumulative IPC: 1.09 (Simulation time: 00 hr 12 min 03 sec)
Simulation finished CPU 0 instructions: 100000000 cycles: 91830947 cumulative IPC: 1.089 (Simulation time: 00 hr 13 min 10 sec)
Simulation complete CPU 0 instructions: 100000000 cycles: 91830947 cumulative IPC: 1.089 (Simulation time: 00 hr 13 min 10 sec)

ChampSim completed all CPUs

=== Simulation ===
CPU 0 runs /home/ho/itp_asplos25_AE/traces/qualcomm_srv/srv595_ap.champsimtrace.xz

Region of Interest Statistics

CPU 0 cumulative IPC: 1.089 instructions: 100000000 cycles: 91830947
CPU 0 Branch Prediction Accuracy: 91% MPKI: 15.85 Average ROB Occupancy at Mispredict: 25.44
Branch type MPKI
BRANCH_DIRECT_JUMP: 0.3789
BRANCH_INDIRECT: 0.4143
BRANCH_CONDITIONAL: 12.93
BRANCH_DIRECT_CALL: 0.9135
BRANCH_INDIRECT_CALL: 0.5971
BRANCH_RETURN: 0.6119


====Backend Stall Breakdown====
ROB_STALL: 139200
LQ_STALL: 0
SQ_STALL: 503691


====ROB Stall Breakdown====

== Average ==
ADDR_TRANS: 130.83928
REPLAY_LOAD: 110.70886
NON_REPLAY_LOAD: 32.76397

== Total ==
ADDR_TRANS: 7327
REPLAY_LOAD: 8746
NON_REPLAY_LOAD: 123127

== Counts ==
ADDR_TRANS: 56
REPLAY_LOAD: 79
NON_REPLAY_LOAD: 3758

cpu0->cpu0_STLB TOTAL        ACCESS:    1843001 HIT:    1838856 MISS:       4145 MSHR_MERGE:          0
cpu0->cpu0_STLB LOAD         ACCESS:    1843001 HIT:    1838856 MISS:       4145 MSHR_MERGE:          0
cpu0->cpu0_STLB RFO          ACCESS:          0 HIT:          0 MISS:          0 MSHR_MERGE:          0
cpu0->cpu0_STLB PREFETCH     ACCESS:          0 HIT:          0 MISS:          0 MSHR_MERGE:          0
cpu0->cpu0_STLB WRITE        ACCESS:          0 HIT:          0 MISS:          0 MSHR_MERGE:          0
cpu0->cpu0_STLB TRANSLATION  ACCESS:          0 HIT:          0 MISS:          0 MSHR_MERGE:          0
cpu0->cpu0_STLB PREFETCH REQUESTED:          0 ISSUED:          0 USEFUL:          0 USELESS:          0
cpu0->cpu0_STLB AVERAGE MISS LATENCY: 219 cycles
cpu0->cpu0_L2C TOTAL        ACCESS:    8258790 HIT:    7009181 MISS:    1249609 MSHR_MERGE:          0
cpu0->cpu0_L2C LOAD         ACCESS:    6715724 HIT:    5664022 MISS:    1051702 MSHR_MERGE:          0
cpu0->cpu0_L2C RFO          ACCESS:     552604 HIT:     387554 MISS:     165050 MSHR_MERGE:          0
cpu0->cpu0_L2C PREFETCH     ACCESS:          0 HIT:          0 MISS:          0 MSHR_MERGE:          0
cpu0->cpu0_L2C WRITE        ACCESS:     982969 HIT:     957037 MISS:      25932 MSHR_MERGE:          0
cpu0->cpu0_L2C TRANSLATION  ACCESS:       7493 HIT:        568 MISS:       6925 MSHR_MERGE:          0
cpu0->cpu0_L2C PREFETCH REQUESTED:          0 ISSUED:          0 USEFUL:          0 USELESS:          0
cpu0->cpu0_L2C AVERAGE MISS LATENCY: 34.42 cycles
cpu0->cpu0_L1I TOTAL        ACCESS:   14887914 HIT:    7988419 MISS:    6899495 MSHR_MERGE:    1629227
cpu0->cpu0_L1I LOAD         ACCESS:   14887914 HIT:    7988419 MISS:    6899495 MSHR_MERGE:    1629227
cpu0->cpu0_L1I RFO          ACCESS:          0 HIT:          0 MISS:          0 MSHR_MERGE:          0
cpu0->cpu0_L1I PREFETCH     ACCESS:          0 HIT:          0 MISS:          0 MSHR_MERGE:          0
cpu0->cpu0_L1I WRITE        ACCESS:          0 HIT:          0 MISS:          0 MSHR_MERGE:          0
cpu0->cpu0_L1I TRANSLATION  ACCESS:          0 HIT:          0 MISS:          0 MSHR_MERGE:          0
cpu0->cpu0_L1I PREFETCH REQUESTED:          0 ISSUED:          0 USEFUL:          0 USELESS:          0
cpu0->cpu0_L1I AVERAGE MISS LATENCY: 15.47 cycles
cpu0->cpu0_L1D TOTAL        ACCESS:   30460517 HIT:   26975457 MISS:    3485060 MSHR_MERGE:    1479505
cpu0->cpu0_L1D LOAD         ACCESS:   17126659 HIT:   15304725 MISS:    1821934 MSHR_MERGE:     376477
cpu0->cpu0_L1D RFO          ACCESS:          0 HIT:          0 MISS:          0 MSHR_MERGE:          0
cpu0->cpu0_L1D PREFETCH     ACCESS:          0 HIT:          0 MISS:          0 MSHR_MERGE:          0
cpu0->cpu0_L1D WRITE        ACCESS:   13325386 HIT:   11669842 MISS:    1655544 MSHR_MERGE:    1102939
cpu0->cpu0_L1D TRANSLATION  ACCESS:       8472 HIT:        890 MISS:       7582 MSHR_MERGE:         89
cpu0->cpu0_L1D PREFETCH REQUESTED:          0 ISSUED:          0 USEFUL:          0 USELESS:          0
cpu0->cpu0_L1D AVERAGE MISS LATENCY: 22.59 cycles
cpu0->cpu0_ITLB TOTAL        ACCESS:   12354265 HIT:   10467579 MISS:    1886686 MSHR_MERGE:     944356
cpu0->cpu0_ITLB LOAD         ACCESS:   12354265 HIT:   10467579 MISS:    1886686 MSHR_MERGE:     944356
cpu0->cpu0_ITLB RFO          ACCESS:          0 HIT:          0 MISS:          0 MSHR_MERGE:          0
cpu0->cpu0_ITLB PREFETCH     ACCESS:          0 HIT:          0 MISS:          0 MSHR_MERGE:          0
cpu0->cpu0_ITLB WRITE        ACCESS:          0 HIT:          0 MISS:          0 MSHR_MERGE:          0
cpu0->cpu0_ITLB TRANSLATION  ACCESS:          0 HIT:          0 MISS:          0 MSHR_MERGE:          0
cpu0->cpu0_ITLB PREFETCH REQUESTED:          0 ISSUED:          0 USEFUL:          0 USELESS:          0
cpu0->cpu0_ITLB AVERAGE MISS LATENCY: 5.08 cycles
cpu0->cpu0_DTLB TOTAL        ACCESS:   28883457 HIT:   27674174 MISS:    1209283 MSHR_MERGE:     308612
cpu0->cpu0_DTLB LOAD         ACCESS:   28883457 HIT:   27674174 MISS:    1209283 MSHR_MERGE:     308612
cpu0->cpu0_DTLB RFO          ACCESS:          0 HIT:          0 MISS:          0 MSHR_MERGE:          0
cpu0->cpu0_DTLB PREFETCH     ACCESS:          0 HIT:          0 MISS:          0 MSHR_MERGE:          0
cpu0->cpu0_DTLB WRITE        ACCESS:          0 HIT:          0 MISS:          0 MSHR_MERGE:          0
cpu0->cpu0_DTLB TRANSLATION  ACCESS:          0 HIT:          0 MISS:          0 MSHR_MERGE:          0
cpu0->cpu0_DTLB PREFETCH REQUESTED:          0 ISSUED:          0 USEFUL:          0 USELESS:          0
cpu0->cpu0_DTLB AVERAGE MISS LATENCY: 5.929 cycles
cpu0->LLC TOTAL        ACCESS:    1491828 HIT:    1439223 MISS:      52605 MSHR_MERGE:          0
cpu0->LLC LOAD         ACCESS:    1051702 HIT:    1031097 MISS:      20605 MSHR_MERGE:          0
cpu0->LLC RFO          ACCESS:     165045 HIT:     137124 MISS:      27921 MSHR_MERGE:          0
cpu0->LLC PREFETCH     ACCESS:          0 HIT:          0 MISS:          0 MSHR_MERGE:          0
cpu0->LLC WRITE        ACCESS:     268156 HIT:     267972 MISS:        184 MSHR_MERGE:          0
cpu0->LLC TRANSLATION  ACCESS:       6925 HIT:       3030 MISS:       3895 MSHR_MERGE:          0
cpu0->LLC PREFETCH REQUESTED:          0 ISSUED:          0 USEFUL:          0 USELESS:          0
cpu0->LLC AVERAGE MISS LATENCY: 121.8 cycles

DRAM Statistics

Channel 0 RQ ROW_BUFFER_HIT:       3482
  ROW_BUFFER_MISS:      48935
  AVG DBUS CONGESTED CYCLE: 3.465
Channel 0 WQ ROW_BUFFER_HIT:        985
  ROW_BUFFER_MISS:      20785
  FULL:          0
Channel 0 REFRESHES ISSUED:       7652

==== TLB→Cache/MEM Breakdown (ROI totals across all caches) ====

DTLB
  (case)                                L1I          L1D          L2C          LLC          MEM
  STLB hit → final level                  0       507418       412867        98954         2611
---------------------------------------------------------------
  STLB miss resolved @ L1D                0            2          186          401          290
  STLB miss resolved @ L2C                0           91          134          277           59
  STLB miss resolved @ LLC                0          138          333         1422          635
  STLB miss resolved @ MEM                0            1          327         2110         2137

ITLB
  (case)                                L1I          L1D          L2C          LLC          MEM
  STLB hit → final level             163515        47295      1223290       167243          423
---------------------------------------------------------------
  STLB miss resolved @ L1D                0            0           55          106           31
  STLB miss resolved @ L2C                0           28           74           34            4
  STLB miss resolved @ LLC                0           67          181          450           68
  STLB miss resolved @ MEM                0            0           67          206          111
[2025-09-17 00:17:32] END   suite=qualcomm_srv trace=srv595_ap (rc=0)
