[2025-09-17 03:16:13] START suite=qualcomm_srv trace=srv743_ap
CMD: ./bin/champsim -w 20000000 -i 100000000 /home/ho/itp_asplos25_AE/traces/qualcomm_srv/srv743_ap.champsimtrace.xz
[VMEM] WARNING: physical memory size is smaller than virtual memory size.

*** ChampSim Multicore Out-of-Order Simulator ***
Warmup Instructions: 20000000
Simulation Instructions: 100000000
Number of CPUs: 1
Page size: 4096

Off-chip DRAM Size: 16 GiB Channels: 1 Width: 64-bit Data Rate: 3205 MT/s
[BTB] WARNING: target of return is a lower address than the corresponding call. This is usually a problem with your trace.
[BTB] WARNING: target of return is a lower address than the corresponding call. This is usually a problem with your trace.
[BTB] WARNING: target of return is a lower address than the corresponding call. This is usually a problem with your trace.
[BTB] WARNING: target of return is a lower address than the corresponding call. This is usually a problem with your trace.
[BTB] WARNING: target of return is a lower address than the corresponding call. This is usually a problem with your trace.
[BTB] WARNING: target of return is a lower address than the corresponding call. This is usually a problem with your trace.
[BTB] WARNING: target of return is a lower address than the corresponding call. This is usually a problem with your trace.
[BTB] WARNING: target of return is a lower address than the corresponding call. This is usually a problem with your trace.
[BTB] WARNING: target of return is a lower address than the corresponding call. This is usually a problem with your trace.
[BTB] WARNING: target of return is a lower address than the corresponding call. This is usually a problem with your trace.
Heartbeat CPU 0 instructions: 10000002 cycles: 2865017 heartbeat IPC: 3.49 cumulative IPC: 3.49 (Simulation time: 00 hr 00 min 38 sec)
Warmup finished CPU 0 instructions: 20000001 cycles: 5333389 cumulative IPC: 3.75 (Simulation time: 00 hr 01 min 13 sec)
Warmup complete CPU 0 instructions: 20000001 cycles: 5333389 cumulative IPC: 3.75 (Simulation time: 00 hr 01 min 13 sec)
Heartbeat CPU 0 instructions: 20000006 cycles: 5333390 heartbeat IPC: 4.051 cumulative IPC: 5 (Simulation time: 00 hr 01 min 13 sec)
Heartbeat CPU 0 instructions: 30000007 cycles: 15967212 heartbeat IPC: 0.9404 cumulative IPC: 0.9404 (Simulation time: 00 hr 02 min 35 sec)
Heartbeat CPU 0 instructions: 40000010 cycles: 26833590 heartbeat IPC: 0.9203 cumulative IPC: 0.9302 (Simulation time: 00 hr 03 min 57 sec)
Heartbeat CPU 0 instructions: 50000012 cycles: 37470056 heartbeat IPC: 0.9402 cumulative IPC: 0.9335 (Simulation time: 00 hr 05 min 18 sec)
Heartbeat CPU 0 instructions: 60000012 cycles: 54474906 heartbeat IPC: 0.5881 cumulative IPC: 0.814 (Simulation time: 00 hr 07 min 24 sec)
Heartbeat CPU 0 instructions: 70000013 cycles: 72345982 heartbeat IPC: 0.5596 cumulative IPC: 0.7461 (Simulation time: 00 hr 09 min 33 sec)
Heartbeat CPU 0 instructions: 80000016 cycles: 82892679 heartbeat IPC: 0.9482 cumulative IPC: 0.7736 (Simulation time: 00 hr 10 min 46 sec)
Heartbeat CPU 0 instructions: 90000016 cycles: 93717139 heartbeat IPC: 0.9238 cumulative IPC: 0.792 (Simulation time: 00 hr 12 min 05 sec)
Heartbeat CPU 0 instructions: 100000019 cycles: 104334839 heartbeat IPC: 0.9418 cumulative IPC: 0.8081 (Simulation time: 00 hr 13 min 24 sec)
*** Reached end of trace: (0, "/home/ho/itp_asplos25_AE/traces/qualcomm_srv/srv743_ap.champsimtrace.xz")
Heartbeat CPU 0 instructions: 110000022 cycles: 114450791 heartbeat IPC: 0.9885 cumulative IPC: 0.8248 (Simulation time: 00 hr 14 min 40 sec)
Simulation finished CPU 0 instructions: 100000000 cycles: 119743435 cumulative IPC: 0.8351 (Simulation time: 00 hr 15 min 59 sec)
Simulation complete CPU 0 instructions: 100000000 cycles: 119743435 cumulative IPC: 0.8351 (Simulation time: 00 hr 15 min 59 sec)

ChampSim completed all CPUs

=== Simulation ===
CPU 0 runs /home/ho/itp_asplos25_AE/traces/qualcomm_srv/srv743_ap.champsimtrace.xz

Region of Interest Statistics

CPU 0 cumulative IPC: 0.8351 instructions: 100000000 cycles: 119743435
CPU 0 Branch Prediction Accuracy: 94.12% MPKI: 11.29 Average ROB Occupancy at Mispredict: 39.26
Branch type MPKI
BRANCH_DIRECT_JUMP: 0.2693
BRANCH_INDIRECT: 0.1794
BRANCH_CONDITIONAL: 9.868
BRANCH_DIRECT_CALL: 0.4749
BRANCH_INDIRECT_CALL: 0.1031
BRANCH_RETURN: 0.3965


====Backend Stall Breakdown====
ROB_STALL: 1842778
LQ_STALL: 7150845
SQ_STALL: 434001


====ROB Stall Breakdown====

== Average ==
ADDR_TRANS: 228.04324
REPLAY_LOAD: 84.99144
NON_REPLAY_LOAD: 12.691072

== Total ==
ADDR_TRANS: 411390
REPLAY_LOAD: 228287
NON_REPLAY_LOAD: 1203101

== Counts ==
ADDR_TRANS: 1804
REPLAY_LOAD: 2686
NON_REPLAY_LOAD: 94799

cpu0->cpu0_STLB TOTAL        ACCESS:    2518377 HIT:    2330013 MISS:     188364 MSHR_MERGE:          0
cpu0->cpu0_STLB LOAD         ACCESS:    2518377 HIT:    2330013 MISS:     188364 MSHR_MERGE:          0
cpu0->cpu0_STLB RFO          ACCESS:          0 HIT:          0 MISS:          0 MSHR_MERGE:          0
cpu0->cpu0_STLB PREFETCH     ACCESS:          0 HIT:          0 MISS:          0 MSHR_MERGE:          0
cpu0->cpu0_STLB WRITE        ACCESS:          0 HIT:          0 MISS:          0 MSHR_MERGE:          0
cpu0->cpu0_STLB TRANSLATION  ACCESS:          0 HIT:          0 MISS:          0 MSHR_MERGE:          0
cpu0->cpu0_STLB PREFETCH REQUESTED:          0 ISSUED:          0 USEFUL:          0 USELESS:          0
cpu0->cpu0_STLB AVERAGE MISS LATENCY: 115 cycles
cpu0->cpu0_L2C TOTAL        ACCESS:    5999106 HIT:    4028445 MISS:    1970661 MSHR_MERGE:          0
cpu0->cpu0_L2C LOAD         ACCESS:    4925095 HIT:    3391200 MISS:    1533895 MSHR_MERGE:          0
cpu0->cpu0_L2C RFO          ACCESS:     187201 HIT:      91062 MISS:      96139 MSHR_MERGE:          0
cpu0->cpu0_L2C PREFETCH     ACCESS:          0 HIT:          0 MISS:          0 MSHR_MERGE:          0
cpu0->cpu0_L2C WRITE        ACCESS:     497931 HIT:     496648 MISS:       1283 MSHR_MERGE:          0
cpu0->cpu0_L2C TRANSLATION  ACCESS:     388879 HIT:      49535 MISS:     339344 MSHR_MERGE:          0
cpu0->cpu0_L2C PREFETCH REQUESTED:          0 ISSUED:          0 USEFUL:          0 USELESS:          0
cpu0->cpu0_L2C AVERAGE MISS LATENCY: 39.42 cycles
cpu0->cpu0_L1I TOTAL        ACCESS:   13751507 HIT:   10660180 MISS:    3091327 MSHR_MERGE:     831586
cpu0->cpu0_L1I LOAD         ACCESS:   13751507 HIT:   10660180 MISS:    3091327 MSHR_MERGE:     831586
cpu0->cpu0_L1I RFO          ACCESS:          0 HIT:          0 MISS:          0 MSHR_MERGE:          0
cpu0->cpu0_L1I PREFETCH     ACCESS:          0 HIT:          0 MISS:          0 MSHR_MERGE:          0
cpu0->cpu0_L1I WRITE        ACCESS:          0 HIT:          0 MISS:          0 MSHR_MERGE:          0
cpu0->cpu0_L1I TRANSLATION  ACCESS:          0 HIT:          0 MISS:          0 MSHR_MERGE:          0
cpu0->cpu0_L1I PREFETCH REQUESTED:          0 ISSUED:          0 USEFUL:          0 USELESS:          0
cpu0->cpu0_L1I AVERAGE MISS LATENCY: 25.47 cycles
cpu0->cpu0_L1D TOTAL        ACCESS:   26806023 HIT:   22948666 MISS:    3857357 MSHR_MERGE:     615921
cpu0->cpu0_L1D LOAD         ACCESS:   16664814 HIT:   13663981 MISS:    3000833 MSHR_MERGE:     335480
cpu0->cpu0_L1D RFO          ACCESS:          0 HIT:          0 MISS:          0 MSHR_MERGE:          0
cpu0->cpu0_L1D PREFETCH     ACCESS:          0 HIT:          0 MISS:          0 MSHR_MERGE:          0
cpu0->cpu0_L1D WRITE        ACCESS:    9711729 HIT:    9247414 MISS:     464315 MSHR_MERGE:     277111
cpu0->cpu0_L1D TRANSLATION  ACCESS:     429480 HIT:      37271 MISS:     392209 MSHR_MERGE:       3330
cpu0->cpu0_L1D PREFETCH REQUESTED:          0 ISSUED:          0 USEFUL:          0 USELESS:          0
cpu0->cpu0_L1D AVERAGE MISS LATENCY: 25.18 cycles
cpu0->cpu0_ITLB TOTAL        ACCESS:   11324733 HIT:   10612724 MISS:     712009 MSHR_MERGE:     367940
cpu0->cpu0_ITLB LOAD         ACCESS:   11324733 HIT:   10612724 MISS:     712009 MSHR_MERGE:     367940
cpu0->cpu0_ITLB RFO          ACCESS:          0 HIT:          0 MISS:          0 MSHR_MERGE:          0
cpu0->cpu0_ITLB PREFETCH     ACCESS:          0 HIT:          0 MISS:          0 MSHR_MERGE:          0
cpu0->cpu0_ITLB WRITE        ACCESS:          0 HIT:          0 MISS:          0 MSHR_MERGE:          0
cpu0->cpu0_ITLB TRANSLATION  ACCESS:          0 HIT:          0 MISS:          0 MSHR_MERGE:          0
cpu0->cpu0_ITLB PREFETCH REQUESTED:          0 ISSUED:          0 USEFUL:          0 USELESS:          0
cpu0->cpu0_ITLB AVERAGE MISS LATENCY: 23.66 cycles
cpu0->cpu0_DTLB TOTAL        ACCESS:   25321376 HIT:   22228292 MISS:    3093084 MSHR_MERGE:     918776
cpu0->cpu0_DTLB LOAD         ACCESS:   25321376 HIT:   22228292 MISS:    3093084 MSHR_MERGE:     918776
cpu0->cpu0_DTLB RFO          ACCESS:          0 HIT:          0 MISS:          0 MSHR_MERGE:          0
cpu0->cpu0_DTLB PREFETCH     ACCESS:          0 HIT:          0 MISS:          0 MSHR_MERGE:          0
cpu0->cpu0_DTLB WRITE        ACCESS:          0 HIT:          0 MISS:          0 MSHR_MERGE:          0
cpu0->cpu0_DTLB TRANSLATION  ACCESS:          0 HIT:          0 MISS:          0 MSHR_MERGE:          0
cpu0->cpu0_DTLB PREFETCH REQUESTED:          0 ISSUED:          0 USEFUL:          0 USELESS:          0
cpu0->cpu0_DTLB AVERAGE MISS LATENCY: 11.78 cycles
cpu0->LLC TOTAL        ACCESS:    2242825 HIT:    2026309 MISS:     216516 MSHR_MERGE:          0
cpu0->LLC LOAD         ACCESS:    1533895 HIT:    1388559 MISS:     145336 MSHR_MERGE:          0
cpu0->LLC RFO          ACCESS:      96139 HIT:      71449 MISS:      24690 MSHR_MERGE:          0
cpu0->LLC PREFETCH     ACCESS:          0 HIT:          0 MISS:          0 MSHR_MERGE:          0
cpu0->LLC WRITE        ACCESS:     273447 HIT:     273235 MISS:        212 MSHR_MERGE:          0
cpu0->LLC TRANSLATION  ACCESS:     339344 HIT:     293066 MISS:      46278 MSHR_MERGE:          0
cpu0->LLC PREFETCH REQUESTED:          0 ISSUED:          0 USEFUL:          0 USELESS:          0
cpu0->LLC AVERAGE MISS LATENCY: 92.54 cycles

DRAM Statistics

Channel 0 RQ ROW_BUFFER_HIT:       4540
  ROW_BUFFER_MISS:     211763
  AVG DBUS CONGESTED CYCLE: 7.505
Channel 0 WQ ROW_BUFFER_HIT:      16103
  ROW_BUFFER_MISS:      85224
  FULL:          0
Channel 0 REFRESHES ISSUED:       9979

==== TLB→Cache/MEM Breakdown (ROI totals across all caches) ====

DTLB
  (case)                                L1I          L1D          L2C          LLC          MEM
  STLB hit → final level                  0      1425958      1220387       128433         8249
---------------------------------------------------------------
  STLB miss resolved @ L1D                0          834         7621        43452         7820
  STLB miss resolved @ L2C                0         1387        13403        40623         3898
  STLB miss resolved @ LLC                0         1318        27494       147910        15393
  STLB miss resolved @ MEM                0          207         4677        24148        23212

ITLB
  (case)                                L1I          L1D          L2C          LLC          MEM
  STLB hit → final level              91859        13073       281113       122882         3351
---------------------------------------------------------------
  STLB miss resolved @ L1D                0          363         2678        18627         1101
  STLB miss resolved @ L2C                0          101         4303        13084          475
  STLB miss resolved @ LLC                0          633        14202       112124         2851
  STLB miss resolved @ MEM                0           45         2301        12838         3178
[2025-09-17 03:32:13] END   suite=qualcomm_srv trace=srv743_ap (rc=0)
