[2025-09-17 09:29:18] START suite=qualcomm_srv trace=srv739_ap
CMD: ./bin/champsim -w 20000000 -i 100000000 /home/ho/itp_asplos25_AE/traces/qualcomm_srv/srv739_ap.champsimtrace.xz
[VMEM] WARNING: physical memory size is smaller than virtual memory size.

*** ChampSim Multicore Out-of-Order Simulator ***
Warmup Instructions: 20000000
Simulation Instructions: 100000000
Number of CPUs: 1
Page size: 4096

Off-chip DRAM Size: 16 GiB Channels: 1 Width: 64-bit Data Rate: 3205 MT/s
[BTB] WARNING: target of return is a lower address than the corresponding call. This is usually a problem with your trace.
[BTB] WARNING: target of return is a lower address than the corresponding call. This is usually a problem with your trace.
[BTB] WARNING: target of return is a lower address than the corresponding call. This is usually a problem with your trace.
[BTB] WARNING: target of return is a lower address than the corresponding call. This is usually a problem with your trace.
[BTB] WARNING: target of return is a lower address than the corresponding call. This is usually a problem with your trace.
[BTB] WARNING: target of return is a lower address than the corresponding call. This is usually a problem with your trace.
[BTB] WARNING: target of return is a lower address than the corresponding call. This is usually a problem with your trace.
[BTB] WARNING: target of return is a lower address than the corresponding call. This is usually a problem with your trace.
[BTB] WARNING: target of return is a lower address than the corresponding call. This is usually a problem with your trace.
[BTB] WARNING: target of return is a lower address than the corresponding call. This is usually a problem with your trace.
Heartbeat CPU 0 instructions: 10000003 cycles: 2821457 heartbeat IPC: 3.544 cumulative IPC: 3.544 (Simulation time: 00 hr 00 min 37 sec)
Warmup finished CPU 0 instructions: 20000001 cycles: 5424954 cumulative IPC: 3.687 (Simulation time: 00 hr 01 min 15 sec)
Warmup complete CPU 0 instructions: 20000001 cycles: 5424954 cumulative IPC: 3.687 (Simulation time: 00 hr 01 min 15 sec)
Heartbeat CPU 0 instructions: 20000006 cycles: 5424955 heartbeat IPC: 3.841 cumulative IPC: 5 (Simulation time: 00 hr 01 min 15 sec)
Heartbeat CPU 0 instructions: 30000007 cycles: 11195707 heartbeat IPC: 1.733 cumulative IPC: 1.733 (Simulation time: 00 hr 02 min 16 sec)
Heartbeat CPU 0 instructions: 40000008 cycles: 16838301 heartbeat IPC: 1.772 cumulative IPC: 1.752 (Simulation time: 00 hr 03 min 16 sec)
Heartbeat CPU 0 instructions: 50000011 cycles: 22463881 heartbeat IPC: 1.778 cumulative IPC: 1.761 (Simulation time: 00 hr 04 min 14 sec)
Heartbeat CPU 0 instructions: 60000015 cycles: 28032404 heartbeat IPC: 1.796 cumulative IPC: 1.769 (Simulation time: 00 hr 05 min 08 sec)
Heartbeat CPU 0 instructions: 70000019 cycles: 33627823 heartbeat IPC: 1.787 cumulative IPC: 1.773 (Simulation time: 00 hr 06 min 08 sec)
Heartbeat CPU 0 instructions: 80000019 cycles: 39227384 heartbeat IPC: 1.786 cumulative IPC: 1.775 (Simulation time: 00 hr 07 min 07 sec)
Heartbeat CPU 0 instructions: 90000021 cycles: 44780973 heartbeat IPC: 1.801 cumulative IPC: 1.779 (Simulation time: 00 hr 08 min 06 sec)
*** Reached end of trace: (0, "/home/ho/itp_asplos25_AE/traces/qualcomm_srv/srv739_ap.champsimtrace.xz")
Heartbeat CPU 0 instructions: 100000022 cycles: 50629635 heartbeat IPC: 1.71 cumulative IPC: 1.77 (Simulation time: 00 hr 09 min 04 sec)
Heartbeat CPU 0 instructions: 110000025 cycles: 56302200 heartbeat IPC: 1.763 cumulative IPC: 1.769 (Simulation time: 00 hr 10 min 01 sec)
Simulation finished CPU 0 instructions: 100000000 cycles: 56505477 cumulative IPC: 1.77 (Simulation time: 00 hr 11 min 00 sec)
Simulation complete CPU 0 instructions: 100000000 cycles: 56505477 cumulative IPC: 1.77 (Simulation time: 00 hr 11 min 00 sec)

ChampSim completed all CPUs

=== Simulation ===
CPU 0 runs /home/ho/itp_asplos25_AE/traces/qualcomm_srv/srv739_ap.champsimtrace.xz

Region of Interest Statistics

CPU 0 cumulative IPC: 1.77 instructions: 100000000 cycles: 56505477
CPU 0 Branch Prediction Accuracy: 96.87% MPKI: 5.383 Average ROB Occupancy at Mispredict: 70.35
Branch type MPKI
BRANCH_DIRECT_JUMP: 0.00195
BRANCH_INDIRECT: 0.0608
BRANCH_CONDITIONAL: 4.984
BRANCH_DIRECT_CALL: 0.00548
BRANCH_INDIRECT_CALL: 0.303
BRANCH_RETURN: 0.02739


====Backend Stall Breakdown====
ROB_STALL: 494138
LQ_STALL: 0
SQ_STALL: 47481


====ROB Stall Breakdown====

== Average ==
ADDR_TRANS: 160.64767
REPLAY_LOAD: 55.868572
NON_REPLAY_LOAD: 25.050644

== Total ==
ADDR_TRANS: 31005
REPLAY_LOAD: 29331
NON_REPLAY_LOAD: 433802

== Counts ==
ADDR_TRANS: 193
REPLAY_LOAD: 525
NON_REPLAY_LOAD: 17317

cpu0->cpu0_STLB TOTAL        ACCESS:    2197971 HIT:    2186836 MISS:      11135 MSHR_MERGE:          0
cpu0->cpu0_STLB LOAD         ACCESS:    2197971 HIT:    2186836 MISS:      11135 MSHR_MERGE:          0
cpu0->cpu0_STLB RFO          ACCESS:          0 HIT:          0 MISS:          0 MSHR_MERGE:          0
cpu0->cpu0_STLB PREFETCH     ACCESS:          0 HIT:          0 MISS:          0 MSHR_MERGE:          0
cpu0->cpu0_STLB WRITE        ACCESS:          0 HIT:          0 MISS:          0 MSHR_MERGE:          0
cpu0->cpu0_STLB TRANSLATION  ACCESS:          0 HIT:          0 MISS:          0 MSHR_MERGE:          0
cpu0->cpu0_STLB PREFETCH REQUESTED:          0 ISSUED:          0 USEFUL:          0 USELESS:          0
cpu0->cpu0_STLB AVERAGE MISS LATENCY: 268.2 cycles
cpu0->cpu0_L2C TOTAL        ACCESS:    9037287 HIT:    8648143 MISS:     389144 MSHR_MERGE:          0
cpu0->cpu0_L2C LOAD         ACCESS:    8459062 HIT:    8145357 MISS:     313705 MSHR_MERGE:          0
cpu0->cpu0_L2C RFO          ACCESS:     105873 HIT:      53869 MISS:      52004 MSHR_MERGE:          0
cpu0->cpu0_L2C PREFETCH     ACCESS:          0 HIT:          0 MISS:          0 MSHR_MERGE:          0
cpu0->cpu0_L2C WRITE        ACCESS:     447738 HIT:     446533 MISS:       1205 MSHR_MERGE:          0
cpu0->cpu0_L2C TRANSLATION  ACCESS:      24614 HIT:       2384 MISS:      22230 MSHR_MERGE:          0
cpu0->cpu0_L2C PREFETCH REQUESTED:          0 ISSUED:          0 USEFUL:          0 USELESS:          0
cpu0->cpu0_L2C AVERAGE MISS LATENCY: -7.407e+08 cycles
cpu0->cpu0_L1I TOTAL        ACCESS:   17225142 HIT:    6326679 MISS:   10898463 MSHR_MERGE:    3180467
cpu0->cpu0_L1I LOAD         ACCESS:   17225142 HIT:    6326679 MISS:   10898463 MSHR_MERGE:    3180467
cpu0->cpu0_L1I RFO          ACCESS:          0 HIT:          0 MISS:          0 MSHR_MERGE:          0
cpu0->cpu0_L1I PREFETCH     ACCESS:          0 HIT:          0 MISS:          0 MSHR_MERGE:          0
cpu0->cpu0_L1I WRITE        ACCESS:          0 HIT:          0 MISS:          0 MSHR_MERGE:          0
cpu0->cpu0_L1I TRANSLATION  ACCESS:          0 HIT:          0 MISS:          0 MSHR_MERGE:          0
cpu0->cpu0_L1I PREFETCH REQUESTED:          0 ISSUED:          0 USEFUL:          0 USELESS:          0
cpu0->cpu0_L1I AVERAGE MISS LATENCY: 11.32 cycles
cpu0->cpu0_L1D TOTAL        ACCESS:   26891463 HIT:   25420540 MISS:    1470923 MSHR_MERGE:     599365
cpu0->cpu0_L1D LOAD         ACCESS:   14667915 HIT:   13515690 MISS:    1152225 MSHR_MERGE:     411156
cpu0->cpu0_L1D RFO          ACCESS:          0 HIT:          0 MISS:          0 MSHR_MERGE:          0
cpu0->cpu0_L1D PREFETCH     ACCESS:          0 HIT:          0 MISS:          0 MSHR_MERGE:          0
cpu0->cpu0_L1D WRITE        ACCESS:   12197404 HIT:   11904043 MISS:     293361 MSHR_MERGE:     187486
cpu0->cpu0_L1D TRANSLATION  ACCESS:      26144 HIT:        807 MISS:      25337 MSHR_MERGE:        723
cpu0->cpu0_L1D PREFETCH REQUESTED:          0 ISSUED:          0 USEFUL:          0 USELESS:          0
cpu0->cpu0_L1D AVERAGE MISS LATENCY: 29.1 cycles
cpu0->cpu0_ITLB TOTAL        ACCESS:   13868656 HIT:   11180882 MISS:    2687774 MSHR_MERGE:    1481489
cpu0->cpu0_ITLB LOAD         ACCESS:   13868656 HIT:   11180882 MISS:    2687774 MSHR_MERGE:    1481489
cpu0->cpu0_ITLB RFO          ACCESS:          0 HIT:          0 MISS:          0 MSHR_MERGE:          0
cpu0->cpu0_ITLB PREFETCH     ACCESS:          0 HIT:          0 MISS:          0 MSHR_MERGE:          0
cpu0->cpu0_ITLB WRITE        ACCESS:          0 HIT:          0 MISS:          0 MSHR_MERGE:          0
cpu0->cpu0_ITLB TRANSLATION  ACCESS:          0 HIT:          0 MISS:          0 MSHR_MERGE:          0
cpu0->cpu0_ITLB PREFETCH REQUESTED:          0 ISSUED:          0 USEFUL:          0 USELESS:          0
cpu0->cpu0_ITLB AVERAGE MISS LATENCY: 5.076 cycles
cpu0->cpu0_DTLB TOTAL        ACCESS:   25136419 HIT:   23615067 MISS:    1521352 MSHR_MERGE:     529666
cpu0->cpu0_DTLB LOAD         ACCESS:   25136419 HIT:   23615067 MISS:    1521352 MSHR_MERGE:     529666
cpu0->cpu0_DTLB RFO          ACCESS:          0 HIT:          0 MISS:          0 MSHR_MERGE:          0
cpu0->cpu0_DTLB PREFETCH     ACCESS:          0 HIT:          0 MISS:          0 MSHR_MERGE:          0
cpu0->cpu0_DTLB WRITE        ACCESS:          0 HIT:          0 MISS:          0 MSHR_MERGE:          0
cpu0->cpu0_DTLB TRANSLATION  ACCESS:          0 HIT:          0 MISS:          0 MSHR_MERGE:          0
cpu0->cpu0_DTLB PREFETCH REQUESTED:          0 ISSUED:          0 USEFUL:          0 USELESS:          0
cpu0->cpu0_DTLB AVERAGE MISS LATENCY: 7.902 cycles
cpu0->LLC TOTAL        ACCESS:     600658 HIT:     546084 MISS:      54574 MSHR_MERGE:          0
cpu0->LLC LOAD         ACCESS:     313705 HIT:     282670 MISS:      31035 MSHR_MERGE:          0
cpu0->LLC RFO          ACCESS:      52004 HIT:      41294 MISS:      10710 MSHR_MERGE:          0
cpu0->LLC PREFETCH     ACCESS:          0 HIT:          0 MISS:          0 MSHR_MERGE:          0
cpu0->LLC WRITE        ACCESS:     212719 HIT:     212232 MISS:        487 MSHR_MERGE:          0
cpu0->LLC TRANSLATION  ACCESS:      22230 HIT:       9888 MISS:      12342 MSHR_MERGE:          0
cpu0->LLC PREFETCH REQUESTED:          0 ISSUED:          0 USEFUL:          0 USELESS:          0
cpu0->LLC AVERAGE MISS LATENCY: 85.08 cycles

DRAM Statistics

Channel 0 RQ ROW_BUFFER_HIT:        958
  ROW_BUFFER_MISS:      53109
  AVG DBUS CONGESTED CYCLE: 5.528
Channel 0 WQ ROW_BUFFER_HIT:       1159
  ROW_BUFFER_MISS:      13082
  FULL:          0
Channel 0 REFRESHES ISSUED:       4708

==== TLB→Cache/MEM Breakdown (ROI totals across all caches) ====

DTLB
  (case)                                L1I          L1D          L2C          LLC          MEM
  STLB hit → final level                  0      1027043       154667        74296        12328
---------------------------------------------------------------
  STLB miss resolved @ L1D                0            2           37          561          541
  STLB miss resolved @ L2C                0           45          163         1038         2737
  STLB miss resolved @ LLC                0          114          684         2791         7845
  STLB miss resolved @ MEM                0            2          911         5493        11122

ITLB
  (case)                                L1I          L1D          L2C          LLC          MEM
  STLB hit → final level             255664        41948      1780930         7362          184
---------------------------------------------------------------
  STLB miss resolved @ L1D                0            1           78           64           56
  STLB miss resolved @ L2C                0           41           95           83           10
  STLB miss resolved @ LLC                0           22          135          183           38
  STLB miss resolved @ MEM                0            6           15           52          207
[2025-09-17 09:40:18] END   suite=qualcomm_srv trace=srv739_ap (rc=0)
