[2025-09-15 22:11:05] START suite=qualcomm_srv trace=srv182_ap
CMD: ./bin/champsim -w 20000000 -i 100000000 /home/ho/itp_asplos25_AE/traces/qualcomm_srv/srv182_ap.champsimtrace.xz
[VMEM] WARNING: physical memory size is smaller than virtual memory size.

*** ChampSim Multicore Out-of-Order Simulator ***
Warmup Instructions: 20000000
Simulation Instructions: 100000000
Number of CPUs: 1
Page size: 4096

Off-chip DRAM Size: 16 GiB Channels: 1 Width: 64-bit Data Rate: 3205 MT/s
[BTB] WARNING: target of return is a lower address than the corresponding call. This is usually a problem with your trace.
[BTB] WARNING: target of return is a lower address than the corresponding call. This is usually a problem with your trace.
[BTB] WARNING: target of return is a lower address than the corresponding call. This is usually a problem with your trace.
[BTB] WARNING: target of return is a lower address than the corresponding call. This is usually a problem with your trace.
[BTB] WARNING: target of return is a lower address than the corresponding call. This is usually a problem with your trace.
[BTB] WARNING: target of return is a lower address than the corresponding call. This is usually a problem with your trace.
[BTB] WARNING: target of return is a lower address than the corresponding call. This is usually a problem with your trace.
[BTB] WARNING: target of return is a lower address than the corresponding call. This is usually a problem with your trace.
[BTB] WARNING: target of return is a lower address than the corresponding call. This is usually a problem with your trace.
[BTB] WARNING: target of return is a lower address than the corresponding call. This is usually a problem with your trace.
Heartbeat CPU 0 instructions: 10000002 cycles: 2797376 heartbeat IPC: 3.575 cumulative IPC: 3.575 (Simulation time: 00 hr 00 min 40 sec)
Heartbeat CPU 0 instructions: 20000004 cycles: 5370192 heartbeat IPC: 3.887 cumulative IPC: 3.724 (Simulation time: 00 hr 01 min 19 sec)
Warmup finished CPU 0 instructions: 20000004 cycles: 5370192 cumulative IPC: 3.724 (Simulation time: 00 hr 01 min 19 sec)
Warmup complete CPU 0 instructions: 20000004 cycles: 5370192 cumulative IPC: 3.724 (Simulation time: 00 hr 01 min 19 sec)
Heartbeat CPU 0 instructions: 30000008 cycles: 14798715 heartbeat IPC: 1.061 cumulative IPC: 1.061 (Simulation time: 00 hr 02 min 32 sec)
Heartbeat CPU 0 instructions: 40000008 cycles: 24101526 heartbeat IPC: 1.075 cumulative IPC: 1.068 (Simulation time: 00 hr 03 min 49 sec)
Heartbeat CPU 0 instructions: 50000008 cycles: 33307134 heartbeat IPC: 1.086 cumulative IPC: 1.074 (Simulation time: 00 hr 04 min 59 sec)
Heartbeat CPU 0 instructions: 60000008 cycles: 42520580 heartbeat IPC: 1.085 cumulative IPC: 1.077 (Simulation time: 00 hr 06 min 09 sec)
Heartbeat CPU 0 instructions: 70000010 cycles: 51659168 heartbeat IPC: 1.094 cumulative IPC: 1.08 (Simulation time: 00 hr 07 min 13 sec)
Heartbeat CPU 0 instructions: 80000014 cycles: 60730339 heartbeat IPC: 1.102 cumulative IPC: 1.084 (Simulation time: 00 hr 08 min 16 sec)
*** Reached end of trace: (0, "/home/ho/itp_asplos25_AE/traces/qualcomm_srv/srv182_ap.champsimtrace.xz")
Heartbeat CPU 0 instructions: 90000015 cycles: 69899374 heartbeat IPC: 1.091 cumulative IPC: 1.085 (Simulation time: 00 hr 09 min 30 sec)
Heartbeat CPU 0 instructions: 100000019 cycles: 79100873 heartbeat IPC: 1.087 cumulative IPC: 1.085 (Simulation time: 00 hr 10 min 47 sec)
Heartbeat CPU 0 instructions: 110000021 cycles: 88251732 heartbeat IPC: 1.093 cumulative IPC: 1.086 (Simulation time: 00 hr 12 min 03 sec)
Simulation finished CPU 0 instructions: 100000000 cycles: 92007596 cumulative IPC: 1.087 (Simulation time: 00 hr 13 min 21 sec)
Simulation complete CPU 0 instructions: 100000000 cycles: 92007596 cumulative IPC: 1.087 (Simulation time: 00 hr 13 min 21 sec)

ChampSim completed all CPUs

=== Simulation ===
CPU 0 runs /home/ho/itp_asplos25_AE/traces/qualcomm_srv/srv182_ap.champsimtrace.xz

Region of Interest Statistics

CPU 0 cumulative IPC: 1.087 instructions: 100000000 cycles: 92007596
CPU 0 Branch Prediction Accuracy: 92.46% MPKI: 13.6 Average ROB Occupancy at Mispredict: 30.67
Branch type MPKI
BRANCH_DIRECT_JUMP: 0.0676
BRANCH_INDIRECT: 0.3315
BRANCH_CONDITIONAL: 11.95
BRANCH_DIRECT_CALL: 0.3984
BRANCH_INDIRECT_CALL: 0.4737
BRANCH_RETURN: 0.3728


====Backend Stall Breakdown====
ROB_STALL: 218089
LQ_STALL: 0
SQ_STALL: 936391


====ROB Stall Breakdown====

== Average ==
ADDR_TRANS: 120.720535
REPLAY_LOAD: 44.20934
NON_REPLAY_LOAD: 15.850392

== Total ==
ADDR_TRANS: 63499
REPLAY_LOAD: 27454
NON_REPLAY_LOAD: 127136

== Counts ==
ADDR_TRANS: 526
REPLAY_LOAD: 621
NON_REPLAY_LOAD: 8021

cpu0->cpu0_STLB TOTAL        ACCESS:    2063469 HIT:    2038496 MISS:      24973 MSHR_MERGE:          0
cpu0->cpu0_STLB LOAD         ACCESS:    2063469 HIT:    2038496 MISS:      24973 MSHR_MERGE:          0
cpu0->cpu0_STLB RFO          ACCESS:          0 HIT:          0 MISS:          0 MSHR_MERGE:          0
cpu0->cpu0_STLB PREFETCH     ACCESS:          0 HIT:          0 MISS:          0 MSHR_MERGE:          0
cpu0->cpu0_STLB WRITE        ACCESS:          0 HIT:          0 MISS:          0 MSHR_MERGE:          0
cpu0->cpu0_STLB TRANSLATION  ACCESS:          0 HIT:          0 MISS:          0 MSHR_MERGE:          0
cpu0->cpu0_STLB PREFETCH REQUESTED:          0 ISSUED:          0 USEFUL:          0 USELESS:          0
cpu0->cpu0_STLB AVERAGE MISS LATENCY: 201.3 cycles
cpu0->cpu0_L2C TOTAL        ACCESS:    9430888 HIT:    8494690 MISS:     936198 MSHR_MERGE:          0
cpu0->cpu0_L2C LOAD         ACCESS:    7660875 HIT:    6862115 MISS:     798760 MSHR_MERGE:          0
cpu0->cpu0_L2C RFO          ACCESS:     587341 HIT:     506514 MISS:      80827 MSHR_MERGE:          0
cpu0->cpu0_L2C PREFETCH     ACCESS:          0 HIT:          0 MISS:          0 MSHR_MERGE:          0
cpu0->cpu0_L2C WRITE        ACCESS:    1124059 HIT:    1114884 MISS:       9175 MSHR_MERGE:          0
cpu0->cpu0_L2C TRANSLATION  ACCESS:      58613 HIT:      11177 MISS:      47436 MSHR_MERGE:          0
cpu0->cpu0_L2C PREFETCH REQUESTED:          0 ISSUED:          0 USEFUL:          0 USELESS:          0
cpu0->cpu0_L2C AVERAGE MISS LATENCY: 38.15 cycles
cpu0->cpu0_L1I TOTAL        ACCESS:   15046650 HIT:    7627033 MISS:    7419617 MSHR_MERGE:    1828264
cpu0->cpu0_L1I LOAD         ACCESS:   15046650 HIT:    7627033 MISS:    7419617 MSHR_MERGE:    1828264
cpu0->cpu0_L1I RFO          ACCESS:          0 HIT:          0 MISS:          0 MSHR_MERGE:          0
cpu0->cpu0_L1I PREFETCH     ACCESS:          0 HIT:          0 MISS:          0 MSHR_MERGE:          0
cpu0->cpu0_L1I WRITE        ACCESS:          0 HIT:          0 MISS:          0 MSHR_MERGE:          0
cpu0->cpu0_L1I TRANSLATION  ACCESS:          0 HIT:          0 MISS:          0 MSHR_MERGE:          0
cpu0->cpu0_L1I PREFETCH REQUESTED:          0 ISSUED:          0 USEFUL:          0 USELESS:          0
cpu0->cpu0_L1I AVERAGE MISS LATENCY: 14.08 cycles
cpu0->cpu0_L1D TOTAL        ACCESS:   29589765 HIT:   25173491 MISS:    4416274 MSHR_MERGE:    1700795
cpu0->cpu0_L1D LOAD         ACCESS:   16439520 HIT:   13847454 MISS:    2592066 MSHR_MERGE:     522544
cpu0->cpu0_L1D RFO          ACCESS:          0 HIT:          0 MISS:          0 MSHR_MERGE:          0
cpu0->cpu0_L1D PREFETCH     ACCESS:          0 HIT:          0 MISS:          0 MSHR_MERGE:          0
cpu0->cpu0_L1D WRITE        ACCESS:   13087991 HIT:   11322533 MISS:    1765458 MSHR_MERGE:    1178114
cpu0->cpu0_L1D TRANSLATION  ACCESS:      62254 HIT:       3504 MISS:      58750 MSHR_MERGE:        137
cpu0->cpu0_L1D PREFETCH REQUESTED:          0 ISSUED:          0 USEFUL:          0 USELESS:          0
cpu0->cpu0_L1D AVERAGE MISS LATENCY: 19.91 cycles
cpu0->cpu0_ITLB TOTAL        ACCESS:   12356918 HIT:   10299566 MISS:    2057352 MSHR_MERGE:    1030584
cpu0->cpu0_ITLB LOAD         ACCESS:   12356918 HIT:   10299566 MISS:    2057352 MSHR_MERGE:    1030584
cpu0->cpu0_ITLB RFO          ACCESS:          0 HIT:          0 MISS:          0 MSHR_MERGE:          0
cpu0->cpu0_ITLB PREFETCH     ACCESS:          0 HIT:          0 MISS:          0 MSHR_MERGE:          0
cpu0->cpu0_ITLB WRITE        ACCESS:          0 HIT:          0 MISS:          0 MSHR_MERGE:          0
cpu0->cpu0_ITLB TRANSLATION  ACCESS:          0 HIT:          0 MISS:          0 MSHR_MERGE:          0
cpu0->cpu0_ITLB PREFETCH REQUESTED:          0 ISSUED:          0 USEFUL:          0 USELESS:          0
cpu0->cpu0_ITLB AVERAGE MISS LATENCY: 5.302 cycles
cpu0->cpu0_DTLB TOTAL        ACCESS:   28097755 HIT:   26697819 MISS:    1399936 MSHR_MERGE:     363235
cpu0->cpu0_DTLB LOAD         ACCESS:   28097755 HIT:   26697819 MISS:    1399936 MSHR_MERGE:     363235
cpu0->cpu0_DTLB RFO          ACCESS:          0 HIT:          0 MISS:          0 MSHR_MERGE:          0
cpu0->cpu0_DTLB PREFETCH     ACCESS:          0 HIT:          0 MISS:          0 MSHR_MERGE:          0
cpu0->cpu0_DTLB WRITE        ACCESS:          0 HIT:          0 MISS:          0 MSHR_MERGE:          0
cpu0->cpu0_DTLB TRANSLATION  ACCESS:          0 HIT:          0 MISS:          0 MSHR_MERGE:          0
cpu0->cpu0_DTLB PREFETCH REQUESTED:          0 ISSUED:          0 USEFUL:          0 USELESS:          0
cpu0->cpu0_DTLB AVERAGE MISS LATENCY: 9.59 cycles
cpu0->LLC TOTAL        ACCESS:    1078417 HIT:     996230 MISS:      82187 MSHR_MERGE:          0
cpu0->LLC LOAD         ACCESS:     798760 HIT:     739571 MISS:      59189 MSHR_MERGE:          0
cpu0->LLC RFO          ACCESS:      80827 HIT:      75158 MISS:       5669 MSHR_MERGE:          0
cpu0->LLC PREFETCH     ACCESS:          0 HIT:          0 MISS:          0 MSHR_MERGE:          0
cpu0->LLC WRITE        ACCESS:     151394 HIT:     151020 MISS:        374 MSHR_MERGE:          0
cpu0->LLC TRANSLATION  ACCESS:      47436 HIT:      30481 MISS:      16955 MSHR_MERGE:          0
cpu0->LLC PREFETCH REQUESTED:          0 ISSUED:          0 USEFUL:          0 USELESS:          0
cpu0->LLC AVERAGE MISS LATENCY: 99.45 cycles

DRAM Statistics

Channel 0 RQ ROW_BUFFER_HIT:       1358
  ROW_BUFFER_MISS:      80455
  AVG DBUS CONGESTED CYCLE: 4.207
Channel 0 WQ ROW_BUFFER_HIT:        599
  ROW_BUFFER_MISS:       6304
  FULL:          0
Channel 0 REFRESHES ISSUED:       7667
[2025-09-15 22:24:27] END   suite=qualcomm_srv trace=srv182_ap (rc=0)
