[2025-09-15 22:32:05] START suite=qualcomm_srv trace=srv318_ap
CMD: ./bin/champsim -w 20000000 -i 100000000 /home/ho/itp_asplos25_AE/traces/qualcomm_srv/srv318_ap.champsimtrace.xz
[VMEM] WARNING: physical memory size is smaller than virtual memory size.

*** ChampSim Multicore Out-of-Order Simulator ***
Warmup Instructions: 20000000
Simulation Instructions: 100000000
Number of CPUs: 1
Page size: 4096

Off-chip DRAM Size: 16 GiB Channels: 1 Width: 64-bit Data Rate: 3205 MT/s
[BTB] WARNING: target of return is a lower address than the corresponding call. This is usually a problem with your trace.
[BTB] WARNING: target of return is a lower address than the corresponding call. This is usually a problem with your trace.
[BTB] WARNING: target of return is a lower address than the corresponding call. This is usually a problem with your trace.
[BTB] WARNING: target of return is a lower address than the corresponding call. This is usually a problem with your trace.
[BTB] WARNING: target of return is a lower address than the corresponding call. This is usually a problem with your trace.
[BTB] WARNING: target of return is a lower address than the corresponding call. This is usually a problem with your trace.
[BTB] WARNING: target of return is a lower address than the corresponding call. This is usually a problem with your trace.
[BTB] WARNING: target of return is a lower address than the corresponding call. This is usually a problem with your trace.
[BTB] WARNING: target of return is a lower address than the corresponding call. This is usually a problem with your trace.
[BTB] WARNING: target of return is a lower address than the corresponding call. This is usually a problem with your trace.
Heartbeat CPU 0 instructions: 10000001 cycles: 2798474 heartbeat IPC: 3.573 cumulative IPC: 3.573 (Simulation time: 00 hr 00 min 40 sec)
Heartbeat CPU 0 instructions: 20000003 cycles: 5381587 heartbeat IPC: 3.871 cumulative IPC: 3.716 (Simulation time: 00 hr 01 min 18 sec)
Warmup finished CPU 0 instructions: 20000003 cycles: 5381587 cumulative IPC: 3.716 (Simulation time: 00 hr 01 min 18 sec)
Warmup complete CPU 0 instructions: 20000003 cycles: 5381587 cumulative IPC: 3.716 (Simulation time: 00 hr 01 min 18 sec)
Heartbeat CPU 0 instructions: 30000003 cycles: 14879527 heartbeat IPC: 1.053 cumulative IPC: 1.053 (Simulation time: 00 hr 02 min 35 sec)
Heartbeat CPU 0 instructions: 40000003 cycles: 24373881 heartbeat IPC: 1.053 cumulative IPC: 1.053 (Simulation time: 00 hr 03 min 53 sec)
Heartbeat CPU 0 instructions: 50000007 cycles: 33693661 heartbeat IPC: 1.073 cumulative IPC: 1.06 (Simulation time: 00 hr 05 min 06 sec)
Heartbeat CPU 0 instructions: 60000008 cycles: 43045184 heartbeat IPC: 1.069 cumulative IPC: 1.062 (Simulation time: 00 hr 06 min 23 sec)
Heartbeat CPU 0 instructions: 70000008 cycles: 52540944 heartbeat IPC: 1.053 cumulative IPC: 1.06 (Simulation time: 00 hr 07 min 35 sec)
Heartbeat CPU 0 instructions: 80000009 cycles: 62044672 heartbeat IPC: 1.052 cumulative IPC: 1.059 (Simulation time: 00 hr 08 min 41 sec)
*** Reached end of trace: (0, "/home/ho/itp_asplos25_AE/traces/qualcomm_srv/srv318_ap.champsimtrace.xz")
Heartbeat CPU 0 instructions: 90000013 cycles: 71462205 heartbeat IPC: 1.062 cumulative IPC: 1.059 (Simulation time: 00 hr 09 min 50 sec)
Heartbeat CPU 0 instructions: 100000017 cycles: 80848270 heartbeat IPC: 1.065 cumulative IPC: 1.06 (Simulation time: 00 hr 11 min 05 sec)
Heartbeat CPU 0 instructions: 110000021 cycles: 90254108 heartbeat IPC: 1.063 cumulative IPC: 1.06 (Simulation time: 00 hr 12 min 22 sec)
Simulation finished CPU 0 instructions: 100000003 cycles: 94150216 cumulative IPC: 1.062 (Simulation time: 00 hr 13 min 39 sec)
Simulation complete CPU 0 instructions: 100000003 cycles: 94150216 cumulative IPC: 1.062 (Simulation time: 00 hr 13 min 39 sec)

ChampSim completed all CPUs

=== Simulation ===
CPU 0 runs /home/ho/itp_asplos25_AE/traces/qualcomm_srv/srv318_ap.champsimtrace.xz

Region of Interest Statistics

CPU 0 cumulative IPC: 1.062 instructions: 100000003 cycles: 94150216
CPU 0 Branch Prediction Accuracy: 92.53% MPKI: 13.48 Average ROB Occupancy at Mispredict: 30.72
Branch type MPKI
BRANCH_DIRECT_JUMP: 0.06377
BRANCH_INDIRECT: 0.3263
BRANCH_CONDITIONAL: 11.85
BRANCH_DIRECT_CALL: 0.3944
BRANCH_INDIRECT_CALL: 0.4744
BRANCH_RETURN: 0.3712


====Backend Stall Breakdown====
ROB_STALL: 183124
LQ_STALL: 0
SQ_STALL: 964150


====ROB Stall Breakdown====

== Average ==
ADDR_TRANS: 148.67178
REPLAY_LOAD: 56.688347
NON_REPLAY_LOAD: 13.315266

== Total ==
ADDR_TRANS: 48467
REPLAY_LOAD: 20918
NON_REPLAY_LOAD: 113739

== Counts ==
ADDR_TRANS: 326
REPLAY_LOAD: 369
NON_REPLAY_LOAD: 8542

cpu0->cpu0_STLB TOTAL        ACCESS:    2067041 HIT:    2041872 MISS:      25169 MSHR_MERGE:          0
cpu0->cpu0_STLB LOAD         ACCESS:    2067041 HIT:    2041872 MISS:      25169 MSHR_MERGE:          0
cpu0->cpu0_STLB RFO          ACCESS:          0 HIT:          0 MISS:          0 MSHR_MERGE:          0
cpu0->cpu0_STLB PREFETCH     ACCESS:          0 HIT:          0 MISS:          0 MSHR_MERGE:          0
cpu0->cpu0_STLB WRITE        ACCESS:          0 HIT:          0 MISS:          0 MSHR_MERGE:          0
cpu0->cpu0_STLB TRANSLATION  ACCESS:          0 HIT:          0 MISS:          0 MSHR_MERGE:          0
cpu0->cpu0_STLB PREFETCH REQUESTED:          0 ISSUED:          0 USEFUL:          0 USELESS:          0
cpu0->cpu0_STLB AVERAGE MISS LATENCY: 189.7 cycles
cpu0->cpu0_L2C TOTAL        ACCESS:    9558818 HIT:    8327937 MISS:    1230881 MSHR_MERGE:          0
cpu0->cpu0_L2C LOAD         ACCESS:    7758881 HIT:    6700290 MISS:    1058591 MSHR_MERGE:          0
cpu0->cpu0_L2C RFO          ACCESS:     596714 HIT:     501698 MISS:      95016 MSHR_MERGE:          0
cpu0->cpu0_L2C PREFETCH     ACCESS:          0 HIT:          0 MISS:          0 MSHR_MERGE:          0
cpu0->cpu0_L2C WRITE        ACCESS:    1145360 HIT:    1113289 MISS:      32071 MSHR_MERGE:          0
cpu0->cpu0_L2C TRANSLATION  ACCESS:      57863 HIT:      12660 MISS:      45203 MSHR_MERGE:          0
cpu0->cpu0_L2C PREFETCH REQUESTED:          0 ISSUED:          0 USEFUL:          0 USELESS:          0
cpu0->cpu0_L2C AVERAGE MISS LATENCY: 35.49 cycles
cpu0->cpu0_L1I TOTAL        ACCESS:   14994535 HIT:    7540120 MISS:    7454415 MSHR_MERGE:    1822614
cpu0->cpu0_L1I LOAD         ACCESS:   14994535 HIT:    7540120 MISS:    7454415 MSHR_MERGE:    1822614
cpu0->cpu0_L1I RFO          ACCESS:          0 HIT:          0 MISS:          0 MSHR_MERGE:          0
cpu0->cpu0_L1I PREFETCH     ACCESS:          0 HIT:          0 MISS:          0 MSHR_MERGE:          0
cpu0->cpu0_L1I WRITE        ACCESS:          0 HIT:          0 MISS:          0 MSHR_MERGE:          0
cpu0->cpu0_L1I TRANSLATION  ACCESS:          0 HIT:          0 MISS:          0 MSHR_MERGE:          0
cpu0->cpu0_L1I PREFETCH REQUESTED:          0 ISSUED:          0 USEFUL:          0 USELESS:          0
cpu0->cpu0_L1I AVERAGE MISS LATENCY: 15.03 cycles
cpu0->cpu0_L1D TOTAL        ACCESS:   29661280 HIT:   25142606 MISS:    4518674 MSHR_MERGE:    1737012
cpu0->cpu0_L1D LOAD         ACCESS:   16488005 HIT:   13821292 MISS:    2666713 MSHR_MERGE:     539630
cpu0->cpu0_L1D RFO          ACCESS:          0 HIT:          0 MISS:          0 MSHR_MERGE:          0
cpu0->cpu0_L1D PREFETCH     ACCESS:          0 HIT:          0 MISS:          0 MSHR_MERGE:          0
cpu0->cpu0_L1D WRITE        ACCESS:   13111220 HIT:   11317262 MISS:    1793958 MSHR_MERGE:    1197242
cpu0->cpu0_L1D TRANSLATION  ACCESS:      62055 HIT:       4052 MISS:      58003 MSHR_MERGE:        140
cpu0->cpu0_L1D PREFETCH REQUESTED:          0 ISSUED:          0 USEFUL:          0 USELESS:          0
cpu0->cpu0_L1D AVERAGE MISS LATENCY: 20.78 cycles
cpu0->cpu0_ITLB TOTAL        ACCESS:   12292492 HIT:   10215098 MISS:    2077394 MSHR_MERGE:    1042476
cpu0->cpu0_ITLB LOAD         ACCESS:   12292492 HIT:   10215098 MISS:    2077394 MSHR_MERGE:    1042476
cpu0->cpu0_ITLB RFO          ACCESS:          0 HIT:          0 MISS:          0 MSHR_MERGE:          0
cpu0->cpu0_ITLB PREFETCH     ACCESS:          0 HIT:          0 MISS:          0 MSHR_MERGE:          0
cpu0->cpu0_ITLB WRITE        ACCESS:          0 HIT:          0 MISS:          0 MSHR_MERGE:          0
cpu0->cpu0_ITLB TRANSLATION  ACCESS:          0 HIT:          0 MISS:          0 MSHR_MERGE:          0
cpu0->cpu0_ITLB PREFETCH REQUESTED:          0 ISSUED:          0 USEFUL:          0 USELESS:          0
cpu0->cpu0_ITLB AVERAGE MISS LATENCY: 5.259 cycles
cpu0->cpu0_DTLB TOTAL        ACCESS:   28180772 HIT:   26775104 MISS:    1405668 MSHR_MERGE:     373545
cpu0->cpu0_DTLB LOAD         ACCESS:   28180772 HIT:   26775104 MISS:    1405668 MSHR_MERGE:     373545
cpu0->cpu0_DTLB RFO          ACCESS:          0 HIT:          0 MISS:          0 MSHR_MERGE:          0
cpu0->cpu0_DTLB PREFETCH     ACCESS:          0 HIT:          0 MISS:          0 MSHR_MERGE:          0
cpu0->cpu0_DTLB WRITE        ACCESS:          0 HIT:          0 MISS:          0 MSHR_MERGE:          0
cpu0->cpu0_DTLB TRANSLATION  ACCESS:          0 HIT:          0 MISS:          0 MSHR_MERGE:          0
cpu0->cpu0_DTLB PREFETCH REQUESTED:          0 ISSUED:          0 USEFUL:          0 USELESS:          0
cpu0->cpu0_DTLB AVERAGE MISS LATENCY: 9.404 cycles
cpu0->LLC TOTAL        ACCESS:    1377261 HIT:    1296862 MISS:      80399 MSHR_MERGE:          0
cpu0->LLC LOAD         ACCESS:    1058591 HIT:    1000638 MISS:      57953 MSHR_MERGE:          0
cpu0->LLC RFO          ACCESS:      95015 HIT:      89115 MISS:       5900 MSHR_MERGE:          0
cpu0->LLC PREFETCH     ACCESS:          0 HIT:          0 MISS:          0 MSHR_MERGE:          0
cpu0->LLC WRITE        ACCESS:     178452 HIT:     178169 MISS:        283 MSHR_MERGE:          0
cpu0->LLC TRANSLATION  ACCESS:      45203 HIT:      28940 MISS:      16263 MSHR_MERGE:          0
cpu0->LLC PREFETCH REQUESTED:          0 ISSUED:          0 USEFUL:          0 USELESS:          0
cpu0->LLC AVERAGE MISS LATENCY: 99.25 cycles

DRAM Statistics

Channel 0 RQ ROW_BUFFER_HIT:       1525
  ROW_BUFFER_MISS:      78589
  AVG DBUS CONGESTED CYCLE: 4.16
Channel 0 WQ ROW_BUFFER_HIT:        570
  ROW_BUFFER_MISS:       5774
  FULL:          0
Channel 0 REFRESHES ISSUED:       7846
[2025-09-15 22:45:44] END   suite=qualcomm_srv trace=srv318_ap (rc=0)
