[2025-09-15 23:09:37] START suite=qualcomm_srv trace=srv344_ap
CMD: ./bin/champsim -w 20000000 -i 100000000 /home/ho/itp_asplos25_AE/traces/qualcomm_srv/srv344_ap.champsimtrace.xz
[VMEM] WARNING: physical memory size is smaller than virtual memory size.

*** ChampSim Multicore Out-of-Order Simulator ***
Warmup Instructions: 20000000
Simulation Instructions: 100000000
Number of CPUs: 1
Page size: 4096

Off-chip DRAM Size: 16 GiB Channels: 1 Width: 64-bit Data Rate: 3205 MT/s
[BTB] WARNING: target of return is a lower address than the corresponding call. This is usually a problem with your trace.
[BTB] WARNING: target of return is a lower address than the corresponding call. This is usually a problem with your trace.
[BTB] WARNING: target of return is a lower address than the corresponding call. This is usually a problem with your trace.
[BTB] WARNING: target of return is a lower address than the corresponding call. This is usually a problem with your trace.
[BTB] WARNING: target of return is a lower address than the corresponding call. This is usually a problem with your trace.
[BTB] WARNING: target of return is a lower address than the corresponding call. This is usually a problem with your trace.
[BTB] WARNING: target of return is a lower address than the corresponding call. This is usually a problem with your trace.
[BTB] WARNING: target of return is a lower address than the corresponding call. This is usually a problem with your trace.
[BTB] WARNING: target of return is a lower address than the corresponding call. This is usually a problem with your trace.
[BTB] WARNING: target of return is a lower address than the corresponding call. This is usually a problem with your trace.
Heartbeat CPU 0 instructions: 10000004 cycles: 2604897 heartbeat IPC: 3.839 cumulative IPC: 3.839 (Simulation time: 00 hr 00 min 38 sec)
Heartbeat CPU 0 instructions: 20000004 cycles: 5039207 heartbeat IPC: 4.108 cumulative IPC: 3.969 (Simulation time: 00 hr 01 min 17 sec)
Warmup finished CPU 0 instructions: 20000004 cycles: 5039207 cumulative IPC: 3.969 (Simulation time: 00 hr 01 min 17 sec)
Warmup complete CPU 0 instructions: 20000004 cycles: 5039207 cumulative IPC: 3.969 (Simulation time: 00 hr 01 min 17 sec)
Heartbeat CPU 0 instructions: 30000007 cycles: 14531664 heartbeat IPC: 1.053 cumulative IPC: 1.053 (Simulation time: 00 hr 02 min 34 sec)
Heartbeat CPU 0 instructions: 40000007 cycles: 23940072 heartbeat IPC: 1.063 cumulative IPC: 1.058 (Simulation time: 00 hr 03 min 50 sec)
Heartbeat CPU 0 instructions: 50000007 cycles: 33298875 heartbeat IPC: 1.069 cumulative IPC: 1.062 (Simulation time: 00 hr 04 min 56 sec)
Heartbeat CPU 0 instructions: 60000007 cycles: 42693100 heartbeat IPC: 1.064 cumulative IPC: 1.062 (Simulation time: 00 hr 06 min 07 sec)
*** Reached end of trace: (0, "/home/ho/itp_asplos25_AE/traces/qualcomm_srv/srv344_ap.champsimtrace.xz")
Heartbeat CPU 0 instructions: 70000007 cycles: 51985887 heartbeat IPC: 1.076 cumulative IPC: 1.065 (Simulation time: 00 hr 07 min 15 sec)
Heartbeat CPU 0 instructions: 80000007 cycles: 61341117 heartbeat IPC: 1.069 cumulative IPC: 1.066 (Simulation time: 00 hr 08 min 29 sec)
Heartbeat CPU 0 instructions: 90000007 cycles: 70707666 heartbeat IPC: 1.068 cumulative IPC: 1.066 (Simulation time: 00 hr 09 min 35 sec)
Heartbeat CPU 0 instructions: 100000011 cycles: 80085981 heartbeat IPC: 1.066 cumulative IPC: 1.066 (Simulation time: 00 hr 10 min 41 sec)
Heartbeat CPU 0 instructions: 110000012 cycles: 89413836 heartbeat IPC: 1.072 cumulative IPC: 1.067 (Simulation time: 00 hr 11 min 48 sec)
Simulation finished CPU 0 instructions: 100000003 cycles: 93757000 cumulative IPC: 1.067 (Simulation time: 00 hr 12 min 57 sec)
Simulation complete CPU 0 instructions: 100000003 cycles: 93757000 cumulative IPC: 1.067 (Simulation time: 00 hr 12 min 57 sec)

ChampSim completed all CPUs

=== Simulation ===
CPU 0 runs /home/ho/itp_asplos25_AE/traces/qualcomm_srv/srv344_ap.champsimtrace.xz

Region of Interest Statistics

CPU 0 cumulative IPC: 1.067 instructions: 100000003 cycles: 93757000
CPU 0 Branch Prediction Accuracy: 90.93% MPKI: 15.96 Average ROB Occupancy at Mispredict: 25.42
Branch type MPKI
BRANCH_DIRECT_JUMP: 0.3875
BRANCH_INDIRECT: 0.4165
BRANCH_CONDITIONAL: 13
BRANCH_DIRECT_CALL: 0.9363
BRANCH_INDIRECT_CALL: 0.5971
BRANCH_RETURN: 0.6218


====Backend Stall Breakdown====
ROB_STALL: 62813
LQ_STALL: 0
SQ_STALL: 537327


====ROB Stall Breakdown====

== Average ==
ADDR_TRANS: 133.65218
REPLAY_LOAD: 75.85185
NON_REPLAY_LOAD: 13.251575

== Total ==
ADDR_TRANS: 6148
REPLAY_LOAD: 4096
NON_REPLAY_LOAD: 52569

== Counts ==
ADDR_TRANS: 46
REPLAY_LOAD: 54
NON_REPLAY_LOAD: 3967

cpu0->cpu0_STLB TOTAL        ACCESS:    1851424 HIT:    1847388 MISS:       4036 MSHR_MERGE:          0
cpu0->cpu0_STLB LOAD         ACCESS:    1851424 HIT:    1847388 MISS:       4036 MSHR_MERGE:          0
cpu0->cpu0_STLB RFO          ACCESS:          0 HIT:          0 MISS:          0 MSHR_MERGE:          0
cpu0->cpu0_STLB PREFETCH     ACCESS:          0 HIT:          0 MISS:          0 MSHR_MERGE:          0
cpu0->cpu0_STLB WRITE        ACCESS:          0 HIT:          0 MISS:          0 MSHR_MERGE:          0
cpu0->cpu0_STLB TRANSLATION  ACCESS:          0 HIT:          0 MISS:          0 MSHR_MERGE:          0
cpu0->cpu0_STLB PREFETCH REQUESTED:          0 ISSUED:          0 USEFUL:          0 USELESS:          0
cpu0->cpu0_STLB AVERAGE MISS LATENCY: 218.2 cycles
cpu0->cpu0_L2C TOTAL        ACCESS:    8302450 HIT:    6907392 MISS:    1395058 MSHR_MERGE:          0
cpu0->cpu0_L2C LOAD         ACCESS:    6748344 HIT:    5565871 MISS:    1182473 MSHR_MERGE:          0
cpu0->cpu0_L2C RFO          ACCESS:     559205 HIT:     385934 MISS:     173271 MSHR_MERGE:          0
cpu0->cpu0_L2C PREFETCH     ACCESS:          0 HIT:          0 MISS:          0 MSHR_MERGE:          0
cpu0->cpu0_L2C WRITE        ACCESS:     987549 HIT:     955079 MISS:      32470 MSHR_MERGE:          0
cpu0->cpu0_L2C TRANSLATION  ACCESS:       7352 HIT:        508 MISS:       6844 MSHR_MERGE:          0
cpu0->cpu0_L2C PREFETCH REQUESTED:          0 ISSUED:          0 USEFUL:          0 USELESS:          0
cpu0->cpu0_L2C AVERAGE MISS LATENCY: 33.31 cycles
cpu0->cpu0_L1I TOTAL        ACCESS:   14900584 HIT:    8024335 MISS:    6876249 MSHR_MERGE:    1616745
cpu0->cpu0_L1I LOAD         ACCESS:   14900584 HIT:    8024335 MISS:    6876249 MSHR_MERGE:    1616745
cpu0->cpu0_L1I RFO          ACCESS:          0 HIT:          0 MISS:          0 MSHR_MERGE:          0
cpu0->cpu0_L1I PREFETCH     ACCESS:          0 HIT:          0 MISS:          0 MSHR_MERGE:          0
cpu0->cpu0_L1I WRITE        ACCESS:          0 HIT:          0 MISS:          0 MSHR_MERGE:          0
cpu0->cpu0_L1I TRANSLATION  ACCESS:          0 HIT:          0 MISS:          0 MSHR_MERGE:          0
cpu0->cpu0_L1I PREFETCH REQUESTED:          0 ISSUED:          0 USEFUL:          0 USELESS:          0
cpu0->cpu0_L1I AVERAGE MISS LATENCY: 16.16 cycles
cpu0->cpu0_L1D TOTAL        ACCESS:   30400752 HIT:   26832601 MISS:    3568151 MSHR_MERGE:    1512745
cpu0->cpu0_L1D LOAD         ACCESS:   17142387 HIT:   15265784 MISS:    1876603 MSHR_MERGE:     387762
cpu0->cpu0_L1D RFO          ACCESS:          0 HIT:          0 MISS:          0 MSHR_MERGE:          0
cpu0->cpu0_L1D PREFETCH     ACCESS:          0 HIT:          0 MISS:          0 MSHR_MERGE:          0
cpu0->cpu0_L1D WRITE        ACCESS:   13250130 HIT:   11566038 MISS:    1684092 MSHR_MERGE:    1124879
cpu0->cpu0_L1D TRANSLATION  ACCESS:       8235 HIT:        779 MISS:       7456 MSHR_MERGE:        104
cpu0->cpu0_L1D PREFETCH REQUESTED:          0 ISSUED:          0 USEFUL:          0 USELESS:          0
cpu0->cpu0_L1D AVERAGE MISS LATENCY: 22.92 cycles
cpu0->cpu0_ITLB TOTAL        ACCESS:   12372773 HIT:   10492493 MISS:    1880280 MSHR_MERGE:     943760
cpu0->cpu0_ITLB LOAD         ACCESS:   12372773 HIT:   10492493 MISS:    1880280 MSHR_MERGE:     943760
cpu0->cpu0_ITLB RFO          ACCESS:          0 HIT:          0 MISS:          0 MSHR_MERGE:          0
cpu0->cpu0_ITLB PREFETCH     ACCESS:          0 HIT:          0 MISS:          0 MSHR_MERGE:          0
cpu0->cpu0_ITLB WRITE        ACCESS:          0 HIT:          0 MISS:          0 MSHR_MERGE:          0
cpu0->cpu0_ITLB TRANSLATION  ACCESS:          0 HIT:          0 MISS:          0 MSHR_MERGE:          0
cpu0->cpu0_ITLB PREFETCH REQUESTED:          0 ISSUED:          0 USEFUL:          0 USELESS:          0
cpu0->cpu0_ITLB AVERAGE MISS LATENCY: 5.081 cycles
cpu0->cpu0_DTLB TOTAL        ACCESS:   28848137 HIT:   27611697 MISS:    1236440 MSHR_MERGE:     321535
cpu0->cpu0_DTLB LOAD         ACCESS:   28848137 HIT:   27611697 MISS:    1236440 MSHR_MERGE:     321535
cpu0->cpu0_DTLB RFO          ACCESS:          0 HIT:          0 MISS:          0 MSHR_MERGE:          0
cpu0->cpu0_DTLB PREFETCH     ACCESS:          0 HIT:          0 MISS:          0 MSHR_MERGE:          0
cpu0->cpu0_DTLB WRITE        ACCESS:          0 HIT:          0 MISS:          0 MSHR_MERGE:          0
cpu0->cpu0_DTLB TRANSLATION  ACCESS:          0 HIT:          0 MISS:          0 MSHR_MERGE:          0
cpu0->cpu0_DTLB PREFETCH REQUESTED:          0 ISSUED:          0 USEFUL:          0 USELESS:          0
cpu0->cpu0_DTLB AVERAGE MISS LATENCY: 5.896 cycles
cpu0->LLC TOTAL        ACCESS:    1645162 HIT:    1599364 MISS:      45798 MSHR_MERGE:          0
cpu0->LLC LOAD         ACCESS:    1182473 HIT:    1165161 MISS:      17312 MSHR_MERGE:          0
cpu0->LLC RFO          ACCESS:     173271 HIT:     148494 MISS:      24777 MSHR_MERGE:          0
cpu0->LLC PREFETCH     ACCESS:          0 HIT:          0 MISS:          0 MSHR_MERGE:          0
cpu0->LLC WRITE        ACCESS:     282574 HIT:     282416 MISS:        158 MSHR_MERGE:          0
cpu0->LLC TRANSLATION  ACCESS:       6844 HIT:       3293 MISS:       3551 MSHR_MERGE:          0
cpu0->LLC PREFETCH REQUESTED:          0 ISSUED:          0 USEFUL:          0 USELESS:          0
cpu0->LLC AVERAGE MISS LATENCY: 121.6 cycles

DRAM Statistics

Channel 0 RQ ROW_BUFFER_HIT:       2279
  ROW_BUFFER_MISS:      43332
  AVG DBUS CONGESTED CYCLE: 3.452
Channel 0 WQ ROW_BUFFER_HIT:        788
  ROW_BUFFER_MISS:      17279
  FULL:          0
Channel 0 REFRESHES ISSUED:       7814
[2025-09-15 23:22:35] END   suite=qualcomm_srv trace=srv344_ap (rc=0)
