[2025-09-15 22:03:29] START suite=qualcomm_srv trace=srv506_ap
CMD: ./bin/champsim -w 20000000 -i 100000000 /home/ho/itp_asplos25_AE/traces/qualcomm_srv/srv506_ap.champsimtrace.xz
[VMEM] WARNING: physical memory size is smaller than virtual memory size.

*** ChampSim Multicore Out-of-Order Simulator ***
Warmup Instructions: 20000000
Simulation Instructions: 100000000
Number of CPUs: 1
Page size: 4096

Off-chip DRAM Size: 16 GiB Channels: 1 Width: 64-bit Data Rate: 3205 MT/s
[BTB] WARNING: target of return is a lower address than the corresponding call. This is usually a problem with your trace.
[BTB] WARNING: target of return is a lower address than the corresponding call. This is usually a problem with your trace.
[BTB] WARNING: target of return is a lower address than the corresponding call. This is usually a problem with your trace.
[BTB] WARNING: target of return is a lower address than the corresponding call. This is usually a problem with your trace.
[BTB] WARNING: target of return is a lower address than the corresponding call. This is usually a problem with your trace.
[BTB] WARNING: target of return is a lower address than the corresponding call. This is usually a problem with your trace.
[BTB] WARNING: target of return is a lower address than the corresponding call. This is usually a problem with your trace.
[BTB] WARNING: target of return is a lower address than the corresponding call. This is usually a problem with your trace.
[BTB] WARNING: target of return is a lower address than the corresponding call. This is usually a problem with your trace.
[BTB] WARNING: target of return is a lower address than the corresponding call. This is usually a problem with your trace.
Heartbeat CPU 0 instructions: 10000003 cycles: 2841071 heartbeat IPC: 3.52 cumulative IPC: 3.52 (Simulation time: 00 hr 00 min 36 sec)
Warmup finished CPU 0 instructions: 20000002 cycles: 5368830 cumulative IPC: 3.725 (Simulation time: 00 hr 01 min 11 sec)
Warmup complete CPU 0 instructions: 20000002 cycles: 5368830 cumulative IPC: 3.725 (Simulation time: 00 hr 01 min 11 sec)
Heartbeat CPU 0 instructions: 20000007 cycles: 5368831 heartbeat IPC: 3.956 cumulative IPC: 5 (Simulation time: 00 hr 01 min 11 sec)
Heartbeat CPU 0 instructions: 30000007 cycles: 15490523 heartbeat IPC: 0.988 cumulative IPC: 0.988 (Simulation time: 00 hr 02 min 28 sec)
Heartbeat CPU 0 instructions: 40000007 cycles: 26092378 heartbeat IPC: 0.9432 cumulative IPC: 0.9651 (Simulation time: 00 hr 03 min 38 sec)
Heartbeat CPU 0 instructions: 50000010 cycles: 36225877 heartbeat IPC: 0.9868 cumulative IPC: 0.9722 (Simulation time: 00 hr 04 min 47 sec)
Heartbeat CPU 0 instructions: 60000013 cycles: 46627653 heartbeat IPC: 0.9614 cumulative IPC: 0.9695 (Simulation time: 00 hr 05 min 56 sec)
Heartbeat CPU 0 instructions: 70000014 cycles: 56978298 heartbeat IPC: 0.9661 cumulative IPC: 0.9688 (Simulation time: 00 hr 07 min 05 sec)
Heartbeat CPU 0 instructions: 80000017 cycles: 68257914 heartbeat IPC: 0.8866 cumulative IPC: 0.9541 (Simulation time: 00 hr 08 min 25 sec)
Heartbeat CPU 0 instructions: 90000018 cycles: 78421083 heartbeat IPC: 0.9839 cumulative IPC: 0.9582 (Simulation time: 00 hr 09 min 33 sec)
Heartbeat CPU 0 instructions: 100000019 cycles: 88760954 heartbeat IPC: 0.9671 cumulative IPC: 0.9593 (Simulation time: 00 hr 10 min 51 sec)
*** Reached end of trace: (0, "/home/ho/itp_asplos25_AE/traces/qualcomm_srv/srv506_ap.champsimtrace.xz")
Heartbeat CPU 0 instructions: 110000022 cycles: 99069736 heartbeat IPC: 0.97 cumulative IPC: 0.9605 (Simulation time: 00 hr 12 min 15 sec)
Simulation finished CPU 0 instructions: 100000004 cycles: 103774943 cumulative IPC: 0.9636 (Simulation time: 00 hr 13 min 36 sec)
Simulation complete CPU 0 instructions: 100000004 cycles: 103774943 cumulative IPC: 0.9636 (Simulation time: 00 hr 13 min 36 sec)

ChampSim completed all CPUs

=== Simulation ===
CPU 0 runs /home/ho/itp_asplos25_AE/traces/qualcomm_srv/srv506_ap.champsimtrace.xz

Region of Interest Statistics

CPU 0 cumulative IPC: 0.9636 instructions: 100000004 cycles: 103774943
CPU 0 Branch Prediction Accuracy: 93.81% MPKI: 11.08 Average ROB Occupancy at Mispredict: 38.67
Branch type MPKI
BRANCH_DIRECT_JUMP: 0.1803
BRANCH_INDIRECT: 0.1625
BRANCH_CONDITIONAL: 9.976
BRANCH_DIRECT_CALL: 0.3503
BRANCH_INDIRECT_CALL: 0.09041
BRANCH_RETURN: 0.3181


====Backend Stall Breakdown====
ROB_STALL: 1919161
LQ_STALL: 19436
SQ_STALL: 499561


====ROB Stall Breakdown====

== Average ==
ADDR_TRANS: 205.9081
REPLAY_LOAD: 60.64207
NON_REPLAY_LOAD: 13.702876

== Total ==
ADDR_TRANS: 542156
REPLAY_LOAD: 193145
NON_REPLAY_LOAD: 1183860

== Counts ==
ADDR_TRANS: 2633
REPLAY_LOAD: 3185
NON_REPLAY_LOAD: 86395

cpu0->cpu0_STLB TOTAL        ACCESS:    1619618 HIT:    1451958 MISS:     167660 MSHR_MERGE:          0
cpu0->cpu0_STLB LOAD         ACCESS:    1619618 HIT:    1451958 MISS:     167660 MSHR_MERGE:          0
cpu0->cpu0_STLB RFO          ACCESS:          0 HIT:          0 MISS:          0 MSHR_MERGE:          0
cpu0->cpu0_STLB PREFETCH     ACCESS:          0 HIT:          0 MISS:          0 MSHR_MERGE:          0
cpu0->cpu0_STLB WRITE        ACCESS:          0 HIT:          0 MISS:          0 MSHR_MERGE:          0
cpu0->cpu0_STLB TRANSLATION  ACCESS:          0 HIT:          0 MISS:          0 MSHR_MERGE:          0
cpu0->cpu0_STLB PREFETCH REQUESTED:          0 ISSUED:          0 USEFUL:          0 USELESS:          0
cpu0->cpu0_STLB AVERAGE MISS LATENCY: 133.6 cycles
cpu0->cpu0_L2C TOTAL        ACCESS:    4727261 HIT:    2786383 MISS:    1940878 MSHR_MERGE:          0
cpu0->cpu0_L2C LOAD         ACCESS:    3671676 HIT:    2124332 MISS:    1547344 MSHR_MERGE:          0
cpu0->cpu0_L2C RFO          ACCESS:     176701 HIT:      84014 MISS:      92687 MSHR_MERGE:          0
cpu0->cpu0_L2C PREFETCH     ACCESS:          0 HIT:          0 MISS:          0 MSHR_MERGE:          0
cpu0->cpu0_L2C WRITE        ACCESS:     530040 HIT:     527808 MISS:       2232 MSHR_MERGE:          0
cpu0->cpu0_L2C TRANSLATION  ACCESS:     348844 HIT:      50229 MISS:     298615 MSHR_MERGE:          0
cpu0->cpu0_L2C PREFETCH REQUESTED:          0 ISSUED:          0 USEFUL:          0 USELESS:          0
cpu0->cpu0_L2C AVERAGE MISS LATENCY: 40.37 cycles
cpu0->cpu0_L1I TOTAL        ACCESS:   14441846 HIT:   10902254 MISS:    3539592 MSHR_MERGE:     977752
cpu0->cpu0_L1I LOAD         ACCESS:   14441846 HIT:   10902254 MISS:    3539592 MSHR_MERGE:     977752
cpu0->cpu0_L1I RFO          ACCESS:          0 HIT:          0 MISS:          0 MSHR_MERGE:          0
cpu0->cpu0_L1I PREFETCH     ACCESS:          0 HIT:          0 MISS:          0 MSHR_MERGE:          0
cpu0->cpu0_L1I WRITE        ACCESS:          0 HIT:          0 MISS:          0 MSHR_MERGE:          0
cpu0->cpu0_L1I TRANSLATION  ACCESS:          0 HIT:          0 MISS:          0 MSHR_MERGE:          0
cpu0->cpu0_L1I PREFETCH REQUESTED:          0 ISSUED:          0 USEFUL:          0 USELESS:          0
cpu0->cpu0_L1I AVERAGE MISS LATENCY: 24.09 cycles
cpu0->cpu0_L1D TOTAL        ACCESS:   24802500 HIT:   22534100 MISS:    2268400 MSHR_MERGE:     632998
cpu0->cpu0_L1D LOAD         ACCESS:   14404695 HIT:   12924117 MISS:    1480578 MSHR_MERGE:     370742
cpu0->cpu0_L1D RFO          ACCESS:          0 HIT:          0 MISS:          0 MSHR_MERGE:          0
cpu0->cpu0_L1D PREFETCH     ACCESS:          0 HIT:          0 MISS:          0 MSHR_MERGE:          0
cpu0->cpu0_L1D WRITE        ACCESS:   10012174 HIT:    9576087 MISS:     436087 MSHR_MERGE:     259365
cpu0->cpu0_L1D TRANSLATION  ACCESS:     385631 HIT:      33896 MISS:     351735 MSHR_MERGE:       2891
cpu0->cpu0_L1D PREFETCH REQUESTED:          0 ISSUED:          0 USEFUL:          0 USELESS:          0
cpu0->cpu0_L1D AVERAGE MISS LATENCY: 40.51 cycles
cpu0->cpu0_ITLB TOTAL        ACCESS:   11823784 HIT:   11045532 MISS:     778252 MSHR_MERGE:     408170
cpu0->cpu0_ITLB LOAD         ACCESS:   11823784 HIT:   11045532 MISS:     778252 MSHR_MERGE:     408170
cpu0->cpu0_ITLB RFO          ACCESS:          0 HIT:          0 MISS:          0 MSHR_MERGE:          0
cpu0->cpu0_ITLB PREFETCH     ACCESS:          0 HIT:          0 MISS:          0 MSHR_MERGE:          0
cpu0->cpu0_ITLB WRITE        ACCESS:          0 HIT:          0 MISS:          0 MSHR_MERGE:          0
cpu0->cpu0_ITLB TRANSLATION  ACCESS:          0 HIT:          0 MISS:          0 MSHR_MERGE:          0
cpu0->cpu0_ITLB PREFETCH REQUESTED:          0 ISSUED:          0 USEFUL:          0 USELESS:          0
cpu0->cpu0_ITLB AVERAGE MISS LATENCY: 21.73 cycles
cpu0->cpu0_DTLB TOTAL        ACCESS:   23309544 HIT:   21660645 MISS:    1648899 MSHR_MERGE:     399363
cpu0->cpu0_DTLB LOAD         ACCESS:   23309544 HIT:   21660645 MISS:    1648899 MSHR_MERGE:     399363
cpu0->cpu0_DTLB RFO          ACCESS:          0 HIT:          0 MISS:          0 MSHR_MERGE:          0
cpu0->cpu0_DTLB PREFETCH     ACCESS:          0 HIT:          0 MISS:          0 MSHR_MERGE:          0
cpu0->cpu0_DTLB WRITE        ACCESS:          0 HIT:          0 MISS:          0 MSHR_MERGE:          0
cpu0->cpu0_DTLB TRANSLATION  ACCESS:          0 HIT:          0 MISS:          0 MSHR_MERGE:          0
cpu0->cpu0_DTLB PREFETCH REQUESTED:          0 ISSUED:          0 USEFUL:          0 USELESS:          0
cpu0->cpu0_DTLB AVERAGE MISS LATENCY: 18.12 cycles
cpu0->LLC TOTAL        ACCESS:    2229633 HIT:    2007843 MISS:     221790 MSHR_MERGE:          0
cpu0->LLC LOAD         ACCESS:    1547344 HIT:    1394121 MISS:     153223 MSHR_MERGE:          0
cpu0->LLC RFO          ACCESS:      92687 HIT:      68899 MISS:      23788 MSHR_MERGE:          0
cpu0->LLC PREFETCH     ACCESS:          0 HIT:          0 MISS:          0 MSHR_MERGE:          0
cpu0->LLC WRITE        ACCESS:     290987 HIT:     290701 MISS:        286 MSHR_MERGE:          0
cpu0->LLC TRANSLATION  ACCESS:     298615 HIT:     254122 MISS:      44493 MSHR_MERGE:          0
cpu0->LLC PREFETCH REQUESTED:          0 ISSUED:          0 USEFUL:          0 USELESS:          0
cpu0->LLC AVERAGE MISS LATENCY: 91.87 cycles

DRAM Statistics

Channel 0 RQ ROW_BUFFER_HIT:       4683
  ROW_BUFFER_MISS:     216821
  AVG DBUS CONGESTED CYCLE: 7.712
Channel 0 WQ ROW_BUFFER_HIT:      16457
  ROW_BUFFER_MISS:      91969
  FULL:          0
Channel 0 REFRESHES ISSUED:       8648
[2025-09-15 22:17:06] END   suite=qualcomm_srv trace=srv506_ap (rc=0)
