[2025-09-15 21:24:45] START suite=qualcomm_srv trace=srv507_ap
CMD: ./bin/champsim -w 20000000 -i 100000000 /home/ho/itp_asplos25_AE/traces/qualcomm_srv/srv507_ap.champsimtrace.xz
[VMEM] WARNING: physical memory size is smaller than virtual memory size.

*** ChampSim Multicore Out-of-Order Simulator ***
Warmup Instructions: 20000000
Simulation Instructions: 100000000
Number of CPUs: 1
Page size: 4096

Off-chip DRAM Size: 16 GiB Channels: 1 Width: 64-bit Data Rate: 3205 MT/s
Heartbeat CPU 0 instructions: 10000003 cycles: 3332952 heartbeat IPC: 3 cumulative IPC: 3 (Simulation time: 00 hr 00 min 41 sec)
Warmup finished CPU 0 instructions: 20000000 cycles: 6173864 cumulative IPC: 3.239 (Simulation time: 00 hr 01 min 20 sec)
Warmup complete CPU 0 instructions: 20000000 cycles: 6173864 cumulative IPC: 3.239 (Simulation time: 00 hr 01 min 20 sec)
Heartbeat CPU 0 instructions: 20000005 cycles: 6173865 heartbeat IPC: 3.52 cumulative IPC: 5 (Simulation time: 00 hr 01 min 20 sec)
Heartbeat CPU 0 instructions: 30000006 cycles: 12149634 heartbeat IPC: 1.673 cumulative IPC: 1.673 (Simulation time: 00 hr 02 min 19 sec)
Heartbeat CPU 0 instructions: 40000008 cycles: 18217346 heartbeat IPC: 1.648 cumulative IPC: 1.661 (Simulation time: 00 hr 03 min 20 sec)
Heartbeat CPU 0 instructions: 50000008 cycles: 24135453 heartbeat IPC: 1.69 cumulative IPC: 1.67 (Simulation time: 00 hr 04 min 18 sec)
Heartbeat CPU 0 instructions: 60000009 cycles: 29938108 heartbeat IPC: 1.723 cumulative IPC: 1.683 (Simulation time: 00 hr 05 min 15 sec)
Heartbeat CPU 0 instructions: 70000010 cycles: 35922373 heartbeat IPC: 1.671 cumulative IPC: 1.681 (Simulation time: 00 hr 06 min 12 sec)
Heartbeat CPU 0 instructions: 80000010 cycles: 41611980 heartbeat IPC: 1.758 cumulative IPC: 1.693 (Simulation time: 00 hr 07 min 05 sec)
Heartbeat CPU 0 instructions: 90000012 cycles: 47376391 heartbeat IPC: 1.735 cumulative IPC: 1.699 (Simulation time: 00 hr 07 min 58 sec)
Heartbeat CPU 0 instructions: 100000012 cycles: 53155351 heartbeat IPC: 1.73 cumulative IPC: 1.703 (Simulation time: 00 hr 08 min 56 sec)
*** Reached end of trace: (0, "/home/ho/itp_asplos25_AE/traces/qualcomm_srv/srv507_ap.champsimtrace.xz")
[BTB] WARNING: target of return is a lower address than the corresponding call. This is usually a problem with your trace.
[BTB] WARNING: target of return is a lower address than the corresponding call. This is usually a problem with your trace.
[BTB] WARNING: target of return is a lower address than the corresponding call. This is usually a problem with your trace.
Heartbeat CPU 0 instructions: 110000012 cycles: 58882731 heartbeat IPC: 1.746 cumulative IPC: 1.707 (Simulation time: 00 hr 09 min 48 sec)
Simulation finished CPU 0 instructions: 100000001 cycles: 58230010 cumulative IPC: 1.717 (Simulation time: 00 hr 10 min 40 sec)
Simulation complete CPU 0 instructions: 100000001 cycles: 58230010 cumulative IPC: 1.717 (Simulation time: 00 hr 10 min 40 sec)

ChampSim completed all CPUs

=== Simulation ===
CPU 0 runs /home/ho/itp_asplos25_AE/traces/qualcomm_srv/srv507_ap.champsimtrace.xz

Region of Interest Statistics

CPU 0 cumulative IPC: 1.717 instructions: 100000001 cycles: 58230010
CPU 0 Branch Prediction Accuracy: 97.08% MPKI: 5.333 Average ROB Occupancy at Mispredict: 87
Branch type MPKI
BRANCH_DIRECT_JUMP: 0.00058
BRANCH_INDIRECT: 0.00657
BRANCH_CONDITIONAL: 5.322
BRANCH_DIRECT_CALL: 0.00144
BRANCH_INDIRECT_CALL: 0.00119
BRANCH_RETURN: 0.00117


====Backend Stall Breakdown====
ROB_STALL: 830616
LQ_STALL: 0
SQ_STALL: 1337756


====ROB Stall Breakdown====

== Average ==
ADDR_TRANS: 164.55565
REPLAY_LOAD: 84.242165
NON_REPLAY_LOAD: 11.350996

== Total ==
ADDR_TRANS: 208492
REPLAY_LOAD: 118276
NON_REPLAY_LOAD: 503848

== Counts ==
ADDR_TRANS: 1267
REPLAY_LOAD: 1404
NON_REPLAY_LOAD: 44388

cpu0->cpu0_STLB TOTAL        ACCESS:     946244 HIT:     903515 MISS:      42729 MSHR_MERGE:          0
cpu0->cpu0_STLB LOAD         ACCESS:     946244 HIT:     903515 MISS:      42729 MSHR_MERGE:          0
cpu0->cpu0_STLB RFO          ACCESS:          0 HIT:          0 MISS:          0 MSHR_MERGE:          0
cpu0->cpu0_STLB PREFETCH     ACCESS:          0 HIT:          0 MISS:          0 MSHR_MERGE:          0
cpu0->cpu0_STLB WRITE        ACCESS:          0 HIT:          0 MISS:          0 MSHR_MERGE:          0
cpu0->cpu0_STLB TRANSLATION  ACCESS:          0 HIT:          0 MISS:          0 MSHR_MERGE:          0
cpu0->cpu0_STLB PREFETCH REQUESTED:          0 ISSUED:          0 USEFUL:          0 USELESS:          0
cpu0->cpu0_STLB AVERAGE MISS LATENCY: 223.4 cycles
cpu0->cpu0_L2C TOTAL        ACCESS:     683915 HIT:     374893 MISS:     309022 MSHR_MERGE:          0
cpu0->cpu0_L2C LOAD         ACCESS:     445581 HIT:     269986 MISS:     175595 MSHR_MERGE:          0
cpu0->cpu0_L2C RFO          ACCESS:      59837 HIT:       5727 MISS:      54110 MSHR_MERGE:          0
cpu0->cpu0_L2C PREFETCH     ACCESS:          0 HIT:          0 MISS:          0 MSHR_MERGE:          0
cpu0->cpu0_L2C WRITE        ACCESS:      82234 HIT:      81760 MISS:        474 MSHR_MERGE:          0
cpu0->cpu0_L2C TRANSLATION  ACCESS:      96263 HIT:      17420 MISS:      78843 MSHR_MERGE:          0
cpu0->cpu0_L2C PREFETCH REQUESTED:          0 ISSUED:          0 USEFUL:          0 USELESS:          0
cpu0->cpu0_L2C AVERAGE MISS LATENCY: 98.27 cycles
cpu0->cpu0_L1I TOTAL        ACCESS:   15001850 HIT:   14617455 MISS:     384395 MSHR_MERGE:     120292
cpu0->cpu0_L1I LOAD         ACCESS:   15001850 HIT:   14617455 MISS:     384395 MSHR_MERGE:     120292
cpu0->cpu0_L1I RFO          ACCESS:          0 HIT:          0 MISS:          0 MSHR_MERGE:          0
cpu0->cpu0_L1I PREFETCH     ACCESS:          0 HIT:          0 MISS:          0 MSHR_MERGE:          0
cpu0->cpu0_L1I WRITE        ACCESS:          0 HIT:          0 MISS:          0 MSHR_MERGE:          0
cpu0->cpu0_L1I TRANSLATION  ACCESS:          0 HIT:          0 MISS:          0 MSHR_MERGE:          0
cpu0->cpu0_L1I PREFETCH REQUESTED:          0 ISSUED:          0 USEFUL:          0 USELESS:          0
cpu0->cpu0_L1I AVERAGE MISS LATENCY: 15.74 cycles
cpu0->cpu0_L1D TOTAL        ACCESS:   27027378 HIT:   26245905 MISS:     781473 MSHR_MERGE:     443895
cpu0->cpu0_L1D LOAD         ACCESS:   14917091 HIT:   14542892 MISS:     374199 MSHR_MERGE:     192721
cpu0->cpu0_L1D RFO          ACCESS:          0 HIT:          0 MISS:          0 MSHR_MERGE:          0
cpu0->cpu0_L1D PREFETCH     ACCESS:          0 HIT:          0 MISS:          0 MSHR_MERGE:          0
cpu0->cpu0_L1D WRITE        ACCESS:   12007423 HIT:   11696679 MISS:     310744 MSHR_MERGE:     250907
cpu0->cpu0_L1D TRANSLATION  ACCESS:     102864 HIT:       6334 MISS:      96530 MSHR_MERGE:        267
cpu0->cpu0_L1D PREFETCH REQUESTED:          0 ISSUED:          0 USEFUL:          0 USELESS:          0
cpu0->cpu0_L1D AVERAGE MISS LATENCY: 98.4 cycles
cpu0->cpu0_ITLB TOTAL        ACCESS:   12812943 HIT:   12714380 MISS:      98563 MSHR_MERGE:      56781
cpu0->cpu0_ITLB LOAD         ACCESS:   12812943 HIT:   12714380 MISS:      98563 MSHR_MERGE:      56781
cpu0->cpu0_ITLB RFO          ACCESS:          0 HIT:          0 MISS:          0 MSHR_MERGE:          0
cpu0->cpu0_ITLB PREFETCH     ACCESS:          0 HIT:          0 MISS:          0 MSHR_MERGE:          0
cpu0->cpu0_ITLB WRITE        ACCESS:          0 HIT:          0 MISS:          0 MSHR_MERGE:          0
cpu0->cpu0_ITLB TRANSLATION  ACCESS:          0 HIT:          0 MISS:          0 MSHR_MERGE:          0
cpu0->cpu0_ITLB PREFETCH REQUESTED:          0 ISSUED:          0 USEFUL:          0 USELESS:          0
cpu0->cpu0_ITLB AVERAGE MISS LATENCY: 13.06 cycles
cpu0->cpu0_DTLB TOTAL        ACCESS:   24899765 HIT:   23574608 MISS:    1325157 MSHR_MERGE:     420695
cpu0->cpu0_DTLB LOAD         ACCESS:   24899765 HIT:   23574608 MISS:    1325157 MSHR_MERGE:     420695
cpu0->cpu0_DTLB RFO          ACCESS:          0 HIT:          0 MISS:          0 MSHR_MERGE:          0
cpu0->cpu0_DTLB PREFETCH     ACCESS:          0 HIT:          0 MISS:          0 MSHR_MERGE:          0
cpu0->cpu0_DTLB WRITE        ACCESS:          0 HIT:          0 MISS:          0 MSHR_MERGE:          0
cpu0->cpu0_DTLB TRANSLATION  ACCESS:          0 HIT:          0 MISS:          0 MSHR_MERGE:          0
cpu0->cpu0_DTLB PREFETCH REQUESTED:          0 ISSUED:          0 USEFUL:          0 USELESS:          0
cpu0->cpu0_DTLB AVERAGE MISS LATENCY: 15.23 cycles
cpu0->LLC TOTAL        ACCESS:     382428 HIT:     163879 MISS:     218549 MSHR_MERGE:          0
cpu0->LLC LOAD         ACCESS:     175595 HIT:      46277 MISS:     129318 MSHR_MERGE:          0
cpu0->LLC RFO          ACCESS:      54110 HIT:      15043 MISS:      39067 MSHR_MERGE:          0
cpu0->LLC PREFETCH     ACCESS:          0 HIT:          0 MISS:          0 MSHR_MERGE:          0
cpu0->LLC WRITE        ACCESS:      73880 HIT:      73683 MISS:        197 MSHR_MERGE:          0
cpu0->LLC TRANSLATION  ACCESS:      78843 HIT:      28876 MISS:      49967 MSHR_MERGE:          0
cpu0->LLC PREFETCH REQUESTED:          0 ISSUED:          0 USEFUL:          0 USELESS:          0
cpu0->LLC AVERAGE MISS LATENCY: 99.82 cycles

DRAM Statistics

Channel 0 RQ ROW_BUFFER_HIT:       5819
  ROW_BUFFER_MISS:     212484
  AVG DBUS CONGESTED CYCLE: 6.442
Channel 0 WQ ROW_BUFFER_HIT:       9875
  ROW_BUFFER_MISS:      44820
  FULL:          0
Channel 0 REFRESHES ISSUED:       4852
[2025-09-15 21:35:26] END   suite=qualcomm_srv trace=srv507_ap (rc=0)
