[2025-09-16 00:21:08] START suite=qualcomm_srv trace=srv600_ap
CMD: ./bin/champsim -w 20000000 -i 100000000 /home/ho/itp_asplos25_AE/traces/qualcomm_srv/srv600_ap.champsimtrace.xz
[VMEM] WARNING: physical memory size is smaller than virtual memory size.

*** ChampSim Multicore Out-of-Order Simulator ***
Warmup Instructions: 20000000
Simulation Instructions: 100000000
Number of CPUs: 1
Page size: 4096

Off-chip DRAM Size: 16 GiB Channels: 1 Width: 64-bit Data Rate: 3205 MT/s
[BTB] WARNING: target of return is a lower address than the corresponding call. This is usually a problem with your trace.
[BTB] WARNING: target of return is a lower address than the corresponding call. This is usually a problem with your trace.
[BTB] WARNING: target of return is a lower address than the corresponding call. This is usually a problem with your trace.
[BTB] WARNING: target of return is a lower address than the corresponding call. This is usually a problem with your trace.
[BTB] WARNING: target of return is a lower address than the corresponding call. This is usually a problem with your trace.
[BTB] WARNING: target of return is a lower address than the corresponding call. This is usually a problem with your trace.
[BTB] WARNING: target of return is a lower address than the corresponding call. This is usually a problem with your trace.
[BTB] WARNING: target of return is a lower address than the corresponding call. This is usually a problem with your trace.
[BTB] WARNING: target of return is a lower address than the corresponding call. This is usually a problem with your trace.
[BTB] WARNING: target of return is a lower address than the corresponding call. This is usually a problem with your trace.
Heartbeat CPU 0 instructions: 10000001 cycles: 2620208 heartbeat IPC: 3.816 cumulative IPC: 3.816 (Simulation time: 00 hr 00 min 37 sec)
Heartbeat CPU 0 instructions: 20000002 cycles: 5055663 heartbeat IPC: 4.106 cumulative IPC: 3.956 (Simulation time: 00 hr 01 min 16 sec)
Warmup finished CPU 0 instructions: 20000002 cycles: 5055663 cumulative IPC: 3.956 (Simulation time: 00 hr 01 min 16 sec)
Warmup complete CPU 0 instructions: 20000002 cycles: 5055663 cumulative IPC: 3.956 (Simulation time: 00 hr 01 min 16 sec)
Heartbeat CPU 0 instructions: 30000002 cycles: 13700885 heartbeat IPC: 1.157 cumulative IPC: 1.157 (Simulation time: 00 hr 02 min 28 sec)
Heartbeat CPU 0 instructions: 40000002 cycles: 22505142 heartbeat IPC: 1.136 cumulative IPC: 1.146 (Simulation time: 00 hr 03 min 37 sec)
Heartbeat CPU 0 instructions: 50000006 cycles: 31248424 heartbeat IPC: 1.144 cumulative IPC: 1.145 (Simulation time: 00 hr 04 min 44 sec)
Heartbeat CPU 0 instructions: 60000008 cycles: 39922126 heartbeat IPC: 1.153 cumulative IPC: 1.147 (Simulation time: 00 hr 05 min 55 sec)
Heartbeat CPU 0 instructions: 70000008 cycles: 48491021 heartbeat IPC: 1.167 cumulative IPC: 1.151 (Simulation time: 00 hr 07 min 08 sec)
Heartbeat CPU 0 instructions: 80000010 cycles: 57087984 heartbeat IPC: 1.163 cumulative IPC: 1.153 (Simulation time: 00 hr 08 min 16 sec)
*** Reached end of trace: (0, "/home/ho/itp_asplos25_AE/traces/qualcomm_srv/srv600_ap.champsimtrace.xz")
Heartbeat CPU 0 instructions: 90000011 cycles: 65755919 heartbeat IPC: 1.154 cumulative IPC: 1.153 (Simulation time: 00 hr 09 min 17 sec)
Heartbeat CPU 0 instructions: 100000015 cycles: 74469890 heartbeat IPC: 1.148 cumulative IPC: 1.153 (Simulation time: 00 hr 10 min 23 sec)
Heartbeat CPU 0 instructions: 110000015 cycles: 83069910 heartbeat IPC: 1.163 cumulative IPC: 1.154 (Simulation time: 00 hr 11 min 30 sec)
Simulation finished CPU 0 instructions: 100000002 cycles: 86578309 cumulative IPC: 1.155 (Simulation time: 00 hr 12 min 37 sec)
Simulation complete CPU 0 instructions: 100000002 cycles: 86578309 cumulative IPC: 1.155 (Simulation time: 00 hr 12 min 37 sec)

ChampSim completed all CPUs

=== Simulation ===
CPU 0 runs /home/ho/itp_asplos25_AE/traces/qualcomm_srv/srv600_ap.champsimtrace.xz

Region of Interest Statistics

CPU 0 cumulative IPC: 1.155 instructions: 100000002 cycles: 86578309
CPU 0 Branch Prediction Accuracy: 92.55% MPKI: 13.4 Average ROB Occupancy at Mispredict: 29.27
Branch type MPKI
BRANCH_DIRECT_JUMP: 0.129
BRANCH_INDIRECT: 0.366
BRANCH_CONDITIONAL: 11.49
BRANCH_DIRECT_CALL: 0.4725
BRANCH_INDIRECT_CALL: 0.5283
BRANCH_RETURN: 0.4135


====Backend Stall Breakdown====
ROB_STALL: 25993
LQ_STALL: 0
SQ_STALL: 394135


====ROB Stall Breakdown====

== Average ==
ADDR_TRANS: 96.64
REPLAY_LOAD: 12.69281
NON_REPLAY_LOAD: 7.7102637

== Total ==
ADDR_TRANS: 2416
REPLAY_LOAD: 1942
NON_REPLAY_LOAD: 21635

== Counts ==
ADDR_TRANS: 25
REPLAY_LOAD: 153
NON_REPLAY_LOAD: 2806

cpu0->cpu0_STLB TOTAL        ACCESS:    2051046 HIT:    2037396 MISS:      13650 MSHR_MERGE:          0
cpu0->cpu0_STLB LOAD         ACCESS:    2051046 HIT:    2037396 MISS:      13650 MSHR_MERGE:          0
cpu0->cpu0_STLB RFO          ACCESS:          0 HIT:          0 MISS:          0 MSHR_MERGE:          0
cpu0->cpu0_STLB PREFETCH     ACCESS:          0 HIT:          0 MISS:          0 MSHR_MERGE:          0
cpu0->cpu0_STLB WRITE        ACCESS:          0 HIT:          0 MISS:          0 MSHR_MERGE:          0
cpu0->cpu0_STLB TRANSLATION  ACCESS:          0 HIT:          0 MISS:          0 MSHR_MERGE:          0
cpu0->cpu0_STLB PREFETCH REQUESTED:          0 ISSUED:          0 USEFUL:          0 USELESS:          0
cpu0->cpu0_STLB AVERAGE MISS LATENCY: 82.59 cycles
cpu0->cpu0_L2C TOTAL        ACCESS:    9612325 HIT:    8649976 MISS:     962349 MSHR_MERGE:          0
cpu0->cpu0_L2C LOAD         ACCESS:    7843276 HIT:    6962951 MISS:     880325 MSHR_MERGE:          0
cpu0->cpu0_L2C RFO          ACCESS:     593028 HIT:     528625 MISS:      64403 MSHR_MERGE:          0
cpu0->cpu0_L2C PREFETCH     ACCESS:          0 HIT:          0 MISS:          0 MSHR_MERGE:          0
cpu0->cpu0_L2C WRITE        ACCESS:    1153346 HIT:    1146127 MISS:       7219 MSHR_MERGE:          0
cpu0->cpu0_L2C TRANSLATION  ACCESS:      22675 HIT:      12273 MISS:      10402 MSHR_MERGE:          0
cpu0->cpu0_L2C PREFETCH REQUESTED:          0 ISSUED:          0 USEFUL:          0 USELESS:          0
cpu0->cpu0_L2C AVERAGE MISS LATENCY: 31.94 cycles
cpu0->cpu0_L1I TOTAL        ACCESS:   15119637 HIT:    7643900 MISS:    7475737 MSHR_MERGE:    1805013
cpu0->cpu0_L1I LOAD         ACCESS:   15119637 HIT:    7643900 MISS:    7475737 MSHR_MERGE:    1805013
cpu0->cpu0_L1I RFO          ACCESS:          0 HIT:          0 MISS:          0 MSHR_MERGE:          0
cpu0->cpu0_L1I PREFETCH     ACCESS:          0 HIT:          0 MISS:          0 MSHR_MERGE:          0
cpu0->cpu0_L1I WRITE        ACCESS:          0 HIT:          0 MISS:          0 MSHR_MERGE:          0
cpu0->cpu0_L1I TRANSLATION  ACCESS:          0 HIT:          0 MISS:          0 MSHR_MERGE:          0
cpu0->cpu0_L1I PREFETCH REQUESTED:          0 ISSUED:          0 USEFUL:          0 USELESS:          0
cpu0->cpu0_L1I AVERAGE MISS LATENCY: 14.63 cycles
cpu0->cpu0_L1D TOTAL        ACCESS:   29703076 HIT:   25232059 MISS:    4471017 MSHR_MERGE:    1682739
cpu0->cpu0_L1D LOAD         ACCESS:   16524243 HIT:   13869853 MISS:    2654390 MSHR_MERGE:     481815
cpu0->cpu0_L1D RFO          ACCESS:          0 HIT:          0 MISS:          0 MSHR_MERGE:          0
cpu0->cpu0_L1D PREFETCH     ACCESS:          0 HIT:          0 MISS:          0 MSHR_MERGE:          0
cpu0->cpu0_L1D WRITE        ACCESS:   13151357 HIT:   11357565 MISS:    1793792 MSHR_MERGE:    1200764
cpu0->cpu0_L1D TRANSLATION  ACCESS:      27476 HIT:       4641 MISS:      22835 MSHR_MERGE:        160
cpu0->cpu0_L1D PREFETCH REQUESTED:          0 ISSUED:          0 USEFUL:          0 USELESS:          0
cpu0->cpu0_L1D AVERAGE MISS LATENCY: 16.83 cycles
cpu0->cpu0_ITLB TOTAL        ACCESS:   12425976 HIT:   10331653 MISS:    2094323 MSHR_MERGE:    1050105
cpu0->cpu0_ITLB LOAD         ACCESS:   12425976 HIT:   10331653 MISS:    2094323 MSHR_MERGE:    1050105
cpu0->cpu0_ITLB RFO          ACCESS:          0 HIT:          0 MISS:          0 MSHR_MERGE:          0
cpu0->cpu0_ITLB PREFETCH     ACCESS:          0 HIT:          0 MISS:          0 MSHR_MERGE:          0
cpu0->cpu0_ITLB WRITE        ACCESS:          0 HIT:          0 MISS:          0 MSHR_MERGE:          0
cpu0->cpu0_ITLB TRANSLATION  ACCESS:          0 HIT:          0 MISS:          0 MSHR_MERGE:          0
cpu0->cpu0_ITLB PREFETCH REQUESTED:          0 ISSUED:          0 USEFUL:          0 USELESS:          0
cpu0->cpu0_ITLB AVERAGE MISS LATENCY: 5.36 cycles
cpu0->cpu0_DTLB TOTAL        ACCESS:   28237042 HIT:   26884351 MISS:    1352691 MSHR_MERGE:     345863
cpu0->cpu0_DTLB LOAD         ACCESS:   28237042 HIT:   26884351 MISS:    1352691 MSHR_MERGE:     345863
cpu0->cpu0_DTLB RFO          ACCESS:          0 HIT:          0 MISS:          0 MSHR_MERGE:          0
cpu0->cpu0_DTLB PREFETCH     ACCESS:          0 HIT:          0 MISS:          0 MSHR_MERGE:          0
cpu0->cpu0_DTLB WRITE        ACCESS:          0 HIT:          0 MISS:          0 MSHR_MERGE:          0
cpu0->cpu0_DTLB TRANSLATION  ACCESS:          0 HIT:          0 MISS:          0 MSHR_MERGE:          0
cpu0->cpu0_DTLB PREFETCH REQUESTED:          0 ISSUED:          0 USEFUL:          0 USELESS:          0
cpu0->cpu0_DTLB AVERAGE MISS LATENCY: 5.776 cycles
cpu0->LLC TOTAL        ACCESS:    1075242 HIT:    1055275 MISS:      19967 MSHR_MERGE:          0
cpu0->LLC LOAD         ACCESS:     880325 HIT:     865368 MISS:      14957 MSHR_MERGE:          0
cpu0->LLC RFO          ACCESS:      64403 HIT:      61775 MISS:       2628 MSHR_MERGE:          0
cpu0->LLC PREFETCH     ACCESS:          0 HIT:          0 MISS:          0 MSHR_MERGE:          0
cpu0->LLC WRITE        ACCESS:     120112 HIT:     120075 MISS:         37 MSHR_MERGE:          0
cpu0->LLC TRANSLATION  ACCESS:      10402 HIT:       8057 MISS:       2345 MSHR_MERGE:          0
cpu0->LLC PREFETCH REQUESTED:          0 ISSUED:          0 USEFUL:          0 USELESS:          0
cpu0->LLC AVERAGE MISS LATENCY: 104.4 cycles

DRAM Statistics

Channel 0 RQ ROW_BUFFER_HIT:          5
  ROW_BUFFER_MISS:      19925
  AVG DBUS CONGESTED CYCLE: 3.034
Channel 0 WQ ROW_BUFFER_HIT:         15
  ROW_BUFFER_MISS:       1143
  FULL:          0
Channel 0 REFRESHES ISSUED:       7215
[2025-09-16 00:33:46] END   suite=qualcomm_srv trace=srv600_ap (rc=0)
