[2025-09-15 22:01:11] START suite=qualcomm_srv trace=srv681_ap
CMD: ./bin/champsim -w 20000000 -i 100000000 /home/ho/itp_asplos25_AE/traces/qualcomm_srv/srv681_ap.champsimtrace.xz
[VMEM] WARNING: physical memory size is smaller than virtual memory size.

*** ChampSim Multicore Out-of-Order Simulator ***
Warmup Instructions: 20000000
Simulation Instructions: 100000000
Number of CPUs: 1
Page size: 4096

Off-chip DRAM Size: 16 GiB Channels: 1 Width: 64-bit Data Rate: 3205 MT/s
[BTB] WARNING: target of return is a lower address than the corresponding call. This is usually a problem with your trace.
[BTB] WARNING: target of return is a lower address than the corresponding call. This is usually a problem with your trace.
[BTB] WARNING: target of return is a lower address than the corresponding call. This is usually a problem with your trace.
[BTB] WARNING: target of return is a lower address than the corresponding call. This is usually a problem with your trace.
[BTB] WARNING: target of return is a lower address than the corresponding call. This is usually a problem with your trace.
[BTB] WARNING: target of return is a lower address than the corresponding call. This is usually a problem with your trace.
[BTB] WARNING: target of return is a lower address than the corresponding call. This is usually a problem with your trace.
[BTB] WARNING: target of return is a lower address than the corresponding call. This is usually a problem with your trace.
[BTB] WARNING: target of return is a lower address than the corresponding call. This is usually a problem with your trace.
[BTB] WARNING: target of return is a lower address than the corresponding call. This is usually a problem with your trace.
Heartbeat CPU 0 instructions: 10000003 cycles: 2652279 heartbeat IPC: 3.77 cumulative IPC: 3.77 (Simulation time: 00 hr 00 min 38 sec)
Warmup finished CPU 0 instructions: 20000002 cycles: 5084361 cumulative IPC: 3.934 (Simulation time: 00 hr 01 min 13 sec)
Warmup complete CPU 0 instructions: 20000002 cycles: 5084361 cumulative IPC: 3.934 (Simulation time: 00 hr 01 min 13 sec)
Heartbeat CPU 0 instructions: 20000007 cycles: 5084362 heartbeat IPC: 4.112 cumulative IPC: 5 (Simulation time: 00 hr 01 min 13 sec)
Heartbeat CPU 0 instructions: 30000011 cycles: 13631095 heartbeat IPC: 1.17 cumulative IPC: 1.17 (Simulation time: 00 hr 02 min 23 sec)
Heartbeat CPU 0 instructions: 40000011 cycles: 22457142 heartbeat IPC: 1.133 cumulative IPC: 1.151 (Simulation time: 00 hr 03 min 33 sec)
Heartbeat CPU 0 instructions: 50000013 cycles: 31128311 heartbeat IPC: 1.153 cumulative IPC: 1.152 (Simulation time: 00 hr 04 min 39 sec)
Heartbeat CPU 0 instructions: 60000017 cycles: 39686183 heartbeat IPC: 1.169 cumulative IPC: 1.156 (Simulation time: 00 hr 05 min 45 sec)
Heartbeat CPU 0 instructions: 70000018 cycles: 48394507 heartbeat IPC: 1.148 cumulative IPC: 1.154 (Simulation time: 00 hr 06 min 50 sec)
Heartbeat CPU 0 instructions: 80000022 cycles: 57090905 heartbeat IPC: 1.15 cumulative IPC: 1.154 (Simulation time: 00 hr 07 min 52 sec)
Heartbeat CPU 0 instructions: 90000024 cycles: 65611283 heartbeat IPC: 1.174 cumulative IPC: 1.157 (Simulation time: 00 hr 09 min 00 sec)
Heartbeat CPU 0 instructions: 100000027 cycles: 74222806 heartbeat IPC: 1.161 cumulative IPC: 1.157 (Simulation time: 00 hr 10 min 11 sec)
*** Reached end of trace: (0, "/home/ho/itp_asplos25_AE/traces/qualcomm_srv/srv681_ap.champsimtrace.xz")
Heartbeat CPU 0 instructions: 110000030 cycles: 82889035 heartbeat IPC: 1.154 cumulative IPC: 1.157 (Simulation time: 00 hr 11 min 23 sec)
Simulation finished CPU 0 instructions: 100000000 cycles: 86574220 cumulative IPC: 1.155 (Simulation time: 00 hr 12 min 32 sec)
Simulation complete CPU 0 instructions: 100000000 cycles: 86574220 cumulative IPC: 1.155 (Simulation time: 00 hr 12 min 32 sec)

ChampSim completed all CPUs

=== Simulation ===
CPU 0 runs /home/ho/itp_asplos25_AE/traces/qualcomm_srv/srv681_ap.champsimtrace.xz

Region of Interest Statistics

CPU 0 cumulative IPC: 1.155 instructions: 100000000 cycles: 86574220
CPU 0 Branch Prediction Accuracy: 91.3% MPKI: 15.35 Average ROB Occupancy at Mispredict: 27.15
Branch type MPKI
BRANCH_DIRECT_JUMP: 0.2845
BRANCH_INDIRECT: 0.4167
BRANCH_CONDITIONAL: 12.93
BRANCH_DIRECT_CALL: 0.7058
BRANCH_INDIRECT_CALL: 0.5052
BRANCH_RETURN: 0.5063


====Backend Stall Breakdown====
ROB_STALL: 237100
LQ_STALL: 0
SQ_STALL: 606898


====ROB Stall Breakdown====

== Average ==
ADDR_TRANS: 170.2093
REPLAY_LOAD: 85.898735
NON_REPLAY_LOAD: 19.798742

== Total ==
ADDR_TRANS: 21957
REPLAY_LOAD: 13572
NON_REPLAY_LOAD: 201571

== Counts ==
ADDR_TRANS: 129
REPLAY_LOAD: 158
NON_REPLAY_LOAD: 10181

cpu0->cpu0_STLB TOTAL        ACCESS:    1784493 HIT:    1778442 MISS:       6051 MSHR_MERGE:          0
cpu0->cpu0_STLB LOAD         ACCESS:    1784493 HIT:    1778442 MISS:       6051 MSHR_MERGE:          0
cpu0->cpu0_STLB RFO          ACCESS:          0 HIT:          0 MISS:          0 MSHR_MERGE:          0
cpu0->cpu0_STLB PREFETCH     ACCESS:          0 HIT:          0 MISS:          0 MSHR_MERGE:          0
cpu0->cpu0_STLB WRITE        ACCESS:          0 HIT:          0 MISS:          0 MSHR_MERGE:          0
cpu0->cpu0_STLB TRANSLATION  ACCESS:          0 HIT:          0 MISS:          0 MSHR_MERGE:          0
cpu0->cpu0_STLB PREFETCH REQUESTED:          0 ISSUED:          0 USEFUL:          0 USELESS:          0
cpu0->cpu0_STLB AVERAGE MISS LATENCY: 209.4 cycles
cpu0->cpu0_L2C TOTAL        ACCESS:    7764828 HIT:    6867789 MISS:     897039 MSHR_MERGE:          0
cpu0->cpu0_L2C LOAD         ACCESS:    6273639 HIT:    5524868 MISS:     748771 MSHR_MERGE:          0
cpu0->cpu0_L2C RFO          ACCESS:     547461 HIT:     417547 MISS:     129914 MSHR_MERGE:          0
cpu0->cpu0_L2C PREFETCH     ACCESS:          0 HIT:          0 MISS:          0 MSHR_MERGE:          0
cpu0->cpu0_L2C WRITE        ACCESS:     932813 HIT:     923990 MISS:       8823 MSHR_MERGE:          0
cpu0->cpu0_L2C TRANSLATION  ACCESS:      10915 HIT:       1384 MISS:       9531 MSHR_MERGE:          0
cpu0->cpu0_L2C PREFETCH REQUESTED:          0 ISSUED:          0 USEFUL:          0 USELESS:          0
cpu0->cpu0_L2C AVERAGE MISS LATENCY: 40.23 cycles
cpu0->cpu0_L1I TOTAL        ACCESS:   14469686 HIT:    8078762 MISS:    6390924 MSHR_MERGE:    1527617
cpu0->cpu0_L1I LOAD         ACCESS:   14469686 HIT:    8078762 MISS:    6390924 MSHR_MERGE:    1527617
cpu0->cpu0_L1I RFO          ACCESS:          0 HIT:          0 MISS:          0 MSHR_MERGE:          0
cpu0->cpu0_L1I PREFETCH     ACCESS:          0 HIT:          0 MISS:          0 MSHR_MERGE:          0
cpu0->cpu0_L1I WRITE        ACCESS:          0 HIT:          0 MISS:          0 MSHR_MERGE:          0
cpu0->cpu0_L1I TRANSLATION  ACCESS:          0 HIT:          0 MISS:          0 MSHR_MERGE:          0
cpu0->cpu0_L1I PREFETCH REQUESTED:          0 ISSUED:          0 USEFUL:          0 USELESS:          0
cpu0->cpu0_L1I AVERAGE MISS LATENCY: 14.35 cycles
cpu0->cpu0_L1D TOTAL        ACCESS:   29949553 HIT:   26578465 MISS:    3371088 MSHR_MERGE:    1402318
cpu0->cpu0_L1D LOAD         ACCESS:   16919762 HIT:   15161140 MISS:    1758622 MSHR_MERGE:     348249
cpu0->cpu0_L1D RFO          ACCESS:          0 HIT:          0 MISS:          0 MSHR_MERGE:          0
cpu0->cpu0_L1D PREFETCH     ACCESS:          0 HIT:          0 MISS:          0 MSHR_MERGE:          0
cpu0->cpu0_L1D WRITE        ACCESS:   13017236 HIT:   11415700 MISS:    1601536 MSHR_MERGE:    1054054
cpu0->cpu0_L1D TRANSLATION  ACCESS:      12555 HIT:       1625 MISS:      10930 MSHR_MERGE:         15
cpu0->cpu0_L1D PREFETCH REQUESTED:          0 ISSUED:          0 USEFUL:          0 USELESS:          0
cpu0->cpu0_L1D AVERAGE MISS LATENCY: 23.42 cycles
cpu0->cpu0_ITLB TOTAL        ACCESS:   12109983 HIT:   10376107 MISS:    1733876 MSHR_MERGE:     869688
cpu0->cpu0_ITLB LOAD         ACCESS:   12109983 HIT:   10376107 MISS:    1733876 MSHR_MERGE:     869688
cpu0->cpu0_ITLB RFO          ACCESS:          0 HIT:          0 MISS:          0 MSHR_MERGE:          0
cpu0->cpu0_ITLB PREFETCH     ACCESS:          0 HIT:          0 MISS:          0 MSHR_MERGE:          0
cpu0->cpu0_ITLB WRITE        ACCESS:          0 HIT:          0 MISS:          0 MSHR_MERGE:          0
cpu0->cpu0_ITLB TRANSLATION  ACCESS:          0 HIT:          0 MISS:          0 MSHR_MERGE:          0
cpu0->cpu0_ITLB PREFETCH REQUESTED:          0 ISSUED:          0 USEFUL:          0 USELESS:          0
cpu0->cpu0_ITLB AVERAGE MISS LATENCY: 5.165 cycles
cpu0->cpu0_DTLB TOTAL        ACCESS:   28330772 HIT:   27102212 MISS:    1228560 MSHR_MERGE:     308255
cpu0->cpu0_DTLB LOAD         ACCESS:   28330772 HIT:   27102212 MISS:    1228560 MSHR_MERGE:     308255
cpu0->cpu0_DTLB RFO          ACCESS:          0 HIT:          0 MISS:          0 MSHR_MERGE:          0
cpu0->cpu0_DTLB PREFETCH     ACCESS:          0 HIT:          0 MISS:          0 MSHR_MERGE:          0
cpu0->cpu0_DTLB WRITE        ACCESS:          0 HIT:          0 MISS:          0 MSHR_MERGE:          0
cpu0->cpu0_DTLB TRANSLATION  ACCESS:          0 HIT:          0 MISS:          0 MSHR_MERGE:          0
cpu0->cpu0_DTLB PREFETCH REQUESTED:          0 ISSUED:          0 USEFUL:          0 USELESS:          0
cpu0->cpu0_DTLB AVERAGE MISS LATENCY: 6.248 cycles
cpu0->LLC TOTAL        ACCESS:    1086410 HIT:    1012693 MISS:      73717 MSHR_MERGE:          0
cpu0->LLC LOAD         ACCESS:     748771 HIT:     720789 MISS:      27982 MSHR_MERGE:          0
cpu0->LLC RFO          ACCESS:     129914 HIT:      89142 MISS:      40772 MSHR_MERGE:          0
cpu0->LLC PREFETCH     ACCESS:          0 HIT:          0 MISS:          0 MSHR_MERGE:          0
cpu0->LLC WRITE        ACCESS:     198194 HIT:     197850 MISS:        344 MSHR_MERGE:          0
cpu0->LLC TRANSLATION  ACCESS:       9531 HIT:       4912 MISS:       4619 MSHR_MERGE:          0
cpu0->LLC PREFETCH REQUESTED:          0 ISSUED:          0 USEFUL:          0 USELESS:          0
cpu0->LLC AVERAGE MISS LATENCY: 127.6 cycles

DRAM Statistics

Channel 0 RQ ROW_BUFFER_HIT:       3516
  ROW_BUFFER_MISS:      69851
  AVG DBUS CONGESTED CYCLE: 3.546
Channel 0 WQ ROW_BUFFER_HIT:       1781
  ROW_BUFFER_MISS:      37992
  FULL:          0
Channel 0 REFRESHES ISSUED:       7215
[2025-09-15 22:13:44] END   suite=qualcomm_srv trace=srv681_ap (rc=0)
