[2025-09-16 00:00:26] START suite=qualcomm_srv trace=srv646_ap
CMD: ./bin/champsim -w 20000000 -i 100000000 /home/ho/itp_asplos25_AE/traces/qualcomm_srv/srv646_ap.champsimtrace.xz
[VMEM] WARNING: physical memory size is smaller than virtual memory size.

*** ChampSim Multicore Out-of-Order Simulator ***
Warmup Instructions: 20000000
Simulation Instructions: 100000000
Number of CPUs: 1
Page size: 4096

Off-chip DRAM Size: 16 GiB Channels: 1 Width: 64-bit Data Rate: 3205 MT/s
[BTB] WARNING: target of return is a lower address than the corresponding call. This is usually a problem with your trace.
[BTB] WARNING: target of return is a lower address than the corresponding call. This is usually a problem with your trace.
[BTB] WARNING: target of return is a lower address than the corresponding call. This is usually a problem with your trace.
[BTB] WARNING: target of return is a lower address than the corresponding call. This is usually a problem with your trace.
[BTB] WARNING: target of return is a lower address than the corresponding call. This is usually a problem with your trace.
[BTB] WARNING: target of return is a lower address than the corresponding call. This is usually a problem with your trace.
[BTB] WARNING: target of return is a lower address than the corresponding call. This is usually a problem with your trace.
[BTB] WARNING: target of return is a lower address than the corresponding call. This is usually a problem with your trace.
[BTB] WARNING: target of return is a lower address than the corresponding call. This is usually a problem with your trace.
[BTB] WARNING: target of return is a lower address than the corresponding call. This is usually a problem with your trace.
Heartbeat CPU 0 instructions: 10000000 cycles: 2645376 heartbeat IPC: 3.78 cumulative IPC: 3.78 (Simulation time: 00 hr 00 min 40 sec)
Heartbeat CPU 0 instructions: 20000000 cycles: 5045287 heartbeat IPC: 4.167 cumulative IPC: 3.964 (Simulation time: 00 hr 01 min 15 sec)
Warmup finished CPU 0 instructions: 20000000 cycles: 5045287 cumulative IPC: 3.964 (Simulation time: 00 hr 01 min 15 sec)
Warmup complete CPU 0 instructions: 20000000 cycles: 5045287 cumulative IPC: 3.964 (Simulation time: 00 hr 01 min 15 sec)
Heartbeat CPU 0 instructions: 30000001 cycles: 13492755 heartbeat IPC: 1.184 cumulative IPC: 1.184 (Simulation time: 00 hr 02 min 15 sec)
Heartbeat CPU 0 instructions: 40000002 cycles: 22043173 heartbeat IPC: 1.17 cumulative IPC: 1.177 (Simulation time: 00 hr 03 min 16 sec)
Heartbeat CPU 0 instructions: 50000005 cycles: 30350525 heartbeat IPC: 1.204 cumulative IPC: 1.186 (Simulation time: 00 hr 04 min 26 sec)
Heartbeat CPU 0 instructions: 60000006 cycles: 38844728 heartbeat IPC: 1.177 cumulative IPC: 1.183 (Simulation time: 00 hr 05 min 32 sec)
Heartbeat CPU 0 instructions: 70000009 cycles: 47302726 heartbeat IPC: 1.182 cumulative IPC: 1.183 (Simulation time: 00 hr 06 min 41 sec)
Heartbeat CPU 0 instructions: 80000010 cycles: 55640484 heartbeat IPC: 1.199 cumulative IPC: 1.186 (Simulation time: 00 hr 07 min 50 sec)
Heartbeat CPU 0 instructions: 90000010 cycles: 64094405 heartbeat IPC: 1.183 cumulative IPC: 1.185 (Simulation time: 00 hr 09 min 00 sec)
Heartbeat CPU 0 instructions: 100000010 cycles: 72534958 heartbeat IPC: 1.185 cumulative IPC: 1.185 (Simulation time: 00 hr 10 min 08 sec)
*** Reached end of trace: (0, "/home/ho/itp_asplos25_AE/traces/qualcomm_srv/srv646_ap.champsimtrace.xz")
Heartbeat CPU 0 instructions: 110000011 cycles: 80933854 heartbeat IPC: 1.191 cumulative IPC: 1.186 (Simulation time: 00 hr 11 min 17 sec)
Simulation finished CPU 0 instructions: 100000001 cycles: 84545067 cumulative IPC: 1.183 (Simulation time: 00 hr 12 min 25 sec)
Simulation complete CPU 0 instructions: 100000001 cycles: 84545067 cumulative IPC: 1.183 (Simulation time: 00 hr 12 min 25 sec)

ChampSim completed all CPUs

=== Simulation ===
CPU 0 runs /home/ho/itp_asplos25_AE/traces/qualcomm_srv/srv646_ap.champsimtrace.xz

Region of Interest Statistics

CPU 0 cumulative IPC: 1.183 instructions: 100000001 cycles: 84545067
CPU 0 Branch Prediction Accuracy: 91.58% MPKI: 14.85 Average ROB Occupancy at Mispredict: 27.98
Branch type MPKI
BRANCH_DIRECT_JUMP: 0.2815
BRANCH_INDIRECT: 0.4214
BRANCH_CONDITIONAL: 12.48
BRANCH_DIRECT_CALL: 0.7046
BRANCH_INDIRECT_CALL: 0.5107
BRANCH_RETURN: 0.4477


====Backend Stall Breakdown====
ROB_STALL: 177497
LQ_STALL: 0
SQ_STALL: 598492


====ROB Stall Breakdown====

== Average ==
ADDR_TRANS: 165.08392
REPLAY_LOAD: 72.8735
NON_REPLAY_LOAD: 16.971035

== Total ==
ADDR_TRANS: 23607
REPLAY_LOAD: 12097
NON_REPLAY_LOAD: 141793

== Counts ==
ADDR_TRANS: 143
REPLAY_LOAD: 166
NON_REPLAY_LOAD: 8355

cpu0->cpu0_STLB TOTAL        ACCESS:    1751913 HIT:    1746538 MISS:       5375 MSHR_MERGE:          0
cpu0->cpu0_STLB LOAD         ACCESS:    1751913 HIT:    1746538 MISS:       5375 MSHR_MERGE:          0
cpu0->cpu0_STLB RFO          ACCESS:          0 HIT:          0 MISS:          0 MSHR_MERGE:          0
cpu0->cpu0_STLB PREFETCH     ACCESS:          0 HIT:          0 MISS:          0 MSHR_MERGE:          0
cpu0->cpu0_STLB WRITE        ACCESS:          0 HIT:          0 MISS:          0 MSHR_MERGE:          0
cpu0->cpu0_STLB TRANSLATION  ACCESS:          0 HIT:          0 MISS:          0 MSHR_MERGE:          0
cpu0->cpu0_STLB PREFETCH REQUESTED:          0 ISSUED:          0 USEFUL:          0 USELESS:          0
cpu0->cpu0_STLB AVERAGE MISS LATENCY: 225.8 cycles
cpu0->cpu0_L2C TOTAL        ACCESS:    7624252 HIT:    6724938 MISS:     899314 MSHR_MERGE:          0
cpu0->cpu0_L2C LOAD         ACCESS:    6174827 HIT:    5444573 MISS:     730254 MSHR_MERGE:          0
cpu0->cpu0_L2C RFO          ACCESS:     536724 HIT:     388540 MISS:     148184 MSHR_MERGE:          0
cpu0->cpu0_L2C PREFETCH     ACCESS:          0 HIT:          0 MISS:          0 MSHR_MERGE:          0
cpu0->cpu0_L2C WRITE        ACCESS:     902918 HIT:     890781 MISS:      12137 MSHR_MERGE:          0
cpu0->cpu0_L2C TRANSLATION  ACCESS:       9783 HIT:       1044 MISS:       8739 MSHR_MERGE:          0
cpu0->cpu0_L2C PREFETCH REQUESTED:          0 ISSUED:          0 USEFUL:          0 USELESS:          0
cpu0->cpu0_L2C AVERAGE MISS LATENCY: 39.17 cycles
cpu0->cpu0_L1I TOTAL        ACCESS:   14431845 HIT:    8097058 MISS:    6334787 MSHR_MERGE:    1533988
cpu0->cpu0_L1I LOAD         ACCESS:   14431845 HIT:    8097058 MISS:    6334787 MSHR_MERGE:    1533988
cpu0->cpu0_L1I RFO          ACCESS:          0 HIT:          0 MISS:          0 MSHR_MERGE:          0
cpu0->cpu0_L1I PREFETCH     ACCESS:          0 HIT:          0 MISS:          0 MSHR_MERGE:          0
cpu0->cpu0_L1I WRITE        ACCESS:          0 HIT:          0 MISS:          0 MSHR_MERGE:          0
cpu0->cpu0_L1I TRANSLATION  ACCESS:          0 HIT:          0 MISS:          0 MSHR_MERGE:          0
cpu0->cpu0_L1I PREFETCH REQUESTED:          0 ISSUED:          0 USEFUL:          0 USELESS:          0
cpu0->cpu0_L1I AVERAGE MISS LATENCY: 14.38 cycles
cpu0->cpu0_L1D TOTAL        ACCESS:   29879858 HIT:   26583570 MISS:    3296288 MSHR_MERGE:    1375689
cpu0->cpu0_L1D LOAD         ACCESS:   16867534 HIT:   15156793 MISS:    1710741 MSHR_MERGE:     336684
cpu0->cpu0_L1D RFO          ACCESS:          0 HIT:          0 MISS:          0 MSHR_MERGE:          0
cpu0->cpu0_L1D PREFETCH     ACCESS:          0 HIT:          0 MISS:          0 MSHR_MERGE:          0
cpu0->cpu0_L1D WRITE        ACCESS:   13001193 HIT:   11425445 MISS:    1575748 MSHR_MERGE:    1038989
cpu0->cpu0_L1D TRANSLATION  ACCESS:      11131 HIT:       1332 MISS:       9799 MSHR_MERGE:         16
cpu0->cpu0_L1D PREFETCH REQUESTED:          0 ISSUED:          0 USEFUL:          0 USELESS:          0
cpu0->cpu0_L1D AVERAGE MISS LATENCY: 23.3 cycles
cpu0->cpu0_ITLB TOTAL        ACCESS:   12077511 HIT:   10367544 MISS:    1709967 MSHR_MERGE:     859387
cpu0->cpu0_ITLB LOAD         ACCESS:   12077511 HIT:   10367544 MISS:    1709967 MSHR_MERGE:     859387
cpu0->cpu0_ITLB RFO          ACCESS:          0 HIT:          0 MISS:          0 MSHR_MERGE:          0
cpu0->cpu0_ITLB PREFETCH     ACCESS:          0 HIT:          0 MISS:          0 MSHR_MERGE:          0
cpu0->cpu0_ITLB WRITE        ACCESS:          0 HIT:          0 MISS:          0 MSHR_MERGE:          0
cpu0->cpu0_ITLB TRANSLATION  ACCESS:          0 HIT:          0 MISS:          0 MSHR_MERGE:          0
cpu0->cpu0_ITLB PREFETCH REQUESTED:          0 ISSUED:          0 USEFUL:          0 USELESS:          0
cpu0->cpu0_ITLB AVERAGE MISS LATENCY: 5.136 cycles
cpu0->cpu0_DTLB TOTAL        ACCESS:   28243090 HIT:   27043596 MISS:    1199494 MSHR_MERGE:     298160
cpu0->cpu0_DTLB LOAD         ACCESS:   28243090 HIT:   27043596 MISS:    1199494 MSHR_MERGE:     298160
cpu0->cpu0_DTLB RFO          ACCESS:          0 HIT:          0 MISS:          0 MSHR_MERGE:          0
cpu0->cpu0_DTLB PREFETCH     ACCESS:          0 HIT:          0 MISS:          0 MSHR_MERGE:          0
cpu0->cpu0_DTLB WRITE        ACCESS:          0 HIT:          0 MISS:          0 MSHR_MERGE:          0
cpu0->cpu0_DTLB TRANSLATION  ACCESS:          0 HIT:          0 MISS:          0 MSHR_MERGE:          0
cpu0->cpu0_DTLB PREFETCH REQUESTED:          0 ISSUED:          0 USEFUL:          0 USELESS:          0
cpu0->cpu0_DTLB AVERAGE MISS LATENCY: 6.24 cycles
cpu0->LLC TOTAL        ACCESS:    1109877 HIT:    1037413 MISS:      72464 MSHR_MERGE:          0
cpu0->LLC LOAD         ACCESS:     730254 HIT:     702784 MISS:      27470 MSHR_MERGE:          0
cpu0->LLC RFO          ACCESS:     148184 HIT:     107902 MISS:      40282 MSHR_MERGE:          0
cpu0->LLC PREFETCH     ACCESS:          0 HIT:          0 MISS:          0 MSHR_MERGE:          0
cpu0->LLC WRITE        ACCESS:     222700 HIT:     222443 MISS:        257 MSHR_MERGE:          0
cpu0->LLC TRANSLATION  ACCESS:       8739 HIT:       4284 MISS:       4455 MSHR_MERGE:          0
cpu0->LLC PREFETCH REQUESTED:          0 ISSUED:          0 USEFUL:          0 USELESS:          0
cpu0->LLC AVERAGE MISS LATENCY: 118.3 cycles

DRAM Statistics

Channel 0 RQ ROW_BUFFER_HIT:       4105
  ROW_BUFFER_MISS:      68099
  AVG DBUS CONGESTED CYCLE: 3.519
Channel 0 WQ ROW_BUFFER_HIT:       1451
  ROW_BUFFER_MISS:      35078
  FULL:          0
Channel 0 REFRESHES ISSUED:       7045
[2025-09-16 00:12:52] END   suite=qualcomm_srv trace=srv646_ap (rc=0)
