[2025-09-16 00:12:15] START suite=qualcomm_srv trace=srv773_ap
CMD: ./bin/champsim -w 20000000 -i 100000000 /home/ho/itp_asplos25_AE/traces/qualcomm_srv/srv773_ap.champsimtrace.xz
[VMEM] WARNING: physical memory size is smaller than virtual memory size.

*** ChampSim Multicore Out-of-Order Simulator ***
Warmup Instructions: 20000000
Simulation Instructions: 100000000
Number of CPUs: 1
Page size: 4096

Off-chip DRAM Size: 16 GiB Channels: 1 Width: 64-bit Data Rate: 3205 MT/s
[BTB] WARNING: target of return is a lower address than the corresponding call. This is usually a problem with your trace.
[BTB] WARNING: target of return is a lower address than the corresponding call. This is usually a problem with your trace.
[BTB] WARNING: target of return is a lower address than the corresponding call. This is usually a problem with your trace.
[BTB] WARNING: target of return is a lower address than the corresponding call. This is usually a problem with your trace.
[BTB] WARNING: target of return is a lower address than the corresponding call. This is usually a problem with your trace.
[BTB] WARNING: target of return is a lower address than the corresponding call. This is usually a problem with your trace.
[BTB] WARNING: target of return is a lower address than the corresponding call. This is usually a problem with your trace.
[BTB] WARNING: target of return is a lower address than the corresponding call. This is usually a problem with your trace.
[BTB] WARNING: target of return is a lower address than the corresponding call. This is usually a problem with your trace.
[BTB] WARNING: target of return is a lower address than the corresponding call. This is usually a problem with your trace.
Heartbeat CPU 0 instructions: 10000000 cycles: 2783886 heartbeat IPC: 3.592 cumulative IPC: 3.592 (Simulation time: 00 hr 00 min 41 sec)
Heartbeat CPU 0 instructions: 20000003 cycles: 5345594 heartbeat IPC: 3.904 cumulative IPC: 3.741 (Simulation time: 00 hr 01 min 20 sec)
Warmup finished CPU 0 instructions: 20000003 cycles: 5345594 cumulative IPC: 3.741 (Simulation time: 00 hr 01 min 20 sec)
Warmup complete CPU 0 instructions: 20000003 cycles: 5345594 cumulative IPC: 3.741 (Simulation time: 00 hr 01 min 20 sec)
Heartbeat CPU 0 instructions: 30000006 cycles: 14853147 heartbeat IPC: 1.052 cumulative IPC: 1.052 (Simulation time: 00 hr 02 min 35 sec)
Heartbeat CPU 0 instructions: 40000006 cycles: 24250858 heartbeat IPC: 1.064 cumulative IPC: 1.058 (Simulation time: 00 hr 03 min 51 sec)
Heartbeat CPU 0 instructions: 50000009 cycles: 33643905 heartbeat IPC: 1.065 cumulative IPC: 1.06 (Simulation time: 00 hr 05 min 01 sec)
Heartbeat CPU 0 instructions: 60000010 cycles: 43134357 heartbeat IPC: 1.054 cumulative IPC: 1.059 (Simulation time: 00 hr 06 min 06 sec)
Heartbeat CPU 0 instructions: 70000014 cycles: 52491637 heartbeat IPC: 1.069 cumulative IPC: 1.061 (Simulation time: 00 hr 07 min 11 sec)
Heartbeat CPU 0 instructions: 80000014 cycles: 61887916 heartbeat IPC: 1.064 cumulative IPC: 1.061 (Simulation time: 00 hr 08 min 23 sec)
*** Reached end of trace: (0, "/home/ho/itp_asplos25_AE/traces/qualcomm_srv/srv773_ap.champsimtrace.xz")
Heartbeat CPU 0 instructions: 90000016 cycles: 71407759 heartbeat IPC: 1.05 cumulative IPC: 1.06 (Simulation time: 00 hr 09 min 33 sec)
Heartbeat CPU 0 instructions: 100000020 cycles: 80628264 heartbeat IPC: 1.085 cumulative IPC: 1.063 (Simulation time: 00 hr 10 min 48 sec)
Heartbeat CPU 0 instructions: 110000024 cycles: 89889548 heartbeat IPC: 1.08 cumulative IPC: 1.065 (Simulation time: 00 hr 12 min 03 sec)
Simulation finished CPU 0 instructions: 100000000 cycles: 93789454 cumulative IPC: 1.066 (Simulation time: 00 hr 13 min 13 sec)
Simulation complete CPU 0 instructions: 100000000 cycles: 93789454 cumulative IPC: 1.066 (Simulation time: 00 hr 13 min 13 sec)

ChampSim completed all CPUs

=== Simulation ===
CPU 0 runs /home/ho/itp_asplos25_AE/traces/qualcomm_srv/srv773_ap.champsimtrace.xz

Region of Interest Statistics

CPU 0 cumulative IPC: 1.066 instructions: 100000000 cycles: 93789454
CPU 0 Branch Prediction Accuracy: 92.33% MPKI: 13.76 Average ROB Occupancy at Mispredict: 30.06
Branch type MPKI
BRANCH_DIRECT_JUMP: 0.06736
BRANCH_INDIRECT: 0.3358
BRANCH_CONDITIONAL: 12.09
BRANCH_DIRECT_CALL: 0.4005
BRANCH_INDIRECT_CALL: 0.4828
BRANCH_RETURN: 0.3806


====Backend Stall Breakdown====
ROB_STALL: 215165
LQ_STALL: 0
SQ_STALL: 950196


====ROB Stall Breakdown====

== Average ==
ADDR_TRANS: 174.17628
REPLAY_LOAD: 70.84194
NON_REPLAY_LOAD: 18.565546

== Total ==
ADDR_TRANS: 54343
REPLAY_LOAD: 23307
NON_REPLAY_LOAD: 137515

== Counts ==
ADDR_TRANS: 312
REPLAY_LOAD: 329
NON_REPLAY_LOAD: 7407

cpu0->cpu0_STLB TOTAL        ACCESS:    2113275 HIT:    2087539 MISS:      25736 MSHR_MERGE:          0
cpu0->cpu0_STLB LOAD         ACCESS:    2113275 HIT:    2087539 MISS:      25736 MSHR_MERGE:          0
cpu0->cpu0_STLB RFO          ACCESS:          0 HIT:          0 MISS:          0 MSHR_MERGE:          0
cpu0->cpu0_STLB PREFETCH     ACCESS:          0 HIT:          0 MISS:          0 MSHR_MERGE:          0
cpu0->cpu0_STLB WRITE        ACCESS:          0 HIT:          0 MISS:          0 MSHR_MERGE:          0
cpu0->cpu0_STLB TRANSLATION  ACCESS:          0 HIT:          0 MISS:          0 MSHR_MERGE:          0
cpu0->cpu0_STLB PREFETCH REQUESTED:          0 ISSUED:          0 USEFUL:          0 USELESS:          0
cpu0->cpu0_STLB AVERAGE MISS LATENCY: 195.7 cycles
cpu0->cpu0_L2C TOTAL        ACCESS:    9392927 HIT:    8408781 MISS:     984146 MSHR_MERGE:          0
cpu0->cpu0_L2C LOAD         ACCESS:    7611257 HIT:    6758852 MISS:     852405 MSHR_MERGE:          0
cpu0->cpu0_L2C RFO          ACCESS:     593567 HIT:     515255 MISS:      78312 MSHR_MERGE:          0
cpu0->cpu0_L2C PREFETCH     ACCESS:          0 HIT:          0 MISS:          0 MSHR_MERGE:          0
cpu0->cpu0_L2C WRITE        ACCESS:    1128816 HIT:    1121834 MISS:       6982 MSHR_MERGE:          0
cpu0->cpu0_L2C TRANSLATION  ACCESS:      59287 HIT:      12840 MISS:      46447 MSHR_MERGE:          0
cpu0->cpu0_L2C PREFETCH REQUESTED:          0 ISSUED:          0 USEFUL:          0 USELESS:          0
cpu0->cpu0_L2C AVERAGE MISS LATENCY: 38.36 cycles
cpu0->cpu0_L1I TOTAL        ACCESS:   15229037 HIT:    7645937 MISS:    7583100 MSHR_MERGE:    1866878
cpu0->cpu0_L1I LOAD         ACCESS:   15229037 HIT:    7645937 MISS:    7583100 MSHR_MERGE:    1866878
cpu0->cpu0_L1I RFO          ACCESS:          0 HIT:          0 MISS:          0 MSHR_MERGE:          0
cpu0->cpu0_L1I PREFETCH     ACCESS:          0 HIT:          0 MISS:          0 MSHR_MERGE:          0
cpu0->cpu0_L1I WRITE        ACCESS:          0 HIT:          0 MISS:          0 MSHR_MERGE:          0
cpu0->cpu0_L1I TRANSLATION  ACCESS:          0 HIT:          0 MISS:          0 MSHR_MERGE:          0
cpu0->cpu0_L1I PREFETCH REQUESTED:          0 ISSUED:          0 USEFUL:          0 USELESS:          0
cpu0->cpu0_L1I AVERAGE MISS LATENCY: 14.45 cycles
cpu0->cpu0_L1D TOTAL        ACCESS:   29970685 HIT:   25715879 MISS:    4254806 MSHR_MERGE:    1706909
cpu0->cpu0_L1D LOAD         ACCESS:   16571662 HIT:   14164344 MISS:    2407318 MSHR_MERGE:     512280
cpu0->cpu0_L1D RFO          ACCESS:          0 HIT:          0 MISS:          0 MSHR_MERGE:          0
cpu0->cpu0_L1D PREFETCH     ACCESS:          0 HIT:          0 MISS:          0 MSHR_MERGE:          0
cpu0->cpu0_L1D WRITE        ACCESS:   13335296 HIT:   11547218 MISS:    1788078 MSHR_MERGE:    1194506
cpu0->cpu0_L1D TRANSLATION  ACCESS:      63727 HIT:       4317 MISS:      59410 MSHR_MERGE:        123
cpu0->cpu0_L1D PREFETCH REQUESTED:          0 ISSUED:          0 USEFUL:          0 USELESS:          0
cpu0->cpu0_L1D AVERAGE MISS LATENCY: 20.21 cycles
cpu0->cpu0_ITLB TOTAL        ACCESS:   12524671 HIT:   10421871 MISS:    2102800 MSHR_MERGE:    1053100
cpu0->cpu0_ITLB LOAD         ACCESS:   12524671 HIT:   10421871 MISS:    2102800 MSHR_MERGE:    1053100
cpu0->cpu0_ITLB RFO          ACCESS:          0 HIT:          0 MISS:          0 MSHR_MERGE:          0
cpu0->cpu0_ITLB PREFETCH     ACCESS:          0 HIT:          0 MISS:          0 MSHR_MERGE:          0
cpu0->cpu0_ITLB WRITE        ACCESS:          0 HIT:          0 MISS:          0 MSHR_MERGE:          0
cpu0->cpu0_ITLB TRANSLATION  ACCESS:          0 HIT:          0 MISS:          0 MSHR_MERGE:          0
cpu0->cpu0_ITLB PREFETCH REQUESTED:          0 ISSUED:          0 USEFUL:          0 USELESS:          0
cpu0->cpu0_ITLB AVERAGE MISS LATENCY: 5.336 cycles
cpu0->cpu0_DTLB TOTAL        ACCESS:   28443907 HIT:   27002963 MISS:    1440944 MSHR_MERGE:     377369
cpu0->cpu0_DTLB LOAD         ACCESS:   28443907 HIT:   27002963 MISS:    1440944 MSHR_MERGE:     377369
cpu0->cpu0_DTLB RFO          ACCESS:          0 HIT:          0 MISS:          0 MSHR_MERGE:          0
cpu0->cpu0_DTLB PREFETCH     ACCESS:          0 HIT:          0 MISS:          0 MSHR_MERGE:          0
cpu0->cpu0_DTLB WRITE        ACCESS:          0 HIT:          0 MISS:          0 MSHR_MERGE:          0
cpu0->cpu0_DTLB TRANSLATION  ACCESS:          0 HIT:          0 MISS:          0 MSHR_MERGE:          0
cpu0->cpu0_DTLB PREFETCH REQUESTED:          0 ISSUED:          0 USEFUL:          0 USELESS:          0
cpu0->cpu0_DTLB AVERAGE MISS LATENCY: 9.442 cycles
cpu0->LLC TOTAL        ACCESS:    1113043 HIT:    1026284 MISS:      86759 MSHR_MERGE:          0
cpu0->LLC LOAD         ACCESS:     852405 HIT:     791242 MISS:      61163 MSHR_MERGE:          0
cpu0->LLC RFO          ACCESS:      78312 HIT:      70246 MISS:       8066 MSHR_MERGE:          0
cpu0->LLC PREFETCH     ACCESS:          0 HIT:          0 MISS:          0 MSHR_MERGE:          0
cpu0->LLC WRITE        ACCESS:     135879 HIT:     135312 MISS:        567 MSHR_MERGE:          0
cpu0->LLC TRANSLATION  ACCESS:      46447 HIT:      29484 MISS:      16963 MSHR_MERGE:          0
cpu0->LLC PREFETCH REQUESTED:          0 ISSUED:          0 USEFUL:          0 USELESS:          0
cpu0->LLC AVERAGE MISS LATENCY: 100.3 cycles

DRAM Statistics

Channel 0 RQ ROW_BUFFER_HIT:       1892
  ROW_BUFFER_MISS:      84300
  AVG DBUS CONGESTED CYCLE: 4.24
Channel 0 WQ ROW_BUFFER_HIT:        883
  ROW_BUFFER_MISS:       6884
  FULL:          0
Channel 0 REFRESHES ISSUED:       7816
[2025-09-16 00:25:28] END   suite=qualcomm_srv trace=srv773_ap (rc=0)
